<?xml version="1.0" encoding="UTF-8"?>
<robot generator="Robot 7.2.2 (Python 3.10.12 on linux)" generated="2025-05-23T15:13:55.911051" rpa="false" schemaversion="5">
<suite id="s1" name="Api Testing User" source="/home/luisms/compass_pb/Documentos/Sprint 5/robotframework/reqresAPI/tests/api_testing_user.robot">
<test id="s1-t1" name="Cenário: POST Fazer login" line="5">
<kw name="Criar sessão no ReqRes" owner="api_testing_user">
<kw name="Create Dictionary" owner="BuiltIn">
<msg time="2025-05-23T15:13:55.963066" level="INFO">${headers} = {'accept': 'application/json', 'Content-Type': 'application/json', 'x-api-key': 'reqres-free-v1'}</msg>
<var>${headers}</var>
<arg>accept=application/json</arg>
<arg>Content-Type=application/json</arg>
<arg>x-api-key=reqres-free-v1</arg>
<doc>Creates and returns a dictionary based on the given ``items``.</doc>
<status status="PASS" start="2025-05-23T15:13:55.962846" elapsed="0.000259"/>
</kw>
<kw name="Create Session" owner="RequestsLibrary">
<msg time="2025-05-23T15:13:55.963379" level="INFO">Creating Session using : alias=ReqRes, url=https://reqres.in/api/, headers={'accept': 'application/json', 'Content-Type': 'application/json', 'x-api-key': 'reqres-free-v1'},                     cookies={}, auth=None, timeout=None, proxies=None, verify=False,                     debug=0 </msg>
<arg>ReqRes</arg>
<arg>https://reqres.in/api/</arg>
<arg>${headers}</arg>
<doc>Create Session: create a HTTP session to a server</doc>
<status status="PASS" start="2025-05-23T15:13:55.963234" elapsed="0.000272"/>
</kw>
<status status="PASS" start="2025-05-23T15:13:55.962352" elapsed="0.001201"/>
</kw>
<kw name="POST Endpoint /login" owner="api_testing_user">
<kw name="Create Dictionary" owner="BuiltIn">
<msg time="2025-05-23T15:13:55.963968" level="INFO">${body} = {'email': 'eve.holt@reqres.in', 'password': 'cityslicka'}</msg>
<var>${body}</var>
<arg>email=eve.holt@reqres.in</arg>
<arg>password=cityslicka</arg>
<doc>Creates and returns a dictionary based on the given ``items``.</doc>
<status status="PASS" start="2025-05-23T15:13:55.963851" elapsed="0.000137"/>
</kw>
<kw name="POST On Session" owner="RequestsLibrary">
<msg time="2025-05-23T15:13:56.546239" level="INFO">POST Request : url=https://reqres.in/api/login 
 path_url=/api/login 
 headers={'User-Agent': 'python-requests/2.25.1', 'Accept-Encoding': 'gzip, deflate', 'accept': 'application/json', 'Connection': 'keep-alive', 'Content-Type': 'application/json', 'x-api-key': 'reqres-free-v1', 'Content-Length': '57'} 
 body=b'{"email": "eve.holt@reqres.in", "password": "cityslicka"}' 
 </msg>
<msg time="2025-05-23T15:13:56.546360" level="INFO">POST Response : url=https://reqres.in/api/login 
 status=200, reason=OK 
 headers={'Date': 'Fri, 23 May 2025 18:13:56 GMT', 'Content-Type': 'application/json; charset=utf-8', 'Transfer-Encoding': 'chunked', 'Connection': 'keep-alive', 'Server': 'cloudflare', 'Cf-Ray': '944687b36c10cb13-GIG', 'Report-To': '{"group":"heroku-nel","max_age":3600,"endpoints":[{"url":"https://nel.heroku.com/reports?ts=1748024036&amp;sid=c4c9725f-1ab0-44d8-820f-430df2718e11&amp;s=VVe%2B2uIlxu3QSBdMIT3OitooelcoUuGKOHJS4CZF9vU%3D"}]}', 'Reporting-Endpoints': 'heroku-nel=https://nel.heroku.com/reports?ts=1748024036&amp;sid=c4c9725f-1ab0-44d8-820f-430df2718e11&amp;s=VVe%2B2uIlxu3QSBdMIT3OitooelcoUuGKOHJS4CZF9vU%3D', 'Nel': '{"report_to":"heroku-nel","max_age":3600,"success_fraction":0.005,"failure_fraction":0.05,"response_headers":["Via"]}', 'X-Powered-By': 'Express', 'Access-Control-Allow-Origin': '*', 'Ratelimit-Policy': '100;w=60', 'Ratelimit-Limit': '100', 'Ratelimit-Remaining': '98', 'Ratelimit-Reset': '60', 'Etag': 'W/"1d-lGCrvD6B7Qzk11+2C98+nGhhuec"', 'Via': '1.1 vegur', 'Cf-Cache-Status': 'DYNAMIC', 'Content-Encoding': 'gzip', 'server-timing': 'cfL4;desc="?proto=TCP&amp;rtt=60686&amp;min_rtt=59948&amp;rtt_var=17725&amp;sent=5&amp;recv=8&amp;lost=0&amp;retrans=0&amp;sent_bytes=2838&amp;recv_bytes=940&amp;delivery_rate=67124&amp;cwnd=252&amp;unsent_bytes=0&amp;cid=054d64e39beb8923&amp;ts=459&amp;x=0"'} 
 body={"token":"QpwL5tke4Pnpja7X4"} 
 </msg>
<msg time="2025-05-23T15:13:56.546426" level="INFO">/usr/lib/python3/dist-packages/urllib3/connectionpool.py:1020: InsecureRequestWarning: Unverified HTTPS request is being made to host 'reqres.in'. Adding certificate verification is strongly advised. See: https://urllib3.readthedocs.io/en/latest/advanced-usage.html#ssl-warnings
  warnings.warn(</msg>
<msg time="2025-05-23T15:13:56.546565" level="INFO">${response} = &lt;Response [200]&gt;</msg>
<var>${response}</var>
<arg>alias=ReqRes</arg>
<arg>url=/login</arg>
<arg>json=${body}</arg>
<doc>Sends a POST request on a previously created HTTP Session.</doc>
<status status="PASS" start="2025-05-23T15:13:55.964056" elapsed="0.582534"/>
</kw>
<kw name="Set Global Variable" owner="BuiltIn">
<msg time="2025-05-23T15:13:56.546956" level="INFO">${response} = &lt;Response [200]&gt;</msg>
<arg>${response}</arg>
<doc>Makes a variable available globally in all tests and suites.</doc>
<status status="PASS" start="2025-05-23T15:13:56.546764" elapsed="0.000223"/>
</kw>
<status status="PASS" start="2025-05-23T15:13:55.963693" elapsed="0.583343"/>
</kw>
<kw name="Validar status code &quot;200&quot;" owner="api_testing_user" source_name="Validar status code &quot;${statuscode}&quot;">
<kw name="Should Be True" owner="BuiltIn">
<arg>${response.status_code} == ${statuscode}</arg>
<doc>Fails if the given condition is not true.</doc>
<status status="PASS" start="2025-05-23T15:13:56.547413" elapsed="0.000556"/>
</kw>
<status status="PASS" start="2025-05-23T15:13:56.547215" elapsed="0.000797"/>
</kw>
<status status="PASS" start="2025-05-23T15:13:55.961823" elapsed="0.586307"/>
</test>
<test id="s1-t2" name="Cenário: POST Fazer login UNSUCCESSFUL" line="10">
<kw name="Criar sessão no ReqRes" owner="api_testing_user">
<kw name="Create Dictionary" owner="BuiltIn">
<msg time="2025-05-23T15:13:56.548919" level="INFO">${headers} = {'accept': 'application/json', 'Content-Type': 'application/json', 'x-api-key': 'reqres-free-v1'}</msg>
<var>${headers}</var>
<arg>accept=application/json</arg>
<arg>Content-Type=application/json</arg>
<arg>x-api-key=reqres-free-v1</arg>
<doc>Creates and returns a dictionary based on the given ``items``.</doc>
<status status="PASS" start="2025-05-23T15:13:56.548787" elapsed="0.000151"/>
</kw>
<kw name="Create Session" owner="RequestsLibrary">
<msg time="2025-05-23T15:13:56.549129" level="INFO">Creating Session using : alias=ReqRes, url=https://reqres.in/api/, headers={'accept': 'application/json', 'Content-Type': 'application/json', 'x-api-key': 'reqres-free-v1'},                     cookies={}, auth=None, timeout=None, proxies=None, verify=False,                     debug=0 </msg>
<arg>ReqRes</arg>
<arg>https://reqres.in/api/</arg>
<arg>${headers}</arg>
<doc>Create Session: create a HTTP session to a server</doc>
<status status="PASS" start="2025-05-23T15:13:56.549010" elapsed="0.000230"/>
</kw>
<status status="PASS" start="2025-05-23T15:13:56.548615" elapsed="0.000668"/>
</kw>
<kw name="POST Endpoint /login - sem senha" owner="api_testing_user">
<kw name="Create Dictionary" owner="BuiltIn">
<msg time="2025-05-23T15:13:56.549662" level="INFO">${body} = {'email': 'eve.holt@reqres.in'}</msg>
<var>${body}</var>
<arg>email=eve.holt@reqres.in</arg>
<doc>Creates and returns a dictionary based on the given ``items``.</doc>
<status status="PASS" start="2025-05-23T15:13:56.549558" elapsed="0.000121"/>
</kw>
<kw name="POST On Session" owner="RequestsLibrary">
<msg time="2025-05-23T15:13:57.127601" level="INFO">POST Request : url=https://reqres.in/api/login 
 path_url=/api/login 
 headers={'User-Agent': 'python-requests/2.25.1', 'Accept-Encoding': 'gzip, deflate', 'accept': 'application/json', 'Connection': 'keep-alive', 'Content-Type': 'application/json', 'x-api-key': 'reqres-free-v1', 'Content-Length': '31'} 
 body=b'{"email": "eve.holt@reqres.in"}' 
 </msg>
<msg time="2025-05-23T15:13:57.127702" level="INFO">POST Response : url=https://reqres.in/api/login 
 status=400, reason=Bad Request 
 headers={'Date': 'Fri, 23 May 2025 18:13:57 GMT', 'Content-Type': 'application/json; charset=utf-8', 'Content-Length': '28', 'Connection': 'keep-alive', 'Server': 'cloudflare', 'Cf-Ray': '944687b719a9ca5e-GIG', 'Report-To': '{"group":"heroku-nel","max_age":3600,"endpoints":[{"url":"https://nel.heroku.com/reports?ts=1748024037&amp;sid=c4c9725f-1ab0-44d8-820f-430df2718e11&amp;s=iHbzC3AUG2YAEVDFXxXTR0mNK9uA1Q3tpcVOc1Auf2I%3D"}]}', 'Reporting-Endpoints': 'heroku-nel=https://nel.heroku.com/reports?ts=1748024037&amp;sid=c4c9725f-1ab0-44d8-820f-430df2718e11&amp;s=iHbzC3AUG2YAEVDFXxXTR0mNK9uA1Q3tpcVOc1Auf2I%3D', 'Nel': '{"report_to":"heroku-nel","max_age":3600,"success_fraction":0.005,"failure_fraction":0.05,"response_headers":["Via"]}', 'X-Powered-By': 'Express', 'Access-Control-Allow-Origin': '*', 'Ratelimit-Policy': '100;w=60', 'Ratelimit-Limit': '100', 'Ratelimit-Remaining': '96', 'Ratelimit-Reset': '60', 'Etag': 'W/"1c-NmpazMScs9tOqR7eDEesn+pqC9Q"', 'Via': '1.1 vegur', 'Cf-Cache-Status': 'DYNAMIC', 'server-timing': 'cfL4;desc="?proto=TCP&amp;rtt=60270&amp;min_rtt=59736&amp;rtt_var=17509&amp;sent=5&amp;recv=8&amp;lost=0&amp;retrans=0&amp;sent_bytes=2836&amp;recv_bytes=914&amp;delivery_rate=67814&amp;cwnd=252&amp;unsent_bytes=0&amp;cid=7764c87f424599ca&amp;ts=456&amp;x=0"'} 
 body={"error":"Missing password"} 
 </msg>
<msg time="2025-05-23T15:13:57.127848" level="INFO">/usr/lib/python3/dist-packages/urllib3/connectionpool.py:1020: InsecureRequestWarning: Unverified HTTPS request is being made to host 'reqres.in'. Adding certificate verification is strongly advised. See: https://urllib3.readthedocs.io/en/latest/advanced-usage.html#ssl-warnings
  warnings.warn(</msg>
<msg time="2025-05-23T15:13:57.128003" level="INFO">${response} = &lt;Response [400]&gt;</msg>
<var>${response}</var>
<arg>alias=ReqRes</arg>
<arg>url=/login</arg>
<arg>json=${body}</arg>
<arg>expected_status=400</arg>
<doc>Sends a POST request on a previously created HTTP Session.</doc>
<status status="PASS" start="2025-05-23T15:13:56.549743" elapsed="0.578288"/>
</kw>
<kw name="Set Global Variable" owner="BuiltIn">
<msg time="2025-05-23T15:13:57.128441" level="INFO">${response} = &lt;Response [400]&gt;</msg>
<arg>${response}</arg>
<doc>Makes a variable available globally in all tests and suites.</doc>
<status status="PASS" start="2025-05-23T15:13:57.128213" elapsed="0.000280"/>
</kw>
<status status="PASS" start="2025-05-23T15:13:56.549411" elapsed="0.579135"/>
</kw>
<kw name="Validar status code &quot;400&quot;" owner="api_testing_user" source_name="Validar status code &quot;${statuscode}&quot;">
<kw name="Should Be True" owner="BuiltIn">
<arg>${response.status_code} == ${statuscode}</arg>
<doc>Fails if the given condition is not true.</doc>
<status status="PASS" start="2025-05-23T15:13:57.128906" elapsed="0.000531"/>
</kw>
<status status="PASS" start="2025-05-23T15:13:57.128714" elapsed="0.000769"/>
</kw>
<status status="PASS" start="2025-05-23T15:13:56.548311" elapsed="0.581288"/>
</test>
<test id="s1-t3" name="Cenário: POST Logout" line="15">
<kw name="Criar sessão no ReqRes" owner="api_testing_user">
<kw name="Create Dictionary" owner="BuiltIn">
<msg time="2025-05-23T15:13:57.130320" level="INFO">${headers} = {'accept': 'application/json', 'Content-Type': 'application/json', 'x-api-key': 'reqres-free-v1'}</msg>
<var>${headers}</var>
<arg>accept=application/json</arg>
<arg>Content-Type=application/json</arg>
<arg>x-api-key=reqres-free-v1</arg>
<doc>Creates and returns a dictionary based on the given ``items``.</doc>
<status status="PASS" start="2025-05-23T15:13:57.130184" elapsed="0.000157"/>
</kw>
<kw name="Create Session" owner="RequestsLibrary">
<msg time="2025-05-23T15:13:57.130549" level="INFO">Creating Session using : alias=ReqRes, url=https://reqres.in/api/, headers={'accept': 'application/json', 'Content-Type': 'application/json', 'x-api-key': 'reqres-free-v1'},                     cookies={}, auth=None, timeout=None, proxies=None, verify=False,                     debug=0 </msg>
<arg>ReqRes</arg>
<arg>https://reqres.in/api/</arg>
<arg>${headers}</arg>
<doc>Create Session: create a HTTP session to a server</doc>
<status status="PASS" start="2025-05-23T15:13:57.130418" elapsed="0.000258"/>
</kw>
<status status="PASS" start="2025-05-23T15:13:57.130029" elapsed="0.000692"/>
</kw>
<kw name="POST Endpoint /logout" owner="api_testing_user">
<kw name="POST On Session" owner="RequestsLibrary">
<msg time="2025-05-23T15:13:57.733620" level="INFO">POST Request : url=https://reqres.in/api/logout 
 path_url=/api/logout 
 headers={'User-Agent': 'python-requests/2.25.1', 'Accept-Encoding': 'gzip, deflate', 'accept': 'application/json', 'Connection': 'keep-alive', 'Content-Type': 'application/json', 'x-api-key': 'reqres-free-v1', 'Content-Length': '0'} 
 body=None 
 </msg>
<msg time="2025-05-23T15:13:57.733728" level="INFO">POST Response : url=https://reqres.in/api/logout 
 status=200, reason=OK 
 headers={'Date': 'Fri, 23 May 2025 18:13:57 GMT', 'Content-Type': 'application/json; charset=utf-8', 'Transfer-Encoding': 'chunked', 'Connection': 'keep-alive', 'Server': 'cloudflare', 'Cf-Ray': '944687bade65cb0b-GIG', 'Report-To': '{"group":"heroku-nel","max_age":3600,"endpoints":[{"url":"https://nel.heroku.com/reports?ts=1748024037&amp;sid=c4c9725f-1ab0-44d8-820f-430df2718e11&amp;s=iHbzC3AUG2YAEVDFXxXTR0mNK9uA1Q3tpcVOc1Auf2I%3D"}]}', 'Reporting-Endpoints': 'heroku-nel=https://nel.heroku.com/reports?ts=1748024037&amp;sid=c4c9725f-1ab0-44d8-820f-430df2718e11&amp;s=iHbzC3AUG2YAEVDFXxXTR0mNK9uA1Q3tpcVOc1Auf2I%3D', 'Nel': '{"report_to":"heroku-nel","max_age":3600,"success_fraction":0.005,"failure_fraction":0.05,"response_headers":["Via"]}', 'X-Powered-By': 'Express', 'Access-Control-Allow-Origin': '*', 'Ratelimit-Policy': '100;w=60', 'Ratelimit-Limit': '100', 'Ratelimit-Remaining': '94', 'Ratelimit-Reset': '59', 'Etag': 'W/"2-vyGp6PvFo4RvsFtPoIWeCReyIC8"', 'Via': '1.1 vegur', 'Cf-Cache-Status': 'DYNAMIC', 'Content-Encoding': 'gzip', 'server-timing': 'cfL4;desc="?proto=TCP&amp;rtt=68603&amp;min_rtt=59055&amp;rtt_var=20802&amp;sent=5&amp;recv=8&amp;lost=0&amp;retrans=0&amp;sent_bytes=2837&amp;recv_bytes=861&amp;delivery_rate=68449&amp;cwnd=252&amp;unsent_bytes=0&amp;cid=5d85e12cfdea7f5e&amp;ts=447&amp;x=0"'} 
 body={} 
 </msg>
<msg time="2025-05-23T15:13:57.733793" level="INFO">/usr/lib/python3/dist-packages/urllib3/connectionpool.py:1020: InsecureRequestWarning: Unverified HTTPS request is being made to host 'reqres.in'. Adding certificate verification is strongly advised. See: https://urllib3.readthedocs.io/en/latest/advanced-usage.html#ssl-warnings
  warnings.warn(</msg>
<msg time="2025-05-23T15:13:57.733963" level="INFO">${response} = &lt;Response [200]&gt;</msg>
<var>${response}</var>
<arg>alias=ReqRes</arg>
<arg>url=/logout</arg>
<doc>Sends a POST request on a previously created HTTP Session.</doc>
<status status="PASS" start="2025-05-23T15:13:57.130997" elapsed="0.602990"/>
</kw>
<kw name="Set Global Variable" owner="BuiltIn">
<msg time="2025-05-23T15:13:57.734343" level="INFO">${response} = &lt;Response [200]&gt;</msg>
<arg>${response}</arg>
<doc>Makes a variable available globally in all tests and suites.</doc>
<status status="PASS" start="2025-05-23T15:13:57.734150" elapsed="0.000224"/>
</kw>
<status status="PASS" start="2025-05-23T15:13:57.130847" elapsed="0.603575"/>
</kw>
<kw name="Validar status code &quot;200&quot;" owner="api_testing_user" source_name="Validar status code &quot;${statuscode}&quot;">
<kw name="Should Be True" owner="BuiltIn">
<arg>${response.status_code} == ${statuscode}</arg>
<doc>Fails if the given condition is not true.</doc>
<status status="PASS" start="2025-05-23T15:13:57.734798" elapsed="0.000514"/>
</kw>
<status status="PASS" start="2025-05-23T15:13:57.734595" elapsed="0.000761"/>
</kw>
<status status="PASS" start="2025-05-23T15:13:57.129788" elapsed="0.605684"/>
</test>
<test id="s1-t4" name="Cenário: POST Cadastro de usuário" line="20">
<kw name="Criar sessão no ReqRes" owner="api_testing_user">
<kw name="Create Dictionary" owner="BuiltIn">
<msg time="2025-05-23T15:13:57.736233" level="INFO">${headers} = {'accept': 'application/json', 'Content-Type': 'application/json', 'x-api-key': 'reqres-free-v1'}</msg>
<var>${headers}</var>
<arg>accept=application/json</arg>
<arg>Content-Type=application/json</arg>
<arg>x-api-key=reqres-free-v1</arg>
<doc>Creates and returns a dictionary based on the given ``items``.</doc>
<status status="PASS" start="2025-05-23T15:13:57.736099" elapsed="0.000206"/>
</kw>
<kw name="Create Session" owner="RequestsLibrary">
<msg time="2025-05-23T15:13:57.736545" level="INFO">Creating Session using : alias=ReqRes, url=https://reqres.in/api/, headers={'accept': 'application/json', 'Content-Type': 'application/json', 'x-api-key': 'reqres-free-v1'},                     cookies={}, auth=None, timeout=None, proxies=None, verify=False,                     debug=0 </msg>
<arg>ReqRes</arg>
<arg>https://reqres.in/api/</arg>
<arg>${headers}</arg>
<doc>Create Session: create a HTTP session to a server</doc>
<status status="PASS" start="2025-05-23T15:13:57.736399" elapsed="0.000274"/>
</kw>
<status status="PASS" start="2025-05-23T15:13:57.735934" elapsed="0.000786"/>
</kw>
<kw name="POST Endpoint /register" owner="api_testing_user">
<kw name="Create Dictionary" owner="BuiltIn">
<msg time="2025-05-23T15:13:57.737126" level="INFO">${body} = {'email': 'eve.holt@reqres.in', 'password': 'pistol'}</msg>
<var>${body}</var>
<arg>email=eve.holt@reqres.in</arg>
<arg>password=pistol</arg>
<doc>Creates and returns a dictionary based on the given ``items``.</doc>
<status status="PASS" start="2025-05-23T15:13:57.737011" elapsed="0.000133"/>
</kw>
<kw name="POST On Session" owner="RequestsLibrary">
<msg time="2025-05-23T15:13:58.335430" level="INFO">POST Request : url=https://reqres.in/api/register 
 path_url=/api/register 
 headers={'User-Agent': 'python-requests/2.25.1', 'Accept-Encoding': 'gzip, deflate', 'accept': 'application/json', 'Connection': 'keep-alive', 'Content-Type': 'application/json', 'x-api-key': 'reqres-free-v1', 'Content-Length': '53'} 
 body=b'{"email": "eve.holt@reqres.in", "password": "pistol"}' 
 </msg>
<msg time="2025-05-23T15:13:58.335532" level="INFO">POST Response : url=https://reqres.in/api/register 
 status=200, reason=OK 
 headers={'Date': 'Fri, 23 May 2025 18:13:58 GMT', 'Content-Type': 'application/json; charset=utf-8', 'Transfer-Encoding': 'chunked', 'Connection': 'keep-alive', 'Server': 'cloudflare', 'Cf-Ray': '944687be6d07cb00-GIG', 'Report-To': '{"group":"heroku-nel","max_age":3600,"endpoints":[{"url":"https://nel.heroku.com/reports?ts=1748024038&amp;sid=c4c9725f-1ab0-44d8-820f-430df2718e11&amp;s=iysD3l6xEZ6DKixbnXzlRYwPp43Y54RDbxxRFJpNegE%3D"}]}', 'Reporting-Endpoints': 'heroku-nel=https://nel.heroku.com/reports?ts=1748024038&amp;sid=c4c9725f-1ab0-44d8-820f-430df2718e11&amp;s=iysD3l6xEZ6DKixbnXzlRYwPp43Y54RDbxxRFJpNegE%3D', 'Nel': '{"report_to":"heroku-nel","max_age":3600,"success_fraction":0.005,"failure_fraction":0.05,"response_headers":["Via"]}', 'X-Powered-By': 'Express', 'Access-Control-Allow-Origin': '*', 'Ratelimit-Policy': '100;w=60', 'Ratelimit-Limit': '100', 'Ratelimit-Remaining': '92', 'Ratelimit-Reset': '59', 'Etag': 'W/"24-4iP0za1geN2he+ohu8F0FhCjLks"', 'Via': '1.1 vegur', 'Cf-Cache-Status': 'DYNAMIC', 'Content-Encoding': 'gzip', 'server-timing': 'cfL4;desc="?proto=TCP&amp;rtt=60104&amp;min_rtt=58901&amp;rtt_var=17599&amp;sent=5&amp;recv=8&amp;lost=0&amp;retrans=0&amp;sent_bytes=2837&amp;recv_bytes=939&amp;delivery_rate=68167&amp;cwnd=252&amp;unsent_bytes=0&amp;cid=fe58c903785203d0&amp;ts=460&amp;x=0"'} 
 body={"id":4,"token":"QpwL5tke4Pnpja7X4"} 
 </msg>
<msg time="2025-05-23T15:13:58.335599" level="INFO">/usr/lib/python3/dist-packages/urllib3/connectionpool.py:1020: InsecureRequestWarning: Unverified HTTPS request is being made to host 'reqres.in'. Adding certificate verification is strongly advised. See: https://urllib3.readthedocs.io/en/latest/advanced-usage.html#ssl-warnings
  warnings.warn(</msg>
<msg time="2025-05-23T15:13:58.335754" level="INFO">${response} = &lt;Response [200]&gt;</msg>
<var>${response}</var>
<arg>alias=ReqRes</arg>
<arg>url=/register</arg>
<arg>json=${body}</arg>
<doc>Sends a POST request on a previously created HTTP Session.</doc>
<status status="PASS" start="2025-05-23T15:13:57.737216" elapsed="0.598566"/>
</kw>
<kw name="Set Global Variable" owner="BuiltIn">
<msg time="2025-05-23T15:13:58.336192" level="INFO">${response} = &lt;Response [200]&gt;</msg>
<arg>${response}</arg>
<doc>Makes a variable available globally in all tests and suites.</doc>
<status status="PASS" start="2025-05-23T15:13:58.335963" elapsed="0.000263"/>
</kw>
<kw name="Log" owner="BuiltIn">
<msg time="2025-05-23T15:13:58.336613" level="INFO">&lt;bound method Response.json of &lt;Response [200]&gt;&gt;</msg>
<arg>${response.json}</arg>
<doc>Logs the given message with the given level.</doc>
<status status="PASS" start="2025-05-23T15:13:58.336303" elapsed="0.000345"/>
</kw>
<status status="PASS" start="2025-05-23T15:13:57.736858" elapsed="0.599839"/>
</kw>
<kw name="Validar status code &quot;200&quot;" owner="api_testing_user" source_name="Validar status code &quot;${statuscode}&quot;">
<kw name="Should Be True" owner="BuiltIn">
<arg>${response.status_code} == ${statuscode}</arg>
<doc>Fails if the given condition is not true.</doc>
<status status="PASS" start="2025-05-23T15:13:58.337066" elapsed="0.000471"/>
</kw>
<status status="PASS" start="2025-05-23T15:13:58.336870" elapsed="0.000711"/>
</kw>
<tag>POST</tag>
<tag>user</tag>
<status status="PASS" start="2025-05-23T15:13:57.735653" elapsed="0.602043"/>
</test>
<test id="s1-t5" name="Cenário: POST Cadastro de usuário UNSUCCESSFUL" line="26">
<kw name="Criar sessão no ReqRes" owner="api_testing_user">
<kw name="Create Dictionary" owner="BuiltIn">
<msg time="2025-05-23T15:13:58.338488" level="INFO">${headers} = {'accept': 'application/json', 'Content-Type': 'application/json', 'x-api-key': 'reqres-free-v1'}</msg>
<var>${headers}</var>
<arg>accept=application/json</arg>
<arg>Content-Type=application/json</arg>
<arg>x-api-key=reqres-free-v1</arg>
<doc>Creates and returns a dictionary based on the given ``items``.</doc>
<status status="PASS" start="2025-05-23T15:13:58.338347" elapsed="0.000160"/>
</kw>
<kw name="Create Session" owner="RequestsLibrary">
<msg time="2025-05-23T15:13:58.338699" level="INFO">Creating Session using : alias=ReqRes, url=https://reqres.in/api/, headers={'accept': 'application/json', 'Content-Type': 'application/json', 'x-api-key': 'reqres-free-v1'},                     cookies={}, auth=None, timeout=None, proxies=None, verify=False,                     debug=0 </msg>
<arg>ReqRes</arg>
<arg>https://reqres.in/api/</arg>
<arg>${headers}</arg>
<doc>Create Session: create a HTTP session to a server</doc>
<status status="PASS" start="2025-05-23T15:13:58.338580" elapsed="0.000346"/>
</kw>
<status status="PASS" start="2025-05-23T15:13:58.338190" elapsed="0.000781"/>
</kw>
<kw name="POST Endpoint /register - sem senha" owner="api_testing_user">
<kw name="Create Dictionary" owner="BuiltIn">
<msg time="2025-05-23T15:13:58.339361" level="INFO">${body} = {'email': 'sydney@fife'}</msg>
<var>${body}</var>
<arg>email=sydney@fife</arg>
<doc>Creates and returns a dictionary based on the given ``items``.</doc>
<status status="PASS" start="2025-05-23T15:13:58.339256" elapsed="0.000123"/>
</kw>
<kw name="POST On Session" owner="RequestsLibrary">
<msg time="2025-05-23T15:13:58.931877" level="INFO">POST Request : url=https://reqres.in/api/register 
 path_url=/api/register 
 headers={'User-Agent': 'python-requests/2.25.1', 'Accept-Encoding': 'gzip, deflate', 'accept': 'application/json', 'Connection': 'keep-alive', 'Content-Type': 'application/json', 'x-api-key': 'reqres-free-v1', 'Content-Length': '24'} 
 body=b'{"email": "sydney@fife"}' 
 </msg>
<msg time="2025-05-23T15:13:58.931981" level="INFO">POST Response : url=https://reqres.in/api/register 
 status=400, reason=Bad Request 
 headers={'Date': 'Fri, 23 May 2025 18:13:59 GMT', 'Content-Type': 'application/json; charset=utf-8', 'Content-Length': '28', 'Connection': 'keep-alive', 'Server': 'cloudflare', 'Cf-Ray': '944687c22f32ca83-GIG', 'Report-To': '{"group":"heroku-nel","max_age":3600,"endpoints":[{"url":"https://nel.heroku.com/reports?ts=1748024039&amp;sid=c4c9725f-1ab0-44d8-820f-430df2718e11&amp;s=R%2FKv8XfR9szaaYE0CnbG1cJuFk1pKfyqxYgs0KGRcuU%3D"}]}', 'Reporting-Endpoints': 'heroku-nel=https://nel.heroku.com/reports?ts=1748024039&amp;sid=c4c9725f-1ab0-44d8-820f-430df2718e11&amp;s=R%2FKv8XfR9szaaYE0CnbG1cJuFk1pKfyqxYgs0KGRcuU%3D', 'Nel': '{"report_to":"heroku-nel","max_age":3600,"success_fraction":0.005,"failure_fraction":0.05,"response_headers":["Via"]}', 'X-Powered-By': 'Express', 'Access-Control-Allow-Origin': '*', 'Ratelimit-Policy': '100;w=60', 'Ratelimit-Limit': '100', 'Ratelimit-Remaining': '90', 'Ratelimit-Reset': '58', 'Etag': 'W/"1c-NmpazMScs9tOqR7eDEesn+pqC9Q"', 'Via': '1.1 vegur', 'Cf-Cache-Status': 'DYNAMIC', 'server-timing': 'cfL4;desc="?proto=TCP&amp;rtt=60586&amp;min_rtt=59480&amp;rtt_var=17835&amp;sent=5&amp;recv=8&amp;lost=0&amp;retrans=0&amp;sent_bytes=2836&amp;recv_bytes=910&amp;delivery_rate=67002&amp;cwnd=252&amp;unsent_bytes=0&amp;cid=ec0ba047cfb69e03&amp;ts=453&amp;x=0"'} 
 body={"error":"Missing password"} 
 </msg>
<msg time="2025-05-23T15:13:58.932104" level="INFO">/usr/lib/python3/dist-packages/urllib3/connectionpool.py:1020: InsecureRequestWarning: Unverified HTTPS request is being made to host 'reqres.in'. Adding certificate verification is strongly advised. See: https://urllib3.readthedocs.io/en/latest/advanced-usage.html#ssl-warnings
  warnings.warn(</msg>
<msg time="2025-05-23T15:13:58.932242" level="INFO">${response} = &lt;Response [400]&gt;</msg>
<var>${response}</var>
<arg>alias=ReqRes</arg>
<arg>url=/register</arg>
<arg>json=${body}</arg>
<arg>expected_status=400</arg>
<doc>Sends a POST request on a previously created HTTP Session.</doc>
<status status="PASS" start="2025-05-23T15:13:58.339445" elapsed="0.592820"/>
</kw>
<kw name="Set Global Variable" owner="BuiltIn">
<msg time="2025-05-23T15:13:58.932646" level="INFO">${response} = &lt;Response [400]&gt;</msg>
<arg>${response}</arg>
<doc>Makes a variable available globally in all tests and suites.</doc>
<status status="PASS" start="2025-05-23T15:13:58.932436" elapsed="0.000243"/>
</kw>
<kw name="Log" owner="BuiltIn">
<msg time="2025-05-23T15:13:58.933053" level="INFO">&lt;bound method Response.json of &lt;Response [400]&gt;&gt;</msg>
<arg>${response.json}</arg>
<doc>Logs the given message with the given level.</doc>
<status status="PASS" start="2025-05-23T15:13:58.932752" elapsed="0.000336"/>
</kw>
<status status="PASS" start="2025-05-23T15:13:58.339107" elapsed="0.594040"/>
</kw>
<kw name="Validar status code &quot;400&quot;" owner="api_testing_user" source_name="Validar status code &quot;${statuscode}&quot;">
<kw name="Should Be True" owner="BuiltIn">
<arg>${response.status_code} == ${statuscode}</arg>
<doc>Fails if the given condition is not true.</doc>
<status status="PASS" start="2025-05-23T15:13:58.933507" elapsed="0.000480"/>
</kw>
<status status="PASS" start="2025-05-23T15:13:58.933319" elapsed="0.000724"/>
</kw>
<tag>POST</tag>
<tag>user</tag>
<status status="PASS" start="2025-05-23T15:13:58.337905" elapsed="0.596250"/>
</test>
<test id="s1-t6" name="Cenário: GET Listar todos os usuários" line="32">
<kw name="Criar sessão no ReqRes" owner="api_testing_user">
<kw name="Create Dictionary" owner="BuiltIn">
<msg time="2025-05-23T15:13:58.934928" level="INFO">${headers} = {'accept': 'application/json', 'Content-Type': 'application/json', 'x-api-key': 'reqres-free-v1'}</msg>
<var>${headers}</var>
<arg>accept=application/json</arg>
<arg>Content-Type=application/json</arg>
<arg>x-api-key=reqres-free-v1</arg>
<doc>Creates and returns a dictionary based on the given ``items``.</doc>
<status status="PASS" start="2025-05-23T15:13:58.934790" elapsed="0.000157"/>
</kw>
<kw name="Create Session" owner="RequestsLibrary">
<msg time="2025-05-23T15:13:58.935134" level="INFO">Creating Session using : alias=ReqRes, url=https://reqres.in/api/, headers={'accept': 'application/json', 'Content-Type': 'application/json', 'x-api-key': 'reqres-free-v1'},                     cookies={}, auth=None, timeout=None, proxies=None, verify=False,                     debug=0 </msg>
<arg>ReqRes</arg>
<arg>https://reqres.in/api/</arg>
<arg>${headers}</arg>
<doc>Create Session: create a HTTP session to a server</doc>
<status status="PASS" start="2025-05-23T15:13:58.935018" elapsed="0.000236"/>
</kw>
<status status="PASS" start="2025-05-23T15:13:58.934632" elapsed="0.000665"/>
</kw>
<kw name="GET Endpoint /users" owner="api_testing_user">
<kw name="GET On Session" owner="RequestsLibrary">
<msg time="2025-05-23T15:13:59.143461" level="INFO">GET Request : url=https://reqres.in/api/users 
 path_url=/api/users 
 headers={'User-Agent': 'python-requests/2.25.1', 'Accept-Encoding': 'gzip, deflate', 'accept': 'application/json', 'Connection': 'keep-alive', 'Content-Type': 'application/json', 'x-api-key': 'reqres-free-v1'} 
 body=None 
 </msg>
<msg time="2025-05-23T15:13:59.143572" level="INFO">GET Response : url=https://reqres.in/api/users 
 status=200, reason=OK 
 headers={'Date': 'Fri, 23 May 2025 18:13:59 GMT', 'Content-Type': 'application/json; charset=utf-8', 'Transfer-Encoding': 'chunked', 'Connection': 'keep-alive', 'Cf-Ray': '944687c5cbc6cb49-GIG', 'Server': 'cloudflare', 'Content-Encoding': 'gzip', 'Report-To': '{"group":"heroku-nel","max_age":3600,"endpoints":[{"url":"https://nel.heroku.com/reports?ts=1748018980&amp;sid=c4c9725f-1ab0-44d8-820f-430df2718e11&amp;s=MG4lrcR8ztiDZHy2pUPvYj4LP%2F0LFdpX86K1ibBn3HQ%3D"}]}', 'Reporting-Endpoints': 'heroku-nel=https://nel.heroku.com/reports?ts=1748018980&amp;sid=c4c9725f-1ab0-44d8-820f-430df2718e11&amp;s=MG4lrcR8ztiDZHy2pUPvYj4LP%2F0LFdpX86K1ibBn3HQ%3D', 'Nel': '{"report_to":"heroku-nel","max_age":3600,"success_fraction":0.005,"failure_fraction":0.05,"response_headers":["Via"]}', 'X-Powered-By': 'Express', 'Access-Control-Allow-Origin': '*', 'Ratelimit-Policy': '100;w=60', 'Ratelimit-Limit': '100', 'Ratelimit-Remaining': '94', 'Ratelimit-Reset': '59', 'Etag': 'W/"41e-bY3U72nulxuwNd/TmihMEHjLmek"', 'Via': '1.1 vegur', 'Cache-Control': 'max-age=14400', 'Cf-Cache-Status': 'HIT', 'Age': '5059', 'Vary': 'Accept-Encoding', 'server-timing': 'cfL4;desc="?proto=TCP&amp;rtt=60625&amp;min_rtt=59789&amp;rtt_var=17715&amp;sent=5&amp;recv=7&amp;lost=0&amp;retrans=0&amp;sent_bytes=2837&amp;recv_bytes=840&amp;delivery_rate=67278&amp;cwnd=252&amp;unsent_bytes=0&amp;cid=4063bc92cbf020d1&amp;ts=80&amp;x=0"'} 
 body={"page":1,"per_page":6,"total":12,"total_pages":2,"data":[{"id":1,"email":"george.bluth@reqres.in","first_name":"George","last_name":"Bluth","avatar":"https://reqres.in/img/faces/1-image.jpg"},{"id":2,"email":"janet.weaver@reqres.in","first_name":"Janet","last_name":"Weaver","avatar":"https://reqres.in/img/faces/2-image.jpg"},{"id":3,"email":"emma.wong@reqres.in","first_name":"Emma","last_name":"Wong","avatar":"https://reqres.in/img/faces/3-image.jpg"},{"id":4,"email":"eve.holt@reqres.in","first_name":"Eve","last_name":"Holt","avatar":"https://reqres.in/img/faces/4-image.jpg"},{"id":5,"email":"charles.morris@reqres.in","first_name":"Charles","last_name":"Morris","avatar":"https://reqres.in/img/faces/5-image.jpg"},{"id":6,"email":"tracey.ramos@reqres.in","first_name":"Tracey","last_name":"Ramos","avatar":"https://reqres.in/img/faces/6-image.jpg"}],"support":{"url":"https://contentcaddy.io?utm_source=reqres&amp;utm_medium=json&amp;utm_campaign=referral","text":"Tired of writing endless social media content? Let Content Caddy generate it for you."}} 
 </msg>
<msg time="2025-05-23T15:13:59.143639" level="INFO">/usr/lib/python3/dist-packages/urllib3/connectionpool.py:1020: InsecureRequestWarning: Unverified HTTPS request is being made to host 'reqres.in'. Adding certificate verification is strongly advised. See: https://urllib3.readthedocs.io/en/latest/advanced-usage.html#ssl-warnings
  warnings.warn(</msg>
<msg time="2025-05-23T15:13:59.143851" level="INFO">${response} = &lt;Response [200]&gt;</msg>
<var>${response}</var>
<arg>alias=ReqRes</arg>
<arg>url=/users</arg>
<doc>Sends a GET request on a previously created HTTP Session.</doc>
<status status="PASS" start="2025-05-23T15:13:58.935571" elapsed="0.208303"/>
</kw>
<kw name="Set Global Variable" owner="BuiltIn">
<msg time="2025-05-23T15:13:59.144252" level="INFO">${response} = &lt;Response [200]&gt;</msg>
<arg>${response}</arg>
<doc>Makes a variable available globally in all tests and suites.</doc>
<status status="PASS" start="2025-05-23T15:13:59.144056" elapsed="0.000228"/>
</kw>
<kw name="Log" owner="BuiltIn">
<msg time="2025-05-23T15:13:59.144770" level="INFO">{"page":1,"per_page":6,"total":12,"total_pages":2,"data":[{"id":1,"email":"george.bluth@reqres.in","first_name":"George","last_name":"Bluth","avatar":"https://reqres.in/img/faces/1-image.jpg"},{"id":2,"email":"janet.weaver@reqres.in","first_name":"Janet","last_name":"Weaver","avatar":"https://reqres.in/img/faces/2-image.jpg"},{"id":3,"email":"emma.wong@reqres.in","first_name":"Emma","last_name":"Wong","avatar":"https://reqres.in/img/faces/3-image.jpg"},{"id":4,"email":"eve.holt@reqres.in","first_name":"Eve","last_name":"Holt","avatar":"https://reqres.in/img/faces/4-image.jpg"},{"id":5,"email":"charles.morris@reqres.in","first_name":"Charles","last_name":"Morris","avatar":"https://reqres.in/img/faces/5-image.jpg"},{"id":6,"email":"tracey.ramos@reqres.in","first_name":"Tracey","last_name":"Ramos","avatar":"https://reqres.in/img/faces/6-image.jpg"}],"support":{"url":"https://contentcaddy.io?utm_source=reqres&amp;utm_medium=json&amp;utm_campaign=referral","text":"Tired of writing endless social media content? Let Content Caddy generate it for you."}}</msg>
<arg>${response.content}</arg>
<doc>Logs the given message with the given level.</doc>
<status status="PASS" start="2025-05-23T15:13:59.144355" elapsed="0.000453"/>
</kw>
<status status="PASS" start="2025-05-23T15:13:58.935426" elapsed="0.209431"/>
</kw>
<kw name="Validar status code &quot;200&quot;" owner="api_testing_user" source_name="Validar status code &quot;${statuscode}&quot;">
<kw name="Should Be True" owner="BuiltIn">
<arg>${response.status_code} == ${statuscode}</arg>
<doc>Fails if the given condition is not true.</doc>
<status status="PASS" start="2025-05-23T15:13:59.145221" elapsed="0.000479"/>
</kw>
<status status="PASS" start="2025-05-23T15:13:59.145030" elapsed="0.000713"/>
</kw>
<tag>GET</tag>
<tag>user</tag>
<status status="PASS" start="2025-05-23T15:13:58.934353" elapsed="0.211503"/>
</test>
<test id="s1-t7" name="Cenário: GET Listar um usuário" line="38">
<kw name="Criar sessão no ReqRes" owner="api_testing_user">
<kw name="Create Dictionary" owner="BuiltIn">
<msg time="2025-05-23T15:13:59.146667" level="INFO">${headers} = {'accept': 'application/json', 'Content-Type': 'application/json', 'x-api-key': 'reqres-free-v1'}</msg>
<var>${headers}</var>
<arg>accept=application/json</arg>
<arg>Content-Type=application/json</arg>
<arg>x-api-key=reqres-free-v1</arg>
<doc>Creates and returns a dictionary based on the given ``items``.</doc>
<status status="PASS" start="2025-05-23T15:13:59.146525" elapsed="0.000161"/>
</kw>
<kw name="Create Session" owner="RequestsLibrary">
<msg time="2025-05-23T15:13:59.146878" level="INFO">Creating Session using : alias=ReqRes, url=https://reqres.in/api/, headers={'accept': 'application/json', 'Content-Type': 'application/json', 'x-api-key': 'reqres-free-v1'},                     cookies={}, auth=None, timeout=None, proxies=None, verify=False,                     debug=0 </msg>
<arg>ReqRes</arg>
<arg>https://reqres.in/api/</arg>
<arg>${headers}</arg>
<doc>Create Session: create a HTTP session to a server</doc>
<status status="PASS" start="2025-05-23T15:13:59.146759" elapsed="0.000237"/>
</kw>
<status status="PASS" start="2025-05-23T15:13:59.146330" elapsed="0.000711"/>
</kw>
<kw name="GET Endpoint /users/id" owner="api_testing_user">
<kw name="GET On Session" owner="RequestsLibrary">
<msg time="2025-05-23T15:13:59.360645" level="INFO">GET Request : url=https://reqres.in/api/users/1 
 path_url=/api/users/1 
 headers={'User-Agent': 'python-requests/2.25.1', 'Accept-Encoding': 'gzip, deflate', 'accept': 'application/json', 'Connection': 'keep-alive', 'Content-Type': 'application/json', 'x-api-key': 'reqres-free-v1'} 
 body=None 
 </msg>
<msg time="2025-05-23T15:13:59.360754" level="INFO">GET Response : url=https://reqres.in/api/users/1 
 status=200, reason=OK 
 headers={'Date': 'Fri, 23 May 2025 18:13:59 GMT', 'Content-Type': 'application/json; charset=utf-8', 'Transfer-Encoding': 'chunked', 'Connection': 'keep-alive', 'Cf-Ray': '944687c70a5ccb64-GIG', 'Server': 'cloudflare', 'Content-Encoding': 'gzip', 'Report-To': '{"group":"heroku-nel","max_age":3600,"endpoints":[{"url":"https://nel.heroku.com/reports?ts=1747941637&amp;sid=c4c9725f-1ab0-44d8-820f-430df2718e11&amp;s=g69bbNkUNazlurd8JhGb2dZdHMcfjIaWFUxkEGg5EC8%3D"}]}', 'Reporting-Endpoints': 'heroku-nel=https://nel.heroku.com/reports?ts=1747941637&amp;sid=c4c9725f-1ab0-44d8-820f-430df2718e11&amp;s=g69bbNkUNazlurd8JhGb2dZdHMcfjIaWFUxkEGg5EC8%3D', 'Nel': '{"report_to":"heroku-nel","max_age":3600,"success_fraction":0.005,"failure_fraction":0.05,"response_headers":["Via"]}', 'X-Powered-By': 'Express', 'Access-Control-Allow-Origin': '*', 'Ratelimit-Policy': '100;w=60', 'Ratelimit-Limit': '100', 'Ratelimit-Remaining': '96', 'Ratelimit-Reset': '60', 'Etag': 'W/"152-u+PREu/p8Opn/uEvEGESR7Dst7c"', 'Via': '1.1 vegur', 'Cache-Control': 'max-age=14400', 'Cf-Cache-Status': 'HIT', 'Age': '5058', 'Vary': 'Accept-Encoding', 'server-timing': 'cfL4;desc="?proto=TCP&amp;rtt=60900&amp;min_rtt=60091&amp;rtt_var=13712&amp;sent=5&amp;recv=8&amp;lost=0&amp;retrans=0&amp;sent_bytes=2837&amp;recv_bytes=842&amp;delivery_rate=67422&amp;cwnd=252&amp;unsent_bytes=0&amp;cid=b84ff8eead4d4c04&amp;ts=85&amp;x=0"'} 
 body={"data":{"id":1,"email":"george.bluth@reqres.in","first_name":"George","last_name":"Bluth","avatar":"https://reqres.in/img/faces/1-image.jpg"},"support":{"url":"https://contentcaddy.io?utm_source=reqres&amp;utm_medium=json&amp;utm_campaign=referral","text":"Tired of writing endless social media content? Let Content Caddy generate it for you."}} 
 </msg>
<msg time="2025-05-23T15:13:59.360821" level="INFO">/usr/lib/python3/dist-packages/urllib3/connectionpool.py:1020: InsecureRequestWarning: Unverified HTTPS request is being made to host 'reqres.in'. Adding certificate verification is strongly advised. See: https://urllib3.readthedocs.io/en/latest/advanced-usage.html#ssl-warnings
  warnings.warn(</msg>
<msg time="2025-05-23T15:13:59.360980" level="INFO">${response} = &lt;Response [200]&gt;</msg>
<var>${response}</var>
<arg>alias=ReqRes</arg>
<arg>url=/users/1</arg>
<doc>Sends a GET request on a previously created HTTP Session.</doc>
<status status="PASS" start="2025-05-23T15:13:59.147319" elapsed="0.213690"/>
</kw>
<kw name="Set Global Variable" owner="BuiltIn">
<msg time="2025-05-23T15:13:59.361421" level="INFO">${response} = &lt;Response [200]&gt;</msg>
<arg>${response}</arg>
<doc>Makes a variable available globally in all tests and suites.</doc>
<status status="PASS" start="2025-05-23T15:13:59.361197" elapsed="0.000266"/>
</kw>
<kw name="Log" owner="BuiltIn">
<msg time="2025-05-23T15:13:59.361839" level="INFO">{"data":{"id":1,"email":"george.bluth@reqres.in","first_name":"George","last_name":"Bluth","avatar":"https://reqres.in/img/faces/1-image.jpg"},"support":{"url":"https://contentcaddy.io?utm_source=reqres&amp;utm_medium=json&amp;utm_campaign=referral","text":"Tired of writing endless social media content? Let Content Caddy generate it for you."}}</msg>
<arg>${response.content}</arg>
<doc>Logs the given message with the given level.</doc>
<status status="PASS" start="2025-05-23T15:13:59.361540" elapsed="0.000338"/>
</kw>
<status status="PASS" start="2025-05-23T15:13:59.147173" elapsed="0.214821"/>
</kw>
<kw name="Validar status code &quot;200&quot;" owner="api_testing_user" source_name="Validar status code &quot;${statuscode}&quot;">
<kw name="Should Be True" owner="BuiltIn">
<arg>${response.status_code} == ${statuscode}</arg>
<doc>Fails if the given condition is not true.</doc>
<status status="PASS" start="2025-05-23T15:13:59.362378" elapsed="0.000476"/>
</kw>
<status status="PASS" start="2025-05-23T15:13:59.362166" elapsed="0.000731"/>
</kw>
<tag>GET</tag>
<tag>user</tag>
<status status="PASS" start="2025-05-23T15:13:59.146061" elapsed="0.216953"/>
</test>
<test id="s1-t8" name="Cenário: PUT Editar um usuário" line="44">
<kw name="Criar sessão no ReqRes" owner="api_testing_user">
<kw name="Create Dictionary" owner="BuiltIn">
<msg time="2025-05-23T15:13:59.363768" level="INFO">${headers} = {'accept': 'application/json', 'Content-Type': 'application/json', 'x-api-key': 'reqres-free-v1'}</msg>
<var>${headers}</var>
<arg>accept=application/json</arg>
<arg>Content-Type=application/json</arg>
<arg>x-api-key=reqres-free-v1</arg>
<doc>Creates and returns a dictionary based on the given ``items``.</doc>
<status status="PASS" start="2025-05-23T15:13:59.363635" elapsed="0.000152"/>
</kw>
<kw name="Create Session" owner="RequestsLibrary">
<msg time="2025-05-23T15:13:59.363977" level="INFO">Creating Session using : alias=ReqRes, url=https://reqres.in/api/, headers={'accept': 'application/json', 'Content-Type': 'application/json', 'x-api-key': 'reqres-free-v1'},                     cookies={}, auth=None, timeout=None, proxies=None, verify=False,                     debug=0 </msg>
<arg>ReqRes</arg>
<arg>https://reqres.in/api/</arg>
<arg>${headers}</arg>
<doc>Create Session: create a HTTP session to a server</doc>
<status status="PASS" start="2025-05-23T15:13:59.363859" elapsed="0.000241"/>
</kw>
<status status="PASS" start="2025-05-23T15:13:59.363473" elapsed="0.000671"/>
</kw>
<kw name="PUT Endpoint /users/id" owner="api_testing_user">
<kw name="Create Dictionary" owner="BuiltIn">
<msg time="2025-05-23T15:13:59.365288" level="INFO">${payload} = {'name': 'ze', 'job': 'pedreiro'}</msg>
<var>${payload}</var>
<arg>name=ze</arg>
<arg>job=pedreiro</arg>
<doc>Creates and returns a dictionary based on the given ``items``.</doc>
<status status="PASS" start="2025-05-23T15:13:59.364450" elapsed="0.000860"/>
</kw>
<kw name="PUT On Session" owner="RequestsLibrary">
<msg time="2025-05-23T15:13:59.961367" level="INFO">PUT Request : url=https://reqres.in/api/users/3 
 path_url=/api/users/3 
 headers={'User-Agent': 'python-requests/2.25.1', 'Accept-Encoding': 'gzip, deflate', 'accept': 'application/json', 'Connection': 'keep-alive', 'Content-Type': 'application/json', 'x-api-key': 'reqres-free-v1', 'Content-Length': '33'} 
 body=b'{"name": "ze", "job": "pedreiro"}' 
 </msg>
<msg time="2025-05-23T15:13:59.961469" level="INFO">PUT Response : url=https://reqres.in/api/users/3 
 status=200, reason=OK 
 headers={'Date': 'Fri, 23 May 2025 18:14:00 GMT', 'Content-Type': 'application/json; charset=utf-8', 'Transfer-Encoding': 'chunked', 'Connection': 'keep-alive', 'Cf-Ray': '944687c8588ecad4-GIG', 'Server': 'cloudflare', 'Content-Encoding': 'gzip', 'Report-To': '{"group":"heroku-nel","max_age":3600,"endpoints":[{"url":"https://nel.heroku.com/reports?ts=1748024040&amp;sid=c4c9725f-1ab0-44d8-820f-430df2718e11&amp;s=WveSQcGGX2RWaZ1Kprktg7Y307fXNTrjUBT3l0kNuxw%3D"}]}', 'Reporting-Endpoints': 'heroku-nel=https://nel.heroku.com/reports?ts=1748024040&amp;sid=c4c9725f-1ab0-44d8-820f-430df2718e11&amp;s=WveSQcGGX2RWaZ1Kprktg7Y307fXNTrjUBT3l0kNuxw%3D', 'Nel': '{"report_to":"heroku-nel","max_age":3600,"success_fraction":0.005,"failure_fraction":0.05,"response_headers":["Via"]}', 'X-Powered-By': 'Express', 'Access-Control-Allow-Origin': '*', 'Ratelimit-Policy': '100;w=60', 'Ratelimit-Limit': '100', 'Ratelimit-Remaining': '88', 'Ratelimit-Reset': '57', 'Etag': 'W/"45-44z2kMXmWt6UiHvU5SD3gj/PVsY"', 'Via': '1.1 vegur', 'Cf-Cache-Status': 'DYNAMIC', 'Vary': 'Accept-Encoding', 'server-timing': 'cfL4;desc="?proto=TCP&amp;rtt=59001&amp;min_rtt=57991&amp;rtt_var=13892&amp;sent=6&amp;recv=9&amp;lost=0&amp;retrans=0&amp;sent_bytes=2836&amp;recv_bytes=917&amp;delivery_rate=68336&amp;cwnd=252&amp;unsent_bytes=0&amp;cid=8d17835e403db689&amp;ts=467&amp;x=0"'} 
 body={"name":"ze","job":"pedreiro","updatedAt":"2025-05-23T18:14:00.048Z"} 
 </msg>
<msg time="2025-05-23T15:13:59.961527" level="INFO">/usr/lib/python3/dist-packages/urllib3/connectionpool.py:1020: InsecureRequestWarning: Unverified HTTPS request is being made to host 'reqres.in'. Adding certificate verification is strongly advised. See: https://urllib3.readthedocs.io/en/latest/advanced-usage.html#ssl-warnings
  warnings.warn(</msg>
<msg time="2025-05-23T15:13:59.961665" level="INFO">${response} = &lt;Response [200]&gt;</msg>
<var>${response}</var>
<arg>alias=ReqRes</arg>
<arg>url=/users/3</arg>
<arg>json=${payload}</arg>
<doc>Sends a PUT request on a previously created HTTP Session.</doc>
<status status="PASS" start="2025-05-23T15:13:59.365386" elapsed="0.596303"/>
</kw>
<kw name="Set Global Variable" owner="BuiltIn">
<msg time="2025-05-23T15:13:59.962091" level="INFO">${response} = &lt;Response [200]&gt;</msg>
<arg>${response}</arg>
<doc>Makes a variable available globally in all tests and suites.</doc>
<status status="PASS" start="2025-05-23T15:13:59.961855" elapsed="0.000270"/>
</kw>
<kw name="Log" owner="BuiltIn">
<msg time="2025-05-23T15:13:59.962496" level="INFO">{"name":"ze","job":"pedreiro","updatedAt":"2025-05-23T18:14:00.048Z"}</msg>
<arg>${response.content}</arg>
<doc>Logs the given message with the given level.</doc>
<status status="PASS" start="2025-05-23T15:13:59.962201" elapsed="0.000329"/>
</kw>
<status status="PASS" start="2025-05-23T15:13:59.364277" elapsed="0.598300"/>
</kw>
<kw name="Validar status code &quot;200&quot;" owner="api_testing_user" source_name="Validar status code &quot;${statuscode}&quot;">
<kw name="Should Be True" owner="BuiltIn">
<arg>${response.status_code} == ${statuscode}</arg>
<doc>Fails if the given condition is not true.</doc>
<status status="PASS" start="2025-05-23T15:13:59.962933" elapsed="0.000480"/>
</kw>
<status status="PASS" start="2025-05-23T15:13:59.962752" elapsed="0.000704"/>
</kw>
<tag>PUT</tag>
<tag>user</tag>
<status status="PASS" start="2025-05-23T15:13:59.363208" elapsed="0.600361"/>
</test>
<test id="s1-t9" name="Cenário: PATCH Editar um usuário" line="50">
<kw name="Criar sessão no ReqRes" owner="api_testing_user">
<kw name="Create Dictionary" owner="BuiltIn">
<msg time="2025-05-23T15:13:59.964296" level="INFO">${headers} = {'accept': 'application/json', 'Content-Type': 'application/json', 'x-api-key': 'reqres-free-v1'}</msg>
<var>${headers}</var>
<arg>accept=application/json</arg>
<arg>Content-Type=application/json</arg>
<arg>x-api-key=reqres-free-v1</arg>
<doc>Creates and returns a dictionary based on the given ``items``.</doc>
<status status="PASS" start="2025-05-23T15:13:59.964166" elapsed="0.000149"/>
</kw>
<kw name="Create Session" owner="RequestsLibrary">
<msg time="2025-05-23T15:13:59.964503" level="INFO">Creating Session using : alias=ReqRes, url=https://reqres.in/api/, headers={'accept': 'application/json', 'Content-Type': 'application/json', 'x-api-key': 'reqres-free-v1'},                     cookies={}, auth=None, timeout=None, proxies=None, verify=False,                     debug=0 </msg>
<arg>ReqRes</arg>
<arg>https://reqres.in/api/</arg>
<arg>${headers}</arg>
<doc>Create Session: create a HTTP session to a server</doc>
<status status="PASS" start="2025-05-23T15:13:59.964387" elapsed="0.000230"/>
</kw>
<status status="PASS" start="2025-05-23T15:13:59.964013" elapsed="0.000661"/>
</kw>
<kw name="PATCH Endpoint /users/id" owner="api_testing_user">
<kw name="Create Dictionary" owner="BuiltIn">
<msg time="2025-05-23T15:13:59.965082" level="INFO">${payload} = {'name': 'joao', 'job': 'jogador'}</msg>
<var>${payload}</var>
<arg>name=joao</arg>
<arg>job=jogador</arg>
<doc>Creates and returns a dictionary based on the given ``items``.</doc>
<status status="PASS" start="2025-05-23T15:13:59.964964" elapsed="0.000136"/>
</kw>
<kw name="PUT On Session" owner="RequestsLibrary">
<msg time="2025-05-23T15:14:00.557645" level="INFO">PUT Request : url=https://reqres.in/api/users/5 
 path_url=/api/users/5 
 headers={'User-Agent': 'python-requests/2.25.1', 'Accept-Encoding': 'gzip, deflate', 'accept': 'application/json', 'Connection': 'keep-alive', 'Content-Type': 'application/json', 'x-api-key': 'reqres-free-v1', 'Content-Length': '34'} 
 body=b'{"name": "joao", "job": "jogador"}' 
 </msg>
<msg time="2025-05-23T15:14:00.557746" level="INFO">PUT Response : url=https://reqres.in/api/users/5 
 status=200, reason=OK 
 headers={'Date': 'Fri, 23 May 2025 18:14:00 GMT', 'Content-Type': 'application/json; charset=utf-8', 'Transfer-Encoding': 'chunked', 'Connection': 'keep-alive', 'Cf-Ray': '944687cc1c09cac7-GIG', 'Server': 'cloudflare', 'Content-Encoding': 'gzip', 'Report-To': '{"group":"heroku-nel","max_age":3600,"endpoints":[{"url":"https://nel.heroku.com/reports?ts=1748024040&amp;sid=c4c9725f-1ab0-44d8-820f-430df2718e11&amp;s=WveSQcGGX2RWaZ1Kprktg7Y307fXNTrjUBT3l0kNuxw%3D"}]}', 'Reporting-Endpoints': 'heroku-nel=https://nel.heroku.com/reports?ts=1748024040&amp;sid=c4c9725f-1ab0-44d8-820f-430df2718e11&amp;s=WveSQcGGX2RWaZ1Kprktg7Y307fXNTrjUBT3l0kNuxw%3D', 'Nel': '{"report_to":"heroku-nel","max_age":3600,"success_fraction":0.005,"failure_fraction":0.05,"response_headers":["Via"]}', 'X-Powered-By': 'Express', 'Access-Control-Allow-Origin': '*', 'Ratelimit-Policy': '100;w=60', 'Ratelimit-Limit': '100', 'Ratelimit-Remaining': '86', 'Ratelimit-Reset': '57', 'Etag': 'W/"46-Hw0T1oZx14mgBYgQv3yvkchdvYI"', 'Via': '1.1 vegur', 'Cf-Cache-Status': 'DYNAMIC', 'Vary': 'Accept-Encoding', 'server-timing': 'cfL4;desc="?proto=TCP&amp;rtt=61455&amp;min_rtt=59897&amp;rtt_var=17962&amp;sent=5&amp;recv=8&amp;lost=0&amp;retrans=0&amp;sent_bytes=2837&amp;recv_bytes=918&amp;delivery_rate=67262&amp;cwnd=252&amp;unsent_bytes=0&amp;cid=3444343586f3cf58&amp;ts=460&amp;x=0"'} 
 body={"name":"joao","job":"jogador","updatedAt":"2025-05-23T18:14:00.633Z"} 
 </msg>
<msg time="2025-05-23T15:14:00.557805" level="INFO">/usr/lib/python3/dist-packages/urllib3/connectionpool.py:1020: InsecureRequestWarning: Unverified HTTPS request is being made to host 'reqres.in'. Adding certificate verification is strongly advised. See: https://urllib3.readthedocs.io/en/latest/advanced-usage.html#ssl-warnings
  warnings.warn(</msg>
<msg time="2025-05-23T15:14:00.557956" level="INFO">${response} = &lt;Response [200]&gt;</msg>
<var>${response}</var>
<arg>alias=ReqRes</arg>
<arg>url=/users/5</arg>
<arg>json=${payload}</arg>
<doc>Sends a PUT request on a previously created HTTP Session.</doc>
<status status="PASS" start="2025-05-23T15:13:59.965230" elapsed="0.592751"/>
</kw>
<kw name="Set Global Variable" owner="BuiltIn">
<msg time="2025-05-23T15:14:00.558335" level="INFO">${response} = &lt;Response [200]&gt;</msg>
<arg>${response}</arg>
<doc>Makes a variable available globally in all tests and suites.</doc>
<status status="PASS" start="2025-05-23T15:14:00.558145" elapsed="0.000221"/>
</kw>
<kw name="Log" owner="BuiltIn">
<msg time="2025-05-23T15:14:00.558749" level="INFO">{"name":"joao","job":"jogador","updatedAt":"2025-05-23T18:14:00.633Z"}</msg>
<arg>${response.content}</arg>
<doc>Logs the given message with the given level.</doc>
<status status="PASS" start="2025-05-23T15:14:00.558437" elapsed="0.000347"/>
</kw>
<status status="PASS" start="2025-05-23T15:13:59.964806" elapsed="0.594027"/>
</kw>
<kw name="Validar status code &quot;200&quot;" owner="api_testing_user" source_name="Validar status code &quot;${statuscode}&quot;">
<kw name="Should Be True" owner="BuiltIn">
<arg>${response.status_code} == ${statuscode}</arg>
<doc>Fails if the given condition is not true.</doc>
<status status="PASS" start="2025-05-23T15:14:00.559197" elapsed="0.000465"/>
</kw>
<status status="PASS" start="2025-05-23T15:14:00.559010" elapsed="0.000693"/>
</kw>
<tag>PATCH</tag>
<tag>user</tag>
<status status="PASS" start="2025-05-23T15:13:59.963753" elapsed="0.596066"/>
</test>
<test id="s1-t10" name="Cenário: DELETE Excluir um usuário" line="56">
<kw name="Criar sessão no ReqRes" owner="api_testing_user">
<kw name="Create Dictionary" owner="BuiltIn">
<msg time="2025-05-23T15:14:00.560577" level="INFO">${headers} = {'accept': 'application/json', 'Content-Type': 'application/json', 'x-api-key': 'reqres-free-v1'}</msg>
<var>${headers}</var>
<arg>accept=application/json</arg>
<arg>Content-Type=application/json</arg>
<arg>x-api-key=reqres-free-v1</arg>
<doc>Creates and returns a dictionary based on the given ``items``.</doc>
<status status="PASS" start="2025-05-23T15:14:00.560444" elapsed="0.000157"/>
</kw>
<kw name="Create Session" owner="RequestsLibrary">
<msg time="2025-05-23T15:14:00.560794" level="INFO">Creating Session using : alias=ReqRes, url=https://reqres.in/api/, headers={'accept': 'application/json', 'Content-Type': 'application/json', 'x-api-key': 'reqres-free-v1'},                     cookies={}, auth=None, timeout=None, proxies=None, verify=False,                     debug=0 </msg>
<arg>ReqRes</arg>
<arg>https://reqres.in/api/</arg>
<arg>${headers}</arg>
<doc>Create Session: create a HTTP session to a server</doc>
<status status="PASS" start="2025-05-23T15:14:00.560676" elapsed="0.000238"/>
</kw>
<status status="PASS" start="2025-05-23T15:14:00.560288" elapsed="0.000669"/>
</kw>
<kw name="DELETE Endpoint /users/id" owner="api_testing_user">
<kw name="PUT On Session" owner="RequestsLibrary">
<msg time="2025-05-23T15:14:01.139941" level="INFO">PUT Request : url=https://reqres.in/api/users/5 
 path_url=/api/users/5 
 headers={'User-Agent': 'python-requests/2.25.1', 'Accept-Encoding': 'gzip, deflate', 'accept': 'application/json', 'Connection': 'keep-alive', 'Content-Type': 'application/json', 'x-api-key': 'reqres-free-v1', 'Content-Length': '0'} 
 body=None 
 </msg>
<msg time="2025-05-23T15:14:01.140051" level="INFO">PUT Response : url=https://reqres.in/api/users/5 
 status=200, reason=OK 
 headers={'Date': 'Fri, 23 May 2025 18:14:01 GMT', 'Content-Type': 'application/json; charset=utf-8', 'Transfer-Encoding': 'chunked', 'Connection': 'keep-alive', 'Server': 'cloudflare', 'Vary': 'Accept-Encoding', 'Cf-Ray': '944687cfcd24ca5d-GIG', 'Report-To': '{"group":"heroku-nel","max_age":3600,"endpoints":[{"url":"https://nel.heroku.com/reports?ts=1748024041&amp;sid=c4c9725f-1ab0-44d8-820f-430df2718e11&amp;s=7THDPbpeaMK2Y6zhgyj5FL1ythOdvliJpaZ%2FieYCdBE%3D"}]}', 'Reporting-Endpoints': 'heroku-nel=https://nel.heroku.com/reports?ts=1748024041&amp;sid=c4c9725f-1ab0-44d8-820f-430df2718e11&amp;s=7THDPbpeaMK2Y6zhgyj5FL1ythOdvliJpaZ%2FieYCdBE%3D', 'Nel': '{"report_to":"heroku-nel","max_age":3600,"success_fraction":0.005,"failure_fraction":0.05,"response_headers":["Via"]}', 'X-Powered-By': 'Express', 'Access-Control-Allow-Origin': '*', 'Ratelimit-Policy': '100;w=60', 'Ratelimit-Limit': '100', 'Ratelimit-Remaining': '84', 'Ratelimit-Reset': '56', 'Etag': 'W/"28-pupBOzj98LFrZkcJ3od4BFWN34w"', 'Via': '1.1 vegur', 'Cf-Cache-Status': 'DYNAMIC', 'Content-Encoding': 'gzip', 'server-timing': 'cfL4;desc="?proto=TCP&amp;rtt=60810&amp;min_rtt=60413&amp;rtt_var=17759&amp;sent=5&amp;recv=7&amp;lost=0&amp;retrans=0&amp;sent_bytes=2836&amp;recv_bytes=861&amp;delivery_rate=66557&amp;cwnd=252&amp;unsent_bytes=0&amp;cid=b6648be9fe14d626&amp;ts=447&amp;x=0"'} 
 body={"updatedAt":"2025-05-23T18:14:01.211Z"} 
 </msg>
<msg time="2025-05-23T15:14:01.140116" level="INFO">/usr/lib/python3/dist-packages/urllib3/connectionpool.py:1020: InsecureRequestWarning: Unverified HTTPS request is being made to host 'reqres.in'. Adding certificate verification is strongly advised. See: https://urllib3.readthedocs.io/en/latest/advanced-usage.html#ssl-warnings
  warnings.warn(</msg>
<msg time="2025-05-23T15:14:01.140270" level="INFO">${response} = &lt;Response [200]&gt;</msg>
<var>${response}</var>
<arg>alias=ReqRes</arg>
<arg>url=/users/5</arg>
<doc>Sends a PUT request on a previously created HTTP Session.</doc>
<status status="PASS" start="2025-05-23T15:14:00.561230" elapsed="0.579068"/>
</kw>
<kw name="Set Global Variable" owner="BuiltIn">
<msg time="2025-05-23T15:14:01.140735" level="INFO">${response} = &lt;Response [200]&gt;</msg>
<arg>${response}</arg>
<doc>Makes a variable available globally in all tests and suites.</doc>
<status status="PASS" start="2025-05-23T15:14:01.140523" elapsed="0.000246"/>
</kw>
<kw name="Log" owner="BuiltIn">
<msg time="2025-05-23T15:14:01.141131" level="INFO">{"updatedAt":"2025-05-23T18:14:01.211Z"}</msg>
<arg>${response.content}</arg>
<doc>Logs the given message with the given level.</doc>
<status status="PASS" start="2025-05-23T15:14:01.140843" elapsed="0.000320"/>
</kw>
<status status="PASS" start="2025-05-23T15:14:00.561085" elapsed="0.580124"/>
</kw>
<kw name="Validar status code &quot;200&quot;" owner="api_testing_user" source_name="Validar status code &quot;${statuscode}&quot;">
<kw name="Should Be True" owner="BuiltIn">
<arg>${response.status_code} == ${statuscode}</arg>
<doc>Fails if the given condition is not true.</doc>
<status status="PASS" start="2025-05-23T15:14:01.141558" elapsed="0.000473"/>
</kw>
<status status="PASS" start="2025-05-23T15:14:01.141377" elapsed="0.000698"/>
</kw>
<tag>DELETE</tag>
<tag>user</tag>
<status status="PASS" start="2025-05-23T15:14:00.560026" elapsed="0.582161"/>
</test>
<test id="s1-t11" name="Cenário: GET Listar um recurso" line="62">
<kw name="Criar sessão no ReqRes" owner="api_testing_user">
<kw name="Create Dictionary" owner="BuiltIn">
<msg time="2025-05-23T15:14:01.142929" level="INFO">${headers} = {'accept': 'application/json', 'Content-Type': 'application/json', 'x-api-key': 'reqres-free-v1'}</msg>
<var>${headers}</var>
<arg>accept=application/json</arg>
<arg>Content-Type=application/json</arg>
<arg>x-api-key=reqres-free-v1</arg>
<doc>Creates and returns a dictionary based on the given ``items``.</doc>
<status status="PASS" start="2025-05-23T15:14:01.142793" elapsed="0.000155"/>
</kw>
<kw name="Create Session" owner="RequestsLibrary">
<msg time="2025-05-23T15:14:01.143150" level="INFO">Creating Session using : alias=ReqRes, url=https://reqres.in/api/, headers={'accept': 'application/json', 'Content-Type': 'application/json', 'x-api-key': 'reqres-free-v1'},                     cookies={}, auth=None, timeout=None, proxies=None, verify=False,                     debug=0 </msg>
<arg>ReqRes</arg>
<arg>https://reqres.in/api/</arg>
<arg>${headers}</arg>
<doc>Create Session: create a HTTP session to a server</doc>
<status status="PASS" start="2025-05-23T15:14:01.143021" elapsed="0.000247"/>
</kw>
<status status="PASS" start="2025-05-23T15:14:01.142630" elapsed="0.000681"/>
</kw>
<kw name="GET Endpoint /resource/id" owner="api_testing_user">
<kw name="GET On Session" owner="RequestsLibrary">
<msg time="2025-05-23T15:14:01.350748" level="INFO">GET Request : url=https://reqres.in/api/unknown/2 
 path_url=/api/unknown/2 
 headers={'User-Agent': 'python-requests/2.25.1', 'Accept-Encoding': 'gzip, deflate', 'accept': 'application/json', 'Connection': 'keep-alive', 'Content-Type': 'application/json', 'x-api-key': 'reqres-free-v1'} 
 body=None 
 </msg>
<msg time="2025-05-23T15:14:01.350844" level="INFO">GET Response : url=https://reqres.in/api/unknown/2 
 status=200, reason=OK 
 headers={'Date': 'Fri, 23 May 2025 18:14:01 GMT', 'Content-Type': 'application/json; charset=utf-8', 'Transfer-Encoding': 'chunked', 'Connection': 'keep-alive', 'Cf-Ray': '944687d35e38cb41-GIG', 'Server': 'cloudflare', 'Content-Encoding': 'gzip', 'Report-To': '{"group":"heroku-nel","max_age":3600,"endpoints":[{"url":"https://nel.heroku.com/reports?ts=1748018983&amp;sid=c4c9725f-1ab0-44d8-820f-430df2718e11&amp;s=sGXs5XyO6BkmZN8%2BpHJcchhAjMdamjuRuCuKmF6iNjY%3D"}]}', 'Reporting-Endpoints': 'heroku-nel=https://nel.heroku.com/reports?ts=1748018983&amp;sid=c4c9725f-1ab0-44d8-820f-430df2718e11&amp;s=sGXs5XyO6BkmZN8%2BpHJcchhAjMdamjuRuCuKmF6iNjY%3D', 'Nel': '{"report_to":"heroku-nel","max_age":3600,"success_fraction":0.005,"failure_fraction":0.05,"response_headers":["Via"]}', 'X-Powered-By': 'Express', 'Access-Control-Allow-Origin': '*', 'Ratelimit-Policy': '100;w=60', 'Ratelimit-Limit': '100', 'Ratelimit-Remaining': '84', 'Ratelimit-Reset': '56', 'Etag': 'W/"122-EJoELj/0trWDxXZhKN3eWEbbcBA"', 'Via': '1.1 vegur', 'Cache-Control': 'max-age=14400', 'Cf-Cache-Status': 'HIT', 'Age': '5058', 'Vary': 'Accept-Encoding', 'server-timing': 'cfL4;desc="?proto=TCP&amp;rtt=60237&amp;min_rtt=59843&amp;rtt_var=17567&amp;sent=5&amp;recv=7&amp;lost=0&amp;retrans=0&amp;sent_bytes=2836&amp;recv_bytes=844&amp;delivery_rate=67839&amp;cwnd=252&amp;unsent_bytes=0&amp;cid=4caa44d7fa704700&amp;ts=83&amp;x=0"'} 
 body={"data":{"id":2,"name":"fuchsia rose","year":2001,"color":"#C74375","pantone_value":"17-2031"},"support":{"url":"https://contentcaddy.io?utm_source=reqres&amp;utm_medium=json&amp;utm_campaign=referral","text":"Tired of writing endless social media content? Let Content Caddy generate it for you."}} 
 </msg>
<msg time="2025-05-23T15:14:01.350903" level="INFO">/usr/lib/python3/dist-packages/urllib3/connectionpool.py:1020: InsecureRequestWarning: Unverified HTTPS request is being made to host 'reqres.in'. Adding certificate verification is strongly advised. See: https://urllib3.readthedocs.io/en/latest/advanced-usage.html#ssl-warnings
  warnings.warn(</msg>
<msg time="2025-05-23T15:14:01.351039" level="INFO">${response} = &lt;Response [200]&gt;</msg>
<var>${response}</var>
<arg>alias=ReqRes</arg>
<arg>url=/unknown/2</arg>
<doc>Sends a GET request on a previously created HTTP Session.</doc>
<status status="PASS" start="2025-05-23T15:14:01.143589" elapsed="0.207473"/>
</kw>
<kw name="Set Global Variable" owner="BuiltIn">
<msg time="2025-05-23T15:14:01.351410" level="INFO">${response} = &lt;Response [200]&gt;</msg>
<arg>${response}</arg>
<doc>Makes a variable available globally in all tests and suites.</doc>
<status status="PASS" start="2025-05-23T15:14:01.351222" elapsed="0.000219"/>
</kw>
<kw name="Log" owner="BuiltIn">
<msg time="2025-05-23T15:14:01.351803" level="INFO">{"data":{"id":2,"name":"fuchsia rose","year":2001,"color":"#C74375","pantone_value":"17-2031"},"support":{"url":"https://contentcaddy.io?utm_source=reqres&amp;utm_medium=json&amp;utm_campaign=referral","text":"Tired of writing endless social media content? Let Content Caddy generate it for you."}}</msg>
<arg>${response.content}</arg>
<doc>Logs the given message with the given level.</doc>
<status status="PASS" start="2025-05-23T15:14:01.351512" elapsed="0.000325"/>
</kw>
<status status="PASS" start="2025-05-23T15:14:01.143442" elapsed="0.208444"/>
</kw>
<kw name="Validar status code &quot;200&quot;" owner="api_testing_user" source_name="Validar status code &quot;${statuscode}&quot;">
<kw name="Should Be True" owner="BuiltIn">
<arg>${response.status_code} == ${statuscode}</arg>
<doc>Fails if the given condition is not true.</doc>
<status status="PASS" start="2025-05-23T15:14:01.352237" elapsed="0.000473"/>
</kw>
<status status="PASS" start="2025-05-23T15:14:01.352054" elapsed="0.000698"/>
</kw>
<tag>GET</tag>
<tag>resource</tag>
<status status="PASS" start="2025-05-23T15:14:01.142376" elapsed="0.210489"/>
</test>
<test id="s1-t12" name="Cenário: PUT Editar um recurso" line="68">
<kw name="Criar sessão no ReqRes" owner="api_testing_user">
<kw name="Create Dictionary" owner="BuiltIn">
<msg time="2025-05-23T15:14:01.353603" level="INFO">${headers} = {'accept': 'application/json', 'Content-Type': 'application/json', 'x-api-key': 'reqres-free-v1'}</msg>
<var>${headers}</var>
<arg>accept=application/json</arg>
<arg>Content-Type=application/json</arg>
<arg>x-api-key=reqres-free-v1</arg>
<doc>Creates and returns a dictionary based on the given ``items``.</doc>
<status status="PASS" start="2025-05-23T15:14:01.353471" elapsed="0.000155"/>
</kw>
<kw name="Create Session" owner="RequestsLibrary">
<msg time="2025-05-23T15:14:01.353816" level="INFO">Creating Session using : alias=ReqRes, url=https://reqres.in/api/, headers={'accept': 'application/json', 'Content-Type': 'application/json', 'x-api-key': 'reqres-free-v1'},                     cookies={}, auth=None, timeout=None, proxies=None, verify=False,                     debug=0 </msg>
<arg>ReqRes</arg>
<arg>https://reqres.in/api/</arg>
<arg>${headers}</arg>
<doc>Create Session: create a HTTP session to a server</doc>
<status status="PASS" start="2025-05-23T15:14:01.353699" elapsed="0.000297"/>
</kw>
<status status="PASS" start="2025-05-23T15:14:01.353317" elapsed="0.000727"/>
</kw>
<kw name="PUT Endpoint /resource/id" owner="api_testing_user">
<kw name="Create Dictionary" owner="BuiltIn">
<msg time="2025-05-23T15:14:01.354468" level="INFO">${payload} = {'name': 'azul', 'year': '2000', 'color': '#C48394'}</msg>
<var>${payload}</var>
<arg>name=azul</arg>
<arg>year=2000</arg>
<arg>color=#C48394</arg>
<doc>Creates and returns a dictionary based on the given ``items``.</doc>
<status status="PASS" start="2025-05-23T15:14:01.354327" elapsed="0.000160"/>
</kw>
<kw name="PUT On Session" owner="RequestsLibrary">
<msg time="2025-05-23T15:14:01.947615" level="INFO">PUT Request : url=https://reqres.in/api/unknown/2 
 path_url=/api/unknown/2 
 headers={'User-Agent': 'python-requests/2.25.1', 'Accept-Encoding': 'gzip, deflate', 'accept': 'application/json', 'Connection': 'keep-alive', 'Content-Type': 'application/json', 'x-api-key': 'reqres-free-v1', 'Content-Length': '52'} 
 body=b'{"name": "azul", "year": "2000", "color": "#C48394"}' 
 </msg>
<msg time="2025-05-23T15:14:01.947717" level="INFO">PUT Response : url=https://reqres.in/api/unknown/2 
 status=200, reason=OK 
 headers={'Date': 'Fri, 23 May 2025 18:14:02 GMT', 'Content-Type': 'application/json; charset=utf-8', 'Transfer-Encoding': 'chunked', 'Connection': 'keep-alive', 'Cf-Ray': '944687d4a987cae3-GIG', 'Server': 'cloudflare', 'Content-Encoding': 'gzip', 'Report-To': '{"group":"heroku-nel","max_age":3600,"endpoints":[{"url":"https://nel.heroku.com/reports?ts=1748024042&amp;sid=c4c9725f-1ab0-44d8-820f-430df2718e11&amp;s=5LfHqh1%2BfjYE0ZwLKTyL8FCjYhHVzBR8gVGocOAUhBU%3D"}]}', 'Reporting-Endpoints': 'heroku-nel=https://nel.heroku.com/reports?ts=1748024042&amp;sid=c4c9725f-1ab0-44d8-820f-430df2718e11&amp;s=5LfHqh1%2BfjYE0ZwLKTyL8FCjYhHVzBR8gVGocOAUhBU%3D', 'Nel': '{"report_to":"heroku-nel","max_age":3600,"success_fraction":0.005,"failure_fraction":0.05,"response_headers":["Via"]}', 'X-Powered-By': 'Express', 'Access-Control-Allow-Origin': '*', 'Ratelimit-Policy': '100;w=60', 'Ratelimit-Limit': '100', 'Ratelimit-Remaining': '82', 'Ratelimit-Reset': '55', 'Etag': 'W/"56-MmWDilF3LI+VU78KcLDrNoclhJc"', 'Via': '1.1 vegur', 'Cf-Cache-Status': 'DYNAMIC', 'Vary': 'Accept-Encoding', 'server-timing': 'cfL4;desc="?proto=TCP&amp;rtt=60989&amp;min_rtt=60470&amp;rtt_var=17908&amp;sent=5&amp;recv=8&amp;lost=0&amp;retrans=0&amp;sent_bytes=2837&amp;recv_bytes=938&amp;delivery_rate=67378&amp;cwnd=252&amp;unsent_bytes=0&amp;cid=6eac73292def8762&amp;ts=461&amp;x=0"'} 
 body={"name":"azul","year":"2000","color":"#C48394","updatedAt":"2025-05-23T18:14:02.006Z"} 
 </msg>
<msg time="2025-05-23T15:14:01.947781" level="INFO">/usr/lib/python3/dist-packages/urllib3/connectionpool.py:1020: InsecureRequestWarning: Unverified HTTPS request is being made to host 'reqres.in'. Adding certificate verification is strongly advised. See: https://urllib3.readthedocs.io/en/latest/advanced-usage.html#ssl-warnings
  warnings.warn(</msg>
<msg time="2025-05-23T15:14:01.947945" level="INFO">${response} = &lt;Response [200]&gt;</msg>
<var>${response}</var>
<arg>alias=ReqRes</arg>
<arg>url=/unknown/2</arg>
<arg>json=${payload}</arg>
<doc>Sends a PUT request on a previously created HTTP Session.</doc>
<status status="PASS" start="2025-05-23T15:14:01.354558" elapsed="0.593415"/>
</kw>
<kw name="Set Global Variable" owner="BuiltIn">
<msg time="2025-05-23T15:14:01.948396" level="INFO">${response} = &lt;Response [200]&gt;</msg>
<arg>${response}</arg>
<doc>Makes a variable available globally in all tests and suites.</doc>
<status status="PASS" start="2025-05-23T15:14:01.948173" elapsed="0.000255"/>
</kw>
<kw name="Log" owner="BuiltIn">
<msg time="2025-05-23T15:14:01.948789" level="INFO">{"name":"azul","year":"2000","color":"#C48394","updatedAt":"2025-05-23T18:14:02.006Z"}</msg>
<arg>${response.content}</arg>
<doc>Logs the given message with the given level.</doc>
<status status="PASS" start="2025-05-23T15:14:01.948500" elapsed="0.000321"/>
</kw>
<status status="PASS" start="2025-05-23T15:14:01.354176" elapsed="0.594692"/>
</kw>
<kw name="Validar status code &quot;200&quot;" owner="api_testing_user" source_name="Validar status code &quot;${statuscode}&quot;">
<kw name="Should Be True" owner="BuiltIn">
<arg>${response.status_code} == ${statuscode}</arg>
<doc>Fails if the given condition is not true.</doc>
<status status="PASS" start="2025-05-23T15:14:01.949216" elapsed="0.000457"/>
</kw>
<status status="PASS" start="2025-05-23T15:14:01.949034" elapsed="0.000685"/>
</kw>
<tag>PUT</tag>
<tag>resource</tag>
<status status="PASS" start="2025-05-23T15:14:01.353048" elapsed="0.596962"/>
</test>
<test id="s1-t13" name="Cenário: DELETE Excluir um recurso" line="74">
<kw name="Criar sessão no ReqRes" owner="api_testing_user">
<kw name="Create Dictionary" owner="BuiltIn">
<msg time="2025-05-23T15:14:01.950826" level="INFO">${headers} = {'accept': 'application/json', 'Content-Type': 'application/json', 'x-api-key': 'reqres-free-v1'}</msg>
<var>${headers}</var>
<arg>accept=application/json</arg>
<arg>Content-Type=application/json</arg>
<arg>x-api-key=reqres-free-v1</arg>
<doc>Creates and returns a dictionary based on the given ``items``.</doc>
<status status="PASS" start="2025-05-23T15:14:01.950666" elapsed="0.000180"/>
</kw>
<kw name="Create Session" owner="RequestsLibrary">
<msg time="2025-05-23T15:14:01.951039" level="INFO">Creating Session using : alias=ReqRes, url=https://reqres.in/api/, headers={'accept': 'application/json', 'Content-Type': 'application/json', 'x-api-key': 'reqres-free-v1'},                     cookies={}, auth=None, timeout=None, proxies=None, verify=False,                     debug=0 </msg>
<arg>ReqRes</arg>
<arg>https://reqres.in/api/</arg>
<arg>${headers}</arg>
<doc>Create Session: create a HTTP session to a server</doc>
<status status="PASS" start="2025-05-23T15:14:01.950920" elapsed="0.000235"/>
</kw>
<status status="PASS" start="2025-05-23T15:14:01.950512" elapsed="0.000699"/>
</kw>
<kw name="DELETE Endpoint /resource/id" owner="api_testing_user">
<kw name="GET On Session" owner="RequestsLibrary">
<msg time="2025-05-23T15:14:02.158608" level="INFO">GET Request : url=https://reqres.in/api/unknown/3 
 path_url=/api/unknown/3 
 headers={'User-Agent': 'python-requests/2.25.1', 'Accept-Encoding': 'gzip, deflate', 'accept': 'application/json', 'Connection': 'keep-alive', 'Content-Type': 'application/json', 'x-api-key': 'reqres-free-v1'} 
 body=None 
 </msg>
<msg time="2025-05-23T15:14:02.158703" level="INFO">GET Response : url=https://reqres.in/api/unknown/3 
 status=200, reason=OK 
 headers={'Date': 'Fri, 23 May 2025 18:14:02 GMT', 'Content-Type': 'application/json; charset=utf-8', 'Transfer-Encoding': 'chunked', 'Connection': 'keep-alive', 'Cf-Ray': '944687d858a9ca92-GIG', 'Server': 'cloudflare', 'Content-Encoding': 'gzip', 'Report-To': '{"group":"heroku-nel","max_age":3600,"endpoints":[{"url":"https://nel.heroku.com/reports?ts=1747944816&amp;sid=c4c9725f-1ab0-44d8-820f-430df2718e11&amp;s=qpiaOQbKSODIX7R%2FOI7s6StCcJ9lQiXhk5foL79rYmM%3D"}]}', 'Reporting-Endpoints': 'heroku-nel=https://nel.heroku.com/reports?ts=1747944816&amp;sid=c4c9725f-1ab0-44d8-820f-430df2718e11&amp;s=qpiaOQbKSODIX7R%2FOI7s6StCcJ9lQiXhk5foL79rYmM%3D', 'Nel': '{"report_to":"heroku-nel","max_age":3600,"success_fraction":0.005,"failure_fraction":0.05,"response_headers":["Via"]}', 'X-Powered-By': 'Express', 'Access-Control-Allow-Origin': '*', 'Ratelimit-Policy': '100;w=60', 'Ratelimit-Limit': '100', 'Ratelimit-Remaining': '88', 'Ratelimit-Reset': '57', 'Etag': 'W/"11e-JRBZgkItNBfNzTTTDTwn6H/asw8"', 'Via': '1.1 vegur', 'Cache-Control': 'max-age=14400', 'Cf-Cache-Status': 'HIT', 'Age': '5058', 'Vary': 'Accept-Encoding', 'server-timing': 'cfL4;desc="?proto=TCP&amp;rtt=60317&amp;min_rtt=59800&amp;rtt_var=17624&amp;sent=5&amp;recv=7&amp;lost=0&amp;retrans=0&amp;sent_bytes=2838&amp;recv_bytes=844&amp;delivery_rate=67218&amp;cwnd=252&amp;unsent_bytes=0&amp;cid=7bcc8a28949ed8a3&amp;ts=81&amp;x=0"'} 
 body={"data":{"id":3,"name":"true red","year":2002,"color":"#BF1932","pantone_value":"19-1664"},"support":{"url":"https://contentcaddy.io?utm_source=reqres&amp;utm_medium=json&amp;utm_campaign=referral","text":"Tired of writing endless social media content? Let Content Caddy generate it for you."}} 
 </msg>
<msg time="2025-05-23T15:14:02.158831" level="INFO">/usr/lib/python3/dist-packages/urllib3/connectionpool.py:1020: InsecureRequestWarning: Unverified HTTPS request is being made to host 'reqres.in'. Adding certificate verification is strongly advised. See: https://urllib3.readthedocs.io/en/latest/advanced-usage.html#ssl-warnings
  warnings.warn(</msg>
<msg time="2025-05-23T15:14:02.158969" level="INFO">${response} = &lt;Response [200]&gt;</msg>
<var>${response}</var>
<arg>alias=ReqRes</arg>
<arg>url=/unknown/3</arg>
<doc>Sends a GET request on a previously created HTTP Session.</doc>
<status status="PASS" start="2025-05-23T15:14:01.951488" elapsed="0.207506"/>
</kw>
<kw name="Set Global Variable" owner="BuiltIn">
<msg time="2025-05-23T15:14:02.159373" level="INFO">${response} = &lt;Response [200]&gt;</msg>
<arg>${response}</arg>
<doc>Makes a variable available globally in all tests and suites.</doc>
<status status="PASS" start="2025-05-23T15:14:02.159174" elapsed="0.000232"/>
</kw>
<kw name="Log" owner="BuiltIn">
<msg time="2025-05-23T15:14:02.159780" level="INFO">{"data":{"id":3,"name":"true red","year":2002,"color":"#BF1932","pantone_value":"19-1664"},"support":{"url":"https://contentcaddy.io?utm_source=reqres&amp;utm_medium=json&amp;utm_campaign=referral","text":"Tired of writing endless social media content? Let Content Caddy generate it for you."}}</msg>
<arg>${response.content}</arg>
<doc>Logs the given message with the given level.</doc>
<status status="PASS" start="2025-05-23T15:14:02.159482" elapsed="0.000332"/>
</kw>
<status status="PASS" start="2025-05-23T15:14:01.951341" elapsed="0.208522"/>
</kw>
<kw name="Validar status code &quot;200&quot;" owner="api_testing_user" source_name="Validar status code &quot;${statuscode}&quot;">
<kw name="Should Be True" owner="BuiltIn">
<arg>${response.status_code} == ${statuscode}</arg>
<doc>Fails if the given condition is not true.</doc>
<status status="PASS" start="2025-05-23T15:14:02.160224" elapsed="0.000456"/>
</kw>
<status status="PASS" start="2025-05-23T15:14:02.160037" elapsed="0.000685"/>
</kw>
<tag>DELETE</tag>
<tag>resource</tag>
<status status="PASS" start="2025-05-23T15:14:01.950254" elapsed="0.210582"/>
</test>
<test id="s1-t14" name="Cenário: GET Listar todos os recursos" line="80">
<kw name="Criar sessão no ReqRes" owner="api_testing_user">
<kw name="Create Dictionary" owner="BuiltIn">
<msg time="2025-05-23T15:14:02.161612" level="INFO">${headers} = {'accept': 'application/json', 'Content-Type': 'application/json', 'x-api-key': 'reqres-free-v1'}</msg>
<var>${headers}</var>
<arg>accept=application/json</arg>
<arg>Content-Type=application/json</arg>
<arg>x-api-key=reqres-free-v1</arg>
<doc>Creates and returns a dictionary based on the given ``items``.</doc>
<status status="PASS" start="2025-05-23T15:14:02.161475" elapsed="0.000156"/>
</kw>
<kw name="Create Session" owner="RequestsLibrary">
<msg time="2025-05-23T15:14:02.161836" level="INFO">Creating Session using : alias=ReqRes, url=https://reqres.in/api/, headers={'accept': 'application/json', 'Content-Type': 'application/json', 'x-api-key': 'reqres-free-v1'},                     cookies={}, auth=None, timeout=None, proxies=None, verify=False,                     debug=0 </msg>
<arg>ReqRes</arg>
<arg>https://reqres.in/api/</arg>
<arg>${headers}</arg>
<doc>Create Session: create a HTTP session to a server</doc>
<status status="PASS" start="2025-05-23T15:14:02.161707" elapsed="0.000248"/>
</kw>
<status status="PASS" start="2025-05-23T15:14:02.161318" elapsed="0.000681"/>
</kw>
<kw name="GET Endpoint /resource" owner="api_testing_user">
<kw name="GET On Session" owner="RequestsLibrary">
<msg time="2025-05-23T15:14:02.379642" level="INFO">GET Request : url=https://reqres.in/api/unknown 
 path_url=/api/unknown 
 headers={'User-Agent': 'python-requests/2.25.1', 'Accept-Encoding': 'gzip, deflate', 'accept': 'application/json', 'Connection': 'keep-alive', 'Content-Type': 'application/json', 'x-api-key': 'reqres-free-v1'} 
 body=None 
 </msg>
<msg time="2025-05-23T15:14:02.379739" level="INFO">GET Response : url=https://reqres.in/api/unknown 
 status=200, reason=OK 
 headers={'Date': 'Fri, 23 May 2025 18:14:02 GMT', 'Content-Type': 'application/json; charset=utf-8', 'Transfer-Encoding': 'chunked', 'Connection': 'keep-alive', 'Cf-Ray': '944687d9ab61cb34-GIG', 'Server': 'cloudflare', 'Content-Encoding': 'gzip', 'Report-To': '{"group":"heroku-nel","max_age":3600,"endpoints":[{"url":"https://nel.heroku.com/reports?ts=1747932238&amp;sid=c4c9725f-1ab0-44d8-820f-430df2718e11&amp;s=vS2BdAMqJrzaRJfuBlpAMeCHzRBkoAjXI7cFOJm8HCE%3D"}]}', 'Reporting-Endpoints': 'heroku-nel=https://nel.heroku.com/reports?ts=1747932238&amp;sid=c4c9725f-1ab0-44d8-820f-430df2718e11&amp;s=vS2BdAMqJrzaRJfuBlpAMeCHzRBkoAjXI7cFOJm8HCE%3D', 'Nel': '{"report_to":"heroku-nel","max_age":3600,"success_fraction":0.005,"failure_fraction":0.05,"response_headers":["Via"]}', 'X-Powered-By': 'Express', 'Access-Control-Allow-Origin': '*', 'Ratelimit-Policy': '100;w=60', 'Ratelimit-Limit': '100', 'Ratelimit-Remaining': '96', 'Ratelimit-Reset': '58', 'Etag': 'W/"2fb-zJ/iiAzm4zf7SruyfEtNo0xEDoY"', 'Via': '1.1 vegur', 'Cache-Control': 'max-age=14400', 'Cf-Cache-Status': 'HIT', 'Age': '5057', 'Vary': 'Accept-Encoding', 'server-timing': 'cfL4;desc="?proto=TCP&amp;rtt=60429&amp;min_rtt=58992&amp;rtt_var=17699&amp;sent=5&amp;recv=7&amp;lost=0&amp;retrans=0&amp;sent_bytes=2837&amp;recv_bytes=842&amp;delivery_rate=68084&amp;cwnd=252&amp;unsent_bytes=0&amp;cid=52038b7d0ec29782&amp;ts=89&amp;x=0"'} 
 body={"page":1,"per_page":6,"total":12,"total_pages":2,"data":[{"id":1,"name":"cerulean","year":2000,"color":"#98B2D1","pantone_value":"15-4020"},{"id":2,"name":"fuchsia rose","year":2001,"color":"#C74375","pantone_value":"17-2031"},{"id":3,"name":"true red","year":2002,"color":"#BF1932","pantone_value":"19-1664"},{"id":4,"name":"aqua sky","year":2003,"color":"#7BC4C4","pantone_value":"14-4811"},{"id":5,"name":"tigerlily","year":2004,"color":"#E2583E","pantone_value":"17-1456"},{"id":6,"name":"blue turquoise","year":2005,"color":"#53B0AE","pantone_value":"15-5217"}],"support":{"url":"https://contentcaddy.io?utm_source=reqres&amp;utm_medium=json&amp;utm_campaign=referral","text":"Tired of writing endless social media content? Let Content Caddy generate it for you."}} 
 </msg>
<msg time="2025-05-23T15:14:02.379800" level="INFO">/usr/lib/python3/dist-packages/urllib3/connectionpool.py:1020: InsecureRequestWarning: Unverified HTTPS request is being made to host 'reqres.in'. Adding certificate verification is strongly advised. See: https://urllib3.readthedocs.io/en/latest/advanced-usage.html#ssl-warnings
  warnings.warn(</msg>
<msg time="2025-05-23T15:14:02.379992" level="INFO">${response} = &lt;Response [200]&gt;</msg>
<var>${response}</var>
<arg>alias=ReqRes</arg>
<arg>url=/unknown</arg>
<doc>Sends a GET request on a previously created HTTP Session.</doc>
<status status="PASS" start="2025-05-23T15:14:02.162398" elapsed="0.217619"/>
</kw>
<kw name="Set Global Variable" owner="BuiltIn">
<msg time="2025-05-23T15:14:02.380385" level="INFO">${response} = &lt;Response [200]&gt;</msg>
<arg>${response}</arg>
<doc>Makes a variable available globally in all tests and suites.</doc>
<status status="PASS" start="2025-05-23T15:14:02.380177" elapsed="0.000240"/>
</kw>
<kw name="Log" owner="BuiltIn">
<msg time="2025-05-23T15:14:02.380798" level="INFO">{"page":1,"per_page":6,"total":12,"total_pages":2,"data":[{"id":1,"name":"cerulean","year":2000,"color":"#98B2D1","pantone_value":"15-4020"},{"id":2,"name":"fuchsia rose","year":2001,"color":"#C74375","pantone_value":"17-2031"},{"id":3,"name":"true red","year":2002,"color":"#BF1932","pantone_value":"19-1664"},{"id":4,"name":"aqua sky","year":2003,"color":"#7BC4C4","pantone_value":"14-4811"},{"id":5,"name":"tigerlily","year":2004,"color":"#E2583E","pantone_value":"17-1456"},{"id":6,"name":"blue turquoise","year":2005,"color":"#53B0AE","pantone_value":"15-5217"}],"support":{"url":"https://contentcaddy.io?utm_source=reqres&amp;utm_medium=json&amp;utm_campaign=referral","text":"Tired of writing endless social media content? Let Content Caddy generate it for you."}}</msg>
<arg>${response.content}</arg>
<doc>Logs the given message with the given level.</doc>
<status status="PASS" start="2025-05-23T15:14:02.380503" elapsed="0.000330"/>
</kw>
<status status="PASS" start="2025-05-23T15:14:02.162128" elapsed="0.218752"/>
</kw>
<kw name="Validar status code &quot;200&quot;" owner="api_testing_user" source_name="Validar status code &quot;${statuscode}&quot;">
<kw name="Should Be True" owner="BuiltIn">
<arg>${response.status_code} == ${statuscode}</arg>
<doc>Fails if the given condition is not true.</doc>
<status status="PASS" start="2025-05-23T15:14:02.381239" elapsed="0.000459"/>
</kw>
<status status="PASS" start="2025-05-23T15:14:02.381045" elapsed="0.000696"/>
</kw>
<tag>GET</tag>
<tag>resource</tag>
<status status="PASS" start="2025-05-23T15:14:02.161031" elapsed="0.220822"/>
</test>
<status status="PASS" start="2025-05-23T15:13:55.911722" elapsed="6.470490"/>
</suite>
<statistics>
<total>
<stat pass="14" fail="0" skip="0">All Tests</stat>
</total>
<tag>
<stat pass="2" fail="0" skip="0">DELETE</stat>
<stat pass="4" fail="0" skip="0">GET</stat>
<stat pass="1" fail="0" skip="0">PATCH</stat>
<stat pass="2" fail="0" skip="0">POST</stat>
<stat pass="2" fail="0" skip="0">PUT</stat>
<stat pass="4" fail="0" skip="0">resource</stat>
<stat pass="7" fail="0" skip="0">user</stat>
</tag>
<suite>
<stat name="Api Testing User" id="s1" pass="14" fail="0" skip="0">Api Testing User</stat>
</suite>
</statistics>
<errors>
</errors>
</robot>
