<?xml version="1.0" encoding="UTF-8"?>
<robot generator="Robot 7.2.2 (Python 3.13.4 on win32)" generated="2025-06-12T17:27:26.771411" rpa="false" schemaversion="5">
<suite id="s1" name="Tests" source="C:\compass_pb\Documentos\Sprint6\Challenge02\serverest\tests">
<suite id="s1-s1" name="Test Auth" source="C:\compass_pb\Documentos\Sprint6\Challenge02\serverest\tests\test_auth.robot">
<test id="s1-s1-t1" name="Cenário 01: Fazer login com sucesso" line="5">
<kw name="POST Endpoint /login" owner="resources_keywords">
<kw name="Create Dictionary" owner="BuiltIn">
<msg time="2025-06-12T17:27:27.588689" level="INFO">${body} = {'email': 'fulano@qa.com', 'password': 'teste'}</msg>
<var>${body}</var>
<arg>email=${email}</arg>
<arg>password=${password}</arg>
<doc>Creates and returns a dictionary based on the given ``items``.</doc>
<status status="PASS" start="2025-06-12T17:27:27.588407" elapsed="0.000316"/>
</kw>
<kw name="Create Dictionary" owner="BuiltIn">
<msg time="2025-06-12T17:27:27.588962" level="INFO">${header} = {'accept': 'application/json', 'Content-Type': 'application/json'}</msg>
<var>${header}</var>
<arg>accept=application/json</arg>
<arg>Content-Type=application/json</arg>
<doc>Creates and returns a dictionary based on the given ``items``.</doc>
<status status="PASS" start="2025-06-12T17:27:27.588831" elapsed="0.000154"/>
</kw>
<kw name="POST" owner="RequestsLibrary">
<var>${response}</var>
<arg>url=${BASE_URL}/login</arg>
<arg>json=${body}</arg>
<arg>headers=${header}</arg>
<doc>Sends a POST request.</doc>
<status status="FAIL" start="2025-06-12T17:27:27.589063" elapsed="21.041428">Execution terminated by signal</status>
</kw>
<kw name="Set Global Variable" owner="BuiltIn">
<arg>${response}</arg>
<doc>Makes a variable available globally in all tests and suites.</doc>
<status status="NOT RUN" start="2025-06-12T17:27:48.630710" elapsed="0.000029"/>
</kw>
<kw name="Log" owner="BuiltIn">
<arg>${response.json()}[authorization]</arg>
<doc>Logs the given message with the given level.</doc>
<status status="NOT RUN" start="2025-06-12T17:27:48.630824" elapsed="0.000016"/>
</kw>
<kw name="Set Variable" owner="BuiltIn">
<var>${token}</var>
<arg>${response.json()}[authorization]</arg>
<doc>Returns the given values which can then be assigned to a variables.</doc>
<status status="NOT RUN" start="2025-06-12T17:27:48.630913" elapsed="0.000014"/>
</kw>
<kw name="Set Global Variable" owner="BuiltIn">
<arg>${token}</arg>
<doc>Makes a variable available globally in all tests and suites.</doc>
<status status="NOT RUN" start="2025-06-12T17:27:48.630997" elapsed="0.000015"/>
</kw>
<return>
<value>${response}</value>
<status status="NOT RUN" start="2025-06-12T17:27:48.631050" elapsed="0.000027"/>
</return>
<var>${response}</var>
<status status="FAIL" start="2025-06-12T17:27:27.587742" elapsed="21.043440">Execution terminated by signal</status>
</kw>
<kw name="Should Be Equal As Strings" owner="BuiltIn">
<arg>${response.status_code}</arg>
<arg>200</arg>
<doc>Fails if objects are unequal after converting them to strings.</doc>
<status status="NOT RUN" start="2025-06-12T17:27:48.631360" elapsed="0.000018"/>
</kw>
<kw name="Should Not Be Empty" owner="BuiltIn">
<arg>${response.json()}[authorization]</arg>
<doc>Verifies that the given item is not empty.</doc>
<status status="NOT RUN" start="2025-06-12T17:27:48.631516" elapsed="0.000015"/>
</kw>
<kw name="Criar sessão na Serverest" owner="resources_keywords">
<status status="NOT RUN" start="2025-06-12T17:27:48.631698" elapsed="0.000021"/>
</kw>
<status status="FAIL" start="2025-06-12T17:27:27.587086" elapsed="21.044784">Execution terminated by signal</status>
</test>
<status status="FAIL" start="2025-06-12T17:27:26.794801" elapsed="21.837484"/>
</suite>
<suite id="s1-s2" name="Test Carrinhos" source="C:\compass_pb\Documentos\Sprint6\Challenge02\serverest\tests\test_carrinhos.robot">
<test id="s1-s2-t1" name="Cenário 01: Listar carrinhos" line="6">
<tag>robot:exit</tag>
<status status="FAIL" start="2025-06-12T17:27:48.632903" elapsed="0.000230">Test execution stopped due to a fatal error.</status>
</test>
<test id="s1-s2-t2" name="Cenário 02: Criar novo carrinho" line="13">
<tag>robot:exit</tag>
<status status="FAIL" start="2025-06-12T17:27:48.633360" elapsed="0.000194">Test execution stopped due to a fatal error.</status>
</test>
<test id="s1-s2-t3" name="Cenário 03: Cancelar compra" line="26">
<tag>robot:exit</tag>
<status status="FAIL" start="2025-06-12T17:27:48.633765" elapsed="0.000181">Test execution stopped due to a fatal error.</status>
</test>
<test id="s1-s2-t4" name="Cenário 04: Concluir compra" line="33">
<tag>robot:exit</tag>
<status status="FAIL" start="2025-06-12T17:27:48.634152" elapsed="0.000179">Test execution stopped due to a fatal error.</status>
</test>
<status status="FAIL" start="2025-06-12T17:27:48.632621" elapsed="0.001947"/>
</suite>
<suite id="s1-s3" name="Test Produtos" source="C:\compass_pb\Documentos\Sprint6\Challenge02\serverest\tests\test_produtos.robot">
<test id="s1-s3-t1" name="Cenário 01: Listar produtos" line="6">
<tag>robot:exit</tag>
<status status="FAIL" start="2025-06-12T17:27:48.635070" elapsed="0.000198">Test execution stopped due to a fatal error.</status>
</test>
<test id="s1-s3-t2" name="Cenário 02: Criar novo produto" line="13">
<tag>robot:exit</tag>
<status status="FAIL" start="2025-06-12T17:27:48.635473" elapsed="0.000187">Test execution stopped due to a fatal error.</status>
</test>
<test id="s1-s3-t3" name="Cenário 03: Atualizar produto" line="22">
<tag>robot:exit</tag>
<status status="FAIL" start="2025-06-12T17:27:48.635858" elapsed="0.000174">Test execution stopped due to a fatal error.</status>
</test>
<test id="s1-s3-t4" name="Cenário 04: Excluir produto" line="31">
<tag>robot:exit</tag>
<status status="FAIL" start="2025-06-12T17:27:48.636295" elapsed="0.000638">Test execution stopped due to a fatal error.</status>
</test>
<status status="FAIL" start="2025-06-12T17:27:48.634853" elapsed="0.002340"/>
</suite>
<suite id="s1-s4" name="Test Usuarios" source="C:\compass_pb\Documentos\Sprint6\Challenge02\serverest\tests\test_usuarios.robot">
<test id="s1-s4-t1" name="Cenário 01: Listar usuários" line="6">
<tag>robot:exit</tag>
<status status="FAIL" start="2025-06-12T17:27:48.637697" elapsed="0.000186">Test execution stopped due to a fatal error.</status>
</test>
<test id="s1-s4-t2" name="Cenário 02: Criar novo usuário" line="13">
<tag>robot:exit</tag>
<status status="FAIL" start="2025-06-12T17:27:48.638087" elapsed="0.000182">Test execution stopped due to a fatal error.</status>
</test>
<test id="s1-s4-t3" name="Cenário 03: Atualizar usuário" line="20">
<tag>robot:exit</tag>
<status status="FAIL" start="2025-06-12T17:27:48.638480" elapsed="0.000179">Test execution stopped due to a fatal error.</status>
</test>
<test id="s1-s4-t4" name="Cenário 04: Excluir usuário" line="29">
<tag>robot:exit</tag>
<status status="FAIL" start="2025-06-12T17:27:48.638874" elapsed="0.000179">Test execution stopped due to a fatal error.</status>
</test>
<status status="FAIL" start="2025-06-12T17:27:48.637482" elapsed="0.001831"/>
</suite>
<status status="FAIL" start="2025-06-12T17:27:26.772621" elapsed="21.867132"/>
</suite>
<statistics>
<total>
<stat pass="0" fail="13" skip="0">All Tests</stat>
</total>
<tag>
<stat info="combined" combined="NOT robot:exit" pass="0" fail="1" skip="0">NOT robot:exit</stat>
</tag>
<suite>
<stat name="Tests" id="s1" pass="0" fail="13" skip="0">Tests</stat>
<stat name="Test Auth" id="s1-s1" pass="0" fail="1" skip="0">Tests.Test Auth</stat>
<stat name="Test Carrinhos" id="s1-s2" pass="0" fail="4" skip="0">Tests.Test Carrinhos</stat>
<stat name="Test Produtos" id="s1-s3" pass="0" fail="4" skip="0">Tests.Test Produtos</stat>
<stat name="Test Usuarios" id="s1-s4" pass="0" fail="4" skip="0">Tests.Test Usuarios</stat>
</suite>
</statistics>
<errors>
</errors>
</robot>
