<?xml version="1.0" encoding="UTF-8"?>
<robot generator="Robot 7.2.2 (Python 3.10.12 on linux)" generated="2025-06-06T15:14:10.482146" rpa="false" schemaversion="5">
<suite id="s1" name="Tests" source="/home/luisms/compass_pb/Documentos/Sprint6/Challenge02/serverest/tests">
<suite id="s1-s1" name="Test Auth" source="/home/luisms/compass_pb/Documentos/Sprint6/Challenge02/serverest/tests/test_auth.robot">
<test id="s1-s1-t1" name="Cenário 01: Fazer login com sucesso" line="5">
<kw name="POST Endpoint /login" owner="resources_keywords">
<kw name="Create Dictionary" owner="BuiltIn">
<msg time="2025-06-06T15:14:11.201946" level="INFO">${body} = {'email': 'fulano@qa.com', 'password': 'teste'}</msg>
<var>${body}</var>
<arg>email=${email}</arg>
<arg>password=${password}</arg>
<doc>Creates and returns a dictionary based on the given ``items``.</doc>
<status status="PASS" start="2025-06-06T15:14:11.201646" elapsed="0.000331"/>
</kw>
<kw name="Create Dictionary" owner="BuiltIn">
<msg time="2025-06-06T15:14:11.202301" level="INFO">${header} = {'accept': 'application/json', 'Content-Type': 'application/json'}</msg>
<var>${header}</var>
<arg>accept=application/json</arg>
<arg>Content-Type=application/json</arg>
<doc>Creates and returns a dictionary based on the given ``items``.</doc>
<status status="PASS" start="2025-06-06T15:14:11.202174" elapsed="0.000146"/>
</kw>
<kw name="POST" owner="RequestsLibrary">
<msg time="2025-06-06T15:14:11.991718" level="INFO">POST Request : url=https://compassuol.serverest.dev/login 
 path_url=/login 
 headers={'User-Agent': 'python-requests/2.25.1', 'Accept-Encoding': 'gzip, deflate', 'accept': 'application/json', 'Connection': 'keep-alive', 'Content-Type': 'application/json', 'Content-Length': '47'} 
 body=b'{"email": "fulano@qa.com", "password": "teste"}' 
 </msg>
<msg time="2025-06-06T15:14:11.991829" level="INFO">POST Response : url=https://compassuol.serverest.dev/login 
 status=200, reason=OK 
 headers={'access-control-allow-origin': '*', 'x-dns-prefetch-control': 'off', 'x-frame-options': 'SAMEORIGIN', 'strict-transport-security': 'max-age=15552000; includeSubDomains', 'x-download-options': 'noopen', 'x-content-type-options': 'nosniff', 'x-xss-protection': '1; mode=block', 'content-type': 'application/json; charset=utf-8', 'x-cloud-trace-context': '3a2603e31eba91e5646f7c1676342e0a;o=1', 'date': 'Fri, 06 Jun 2025 18:14:12 GMT', 'server': 'Google Frontend', 'Content-Length': '265'} 
 body={
    "message": "Login realizado com sucesso",
    "authorization": "Bearer eyJhbGciOiJIUzI1NiIsInR5cCI6IkpXVCJ9.eyJlbWFpbCI6ImZ1bGFub0BxYS5jb20iLCJwYXNzd29yZCI6InRlc3RlIiwiaWF0IjoxNzQ5MjMzNjUyLCJleHAiOjE3NDkyMzQyNTJ9.ji1Lj0sRuQ0WYIfmOgy9o0IDCNemd47725HeopCbepE"
} 
 </msg>
<msg time="2025-06-06T15:14:11.992086" level="INFO">${response} = &lt;Response [200]&gt;</msg>
<var>${response}</var>
<arg>url=${BASE_URL}/login</arg>
<arg>json=${body}</arg>
<arg>headers=${header}</arg>
<doc>Sends a POST request.</doc>
<status status="PASS" start="2025-06-06T15:14:11.202392" elapsed="0.789720"/>
</kw>
<kw name="Set Global Variable" owner="BuiltIn">
<msg time="2025-06-06T15:14:11.992451" level="INFO">${response} = &lt;Response [200]&gt;</msg>
<arg>${response}</arg>
<doc>Makes a variable available globally in all tests and suites.</doc>
<status status="PASS" start="2025-06-06T15:14:11.992266" elapsed="0.000215"/>
</kw>
<kw name="Log" owner="BuiltIn">
<msg time="2025-06-06T15:14:11.992876" level="INFO">Bearer eyJhbGciOiJIUzI1NiIsInR5cCI6IkpXVCJ9.eyJlbWFpbCI6ImZ1bGFub0BxYS5jb20iLCJwYXNzd29yZCI6InRlc3RlIiwiaWF0IjoxNzQ5MjMzNjUyLCJleHAiOjE3NDkyMzQyNTJ9.ji1Lj0sRuQ0WYIfmOgy9o0IDCNemd47725HeopCbepE</msg>
<arg>${response.json()}[authorization]</arg>
<doc>Logs the given message with the given level.</doc>
<status status="PASS" start="2025-06-06T15:14:11.992554" elapsed="0.000355"/>
</kw>
<kw name="Set Variable" owner="BuiltIn">
<msg time="2025-06-06T15:14:11.993241" level="INFO">${token} = Bearer eyJhbGciOiJIUzI1NiIsInR5cCI6IkpXVCJ9.eyJlbWFpbCI6ImZ1bGFub0BxYS5jb20iLCJwYXNzd29yZCI6InRlc3RlIiwiaWF0IjoxNzQ5MjMzNjUyLCJleHAiOjE3NDkyMzQyNTJ9.ji1Lj0sRuQ0WYIfmOgy9o0IDCNemd47725HeopCbepE</msg>
<var>${token}</var>
<arg>${response.json()}[authorization]</arg>
<doc>Returns the given values which can then be assigned to a variables.</doc>
<status status="PASS" start="2025-06-06T15:14:11.992980" elapsed="0.000279"/>
</kw>
<kw name="Set Global Variable" owner="BuiltIn">
<msg time="2025-06-06T15:14:11.993447" level="INFO">${token} = Bearer eyJhbGciOiJIUzI1NiIsInR5cCI6IkpXVCJ9.eyJlbWFpbCI6ImZ1bGFub0BxYS5jb20iLCJwYXNzd29yZCI6InRlc3RlIiwiaWF0IjoxNzQ5MjMzNjUyLCJleHAiOjE3NDkyMzQyNTJ9.ji1Lj0sRuQ0WYIfmOgy9o0IDCNemd47725HeopCbepE</msg>
<arg>${token}</arg>
<doc>Makes a variable available globally in all tests and suites.</doc>
<status status="PASS" start="2025-06-06T15:14:11.993328" elapsed="0.000145"/>
</kw>
<return>
<value>${response}</value>
<status status="PASS" start="2025-06-06T15:14:11.993506" elapsed="0.000035"/>
</return>
<msg time="2025-06-06T15:14:11.993635" level="INFO">${response} = &lt;Response [200]&gt;</msg>
<var>${response}</var>
<status status="PASS" start="2025-06-06T15:14:11.200880" elapsed="0.792772"/>
</kw>
<kw name="Should Be Equal As Strings" owner="BuiltIn">
<msg time="2025-06-06T15:14:11.994043" level="INFO">Argument types are:
&lt;class 'int'&gt;
&lt;class 'str'&gt;</msg>
<arg>${response.status_code}</arg>
<arg>200</arg>
<doc>Fails if objects are unequal after converting them to strings.</doc>
<status status="PASS" start="2025-06-06T15:14:11.993796" elapsed="0.000287"/>
</kw>
<kw name="Should Not Be Empty" owner="BuiltIn">
<msg time="2025-06-06T15:14:11.994424" level="INFO">Length is 192.</msg>
<arg>${response.json()}[authorization]</arg>
<doc>Verifies that the given item is not empty.</doc>
<status status="PASS" start="2025-06-06T15:14:11.994191" elapsed="0.000263"/>
</kw>
<kw name="Criar sessão na Serverest" owner="resources_keywords">
<kw name="Create Dictionary" owner="BuiltIn">
<msg time="2025-06-06T15:14:11.994950" level="INFO">${headers} = {'accept': 'application/json', 'Content-Type': 'application/json', 'authorization': 'Bearer eyJhbGciOiJIUzI1NiIsInR5cCI6IkpXVCJ9.eyJlbWFpbCI6ImZ1bGFub0BxYS5jb20iLCJwYXNzd29yZCI6InRlc3RlIiwiaWF0IjoxNzQ...</msg>
<var>${headers}</var>
<arg>accept=application/json</arg>
<arg>Content-Type=application/json</arg>
<arg>authorization=${token}</arg>
<doc>Creates and returns a dictionary based on the given ``items``.</doc>
<status status="PASS" start="2025-06-06T15:14:11.994792" elapsed="0.000176"/>
</kw>
<kw name="Create Session" owner="RequestsLibrary">
<msg time="2025-06-06T15:14:11.995171" level="INFO">Creating Session using : alias=ServeRest, url=https://compassuol.serverest.dev, headers={'accept': 'application/json', 'Content-Type': 'application/json', 'authorization': 'Bearer eyJhbGciOiJIUzI1NiIsInR5cCI6IkpXVCJ9.eyJlbWFpbCI6ImZ1bGFub0BxYS5jb20iLCJwYXNzd29yZCI6InRlc3RlIiwiaWF0IjoxNzQ5MjMzNjUyLCJleHAiOjE3NDkyMzQyNTJ9.ji1Lj0sRuQ0WYIfmOgy9o0IDCNemd47725HeopCbepE'},                     cookies={}, auth=None, timeout=None, proxies=None, verify=False,                     debug=0 </msg>
<arg>ServeRest</arg>
<arg>${BASE_URL}</arg>
<arg>${headers}</arg>
<doc>Create Session: create a HTTP session to a server</doc>
<status status="PASS" start="2025-06-06T15:14:11.995038" elapsed="0.000309"/>
</kw>
<kw name="Log" owner="BuiltIn">
<msg time="2025-06-06T15:14:11.995513" level="INFO">Bearer eyJhbGciOiJIUzI1NiIsInR5cCI6IkpXVCJ9.eyJlbWFpbCI6ImZ1bGFub0BxYS5jb20iLCJwYXNzd29yZCI6InRlc3RlIiwiaWF0IjoxNzQ5MjMzNjUyLCJleHAiOjE3NDkyMzQyNTJ9.ji1Lj0sRuQ0WYIfmOgy9o0IDCNemd47725HeopCbepE</msg>
<arg>${headers}[authorization]</arg>
<doc>Logs the given message with the given level.</doc>
<status status="PASS" start="2025-06-06T15:14:11.995424" elapsed="0.000122"/>
</kw>
<status status="PASS" start="2025-06-06T15:14:11.994617" elapsed="0.000968"/>
</kw>
<status status="PASS" start="2025-06-06T15:14:11.200253" elapsed="0.795457"/>
</test>
<status status="PASS" start="2025-06-06T15:14:10.499082" elapsed="1.497023"/>
</suite>
<suite id="s1-s2" name="Test Carrinhos" source="/home/luisms/compass_pb/Documentos/Sprint6/Challenge02/serverest/tests/test_carrinhos.robot">
<test id="s1-s2-t1" name="Cenário 01: Listar carrinhos" line="5">
<kw name="POST Endpoint /login" owner="resources_keywords">
<kw name="Create Dictionary" owner="BuiltIn">
<msg time="2025-06-06T15:14:11.998583" level="INFO">${body} = {'email': 'fulano@qa.com', 'password': 'teste'}</msg>
<var>${body}</var>
<arg>email=${email}</arg>
<arg>password=${password}</arg>
<doc>Creates and returns a dictionary based on the given ``items``.</doc>
<status status="PASS" start="2025-06-06T15:14:11.998409" elapsed="0.000195"/>
</kw>
<kw name="Create Dictionary" owner="BuiltIn">
<msg time="2025-06-06T15:14:11.998782" level="INFO">${header} = {'accept': 'application/json', 'Content-Type': 'application/json'}</msg>
<var>${header}</var>
<arg>accept=application/json</arg>
<arg>Content-Type=application/json</arg>
<doc>Creates and returns a dictionary based on the given ``items``.</doc>
<status status="PASS" start="2025-06-06T15:14:11.998679" elapsed="0.000119"/>
</kw>
<kw name="POST" owner="RequestsLibrary">
<msg time="2025-06-06T15:14:12.435017" level="INFO">POST Request : url=https://compassuol.serverest.dev/login 
 path_url=/login 
 headers={'User-Agent': 'python-requests/2.25.1', 'Accept-Encoding': 'gzip, deflate', 'accept': 'application/json', 'Connection': 'keep-alive', 'Content-Type': 'application/json', 'Content-Length': '47'} 
 body=b'{"email": "fulano@qa.com", "password": "teste"}' 
 </msg>
<msg time="2025-06-06T15:14:12.435120" level="INFO">POST Response : url=https://compassuol.serverest.dev/login 
 status=200, reason=OK 
 headers={'access-control-allow-origin': '*', 'x-dns-prefetch-control': 'off', 'x-frame-options': 'SAMEORIGIN', 'strict-transport-security': 'max-age=15552000; includeSubDomains', 'x-download-options': 'noopen', 'x-content-type-options': 'nosniff', 'x-xss-protection': '1; mode=block', 'content-type': 'application/json; charset=utf-8', 'x-cloud-trace-context': 'b8383d75f409b1f1f9cff73d738796ce', 'date': 'Fri, 06 Jun 2025 18:14:13 GMT', 'server': 'Google Frontend', 'Content-Length': '265'} 
 body={
    "message": "Login realizado com sucesso",
    "authorization": "Bearer eyJhbGciOiJIUzI1NiIsInR5cCI6IkpXVCJ9.eyJlbWFpbCI6ImZ1bGFub0BxYS5jb20iLCJwYXNzd29yZCI6InRlc3RlIiwiaWF0IjoxNzQ5MjMzNjUzLCJleHAiOjE3NDkyMzQyNTN9.VAvLUOjZqZShzC6uMfHmFRgt_X7lwtrxhq8OOQBQo9U"
} 
 </msg>
<msg time="2025-06-06T15:14:12.435365" level="INFO">${response} = &lt;Response [200]&gt;</msg>
<var>${response}</var>
<arg>url=${BASE_URL}/login</arg>
<arg>json=${body}</arg>
<arg>headers=${header}</arg>
<doc>Sends a POST request.</doc>
<status status="PASS" start="2025-06-06T15:14:11.998864" elapsed="0.436521"/>
</kw>
<kw name="Set Global Variable" owner="BuiltIn">
<msg time="2025-06-06T15:14:12.435721" level="INFO">${response} = &lt;Response [200]&gt;</msg>
<arg>${response}</arg>
<doc>Makes a variable available globally in all tests and suites.</doc>
<status status="PASS" start="2025-06-06T15:14:12.435535" elapsed="0.000219"/>
</kw>
<kw name="Log" owner="BuiltIn">
<msg time="2025-06-06T15:14:12.436189" level="INFO">Bearer eyJhbGciOiJIUzI1NiIsInR5cCI6IkpXVCJ9.eyJlbWFpbCI6ImZ1bGFub0BxYS5jb20iLCJwYXNzd29yZCI6InRlc3RlIiwiaWF0IjoxNzQ5MjMzNjUzLCJleHAiOjE3NDkyMzQyNTN9.VAvLUOjZqZShzC6uMfHmFRgt_X7lwtrxhq8OOQBQo9U</msg>
<arg>${response.json()}[authorization]</arg>
<doc>Logs the given message with the given level.</doc>
<status status="PASS" start="2025-06-06T15:14:12.435853" elapsed="0.000370"/>
</kw>
<kw name="Set Variable" owner="BuiltIn">
<msg time="2025-06-06T15:14:12.436580" level="INFO">${token} = Bearer eyJhbGciOiJIUzI1NiIsInR5cCI6IkpXVCJ9.eyJlbWFpbCI6ImZ1bGFub0BxYS5jb20iLCJwYXNzd29yZCI6InRlc3RlIiwiaWF0IjoxNzQ5MjMzNjUzLCJleHAiOjE3NDkyMzQyNTN9.VAvLUOjZqZShzC6uMfHmFRgt_X7lwtrxhq8OOQBQo9U</msg>
<var>${token}</var>
<arg>${response.json()}[authorization]</arg>
<doc>Returns the given values which can then be assigned to a variables.</doc>
<status status="PASS" start="2025-06-06T15:14:12.436297" elapsed="0.000301"/>
</kw>
<kw name="Set Global Variable" owner="BuiltIn">
<msg time="2025-06-06T15:14:12.436789" level="INFO">${token} = Bearer eyJhbGciOiJIUzI1NiIsInR5cCI6IkpXVCJ9.eyJlbWFpbCI6ImZ1bGFub0BxYS5jb20iLCJwYXNzd29yZCI6InRlc3RlIiwiaWF0IjoxNzQ5MjMzNjUzLCJleHAiOjE3NDkyMzQyNTN9.VAvLUOjZqZShzC6uMfHmFRgt_X7lwtrxhq8OOQBQo9U</msg>
<arg>${token}</arg>
<doc>Makes a variable available globally in all tests and suites.</doc>
<status status="PASS" start="2025-06-06T15:14:12.436669" elapsed="0.000145"/>
</kw>
<return>
<value>${response}</value>
<status status="PASS" start="2025-06-06T15:14:12.436844" elapsed="0.000042"/>
</return>
<status status="PASS" start="2025-06-06T15:14:11.998219" elapsed="0.438745"/>
</kw>
<kw name="Criar sessão na Serverest" owner="resources_keywords">
<kw name="Create Dictionary" owner="BuiltIn">
<msg time="2025-06-06T15:14:12.437480" level="INFO">${headers} = {'accept': 'application/json', 'Content-Type': 'application/json', 'authorization': 'Bearer eyJhbGciOiJIUzI1NiIsInR5cCI6IkpXVCJ9.eyJlbWFpbCI6ImZ1bGFub0BxYS5jb20iLCJwYXNzd29yZCI6InRlc3RlIiwiaWF0IjoxNzQ...</msg>
<var>${headers}</var>
<arg>accept=application/json</arg>
<arg>Content-Type=application/json</arg>
<arg>authorization=${token}</arg>
<doc>Creates and returns a dictionary based on the given ``items``.</doc>
<status status="PASS" start="2025-06-06T15:14:12.437322" elapsed="0.000176"/>
</kw>
<kw name="Create Session" owner="RequestsLibrary">
<msg time="2025-06-06T15:14:12.437695" level="INFO">Creating Session using : alias=ServeRest, url=https://compassuol.serverest.dev, headers={'accept': 'application/json', 'Content-Type': 'application/json', 'authorization': 'Bearer eyJhbGciOiJIUzI1NiIsInR5cCI6IkpXVCJ9.eyJlbWFpbCI6ImZ1bGFub0BxYS5jb20iLCJwYXNzd29yZCI6InRlc3RlIiwiaWF0IjoxNzQ5MjMzNjUzLCJleHAiOjE3NDkyMzQyNTN9.VAvLUOjZqZShzC6uMfHmFRgt_X7lwtrxhq8OOQBQo9U'},                     cookies={}, auth=None, timeout=None, proxies=None, verify=False,                     debug=0 </msg>
<arg>ServeRest</arg>
<arg>${BASE_URL}</arg>
<arg>${headers}</arg>
<doc>Create Session: create a HTTP session to a server</doc>
<status status="PASS" start="2025-06-06T15:14:12.437569" elapsed="0.000350"/>
</kw>
<kw name="Log" owner="BuiltIn">
<msg time="2025-06-06T15:14:12.438089" level="INFO">Bearer eyJhbGciOiJIUzI1NiIsInR5cCI6IkpXVCJ9.eyJlbWFpbCI6ImZ1bGFub0BxYS5jb20iLCJwYXNzd29yZCI6InRlc3RlIiwiaWF0IjoxNzQ5MjMzNjUzLCJleHAiOjE3NDkyMzQyNTN9.VAvLUOjZqZShzC6uMfHmFRgt_X7lwtrxhq8OOQBQo9U</msg>
<arg>${headers}[authorization]</arg>
<doc>Logs the given message with the given level.</doc>
<status status="PASS" start="2025-06-06T15:14:12.437998" elapsed="0.000119"/>
</kw>
<status status="PASS" start="2025-06-06T15:14:12.437139" elapsed="0.001013"/>
</kw>
<kw name="GET Endpoint /carrinhos" owner="resources_keywords">
<kw name="GET On Session" owner="RequestsLibrary">
<msg time="2025-06-06T15:14:12.867481" level="INFO">GET Request : url=https://compassuol.serverest.dev/carrinhos 
 path_url=/carrinhos 
 headers={'User-Agent': 'python-requests/2.25.1', 'Accept-Encoding': 'gzip, deflate', 'accept': 'application/json', 'Connection': 'keep-alive', 'Content-Type': 'application/json', 'authorization': 'Bearer eyJhbGciOiJIUzI1NiIsInR5cCI6IkpXVCJ9.eyJlbWFpbCI6ImZ1bGFub0BxYS5jb20iLCJwYXNzd29yZCI6InRlc3RlIiwiaWF0IjoxNzQ5MjMzNjUzLCJleHAiOjE3NDkyMzQyNTN9.VAvLUOjZqZShzC6uMfHmFRgt_X7lwtrxhq8OOQBQo9U'} 
 body=None 
 </msg>
<msg time="2025-06-06T15:14:12.867578" level="INFO">GET Response : url=https://compassuol.serverest.dev/carrinhos 
 status=200, reason=OK 
 headers={'access-control-allow-origin': '*', 'x-dns-prefetch-control': 'off', 'x-frame-options': 'SAMEORIGIN', 'strict-transport-security': 'max-age=15552000; includeSubDomains', 'x-download-options': 'noopen', 'x-content-type-options': 'nosniff', 'x-xss-protection': '1; mode=block', 'content-type': 'application/json; charset=utf-8', 'x-cloud-trace-context': '186647c049d02312f4903a5e15502cca', 'date': 'Fri, 06 Jun 2025 18:14:13 GMT', 'server': 'Google Frontend', 'Content-Length': '1626'} 
 body={
    "quantidade": 4,
    "carrinhos": [
        {
            "produtos": [
                {
                    "idProduto": "szlYpqBeUzn4Eff8",
                    "quantidade": 40291730,
                    "precoUnitario": 856286942
                }
            ],
            "precoTotal": 34501282269589660,
            "quantidadeTotal": 40291730,
            "idUsuario": "BONOiLNkIebUugr7",
            "_id": "2iIF4ZNixzhUMwrl"
        },
        {
            "produtos": [
                {
                    "idProduto": "ws4wxdkssgGpv898",
                    "quantidade": "10",
                    "precoUnitario": 6661
                }
            ],
            "precoTotal": 66610,
            "quantidadeTotal": "010",
            "idUsuario": "UThV7pqVvQ4SwCTB",
            "_id": "FzpNO7MSzkns3IJQ"
        },
        {
            "produtos": [
                {
                    "idProduto": "65a1BPibWxUyixOC",
                    "quantidade": "1",
                    "precoUnitario": 470
                }
            ],
            "precoTotal": 470,
            "quantidadeTotal": "01",
            "idUsuario": "e7QSNYpLnKkfYYe1",
            "_id": "ZApeE9tHO4aBzBzq"
        },
        {
            "produtos": [
                {
                    "idProduto": "Vm7egqPvqVBgQhCO",
                    "quantidade": 921992077,
                    "precoUnitario": 7
                }
            ],
            "precoTotal": 6453944539,
            "quantidadeTotal": 921992077,
            "idUsuario": "ecCTPtJWFiLm9DiV",
            "_id": "xFx3vWzNBteHUBKb"
        }
    ]
} 
 </msg>
<msg time="2025-06-06T15:14:12.867709" level="INFO">/usr/lib/python3/dist-packages/urllib3/connectionpool.py:1020: InsecureRequestWarning: Unverified HTTPS request is being made to host 'compassuol.serverest.dev'. Adding certificate verification is strongly advised. See: https://urllib3.readthedocs.io/en/latest/advanced-usage.html#ssl-warnings
  warnings.warn(</msg>
<msg time="2025-06-06T15:14:12.867854" level="INFO">${response} = &lt;Response [200]&gt;</msg>
<var>${response}</var>
<arg>alias=ServeRest</arg>
<arg>url=carrinhos</arg>
<doc>Sends a GET request on a previously created HTTP Session.</doc>
<status status="PASS" start="2025-06-06T15:14:12.438425" elapsed="0.429458"/>
</kw>
<return>
<value>${response}</value>
<status status="PASS" start="2025-06-06T15:14:12.867954" elapsed="0.000051"/>
</return>
<msg time="2025-06-06T15:14:12.868136" level="INFO">${response} = &lt;Response [200]&gt;</msg>
<var>${response}</var>
<status status="PASS" start="2025-06-06T15:14:12.438285" elapsed="0.429873"/>
</kw>
<kw name="Should Be Equal As Strings" owner="BuiltIn">
<msg time="2025-06-06T15:14:12.868678" level="INFO">Argument types are:
&lt;class 'int'&gt;
&lt;class 'str'&gt;</msg>
<arg>${response.status_code}</arg>
<arg>200</arg>
<doc>Fails if objects are unequal after converting them to strings.</doc>
<status status="PASS" start="2025-06-06T15:14:12.868357" elapsed="0.000363"/>
</kw>
<kw name="Should Not Be Empty" owner="BuiltIn">
<msg time="2025-06-06T15:14:12.869095" level="INFO">Length is 4.</msg>
<arg>${response.json()}[carrinhos]</arg>
<doc>Verifies that the given item is not empty.</doc>
<status status="PASS" start="2025-06-06T15:14:12.868836" elapsed="0.000290"/>
</kw>
<status status="PASS" start="2025-06-06T15:14:11.997932" elapsed="0.871318"/>
</test>
<test id="s1-s2-t2" name="Cenário 02: Criar novo carrinho" line="12">
<kw name="POST Endpoint /login" owner="resources_keywords">
<kw name="Create Dictionary" owner="BuiltIn">
<msg time="2025-06-06T15:14:12.870136" level="INFO">${body} = {'email': 'fulano@qa.com', 'password': 'teste'}</msg>
<var>${body}</var>
<arg>email=${email}</arg>
<arg>password=${password}</arg>
<doc>Creates and returns a dictionary based on the given ``items``.</doc>
<status status="PASS" start="2025-06-06T15:14:12.869902" elapsed="0.000254"/>
</kw>
<kw name="Create Dictionary" owner="BuiltIn">
<msg time="2025-06-06T15:14:12.870340" level="INFO">${header} = {'accept': 'application/json', 'Content-Type': 'application/json'}</msg>
<var>${header}</var>
<arg>accept=application/json</arg>
<arg>Content-Type=application/json</arg>
<doc>Creates and returns a dictionary based on the given ``items``.</doc>
<status status="PASS" start="2025-06-06T15:14:12.870232" elapsed="0.000125"/>
</kw>
<kw name="POST" owner="RequestsLibrary">
<msg time="2025-06-06T15:14:13.276555" level="INFO">POST Request : url=https://compassuol.serverest.dev/login 
 path_url=/login 
 headers={'User-Agent': 'python-requests/2.25.1', 'Accept-Encoding': 'gzip, deflate', 'accept': 'application/json', 'Connection': 'keep-alive', 'Content-Type': 'application/json', 'Content-Length': '47'} 
 body=b'{"email": "fulano@qa.com", "password": "teste"}' 
 </msg>
<msg time="2025-06-06T15:14:13.276656" level="INFO">POST Response : url=https://compassuol.serverest.dev/login 
 status=200, reason=OK 
 headers={'access-control-allow-origin': '*', 'x-dns-prefetch-control': 'off', 'x-frame-options': 'SAMEORIGIN', 'strict-transport-security': 'max-age=15552000; includeSubDomains', 'x-download-options': 'noopen', 'x-content-type-options': 'nosniff', 'x-xss-protection': '1; mode=block', 'content-type': 'application/json; charset=utf-8', 'x-cloud-trace-context': 'f6fedb61d7fecc71af3db1142be3dc36', 'date': 'Fri, 06 Jun 2025 18:14:14 GMT', 'server': 'Google Frontend', 'Content-Length': '265'} 
 body={
    "message": "Login realizado com sucesso",
    "authorization": "Bearer eyJhbGciOiJIUzI1NiIsInR5cCI6IkpXVCJ9.eyJlbWFpbCI6ImZ1bGFub0BxYS5jb20iLCJwYXNzd29yZCI6InRlc3RlIiwiaWF0IjoxNzQ5MjMzNjU0LCJleHAiOjE3NDkyMzQyNTR9.DBTvRAduaHWp7-m9Pqr3v3P7pPFFKEOU5OgFEsC_AQo"
} 
 </msg>
<msg time="2025-06-06T15:14:13.276903" level="INFO">${response} = &lt;Response [200]&gt;</msg>
<var>${response}</var>
<arg>url=${BASE_URL}/login</arg>
<arg>json=${body}</arg>
<arg>headers=${header}</arg>
<doc>Sends a POST request.</doc>
<status status="PASS" start="2025-06-06T15:14:12.870425" elapsed="0.406500"/>
</kw>
<kw name="Set Global Variable" owner="BuiltIn">
<msg time="2025-06-06T15:14:13.277321" level="INFO">${response} = &lt;Response [200]&gt;</msg>
<arg>${response}</arg>
<doc>Makes a variable available globally in all tests and suites.</doc>
<status status="PASS" start="2025-06-06T15:14:13.277093" elapsed="0.000260"/>
</kw>
<kw name="Log" owner="BuiltIn">
<msg time="2025-06-06T15:14:13.277771" level="INFO">Bearer eyJhbGciOiJIUzI1NiIsInR5cCI6IkpXVCJ9.eyJlbWFpbCI6ImZ1bGFub0BxYS5jb20iLCJwYXNzd29yZCI6InRlc3RlIiwiaWF0IjoxNzQ5MjMzNjU0LCJleHAiOjE3NDkyMzQyNTR9.DBTvRAduaHWp7-m9Pqr3v3P7pPFFKEOU5OgFEsC_AQo</msg>
<arg>${response.json()}[authorization]</arg>
<doc>Logs the given message with the given level.</doc>
<status status="PASS" start="2025-06-06T15:14:13.277426" elapsed="0.000378"/>
</kw>
<kw name="Set Variable" owner="BuiltIn">
<msg time="2025-06-06T15:14:13.278136" level="INFO">${token} = Bearer eyJhbGciOiJIUzI1NiIsInR5cCI6IkpXVCJ9.eyJlbWFpbCI6ImZ1bGFub0BxYS5jb20iLCJwYXNzd29yZCI6InRlc3RlIiwiaWF0IjoxNzQ5MjMzNjU0LCJleHAiOjE3NDkyMzQyNTR9.DBTvRAduaHWp7-m9Pqr3v3P7pPFFKEOU5OgFEsC_AQo</msg>
<var>${token}</var>
<arg>${response.json()}[authorization]</arg>
<doc>Returns the given values which can then be assigned to a variables.</doc>
<status status="PASS" start="2025-06-06T15:14:13.277876" elapsed="0.000277"/>
</kw>
<kw name="Set Global Variable" owner="BuiltIn">
<msg time="2025-06-06T15:14:13.278337" level="INFO">${token} = Bearer eyJhbGciOiJIUzI1NiIsInR5cCI6IkpXVCJ9.eyJlbWFpbCI6ImZ1bGFub0BxYS5jb20iLCJwYXNzd29yZCI6InRlc3RlIiwiaWF0IjoxNzQ5MjMzNjU0LCJleHAiOjE3NDkyMzQyNTR9.DBTvRAduaHWp7-m9Pqr3v3P7pPFFKEOU5OgFEsC_AQo</msg>
<arg>${token}</arg>
<doc>Makes a variable available globally in all tests and suites.</doc>
<status status="PASS" start="2025-06-06T15:14:13.278223" elapsed="0.000201"/>
</kw>
<return>
<value>${response}</value>
<status status="PASS" start="2025-06-06T15:14:13.278461" elapsed="0.000031"/>
</return>
<status status="PASS" start="2025-06-06T15:14:12.869710" elapsed="0.408860"/>
</kw>
<kw name="Criar sessão na Serverest" owner="resources_keywords">
<kw name="Create Dictionary" owner="BuiltIn">
<msg time="2025-06-06T15:14:13.279084" level="INFO">${headers} = {'accept': 'application/json', 'Content-Type': 'application/json', 'authorization': 'Bearer eyJhbGciOiJIUzI1NiIsInR5cCI6IkpXVCJ9.eyJlbWFpbCI6ImZ1bGFub0BxYS5jb20iLCJwYXNzd29yZCI6InRlc3RlIiwiaWF0IjoxNzQ...</msg>
<var>${headers}</var>
<arg>accept=application/json</arg>
<arg>Content-Type=application/json</arg>
<arg>authorization=${token}</arg>
<doc>Creates and returns a dictionary based on the given ``items``.</doc>
<status status="PASS" start="2025-06-06T15:14:13.278909" elapsed="0.000195"/>
</kw>
<kw name="Create Session" owner="RequestsLibrary">
<msg time="2025-06-06T15:14:13.279310" level="INFO">Creating Session using : alias=ServeRest, url=https://compassuol.serverest.dev, headers={'accept': 'application/json', 'Content-Type': 'application/json', 'authorization': 'Bearer eyJhbGciOiJIUzI1NiIsInR5cCI6IkpXVCJ9.eyJlbWFpbCI6ImZ1bGFub0BxYS5jb20iLCJwYXNzd29yZCI6InRlc3RlIiwiaWF0IjoxNzQ5MjMzNjU0LCJleHAiOjE3NDkyMzQyNTR9.DBTvRAduaHWp7-m9Pqr3v3P7pPFFKEOU5OgFEsC_AQo'},                     cookies={}, auth=None, timeout=None, proxies=None, verify=False,                     debug=0 </msg>
<arg>ServeRest</arg>
<arg>${BASE_URL}</arg>
<arg>${headers}</arg>
<doc>Create Session: create a HTTP session to a server</doc>
<status status="PASS" start="2025-06-06T15:14:13.279179" elapsed="0.000247"/>
</kw>
<kw name="Log" owner="BuiltIn">
<msg time="2025-06-06T15:14:13.279580" level="INFO">Bearer eyJhbGciOiJIUzI1NiIsInR5cCI6IkpXVCJ9.eyJlbWFpbCI6ImZ1bGFub0BxYS5jb20iLCJwYXNzd29yZCI6InRlc3RlIiwiaWF0IjoxNzQ5MjMzNjU0LCJleHAiOjE3NDkyMzQyNTR9.DBTvRAduaHWp7-m9Pqr3v3P7pPFFKEOU5OgFEsC_AQo</msg>
<arg>${headers}[authorization]</arg>
<doc>Logs the given message with the given level.</doc>
<status status="PASS" start="2025-06-06T15:14:13.279497" elapsed="0.000110"/>
</kw>
<status status="PASS" start="2025-06-06T15:14:13.278743" elapsed="0.000898"/>
</kw>
<kw name="POST Endpoint /produtos" owner="resources_keywords">
<kw name="Company" owner="FakerLibrary">
<msg time="2025-06-06T15:14:13.280504" level="INFO">${nome_produto} = Morris, Franklin and Mccoy</msg>
<var>${nome_produto}</var>
<doc>:example: 'Acme Ltd'</doc>
<status status="PASS" start="2025-06-06T15:14:13.279948" elapsed="0.000580"/>
</kw>
<kw name="Random Int" owner="FakerLibrary">
<msg time="2025-06-06T15:14:13.280823" level="INFO">${preco_produto} = 78</msg>
<var>${preco_produto}</var>
<arg>min=10</arg>
<arg>max=1000</arg>
<doc>Generate a random integer between two integers ``min`` and ``max`` inclusive
while observing the provided ``step`` value.</doc>
<status status="PASS" start="2025-06-06T15:14:13.280605" elapsed="0.000237"/>
</kw>
<kw name="Paragraph" owner="FakerLibrary">
<msg time="2025-06-06T15:14:13.281103" level="INFO">${descricao} = Surface discussion yourself common throughout shoulder.</msg>
<var>${descricao}</var>
<arg>nb_sentences=2</arg>
<doc>Generate a paragraph.</doc>
<status status="PASS" start="2025-06-06T15:14:13.280938" elapsed="0.000184"/>
</kw>
<kw name="Random Int" owner="FakerLibrary">
<msg time="2025-06-06T15:14:13.281317" level="INFO">${quantidade} = 63</msg>
<var>${quantidade}</var>
<arg>min=1</arg>
<arg>max=100</arg>
<doc>Generate a random integer between two integers ``min`` and ``max`` inclusive
while observing the provided ``step`` value.</doc>
<status status="PASS" start="2025-06-06T15:14:13.281191" elapsed="0.000143"/>
</kw>
<kw name="Create Dictionary" owner="BuiltIn">
<msg time="2025-06-06T15:14:13.281658" level="INFO">${body} = {'nome': 'Morris, Franklin and Mccoy', 'preco': 78, 'descricao': 'Surface discussion yourself common throughout shoulder.', 'quantidade': 63}</msg>
<var>${body}</var>
<arg>nome=${nome_produto}</arg>
<arg>preco=${preco_produto}</arg>
<arg>descricao=${descricao}</arg>
<arg>quantidade=${quantidade}</arg>
<doc>Creates and returns a dictionary based on the given ``items``.</doc>
<status status="PASS" start="2025-06-06T15:14:13.281412" elapsed="0.000263"/>
</kw>
<kw name="POST On Session" owner="RequestsLibrary">
<msg time="2025-06-06T15:14:13.704595" level="INFO">POST Request : url=https://compassuol.serverest.dev/produtos 
 path_url=/produtos 
 headers={'User-Agent': 'python-requests/2.25.1', 'Accept-Encoding': 'gzip, deflate', 'accept': 'application/json', 'Connection': 'keep-alive', 'Content-Type': 'application/json', 'authorization': 'Bearer eyJhbGciOiJIUzI1NiIsInR5cCI6IkpXVCJ9.eyJlbWFpbCI6ImZ1bGFub0BxYS5jb20iLCJwYXNzd29yZCI6InRlc3RlIiwiaWF0IjoxNzQ5MjMzNjU0LCJleHAiOjE3NDkyMzQyNTR9.DBTvRAduaHWp7-m9Pqr3v3P7pPFFKEOU5OgFEsC_AQo', 'Content-Length': '141'} 
 body=b'{"nome": "Morris, Franklin and Mccoy", "preco": 78, "descricao": "Surface discussion yourself common throughout shoulder.", "quantidade": 63}' 
 </msg>
<msg time="2025-06-06T15:14:13.704685" level="INFO">POST Response : url=https://compassuol.serverest.dev/produtos 
 status=201, reason=Created 
 headers={'access-control-allow-origin': '*', 'x-dns-prefetch-control': 'off', 'x-frame-options': 'SAMEORIGIN', 'strict-transport-security': 'max-age=15552000; includeSubDomains', 'x-download-options': 'noopen', 'x-content-type-options': 'nosniff', 'x-xss-protection': '1; mode=block', 'content-type': 'application/json; charset=utf-8', 'x-cloud-trace-context': '8a640db77e6a5929aba9cd25ad8f34c7', 'date': 'Fri, 06 Jun 2025 18:14:14 GMT', 'server': 'Google Frontend', 'Content-Length': '82'} 
 body={
    "message": "Cadastro realizado com sucesso",
    "_id": "jDZl7awpOrYJXwzJ"
} 
 </msg>
<msg time="2025-06-06T15:14:13.704741" level="INFO">/usr/lib/python3/dist-packages/urllib3/connectionpool.py:1020: InsecureRequestWarning: Unverified HTTPS request is being made to host 'compassuol.serverest.dev'. Adding certificate verification is strongly advised. See: https://urllib3.readthedocs.io/en/latest/advanced-usage.html#ssl-warnings
  warnings.warn(</msg>
<msg time="2025-06-06T15:14:13.704888" level="INFO">${response} = &lt;Response [201]&gt;</msg>
<var>${response}</var>
<arg>ServeRest</arg>
<arg>/produtos</arg>
<arg>json=${body}</arg>
<doc>Sends a POST request on a previously created HTTP Session.</doc>
<status status="PASS" start="2025-06-06T15:14:13.281747" elapsed="0.423169"/>
</kw>
<kw name="Log" owner="BuiltIn">
<msg time="2025-06-06T15:14:13.705463" level="INFO">Cadastro realizado com sucesso</msg>
<arg>${response.json()}[message]</arg>
<doc>Logs the given message with the given level.</doc>
<status status="PASS" start="2025-06-06T15:14:13.705104" elapsed="0.000391"/>
</kw>
<return>
<value>${response}</value>
<status status="PASS" start="2025-06-06T15:14:13.705530" elapsed="0.000031"/>
</return>
<msg time="2025-06-06T15:14:13.705662" level="INFO">${response_produto} = &lt;Response [201]&gt;</msg>
<var>${response_produto}</var>
<status status="PASS" start="2025-06-06T15:14:13.279799" elapsed="0.425883"/>
</kw>
<kw name="Set Variable" owner="BuiltIn">
<msg time="2025-06-06T15:14:13.706078" level="INFO">${id_produto} = jDZl7awpOrYJXwzJ</msg>
<var>${id_produto}</var>
<arg>${response_produto.json()}[_id]</arg>
<doc>Returns the given values which can then be assigned to a variables.</doc>
<status status="PASS" start="2025-06-06T15:14:13.705810" elapsed="0.000286"/>
</kw>
<kw name="DELETE Endpoint /carrinhos/cancelar-compra" owner="resources_keywords">
<kw name="DELETE On Session" owner="RequestsLibrary">
<msg time="2025-06-06T15:14:13.918058" level="INFO">DELETE Request : url=https://compassuol.serverest.dev/carrinhos/cancelar-compra 
 path_url=/carrinhos/cancelar-compra 
 headers={'User-Agent': 'python-requests/2.25.1', 'Accept-Encoding': 'gzip, deflate', 'accept': 'application/json', 'Connection': 'keep-alive', 'Content-Type': 'application/json', 'authorization': 'Bearer eyJhbGciOiJIUzI1NiIsInR5cCI6IkpXVCJ9.eyJlbWFpbCI6ImZ1bGFub0BxYS5jb20iLCJwYXNzd29yZCI6InRlc3RlIiwiaWF0IjoxNzQ5MjMzNjU0LCJleHAiOjE3NDkyMzQyNTR9.DBTvRAduaHWp7-m9Pqr3v3P7pPFFKEOU5OgFEsC_AQo', 'Content-Length': '0'} 
 body=None 
 </msg>
<msg time="2025-06-06T15:14:13.918215" level="INFO">DELETE Response : url=https://compassuol.serverest.dev/carrinhos/cancelar-compra 
 status=200, reason=OK 
 headers={'access-control-allow-origin': '*', 'x-dns-prefetch-control': 'off', 'x-frame-options': 'SAMEORIGIN', 'strict-transport-security': 'max-age=15552000; includeSubDomains', 'x-download-options': 'noopen', 'x-content-type-options': 'nosniff', 'x-xss-protection': '1; mode=block', 'content-type': 'application/json; charset=utf-8', 'x-cloud-trace-context': '8c9f46ec96ee8f09aba9cd25ad8f3fbc', 'date': 'Fri, 06 Jun 2025 18:14:15 GMT', 'server': 'Google Frontend', 'Content-Length': '68'} 
 body={
    "message": "Não foi encontrado carrinho para esse usuário"
} 
 </msg>
<msg time="2025-06-06T15:14:13.918273" level="INFO">/usr/lib/python3/dist-packages/urllib3/connectionpool.py:1020: InsecureRequestWarning: Unverified HTTPS request is being made to host 'compassuol.serverest.dev'. Adding certificate verification is strongly advised. See: https://urllib3.readthedocs.io/en/latest/advanced-usage.html#ssl-warnings
  warnings.warn(</msg>
<msg time="2025-06-06T15:14:13.918404" level="INFO">${response} = &lt;Response [200]&gt;</msg>
<var>${response}</var>
<arg>ServeRest</arg>
<arg>/carrinhos/cancelar-compra</arg>
<doc>Sends a DELETE request on a previously created HTTP Session.</doc>
<status status="PASS" start="2025-06-06T15:14:13.706409" elapsed="0.212018"/>
</kw>
<kw name="Log" owner="BuiltIn">
<msg time="2025-06-06T15:14:13.918951" level="INFO">Não foi encontrado carrinho para esse usuário</msg>
<arg>${response.json()}[message]</arg>
<doc>Logs the given message with the given level.</doc>
<status status="PASS" start="2025-06-06T15:14:13.918581" elapsed="0.000410"/>
</kw>
<return>
<value>${response}</value>
<status status="PASS" start="2025-06-06T15:14:13.919031" elapsed="0.000034"/>
</return>
<status status="PASS" start="2025-06-06T15:14:13.706250" elapsed="0.212898"/>
</kw>
<kw name="POST Endpoint /carrinhos" owner="resources_keywords">
<kw name="Random Int" owner="FakerLibrary">
<msg time="2025-06-06T15:14:13.919759" level="INFO">${quantidade} = 5</msg>
<var>${quantidade}</var>
<arg>min=1</arg>
<arg>max=5</arg>
<doc>Generate a random integer between two integers ``min`` and ``max`` inclusive
while observing the provided ``step`` value.</doc>
<status status="PASS" start="2025-06-06T15:14:13.919579" elapsed="0.000198"/>
</kw>
<kw name="Create Dictionary" owner="BuiltIn">
<msg time="2025-06-06T15:14:13.920219" level="INFO">${body} = {'produtos': []}</msg>
<var>${body}</var>
<arg>produtos=@{EMPTY}</arg>
<doc>Creates and returns a dictionary based on the given ``items``.</doc>
<status status="PASS" start="2025-06-06T15:14:13.919866" elapsed="0.000372"/>
</kw>
<kw name="Create Dictionary" owner="BuiltIn">
<msg time="2025-06-06T15:14:13.920467" level="INFO">${produto} = {'idProduto': 'jDZl7awpOrYJXwzJ', 'quantidade': 5}</msg>
<var>${produto}</var>
<arg>idProduto=${id_produto}</arg>
<arg>quantidade=${quantidade}</arg>
<doc>Creates and returns a dictionary based on the given ``items``.</doc>
<status status="PASS" start="2025-06-06T15:14:13.920311" elapsed="0.000173"/>
</kw>
<kw name="Append To List" owner="Collections">
<arg>${body.produtos}</arg>
<arg>${produto}</arg>
<doc>Adds ``values`` to the end of ``list``.</doc>
<status status="PASS" start="2025-06-06T15:14:13.920561" elapsed="0.000262"/>
</kw>
<kw name="POST On Session" owner="RequestsLibrary">
<msg time="2025-06-06T15:14:14.128822" level="INFO">POST Request : url=https://compassuol.serverest.dev/carrinhos 
 path_url=/carrinhos 
 headers={'User-Agent': 'python-requests/2.25.1', 'Accept-Encoding': 'gzip, deflate', 'accept': 'application/json', 'Connection': 'keep-alive', 'Content-Type': 'application/json', 'authorization': 'Bearer eyJhbGciOiJIUzI1NiIsInR5cCI6IkpXVCJ9.eyJlbWFpbCI6ImZ1bGFub0BxYS5jb20iLCJwYXNzd29yZCI6InRlc3RlIiwiaWF0IjoxNzQ5MjMzNjU0LCJleHAiOjE3NDkyMzQyNTR9.DBTvRAduaHWp7-m9Pqr3v3P7pPFFKEOU5OgFEsC_AQo', 'Content-Length': '66'} 
 body=b'{"produtos": [{"idProduto": "jDZl7awpOrYJXwzJ", "quantidade": 5}]}' 
 </msg>
<msg time="2025-06-06T15:14:14.128902" level="INFO">POST Response : url=https://compassuol.serverest.dev/carrinhos 
 status=201, reason=Created 
 headers={'access-control-allow-origin': '*', 'x-dns-prefetch-control': 'off', 'x-frame-options': 'SAMEORIGIN', 'strict-transport-security': 'max-age=15552000; includeSubDomains', 'x-download-options': 'noopen', 'x-content-type-options': 'nosniff', 'x-xss-protection': '1; mode=block', 'content-type': 'application/json; charset=utf-8', 'x-cloud-trace-context': '8f43cc5f0373e095aba9cd25ad8f37eb', 'date': 'Fri, 06 Jun 2025 18:14:15 GMT', 'server': 'Google Frontend', 'Content-Length': '82'} 
 body={
    "message": "Cadastro realizado com sucesso",
    "_id": "xzqY22tXdpUaVVtr"
} 
 </msg>
<msg time="2025-06-06T15:14:14.128966" level="INFO">/usr/lib/python3/dist-packages/urllib3/connectionpool.py:1020: InsecureRequestWarning: Unverified HTTPS request is being made to host 'compassuol.serverest.dev'. Adding certificate verification is strongly advised. See: https://urllib3.readthedocs.io/en/latest/advanced-usage.html#ssl-warnings
  warnings.warn(</msg>
<msg time="2025-06-06T15:14:14.129097" level="INFO">${response} = &lt;Response [201]&gt;</msg>
<var>${response}</var>
<arg>ServeRest</arg>
<arg>/carrinhos</arg>
<arg>json=${body}</arg>
<doc>Sends a POST request on a previously created HTTP Session.</doc>
<status status="PASS" start="2025-06-06T15:14:13.920892" elapsed="0.208228"/>
</kw>
<kw name="Log" owner="BuiltIn">
<msg time="2025-06-06T15:14:14.129610" level="INFO">Cadastro realizado com sucesso</msg>
<arg>${response.json()}[message]</arg>
<doc>Logs the given message with the given level.</doc>
<status status="PASS" start="2025-06-06T15:14:14.129269" elapsed="0.000373"/>
</kw>
<return>
<value>${response}</value>
<status status="PASS" start="2025-06-06T15:14:14.129676" elapsed="0.000029"/>
</return>
<msg time="2025-06-06T15:14:14.129799" level="INFO">${response} = &lt;Response [201]&gt;</msg>
<var>${response}</var>
<arg>${id_produto}</arg>
<status status="PASS" start="2025-06-06T15:14:13.919355" elapsed="0.210462"/>
</kw>
<kw name="Should Be Equal As Strings" owner="BuiltIn">
<msg time="2025-06-06T15:14:14.130200" level="INFO">Argument types are:
&lt;class 'int'&gt;
&lt;class 'str'&gt;</msg>
<arg>${response.status_code}</arg>
<arg>201</arg>
<doc>Fails if objects are unequal after converting them to strings.</doc>
<status status="PASS" start="2025-06-06T15:14:14.129944" elapsed="0.000293"/>
</kw>
<kw name="Should Be Equal As Strings" owner="BuiltIn">
<arg>${response.json()}[message]</arg>
<arg>Cadastro realizado com sucesso</arg>
<doc>Fails if objects are unequal after converting them to strings.</doc>
<status status="PASS" start="2025-06-06T15:14:14.130344" elapsed="0.000283"/>
</kw>
<status status="PASS" start="2025-06-06T15:14:12.869429" elapsed="1.261315"/>
</test>
<test id="s1-s2-t3" name="Cenário 03: Cancelar compra" line="25">
<kw name="POST Endpoint /login" owner="resources_keywords">
<kw name="Create Dictionary" owner="BuiltIn">
<msg time="2025-06-06T15:14:14.131556" level="INFO">${body} = {'email': 'fulano@qa.com', 'password': 'teste'}</msg>
<var>${body}</var>
<arg>email=${email}</arg>
<arg>password=${password}</arg>
<doc>Creates and returns a dictionary based on the given ``items``.</doc>
<status status="PASS" start="2025-06-06T15:14:14.131386" elapsed="0.000190"/>
</kw>
<kw name="Create Dictionary" owner="BuiltIn">
<msg time="2025-06-06T15:14:14.131750" level="INFO">${header} = {'accept': 'application/json', 'Content-Type': 'application/json'}</msg>
<var>${header}</var>
<arg>accept=application/json</arg>
<arg>Content-Type=application/json</arg>
<doc>Creates and returns a dictionary based on the given ``items``.</doc>
<status status="PASS" start="2025-06-06T15:14:14.131648" elapsed="0.000171"/>
</kw>
<kw name="POST" owner="RequestsLibrary">
<msg time="2025-06-06T15:14:14.557282" level="INFO">POST Request : url=https://compassuol.serverest.dev/login 
 path_url=/login 
 headers={'User-Agent': 'python-requests/2.25.1', 'Accept-Encoding': 'gzip, deflate', 'accept': 'application/json', 'Connection': 'keep-alive', 'Content-Type': 'application/json', 'Content-Length': '47'} 
 body=b'{"email": "fulano@qa.com", "password": "teste"}' 
 </msg>
<msg time="2025-06-06T15:14:14.557390" level="INFO">POST Response : url=https://compassuol.serverest.dev/login 
 status=200, reason=OK 
 headers={'access-control-allow-origin': '*', 'x-dns-prefetch-control': 'off', 'x-frame-options': 'SAMEORIGIN', 'strict-transport-security': 'max-age=15552000; includeSubDomains', 'x-download-options': 'noopen', 'x-content-type-options': 'nosniff', 'x-xss-protection': '1; mode=block', 'content-type': 'application/json; charset=utf-8', 'x-cloud-trace-context': '4ba4fc877f71a4c1b21c6b13933af080', 'date': 'Fri, 06 Jun 2025 18:14:15 GMT', 'server': 'Google Frontend', 'Content-Length': '265'} 
 body={
    "message": "Login realizado com sucesso",
    "authorization": "Bearer eyJhbGciOiJIUzI1NiIsInR5cCI6IkpXVCJ9.eyJlbWFpbCI6ImZ1bGFub0BxYS5jb20iLCJwYXNzd29yZCI6InRlc3RlIiwiaWF0IjoxNzQ5MjMzNjU1LCJleHAiOjE3NDkyMzQyNTV9.SvKwKZV1KpSnmtFW3WDyxOG38hcOHt00i8jYWKpmowo"
} 
 </msg>
<msg time="2025-06-06T15:14:14.557766" level="INFO">${response} = &lt;Response [200]&gt;</msg>
<var>${response}</var>
<arg>url=${BASE_URL}/login</arg>
<arg>json=${body}</arg>
<arg>headers=${header}</arg>
<doc>Sends a POST request.</doc>
<status status="PASS" start="2025-06-06T15:14:14.131901" elapsed="0.425895"/>
</kw>
<kw name="Set Global Variable" owner="BuiltIn">
<msg time="2025-06-06T15:14:14.558182" level="INFO">${response} = &lt;Response [200]&gt;</msg>
<arg>${response}</arg>
<doc>Makes a variable available globally in all tests and suites.</doc>
<status status="PASS" start="2025-06-06T15:14:14.557965" elapsed="0.000251"/>
</kw>
<kw name="Log" owner="BuiltIn">
<msg time="2025-06-06T15:14:14.558607" level="INFO">Bearer eyJhbGciOiJIUzI1NiIsInR5cCI6IkpXVCJ9.eyJlbWFpbCI6ImZ1bGFub0BxYS5jb20iLCJwYXNzd29yZCI6InRlc3RlIiwiaWF0IjoxNzQ5MjMzNjU1LCJleHAiOjE3NDkyMzQyNTV9.SvKwKZV1KpSnmtFW3WDyxOG38hcOHt00i8jYWKpmowo</msg>
<arg>${response.json()}[authorization]</arg>
<doc>Logs the given message with the given level.</doc>
<status status="PASS" start="2025-06-06T15:14:14.558291" elapsed="0.000350"/>
</kw>
<kw name="Set Variable" owner="BuiltIn">
<msg time="2025-06-06T15:14:14.558971" level="INFO">${token} = Bearer eyJhbGciOiJIUzI1NiIsInR5cCI6IkpXVCJ9.eyJlbWFpbCI6ImZ1bGFub0BxYS5jb20iLCJwYXNzd29yZCI6InRlc3RlIiwiaWF0IjoxNzQ5MjMzNjU1LCJleHAiOjE3NDkyMzQyNTV9.SvKwKZV1KpSnmtFW3WDyxOG38hcOHt00i8jYWKpmowo</msg>
<var>${token}</var>
<arg>${response.json()}[authorization]</arg>
<doc>Returns the given values which can then be assigned to a variables.</doc>
<status status="PASS" start="2025-06-06T15:14:14.558712" elapsed="0.000277"/>
</kw>
<kw name="Set Global Variable" owner="BuiltIn">
<msg time="2025-06-06T15:14:14.559188" level="INFO">${token} = Bearer eyJhbGciOiJIUzI1NiIsInR5cCI6IkpXVCJ9.eyJlbWFpbCI6ImZ1bGFub0BxYS5jb20iLCJwYXNzd29yZCI6InRlc3RlIiwiaWF0IjoxNzQ5MjMzNjU1LCJleHAiOjE3NDkyMzQyNTV9.SvKwKZV1KpSnmtFW3WDyxOG38hcOHt00i8jYWKpmowo</msg>
<arg>${token}</arg>
<doc>Makes a variable available globally in all tests and suites.</doc>
<status status="PASS" start="2025-06-06T15:14:14.559057" elapsed="0.000160"/>
</kw>
<return>
<value>${response}</value>
<status status="PASS" start="2025-06-06T15:14:14.559249" elapsed="0.000030"/>
</return>
<status status="PASS" start="2025-06-06T15:14:14.131202" elapsed="0.428148"/>
</kw>
<kw name="Criar sessão na Serverest" owner="resources_keywords">
<kw name="Create Dictionary" owner="BuiltIn">
<msg time="2025-06-06T15:14:14.559881" level="INFO">${headers} = {'accept': 'application/json', 'Content-Type': 'application/json', 'authorization': 'Bearer eyJhbGciOiJIUzI1NiIsInR5cCI6IkpXVCJ9.eyJlbWFpbCI6ImZ1bGFub0BxYS5jb20iLCJwYXNzd29yZCI6InRlc3RlIiwiaWF0IjoxNzQ...</msg>
<var>${headers}</var>
<arg>accept=application/json</arg>
<arg>Content-Type=application/json</arg>
<arg>authorization=${token}</arg>
<doc>Creates and returns a dictionary based on the given ``items``.</doc>
<status status="PASS" start="2025-06-06T15:14:14.559726" elapsed="0.000173"/>
</kw>
<kw name="Create Session" owner="RequestsLibrary">
<msg time="2025-06-06T15:14:14.560113" level="INFO">Creating Session using : alias=ServeRest, url=https://compassuol.serverest.dev, headers={'accept': 'application/json', 'Content-Type': 'application/json', 'authorization': 'Bearer eyJhbGciOiJIUzI1NiIsInR5cCI6IkpXVCJ9.eyJlbWFpbCI6ImZ1bGFub0BxYS5jb20iLCJwYXNzd29yZCI6InRlc3RlIiwiaWF0IjoxNzQ5MjMzNjU1LCJleHAiOjE3NDkyMzQyNTV9.SvKwKZV1KpSnmtFW3WDyxOG38hcOHt00i8jYWKpmowo'},                     cookies={}, auth=None, timeout=None, proxies=None, verify=False,                     debug=0 </msg>
<arg>ServeRest</arg>
<arg>${BASE_URL}</arg>
<arg>${headers}</arg>
<doc>Create Session: create a HTTP session to a server</doc>
<status status="PASS" start="2025-06-06T15:14:14.559970" elapsed="0.000266"/>
</kw>
<kw name="Log" owner="BuiltIn">
<msg time="2025-06-06T15:14:14.560391" level="INFO">Bearer eyJhbGciOiJIUzI1NiIsInR5cCI6IkpXVCJ9.eyJlbWFpbCI6ImZ1bGFub0BxYS5jb20iLCJwYXNzd29yZCI6InRlc3RlIiwiaWF0IjoxNzQ5MjMzNjU1LCJleHAiOjE3NDkyMzQyNTV9.SvKwKZV1KpSnmtFW3WDyxOG38hcOHt00i8jYWKpmowo</msg>
<arg>${headers}[authorization]</arg>
<doc>Logs the given message with the given level.</doc>
<status status="PASS" start="2025-06-06T15:14:14.560307" elapsed="0.000111"/>
</kw>
<status status="PASS" start="2025-06-06T15:14:14.559548" elapsed="0.000903"/>
</kw>
<kw name="DELETE Endpoint /carrinhos/cancelar-compra" owner="resources_keywords">
<kw name="DELETE On Session" owner="RequestsLibrary">
<msg time="2025-06-06T15:14:14.994709" level="INFO">DELETE Request : url=https://compassuol.serverest.dev/carrinhos/cancelar-compra 
 path_url=/carrinhos/cancelar-compra 
 headers={'User-Agent': 'python-requests/2.25.1', 'Accept-Encoding': 'gzip, deflate', 'accept': 'application/json', 'Connection': 'keep-alive', 'Content-Type': 'application/json', 'authorization': 'Bearer eyJhbGciOiJIUzI1NiIsInR5cCI6IkpXVCJ9.eyJlbWFpbCI6ImZ1bGFub0BxYS5jb20iLCJwYXNzd29yZCI6InRlc3RlIiwiaWF0IjoxNzQ5MjMzNjU1LCJleHAiOjE3NDkyMzQyNTV9.SvKwKZV1KpSnmtFW3WDyxOG38hcOHt00i8jYWKpmowo', 'Content-Length': '0'} 
 body=None 
 </msg>
<msg time="2025-06-06T15:14:14.994804" level="INFO">DELETE Response : url=https://compassuol.serverest.dev/carrinhos/cancelar-compra 
 status=200, reason=OK 
 headers={'access-control-allow-origin': '*', 'x-dns-prefetch-control': 'off', 'x-frame-options': 'SAMEORIGIN', 'strict-transport-security': 'max-age=15552000; includeSubDomains', 'x-download-options': 'noopen', 'x-content-type-options': 'nosniff', 'x-xss-protection': '1; mode=block', 'content-type': 'application/json; charset=utf-8', 'x-cloud-trace-context': '64f69c99aebac9867a9b07fd4757964a', 'date': 'Fri, 06 Jun 2025 18:14:16 GMT', 'server': 'Google Frontend', 'Content-Length': '86'} 
 body={
    "message": "Registro excluído com sucesso. Estoque dos produtos reabastecido"
} 
 </msg>
<msg time="2025-06-06T15:14:14.994861" level="INFO">/usr/lib/python3/dist-packages/urllib3/connectionpool.py:1020: InsecureRequestWarning: Unverified HTTPS request is being made to host 'compassuol.serverest.dev'. Adding certificate verification is strongly advised. See: https://urllib3.readthedocs.io/en/latest/advanced-usage.html#ssl-warnings
  warnings.warn(</msg>
<msg time="2025-06-06T15:14:14.995006" level="INFO">${response} = &lt;Response [200]&gt;</msg>
<var>${response}</var>
<arg>ServeRest</arg>
<arg>/carrinhos/cancelar-compra</arg>
<doc>Sends a DELETE request on a previously created HTTP Session.</doc>
<status status="PASS" start="2025-06-06T15:14:14.560728" elapsed="0.434301"/>
</kw>
<kw name="Log" owner="BuiltIn">
<msg time="2025-06-06T15:14:14.995588" level="INFO">Registro excluído com sucesso. Estoque dos produtos reabastecido</msg>
<arg>${response.json()}[message]</arg>
<doc>Logs the given message with the given level.</doc>
<status status="PASS" start="2025-06-06T15:14:14.995235" elapsed="0.000389"/>
</kw>
<return>
<value>${response}</value>
<status status="PASS" start="2025-06-06T15:14:14.995660" elapsed="0.000030"/>
</return>
<msg time="2025-06-06T15:14:14.995786" level="INFO">${response} = &lt;Response [200]&gt;</msg>
<var>${response}</var>
<status status="PASS" start="2025-06-06T15:14:14.560585" elapsed="0.435217"/>
</kw>
<kw name="Should Be Equal As Strings" owner="BuiltIn">
<msg time="2025-06-06T15:14:14.996162" level="INFO">Argument types are:
&lt;class 'int'&gt;
&lt;class 'str'&gt;</msg>
<arg>${response.status_code}</arg>
<arg>200</arg>
<doc>Fails if objects are unequal after converting them to strings.</doc>
<status status="PASS" start="2025-06-06T15:14:14.995926" elapsed="0.000273"/>
</kw>
<kw name="Should Be Equal As Strings" owner="BuiltIn">
<arg>${response.json()}[message]</arg>
<arg>Registro excluído com sucesso. Estoque dos produtos reabastecido</arg>
<doc>Fails if objects are unequal after converting them to strings.</doc>
<status status="PASS" start="2025-06-06T15:14:14.996307" elapsed="0.000282"/>
</kw>
<status status="PASS" start="2025-06-06T15:14:14.130926" elapsed="0.865784"/>
</test>
<test id="s1-s2-t4" name="Cenário 04: Concluir compra" line="32">
<kw name="POST Endpoint /login" owner="resources_keywords">
<kw name="Create Dictionary" owner="BuiltIn">
<msg time="2025-06-06T15:14:14.997753" level="INFO">${body} = {'email': 'fulano@qa.com', 'password': 'teste'}</msg>
<var>${body}</var>
<arg>email=${email}</arg>
<arg>password=${password}</arg>
<doc>Creates and returns a dictionary based on the given ``items``.</doc>
<status status="PASS" start="2025-06-06T15:14:14.997409" elapsed="0.000364"/>
</kw>
<kw name="Create Dictionary" owner="BuiltIn">
<msg time="2025-06-06T15:14:14.997957" level="INFO">${header} = {'accept': 'application/json', 'Content-Type': 'application/json'}</msg>
<var>${header}</var>
<arg>accept=application/json</arg>
<arg>Content-Type=application/json</arg>
<doc>Creates and returns a dictionary based on the given ``items``.</doc>
<status status="PASS" start="2025-06-06T15:14:14.997852" elapsed="0.000122"/>
</kw>
<kw name="POST" owner="RequestsLibrary">
<msg time="2025-06-06T15:14:15.441399" level="INFO">POST Request : url=https://compassuol.serverest.dev/login 
 path_url=/login 
 headers={'User-Agent': 'python-requests/2.25.1', 'Accept-Encoding': 'gzip, deflate', 'accept': 'application/json', 'Connection': 'keep-alive', 'Content-Type': 'application/json', 'Content-Length': '47'} 
 body=b'{"email": "fulano@qa.com", "password": "teste"}' 
 </msg>
<msg time="2025-06-06T15:14:15.441660" level="INFO">POST Response : url=https://compassuol.serverest.dev/login 
 status=200, reason=OK 
 headers={'access-control-allow-origin': '*', 'x-dns-prefetch-control': 'off', 'x-frame-options': 'SAMEORIGIN', 'strict-transport-security': 'max-age=15552000; includeSubDomains', 'x-download-options': 'noopen', 'x-content-type-options': 'nosniff', 'x-xss-protection': '1; mode=block', 'content-type': 'application/json; charset=utf-8', 'x-cloud-trace-context': '16cdc25035689f06ea500e762f6a2231', 'date': 'Fri, 06 Jun 2025 18:14:16 GMT', 'server': 'Google Frontend', 'Content-Length': '265'} 
 body={
    "message": "Login realizado com sucesso",
    "authorization": "Bearer eyJhbGciOiJIUzI1NiIsInR5cCI6IkpXVCJ9.eyJlbWFpbCI6ImZ1bGFub0BxYS5jb20iLCJwYXNzd29yZCI6InRlc3RlIiwiaWF0IjoxNzQ5MjMzNjU2LCJleHAiOjE3NDkyMzQyNTZ9.Rmu8OZDf73aa09CPr_7CebEUKi_kmqRXfW6rzb9yZW8"
} 
 </msg>
<msg time="2025-06-06T15:14:15.441809" level="INFO">${response} = &lt;Response [200]&gt;</msg>
<var>${response}</var>
<arg>url=${BASE_URL}/login</arg>
<arg>json=${body}</arg>
<arg>headers=${header}</arg>
<doc>Sends a POST request.</doc>
<status status="PASS" start="2025-06-06T15:14:14.998042" elapsed="0.443809"/>
</kw>
<kw name="Set Global Variable" owner="BuiltIn">
<msg time="2025-06-06T15:14:15.442258" level="INFO">${response} = &lt;Response [200]&gt;</msg>
<arg>${response}</arg>
<doc>Makes a variable available globally in all tests and suites.</doc>
<status status="PASS" start="2025-06-06T15:14:15.442037" elapsed="0.000254"/>
</kw>
<kw name="Log" owner="BuiltIn">
<msg time="2025-06-06T15:14:15.442696" level="INFO">Bearer eyJhbGciOiJIUzI1NiIsInR5cCI6IkpXVCJ9.eyJlbWFpbCI6ImZ1bGFub0BxYS5jb20iLCJwYXNzd29yZCI6InRlc3RlIiwiaWF0IjoxNzQ5MjMzNjU2LCJleHAiOjE3NDkyMzQyNTZ9.Rmu8OZDf73aa09CPr_7CebEUKi_kmqRXfW6rzb9yZW8</msg>
<arg>${response.json()}[authorization]</arg>
<doc>Logs the given message with the given level.</doc>
<status status="PASS" start="2025-06-06T15:14:15.442376" elapsed="0.000353"/>
</kw>
<kw name="Set Variable" owner="BuiltIn">
<msg time="2025-06-06T15:14:15.443065" level="INFO">${token} = Bearer eyJhbGciOiJIUzI1NiIsInR5cCI6IkpXVCJ9.eyJlbWFpbCI6ImZ1bGFub0BxYS5jb20iLCJwYXNzd29yZCI6InRlc3RlIiwiaWF0IjoxNzQ5MjMzNjU2LCJleHAiOjE3NDkyMzQyNTZ9.Rmu8OZDf73aa09CPr_7CebEUKi_kmqRXfW6rzb9yZW8</msg>
<var>${token}</var>
<arg>${response.json()}[authorization]</arg>
<doc>Returns the given values which can then be assigned to a variables.</doc>
<status status="PASS" start="2025-06-06T15:14:15.442799" elapsed="0.000284"/>
</kw>
<kw name="Set Global Variable" owner="BuiltIn">
<msg time="2025-06-06T15:14:15.443270" level="INFO">${token} = Bearer eyJhbGciOiJIUzI1NiIsInR5cCI6IkpXVCJ9.eyJlbWFpbCI6ImZ1bGFub0BxYS5jb20iLCJwYXNzd29yZCI6InRlc3RlIiwiaWF0IjoxNzQ5MjMzNjU2LCJleHAiOjE3NDkyMzQyNTZ9.Rmu8OZDf73aa09CPr_7CebEUKi_kmqRXfW6rzb9yZW8</msg>
<arg>${token}</arg>
<doc>Makes a variable available globally in all tests and suites.</doc>
<status status="PASS" start="2025-06-06T15:14:15.443154" elapsed="0.000141"/>
</kw>
<return>
<value>${response}</value>
<status status="PASS" start="2025-06-06T15:14:15.443327" elapsed="0.000030"/>
</return>
<status status="PASS" start="2025-06-06T15:14:14.997193" elapsed="0.446239"/>
</kw>
<kw name="Criar sessão na Serverest" owner="resources_keywords">
<kw name="Create Dictionary" owner="BuiltIn">
<msg time="2025-06-06T15:14:15.443950" level="INFO">${headers} = {'accept': 'application/json', 'Content-Type': 'application/json', 'authorization': 'Bearer eyJhbGciOiJIUzI1NiIsInR5cCI6IkpXVCJ9.eyJlbWFpbCI6ImZ1bGFub0BxYS5jb20iLCJwYXNzd29yZCI6InRlc3RlIiwiaWF0IjoxNzQ...</msg>
<var>${headers}</var>
<arg>accept=application/json</arg>
<arg>Content-Type=application/json</arg>
<arg>authorization=${token}</arg>
<doc>Creates and returns a dictionary based on the given ``items``.</doc>
<status status="PASS" start="2025-06-06T15:14:15.443795" elapsed="0.000174"/>
</kw>
<kw name="Create Session" owner="RequestsLibrary">
<msg time="2025-06-06T15:14:15.444169" level="INFO">Creating Session using : alias=ServeRest, url=https://compassuol.serverest.dev, headers={'accept': 'application/json', 'Content-Type': 'application/json', 'authorization': 'Bearer eyJhbGciOiJIUzI1NiIsInR5cCI6IkpXVCJ9.eyJlbWFpbCI6ImZ1bGFub0BxYS5jb20iLCJwYXNzd29yZCI6InRlc3RlIiwiaWF0IjoxNzQ5MjMzNjU2LCJleHAiOjE3NDkyMzQyNTZ9.Rmu8OZDf73aa09CPr_7CebEUKi_kmqRXfW6rzb9yZW8'},                     cookies={}, auth=None, timeout=None, proxies=None, verify=False,                     debug=0 </msg>
<arg>ServeRest</arg>
<arg>${BASE_URL}</arg>
<arg>${headers}</arg>
<doc>Create Session: create a HTTP session to a server</doc>
<status status="PASS" start="2025-06-06T15:14:15.444040" elapsed="0.000250"/>
</kw>
<kw name="Log" owner="BuiltIn">
<msg time="2025-06-06T15:14:15.444454" level="INFO">Bearer eyJhbGciOiJIUzI1NiIsInR5cCI6IkpXVCJ9.eyJlbWFpbCI6ImZ1bGFub0BxYS5jb20iLCJwYXNzd29yZCI6InRlc3RlIiwiaWF0IjoxNzQ5MjMzNjU2LCJleHAiOjE3NDkyMzQyNTZ9.Rmu8OZDf73aa09CPr_7CebEUKi_kmqRXfW6rzb9yZW8</msg>
<arg>${headers}[authorization]</arg>
<doc>Logs the given message with the given level.</doc>
<status status="PASS" start="2025-06-06T15:14:15.444366" elapsed="0.000115"/>
</kw>
<status status="PASS" start="2025-06-06T15:14:15.443609" elapsed="0.000942"/>
</kw>
<kw name="POST Endpoint /produtos" owner="resources_keywords">
<kw name="Company" owner="FakerLibrary">
<msg time="2025-06-06T15:14:15.445201" level="INFO">${nome_produto} = Schaefer, Martin and Ingram</msg>
<var>${nome_produto}</var>
<doc>:example: 'Acme Ltd'</doc>
<status status="PASS" start="2025-06-06T15:14:15.444910" elapsed="0.000310"/>
</kw>
<kw name="Random Int" owner="FakerLibrary">
<msg time="2025-06-06T15:14:15.445449" level="INFO">${preco_produto} = 355</msg>
<var>${preco_produto}</var>
<arg>min=10</arg>
<arg>max=1000</arg>
<doc>Generate a random integer between two integers ``min`` and ``max`` inclusive
while observing the provided ``step`` value.</doc>
<status status="PASS" start="2025-06-06T15:14:15.445295" elapsed="0.000170"/>
</kw>
<kw name="Paragraph" owner="FakerLibrary">
<msg time="2025-06-06T15:14:15.445713" level="INFO">${descricao} = World machine imagine possible cut. Town war thought gas treatment product section week.</msg>
<var>${descricao}</var>
<arg>nb_sentences=2</arg>
<doc>Generate a paragraph.</doc>
<status status="PASS" start="2025-06-06T15:14:15.445551" elapsed="0.000180"/>
</kw>
<kw name="Random Int" owner="FakerLibrary">
<msg time="2025-06-06T15:14:15.445919" level="INFO">${quantidade} = 64</msg>
<var>${quantidade}</var>
<arg>min=1</arg>
<arg>max=100</arg>
<doc>Generate a random integer between two integers ``min`` and ``max`` inclusive
while observing the provided ``step`` value.</doc>
<status status="PASS" start="2025-06-06T15:14:15.445796" elapsed="0.000139"/>
</kw>
<kw name="Create Dictionary" owner="BuiltIn">
<msg time="2025-06-06T15:14:15.446225" level="INFO">${body} = {'nome': 'Schaefer, Martin and Ingram', 'preco': 355, 'descricao': 'World machine imagine possible cut. Town war thought gas treatment product section week.', 'quantidade': 64}</msg>
<var>${body}</var>
<arg>nome=${nome_produto}</arg>
<arg>preco=${preco_produto}</arg>
<arg>descricao=${descricao}</arg>
<arg>quantidade=${quantidade}</arg>
<doc>Creates and returns a dictionary based on the given ``items``.</doc>
<status status="PASS" start="2025-06-06T15:14:15.446011" elapsed="0.000231"/>
</kw>
<kw name="POST On Session" owner="RequestsLibrary">
<msg time="2025-06-06T15:14:15.837305" level="INFO">POST Request : url=https://compassuol.serverest.dev/produtos 
 path_url=/produtos 
 headers={'User-Agent': 'python-requests/2.25.1', 'Accept-Encoding': 'gzip, deflate', 'accept': 'application/json', 'Connection': 'keep-alive', 'Content-Type': 'application/json', 'authorization': 'Bearer eyJhbGciOiJIUzI1NiIsInR5cCI6IkpXVCJ9.eyJlbWFpbCI6ImZ1bGFub0BxYS5jb20iLCJwYXNzd29yZCI6InRlc3RlIiwiaWF0IjoxNzQ5MjMzNjU2LCJleHAiOjE3NDkyMzQyNTZ9.Rmu8OZDf73aa09CPr_7CebEUKi_kmqRXfW6rzb9yZW8', 'Content-Length': '176'} 
 body=b'{"nome": "Schaefer, Martin and Ingram", "preco": 355, "descricao": "World machine imagine possible cut. Town war thought gas treatment product section week.", "quantidade": 64}' 
 </msg>
<msg time="2025-06-06T15:14:15.837395" level="INFO">POST Response : url=https://compassuol.serverest.dev/produtos 
 status=201, reason=Created 
 headers={'access-control-allow-origin': '*', 'x-dns-prefetch-control': 'off', 'x-frame-options': 'SAMEORIGIN', 'strict-transport-security': 'max-age=15552000; includeSubDomains', 'x-download-options': 'noopen', 'x-content-type-options': 'nosniff', 'x-xss-protection': '1; mode=block', 'content-type': 'application/json; charset=utf-8', 'x-cloud-trace-context': '8dc47c4a1fae44e8be911db9c480770f', 'date': 'Fri, 06 Jun 2025 18:14:17 GMT', 'server': 'Google Frontend', 'Content-Length': '82'} 
 body={
    "message": "Cadastro realizado com sucesso",
    "_id": "8dL3coCr2HEqJ7qQ"
} 
 </msg>
<msg time="2025-06-06T15:14:15.837451" level="INFO">/usr/lib/python3/dist-packages/urllib3/connectionpool.py:1020: InsecureRequestWarning: Unverified HTTPS request is being made to host 'compassuol.serverest.dev'. Adding certificate verification is strongly advised. See: https://urllib3.readthedocs.io/en/latest/advanced-usage.html#ssl-warnings
  warnings.warn(</msg>
<msg time="2025-06-06T15:14:15.837597" level="INFO">${response} = &lt;Response [201]&gt;</msg>
<var>${response}</var>
<arg>ServeRest</arg>
<arg>/produtos</arg>
<arg>json=${body}</arg>
<doc>Sends a POST request on a previously created HTTP Session.</doc>
<status status="PASS" start="2025-06-06T15:14:15.446312" elapsed="0.391313"/>
</kw>
<kw name="Log" owner="BuiltIn">
<msg time="2025-06-06T15:14:15.838198" level="INFO">Cadastro realizado com sucesso</msg>
<arg>${response.json()}[message]</arg>
<doc>Logs the given message with the given level.</doc>
<status status="PASS" start="2025-06-06T15:14:15.837793" elapsed="0.000438"/>
</kw>
<return>
<value>${response}</value>
<status status="PASS" start="2025-06-06T15:14:15.838264" elapsed="0.000029"/>
</return>
<msg time="2025-06-06T15:14:15.838407" level="INFO">${response_produto} = &lt;Response [201]&gt;</msg>
<var>${response_produto}</var>
<status status="PASS" start="2025-06-06T15:14:15.444759" elapsed="0.393671"/>
</kw>
<kw name="Set Variable" owner="BuiltIn">
<msg time="2025-06-06T15:14:15.838822" level="INFO">${id_produto} = 8dL3coCr2HEqJ7qQ</msg>
<var>${id_produto}</var>
<arg>${response_produto.json()}[_id]</arg>
<doc>Returns the given values which can then be assigned to a variables.</doc>
<status status="PASS" start="2025-06-06T15:14:15.838554" elapsed="0.000285"/>
</kw>
<kw name="POST Endpoint /carrinhos" owner="resources_keywords">
<kw name="Random Int" owner="FakerLibrary">
<msg time="2025-06-06T15:14:15.839368" level="INFO">${quantidade} = 3</msg>
<var>${quantidade}</var>
<arg>min=1</arg>
<arg>max=5</arg>
<doc>Generate a random integer between two integers ``min`` and ``max`` inclusive
while observing the provided ``step`` value.</doc>
<status status="PASS" start="2025-06-06T15:14:15.839194" elapsed="0.000193"/>
</kw>
<kw name="Create Dictionary" owner="BuiltIn">
<msg time="2025-06-06T15:14:15.839747" level="INFO">${body} = {'produtos': []}</msg>
<var>${body}</var>
<arg>produtos=@{EMPTY}</arg>
<doc>Creates and returns a dictionary based on the given ``items``.</doc>
<status status="PASS" start="2025-06-06T15:14:15.839464" elapsed="0.000300"/>
</kw>
<kw name="Create Dictionary" owner="BuiltIn">
<msg time="2025-06-06T15:14:15.840006" level="INFO">${produto} = {'idProduto': '8dL3coCr2HEqJ7qQ', 'quantidade': 3}</msg>
<var>${produto}</var>
<arg>idProduto=${id_produto}</arg>
<arg>quantidade=${quantidade}</arg>
<doc>Creates and returns a dictionary based on the given ``items``.</doc>
<status status="PASS" start="2025-06-06T15:14:15.839850" elapsed="0.000176"/>
</kw>
<kw name="Append To List" owner="Collections">
<arg>${body.produtos}</arg>
<arg>${produto}</arg>
<doc>Adds ``values`` to the end of ``list``.</doc>
<status status="PASS" start="2025-06-06T15:14:15.840106" elapsed="0.000277"/>
</kw>
<kw name="POST On Session" owner="RequestsLibrary">
<msg time="2025-06-06T15:14:16.027662" level="INFO">POST Request : url=https://compassuol.serverest.dev/carrinhos 
 path_url=/carrinhos 
 headers={'User-Agent': 'python-requests/2.25.1', 'Accept-Encoding': 'gzip, deflate', 'accept': 'application/json', 'Connection': 'keep-alive', 'Content-Type': 'application/json', 'authorization': 'Bearer eyJhbGciOiJIUzI1NiIsInR5cCI6IkpXVCJ9.eyJlbWFpbCI6ImZ1bGFub0BxYS5jb20iLCJwYXNzd29yZCI6InRlc3RlIiwiaWF0IjoxNzQ5MjMzNjU2LCJleHAiOjE3NDkyMzQyNTZ9.Rmu8OZDf73aa09CPr_7CebEUKi_kmqRXfW6rzb9yZW8', 'Content-Length': '66'} 
 body=b'{"produtos": [{"idProduto": "8dL3coCr2HEqJ7qQ", "quantidade": 3}]}' 
 </msg>
<msg time="2025-06-06T15:14:16.027746" level="INFO">POST Response : url=https://compassuol.serverest.dev/carrinhos 
 status=201, reason=Created 
 headers={'access-control-allow-origin': '*', 'x-dns-prefetch-control': 'off', 'x-frame-options': 'SAMEORIGIN', 'strict-transport-security': 'max-age=15552000; includeSubDomains', 'x-download-options': 'noopen', 'x-content-type-options': 'nosniff', 'x-xss-protection': '1; mode=block', 'content-type': 'application/json; charset=utf-8', 'x-cloud-trace-context': '9500e76b582d6c78be911db9c4807007', 'date': 'Fri, 06 Jun 2025 18:14:17 GMT', 'server': 'Google Frontend', 'Content-Length': '82'} 
 body={
    "message": "Cadastro realizado com sucesso",
    "_id": "BshOcc4rLzTw1FAy"
} 
 </msg>
<msg time="2025-06-06T15:14:16.027884" level="INFO">/usr/lib/python3/dist-packages/urllib3/connectionpool.py:1020: InsecureRequestWarning: Unverified HTTPS request is being made to host 'compassuol.serverest.dev'. Adding certificate verification is strongly advised. See: https://urllib3.readthedocs.io/en/latest/advanced-usage.html#ssl-warnings
  warnings.warn(</msg>
<msg time="2025-06-06T15:14:16.028022" level="INFO">${response} = &lt;Response [201]&gt;</msg>
<var>${response}</var>
<arg>ServeRest</arg>
<arg>/carrinhos</arg>
<arg>json=${body}</arg>
<doc>Sends a POST request on a previously created HTTP Session.</doc>
<status status="PASS" start="2025-06-06T15:14:15.840453" elapsed="0.187592"/>
</kw>
<kw name="Log" owner="BuiltIn">
<msg time="2025-06-06T15:14:16.028666" level="INFO">Cadastro realizado com sucesso</msg>
<arg>${response.json()}[message]</arg>
<doc>Logs the given message with the given level.</doc>
<status status="PASS" start="2025-06-06T15:14:16.028214" elapsed="0.000494"/>
</kw>
<return>
<value>${response}</value>
<status status="PASS" start="2025-06-06T15:14:16.028756" elapsed="0.000035"/>
</return>
<msg time="2025-06-06T15:14:16.028896" level="INFO">${response} = &lt;Response [201]&gt;</msg>
<var>${response}</var>
<arg>${id_produto}</arg>
<status status="PASS" start="2025-06-06T15:14:15.839003" elapsed="0.189910"/>
</kw>
<kw name="DELETE Endpoint /carrinhos/concluir-compra" owner="resources_keywords">
<kw name="DELETE On Session" owner="RequestsLibrary">
<msg time="2025-06-06T15:14:16.213751" level="INFO">DELETE Request : url=https://compassuol.serverest.dev/carrinhos/concluir-compra 
 path_url=/carrinhos/concluir-compra 
 headers={'User-Agent': 'python-requests/2.25.1', 'Accept-Encoding': 'gzip, deflate', 'accept': 'application/json', 'Connection': 'keep-alive', 'Content-Type': 'application/json', 'authorization': 'Bearer eyJhbGciOiJIUzI1NiIsInR5cCI6IkpXVCJ9.eyJlbWFpbCI6ImZ1bGFub0BxYS5jb20iLCJwYXNzd29yZCI6InRlc3RlIiwiaWF0IjoxNzQ5MjMzNjU2LCJleHAiOjE3NDkyMzQyNTZ9.Rmu8OZDf73aa09CPr_7CebEUKi_kmqRXfW6rzb9yZW8', 'Content-Length': '0'} 
 body=None 
 </msg>
<msg time="2025-06-06T15:14:16.213847" level="INFO">DELETE Response : url=https://compassuol.serverest.dev/carrinhos/concluir-compra 
 status=200, reason=OK 
 headers={'access-control-allow-origin': '*', 'x-dns-prefetch-control': 'off', 'x-frame-options': 'SAMEORIGIN', 'strict-transport-security': 'max-age=15552000; includeSubDomains', 'x-download-options': 'noopen', 'x-content-type-options': 'nosniff', 'x-xss-protection': '1; mode=block', 'content-type': 'application/json; charset=utf-8', 'x-cloud-trace-context': 'ac6559c3689347c1be911db9c480741e', 'date': 'Fri, 06 Jun 2025 18:14:17 GMT', 'server': 'Google Frontend', 'Content-Length': '51'} 
 body={
    "message": "Registro excluído com sucesso"
} 
 </msg>
<msg time="2025-06-06T15:14:16.213906" level="INFO">/usr/lib/python3/dist-packages/urllib3/connectionpool.py:1020: InsecureRequestWarning: Unverified HTTPS request is being made to host 'compassuol.serverest.dev'. Adding certificate verification is strongly advised. See: https://urllib3.readthedocs.io/en/latest/advanced-usage.html#ssl-warnings
  warnings.warn(</msg>
<msg time="2025-06-06T15:14:16.214053" level="INFO">${response} = &lt;Response [200]&gt;</msg>
<var>${response}</var>
<arg>ServeRest</arg>
<arg>/carrinhos/concluir-compra</arg>
<doc>Sends a DELETE request on a previously created HTTP Session.</doc>
<status status="PASS" start="2025-06-06T15:14:16.029312" elapsed="0.184766"/>
</kw>
<kw name="Log" owner="BuiltIn">
<msg time="2025-06-06T15:14:16.214612" level="INFO">Registro excluído com sucesso</msg>
<arg>${response.json()}[message]</arg>
<doc>Logs the given message with the given level.</doc>
<status status="PASS" start="2025-06-06T15:14:16.214254" elapsed="0.000393"/>
</kw>
<return>
<value>${response}</value>
<status status="PASS" start="2025-06-06T15:14:16.214682" elapsed="0.000030"/>
</return>
<msg time="2025-06-06T15:14:16.214807" level="INFO">${response} = &lt;Response [200]&gt;</msg>
<var>${response}</var>
<status status="PASS" start="2025-06-06T15:14:16.029118" elapsed="0.185711"/>
</kw>
<kw name="Should Be Equal As Strings" owner="BuiltIn">
<msg time="2025-06-06T15:14:16.215218" level="INFO">Argument types are:
&lt;class 'int'&gt;
&lt;class 'str'&gt;</msg>
<arg>${response.status_code}</arg>
<arg>200</arg>
<doc>Fails if objects are unequal after converting them to strings.</doc>
<status status="PASS" start="2025-06-06T15:14:16.214971" elapsed="0.000297"/>
</kw>
<kw name="Should Be Equal As Strings" owner="BuiltIn">
<arg>${response.json()}[message]</arg>
<arg>Registro excluído com sucesso</arg>
<doc>Fails if objects are unequal after converting them to strings.</doc>
<status status="PASS" start="2025-06-06T15:14:16.215376" elapsed="0.000262"/>
</kw>
<status status="PASS" start="2025-06-06T15:14:14.996895" elapsed="1.218858"/>
</test>
<status status="PASS" start="2025-06-06T15:14:11.996402" elapsed="4.219584"/>
</suite>
<suite id="s1-s3" name="Test Produtos" source="/home/luisms/compass_pb/Documentos/Sprint6/Challenge02/serverest/tests/test_produtos.robot">
<test id="s1-s3-t1" name="Cenário 01: Listar produtos" line="5">
<kw name="POST Endpoint /login" owner="resources_keywords">
<kw name="Create Dictionary" owner="BuiltIn">
<msg time="2025-06-06T15:14:16.218296" level="INFO">${body} = {'email': 'fulano@qa.com', 'password': 'teste'}</msg>
<var>${body}</var>
<arg>email=${email}</arg>
<arg>password=${password}</arg>
<doc>Creates and returns a dictionary based on the given ``items``.</doc>
<status status="PASS" start="2025-06-06T15:14:16.218127" elapsed="0.000187"/>
</kw>
<kw name="Create Dictionary" owner="BuiltIn">
<msg time="2025-06-06T15:14:16.218486" level="INFO">${header} = {'accept': 'application/json', 'Content-Type': 'application/json'}</msg>
<var>${header}</var>
<arg>accept=application/json</arg>
<arg>Content-Type=application/json</arg>
<doc>Creates and returns a dictionary based on the given ``items``.</doc>
<status status="PASS" start="2025-06-06T15:14:16.218387" elapsed="0.000115"/>
</kw>
<kw name="POST" owner="RequestsLibrary">
<msg time="2025-06-06T15:14:16.634632" level="INFO">POST Request : url=https://compassuol.serverest.dev/login 
 path_url=/login 
 headers={'User-Agent': 'python-requests/2.25.1', 'Accept-Encoding': 'gzip, deflate', 'accept': 'application/json', 'Connection': 'keep-alive', 'Content-Type': 'application/json', 'Content-Length': '47'} 
 body=b'{"email": "fulano@qa.com", "password": "teste"}' 
 </msg>
<msg time="2025-06-06T15:14:16.634848" level="INFO">POST Response : url=https://compassuol.serverest.dev/login 
 status=200, reason=OK 
 headers={'access-control-allow-origin': '*', 'x-dns-prefetch-control': 'off', 'x-frame-options': 'SAMEORIGIN', 'strict-transport-security': 'max-age=15552000; includeSubDomains', 'x-download-options': 'noopen', 'x-content-type-options': 'nosniff', 'x-xss-protection': '1; mode=block', 'content-type': 'application/json; charset=utf-8', 'x-cloud-trace-context': '8be3e24a3d49aab0e641d46e7f1767d3', 'date': 'Fri, 06 Jun 2025 18:14:18 GMT', 'server': 'Google Frontend', 'Content-Length': '265'} 
 body={
    "message": "Login realizado com sucesso",
    "authorization": "Bearer eyJhbGciOiJIUzI1NiIsInR5cCI6IkpXVCJ9.eyJlbWFpbCI6ImZ1bGFub0BxYS5jb20iLCJwYXNzd29yZCI6InRlc3RlIiwiaWF0IjoxNzQ5MjMzNjU4LCJleHAiOjE3NDkyMzQyNTh9.3YvHdWyuEdLT3rQnFNQNuXqy67DqXPzUDQ_9wl3qJmw"
} 
 </msg>
<msg time="2025-06-06T15:14:16.634962" level="INFO">${response} = &lt;Response [200]&gt;</msg>
<var>${response}</var>
<arg>url=${BASE_URL}/login</arg>
<arg>json=${body}</arg>
<arg>headers=${header}</arg>
<doc>Sends a POST request.</doc>
<status status="PASS" start="2025-06-06T15:14:16.218566" elapsed="0.416473"/>
</kw>
<kw name="Set Global Variable" owner="BuiltIn">
<msg time="2025-06-06T15:14:16.635398" level="INFO">${response} = &lt;Response [200]&gt;</msg>
<arg>${response}</arg>
<doc>Makes a variable available globally in all tests and suites.</doc>
<status status="PASS" start="2025-06-06T15:14:16.635205" elapsed="0.000224"/>
</kw>
<kw name="Log" owner="BuiltIn">
<msg time="2025-06-06T15:14:16.635871" level="INFO">Bearer eyJhbGciOiJIUzI1NiIsInR5cCI6IkpXVCJ9.eyJlbWFpbCI6ImZ1bGFub0BxYS5jb20iLCJwYXNzd29yZCI6InRlc3RlIiwiaWF0IjoxNzQ5MjMzNjU4LCJleHAiOjE3NDkyMzQyNTh9.3YvHdWyuEdLT3rQnFNQNuXqy67DqXPzUDQ_9wl3qJmw</msg>
<arg>${response.json()}[authorization]</arg>
<doc>Logs the given message with the given level.</doc>
<status status="PASS" start="2025-06-06T15:14:16.635504" elapsed="0.000404"/>
</kw>
<kw name="Set Variable" owner="BuiltIn">
<msg time="2025-06-06T15:14:16.636246" level="INFO">${token} = Bearer eyJhbGciOiJIUzI1NiIsInR5cCI6IkpXVCJ9.eyJlbWFpbCI6ImZ1bGFub0BxYS5jb20iLCJwYXNzd29yZCI6InRlc3RlIiwiaWF0IjoxNzQ5MjMzNjU4LCJleHAiOjE3NDkyMzQyNTh9.3YvHdWyuEdLT3rQnFNQNuXqy67DqXPzUDQ_9wl3qJmw</msg>
<var>${token}</var>
<arg>${response.json()}[authorization]</arg>
<doc>Returns the given values which can then be assigned to a variables.</doc>
<status status="PASS" start="2025-06-06T15:14:16.635983" elapsed="0.000281"/>
</kw>
<kw name="Set Global Variable" owner="BuiltIn">
<msg time="2025-06-06T15:14:16.636455" level="INFO">${token} = Bearer eyJhbGciOiJIUzI1NiIsInR5cCI6IkpXVCJ9.eyJlbWFpbCI6ImZ1bGFub0BxYS5jb20iLCJwYXNzd29yZCI6InRlc3RlIiwiaWF0IjoxNzQ5MjMzNjU4LCJleHAiOjE3NDkyMzQyNTh9.3YvHdWyuEdLT3rQnFNQNuXqy67DqXPzUDQ_9wl3qJmw</msg>
<arg>${token}</arg>
<doc>Makes a variable available globally in all tests and suites.</doc>
<status status="PASS" start="2025-06-06T15:14:16.636336" elapsed="0.000146"/>
</kw>
<return>
<value>${response}</value>
<status status="PASS" start="2025-06-06T15:14:16.636513" elapsed="0.000030"/>
</return>
<status status="PASS" start="2025-06-06T15:14:16.217942" elapsed="0.418675"/>
</kw>
<kw name="Criar sessão na Serverest" owner="resources_keywords">
<kw name="Create Dictionary" owner="BuiltIn">
<msg time="2025-06-06T15:14:16.637118" level="INFO">${headers} = {'accept': 'application/json', 'Content-Type': 'application/json', 'authorization': 'Bearer eyJhbGciOiJIUzI1NiIsInR5cCI6IkpXVCJ9.eyJlbWFpbCI6ImZ1bGFub0BxYS5jb20iLCJwYXNzd29yZCI6InRlc3RlIiwiaWF0IjoxNzQ...</msg>
<var>${headers}</var>
<arg>accept=application/json</arg>
<arg>Content-Type=application/json</arg>
<arg>authorization=${token}</arg>
<doc>Creates and returns a dictionary based on the given ``items``.</doc>
<status status="PASS" start="2025-06-06T15:14:16.636960" elapsed="0.000176"/>
</kw>
<kw name="Create Session" owner="RequestsLibrary">
<msg time="2025-06-06T15:14:16.637339" level="INFO">Creating Session using : alias=ServeRest, url=https://compassuol.serverest.dev, headers={'accept': 'application/json', 'Content-Type': 'application/json', 'authorization': 'Bearer eyJhbGciOiJIUzI1NiIsInR5cCI6IkpXVCJ9.eyJlbWFpbCI6ImZ1bGFub0BxYS5jb20iLCJwYXNzd29yZCI6InRlc3RlIiwiaWF0IjoxNzQ5MjMzNjU4LCJleHAiOjE3NDkyMzQyNTh9.3YvHdWyuEdLT3rQnFNQNuXqy67DqXPzUDQ_9wl3qJmw'},                     cookies={}, auth=None, timeout=None, proxies=None, verify=False,                     debug=0 </msg>
<arg>ServeRest</arg>
<arg>${BASE_URL}</arg>
<arg>${headers}</arg>
<doc>Create Session: create a HTTP session to a server</doc>
<status status="PASS" start="2025-06-06T15:14:16.637206" elapsed="0.000269"/>
</kw>
<kw name="Log" owner="BuiltIn">
<msg time="2025-06-06T15:14:16.637640" level="INFO">Bearer eyJhbGciOiJIUzI1NiIsInR5cCI6IkpXVCJ9.eyJlbWFpbCI6ImZ1bGFub0BxYS5jb20iLCJwYXNzd29yZCI6InRlc3RlIiwiaWF0IjoxNzQ5MjMzNjU4LCJleHAiOjE3NDkyMzQyNTh9.3YvHdWyuEdLT3rQnFNQNuXqy67DqXPzUDQ_9wl3qJmw</msg>
<arg>${headers}[authorization]</arg>
<doc>Logs the given message with the given level.</doc>
<status status="PASS" start="2025-06-06T15:14:16.637548" elapsed="0.000120"/>
</kw>
<status status="PASS" start="2025-06-06T15:14:16.636787" elapsed="0.000916"/>
</kw>
<kw name="GET Endpoint /produtos" owner="resources_keywords">
<kw name="GET On Session" owner="RequestsLibrary">
<msg time="2025-06-06T15:14:17.109928" level="INFO">GET Request : url=https://compassuol.serverest.dev/produtos 
 path_url=/produtos 
 headers={'User-Agent': 'python-requests/2.25.1', 'Accept-Encoding': 'gzip, deflate', 'accept': 'application/json', 'Connection': 'keep-alive', 'Content-Type': 'application/json', 'authorization': 'Bearer eyJhbGciOiJIUzI1NiIsInR5cCI6IkpXVCJ9.eyJlbWFpbCI6ImZ1bGFub0BxYS5jb20iLCJwYXNzd29yZCI6InRlc3RlIiwiaWF0IjoxNzQ5MjMzNjU4LCJleHAiOjE3NDkyMzQyNTh9.3YvHdWyuEdLT3rQnFNQNuXqy67DqXPzUDQ_9wl3qJmw'} 
 body=None 
 </msg>
<msg time="2025-06-06T15:14:17.110094" level="INFO">GET Response : url=https://compassuol.serverest.dev/produtos 
 status=200, reason=OK 
 headers={'access-control-allow-origin': '*', 'x-dns-prefetch-control': 'off', 'x-frame-options': 'SAMEORIGIN', 'strict-transport-security': 'max-age=15552000; includeSubDomains', 'x-download-options': 'noopen', 'x-content-type-options': 'nosniff', 'x-xss-protection': '1; mode=block', 'content-type': 'application/json; charset=utf-8', 'x-cloud-trace-context': '9adf7482dac01ef59e87580a3e5cb964', 'date': 'Fri, 06 Jun 2025 18:14:18 GMT', 'server': 'Google Frontend', 'Content-Length': '16533'} 
 body={
    "quantidade": 76,
    "produtos": [
        {
            "nome": "Produto 4PZepT7u",
            "preco": 100,
            "descricao": "Descrição do produto 4PZepT7u",
            "quantidade": 10,
            "_id": "1Q5HaiD4PtYGWJCc"
        },
        {
            "nome": "Produto dxPDkM0H",
            "preco": 100,
            "descricao": "Descrição do produto dxPDkM0H",
            "quantidade": 9,
            "_id": "1opN1h1bGtndFmRY"
        },
        {
            "nome": "Produto qtQSCouh",
            "preco": 100,
            "descricao": "Descrição do produto qtQSCouh",
            "quantidade": 9,
            "_id": "2ISwMRgj2DciITvR"
        },
        {
            "nome": "Stephanie Wilkinson",
            "preco": 80,
            "descricao": "Less community animal establish fall imagine. Various deep agent. Operation teach a rule then behind quickly. Physical who perform.",
            "quantidade": 85803308,
            "_id": "3nJgzAQHwdOqb1nL"
        },
        {
            "nome": "Produto2224",
            "preco": 100,
            "descricao": "Produto: engineer dot-com e-commerce",
            "quantidade": 50,
            "_id": "4hdbVBEoOIDXNnSx"
        },
        {
            "nome": "Produto Teste xBNAt",
            "preco": 99,
            "descricao": "Descrição do produto",
            "quantidade": 10,
            "_id": "4phbQgxXBfldtx04"
        },
        {
            "nome": "Produto1155",
            "preco": 100,
            "descricao": "Produto: reinvent cross-media deliverables",
            "quantidade": 50,
            "_id": "51okjp8tH3RWFdv6"
        },
        {
            "nome": "Produto EgGncz9P",
            "preco": 100,
            "descricao": "Descrição do produto EgGncz9P",
            "quantidade": 9,
            "_id": "64V6SGKkzKSsuIA5"
        },
        {
            "nome": "stop",
            "preco": 470,
            "descricao": " Mouse",
            "quantidade": 380,
            "_id": "65a1BPibWxUyixOC"
        },
        {
            "nome": "Produto9130",
            "preco": 999,
            "descricao": "Produto: integrate virtual bandwidth",
            "quantidade": 10,
            "_id": "6cWE2XnFk1Qucwih"
        },
        {
            "nome": "Produto Ptdg2XGY",
            "preco": 100,
            "descricao": "Descrição do produto Ptdg2XGY",
[...]
<var>${email}</var>
<status status="PASS" start="2025-06-06T15:14:22.404217" elapsed="0.000188"/>
</kw>
<kw name="Password" owner="FakerLibrary">
<msg time="2025-06-06T15:14:22.404640" level="INFO">${password} = (L@7x6MrjX</msg>
<var>${password}</var>
<arg>length=10</arg>
<arg>special_chars=True</arg>
<doc>Generate a random password of the specified ``length``.</doc>
<status status="PASS" start="2025-06-06T15:14:22.404470" elapsed="0.000187"/>
</kw>
<kw name="Create Dictionary" owner="BuiltIn">
<msg time="2025-06-06T15:14:22.404943" level="INFO">${body} = {'nome': 'Scott Lyons', 'email': 'david67@example.org', 'password': '(L@7x6MrjX', 'administrador': 'true'}</msg>
<var>${body}</var>
<arg>nome=${nome}</arg>
<arg>email=${email}</arg>
<arg>password=${password}</arg>
<arg>administrador=true</arg>
<doc>Creates and returns a dictionary based on the given ``items``.</doc>
<status status="PASS" start="2025-06-06T15:14:22.404736" elapsed="0.000224"/>
</kw>
<kw name="PUT On Session" owner="RequestsLibrary">
<msg time="2025-06-06T15:14:22.817922" level="INFO">PUT Request : url=https://compassuol.serverest.dev/usuarios/RrIiCFKHEPUH8WON 
 path_url=/usuarios/RrIiCFKHEPUH8WON 
 headers={'User-Agent': 'python-requests/2.25.1', 'Accept-Encoding': 'gzip, deflate', 'accept': 'application/json', 'Connection': 'keep-alive', 'Content-Type': 'application/json', 'authorization': 'Bearer eyJhbGciOiJIUzI1NiIsInR5cCI6IkpXVCJ9.eyJlbWFpbCI6ImZ1bGFub0BxYS5jb20iLCJwYXNzd29yZCI6InRlc3RlIiwiaWF0IjoxNzQ5MjMzNjYzLCJleHAiOjE3NDkyMzQyNjN9.f0dbptPzBuQhQm1fFqQsP1-uRuSBxluFl_mk6p7zFM0', 'Content-Length': '106'} 
 body=b'{"nome": "Scott Lyons", "email": "david67@example.org", "password": "(L@7x6MrjX", "administrador": "true"}' 
 </msg>
<msg time="2025-06-06T15:14:22.818010" level="INFO">PUT Response : url=https://compassuol.serverest.dev/usuarios/RrIiCFKHEPUH8WON 
 status=200, reason=OK 
 headers={'access-control-allow-origin': '*', 'x-dns-prefetch-control': 'off', 'x-frame-options': 'SAMEORIGIN', 'strict-transport-security': 'max-age=15552000; includeSubDomains', 'x-download-options': 'noopen', 'x-content-type-options': 'nosniff', 'x-xss-protection': '1; mode=block', 'content-type': 'application/json; charset=utf-8', 'x-cloud-trace-context': '6d2e0f0523a565f81ee8d0c1cad19782', 'date': 'Fri, 06 Jun 2025 18:14:24 GMT', 'server': 'Google Frontend', 'Content-Length': '50'} 
 body={
    "message": "Registro alterado com sucesso"
} 
 </msg>
<msg time="2025-06-06T15:14:22.818067" level="INFO">/usr/lib/python3/dist-packages/urllib3/connectionpool.py:1020: InsecureRequestWarning: Unverified HTTPS request is being made to host 'compassuol.serverest.dev'. Adding certificate verification is strongly advised. See: https://urllib3.readthedocs.io/en/latest/advanced-usage.html#ssl-warnings
  warnings.warn(</msg>
<msg time="2025-06-06T15:14:22.818210" level="INFO">${response} = &lt;Response [200]&gt;</msg>
<var>${response}</var>
<arg>ServeRest</arg>
<arg>/usuarios/${id_usuario}</arg>
<arg>json=${body}</arg>
<doc>Sends a PUT request on a previously created HTTP Session.</doc>
<status status="PASS" start="2025-06-06T15:14:22.405031" elapsed="0.413205"/>
</kw>
<kw name="Log" owner="BuiltIn">
<msg time="2025-06-06T15:14:22.818799" level="INFO">Registro alterado com sucesso</msg>
<arg>${response.json()}[message]</arg>
<doc>Logs the given message with the given level.</doc>
<status status="PASS" start="2025-06-06T15:14:22.818407" elapsed="0.000426"/>
</kw>
<return>
<value>${response}</value>
<status status="PASS" start="2025-06-06T15:14:22.818869" elapsed="0.000032"/>
</return>
<msg time="2025-06-06T15:14:22.818997" level="INFO">${response} = &lt;Response [200]&gt;</msg>
<var>${response}</var>
<status status="PASS" start="2025-06-06T15:14:22.403686" elapsed="0.415328"/>
</kw>
<kw name="Should Be Equal As Strings" owner="BuiltIn">
<msg time="2025-06-06T15:14:22.819380" level="INFO">Argument types are:
&lt;class 'int'&gt;
&lt;class 'str'&gt;</msg>
<arg>${response.status_code}</arg>
<arg>200</arg>
<doc>Fails if objects are unequal after converting them to strings.</doc>
<status status="PASS" start="2025-06-06T15:14:22.819135" elapsed="0.000281"/>
</kw>
<kw name="Should Be Equal As Strings" owner="BuiltIn">
<arg>${response.json()}[message]</arg>
<arg>Registro alterado com sucesso</arg>
<doc>Fails if objects are unequal after converting them to strings.</doc>
<status status="PASS" start="2025-06-06T15:14:22.819521" elapsed="0.000254"/>
</kw>
<status status="PASS" start="2025-06-06T15:14:21.525821" elapsed="1.294072"/>
</test>
<test id="s1-s4-t4" name="Cenário 04: Excluir usuário" line="28">
<kw name="POST Endpoint /login" owner="resources_keywords">
<kw name="Create Dictionary" owner="BuiltIn">
<msg time="2025-06-06T15:14:22.820715" level="INFO">${body} = {'email': 'fulano@qa.com', 'password': 'teste'}</msg>
<var>${body}</var>
<arg>email=${email}</arg>
<arg>password=${password}</arg>
<doc>Creates and returns a dictionary based on the given ``items``.</doc>
<status status="PASS" start="2025-06-06T15:14:22.820528" elapsed="0.000204"/>
</kw>
<kw name="Create Dictionary" owner="BuiltIn">
<msg time="2025-06-06T15:14:22.820904" level="INFO">${header} = {'accept': 'application/json', 'Content-Type': 'application/json'}</msg>
<var>${header}</var>
<arg>accept=application/json</arg>
<arg>Content-Type=application/json</arg>
<doc>Creates and returns a dictionary based on the given ``items``.</doc>
<status status="PASS" start="2025-06-06T15:14:22.820804" elapsed="0.000171"/>
</kw>
<kw name="POST" owner="RequestsLibrary">
<msg time="2025-06-06T15:14:23.238284" level="INFO">POST Request : url=https://compassuol.serverest.dev/login 
 path_url=/login 
 headers={'User-Agent': 'python-requests/2.25.1', 'Accept-Encoding': 'gzip, deflate', 'accept': 'application/json', 'Connection': 'keep-alive', 'Content-Type': 'application/json', 'Content-Length': '47'} 
 body=b'{"email": "fulano@qa.com", "password": "teste"}' 
 </msg>
<msg time="2025-06-06T15:14:23.238391" level="INFO">POST Response : url=https://compassuol.serverest.dev/login 
 status=200, reason=OK 
 headers={'access-control-allow-origin': '*', 'x-dns-prefetch-control': 'off', 'x-frame-options': 'SAMEORIGIN', 'strict-transport-security': 'max-age=15552000; includeSubDomains', 'x-download-options': 'noopen', 'x-content-type-options': 'nosniff', 'x-xss-protection': '1; mode=block', 'content-type': 'application/json; charset=utf-8', 'x-cloud-trace-context': 'a5d1008f766ad3d5de4d9d331e7b0fb9', 'date': 'Fri, 06 Jun 2025 18:14:25 GMT', 'server': 'Google Frontend', 'Content-Length': '265'} 
 body={
    "message": "Login realizado com sucesso",
    "authorization": "Bearer eyJhbGciOiJIUzI1NiIsInR5cCI6IkpXVCJ9.eyJlbWFpbCI6ImZ1bGFub0BxYS5jb20iLCJwYXNzd29yZCI6InRlc3RlIiwiaWF0IjoxNzQ5MjMzNjY1LCJleHAiOjE3NDkyMzQyNjV9.mmMJ4f8HJ1FKDhMSAhfuju9L0XPqBnAEbGQAufe00Dg"
} 
 </msg>
<msg time="2025-06-06T15:14:23.238645" level="INFO">${response} = &lt;Response [200]&gt;</msg>
<var>${response}</var>
<arg>url=${BASE_URL}/login</arg>
<arg>json=${body}</arg>
<arg>headers=${header}</arg>
<doc>Sends a POST request.</doc>
<status status="PASS" start="2025-06-06T15:14:22.821052" elapsed="0.417615"/>
</kw>
<kw name="Set Global Variable" owner="BuiltIn">
<msg time="2025-06-06T15:14:23.239011" level="INFO">${response} = &lt;Response [200]&gt;</msg>
<arg>${response}</arg>
<doc>Makes a variable available globally in all tests and suites.</doc>
<status status="PASS" start="2025-06-06T15:14:23.238818" elapsed="0.000222"/>
</kw>
<kw name="Log" owner="BuiltIn">
<msg time="2025-06-06T15:14:23.239413" level="INFO">Bearer eyJhbGciOiJIUzI1NiIsInR5cCI6IkpXVCJ9.eyJlbWFpbCI6ImZ1bGFub0BxYS5jb20iLCJwYXNzd29yZCI6InRlc3RlIiwiaWF0IjoxNzQ5MjMzNjY1LCJleHAiOjE3NDkyMzQyNjV9.mmMJ4f8HJ1FKDhMSAhfuju9L0XPqBnAEbGQAufe00Dg</msg>
<arg>${response.json()}[authorization]</arg>
<doc>Logs the given message with the given level.</doc>
<status status="PASS" start="2025-06-06T15:14:23.239110" elapsed="0.000335"/>
</kw>
<kw name="Set Variable" owner="BuiltIn">
<msg time="2025-06-06T15:14:23.239791" level="INFO">${token} = Bearer eyJhbGciOiJIUzI1NiIsInR5cCI6IkpXVCJ9.eyJlbWFpbCI6ImZ1bGFub0BxYS5jb20iLCJwYXNzd29yZCI6InRlc3RlIiwiaWF0IjoxNzQ5MjMzNjY1LCJleHAiOjE3NDkyMzQyNjV9.mmMJ4f8HJ1FKDhMSAhfuju9L0XPqBnAEbGQAufe00Dg</msg>
<var>${token}</var>
<arg>${response.json()}[authorization]</arg>
<doc>Returns the given values which can then be assigned to a variables.</doc>
<status status="PASS" start="2025-06-06T15:14:23.239520" elapsed="0.000294"/>
</kw>
<kw name="Set Global Variable" owner="BuiltIn">
<msg time="2025-06-06T15:14:23.239997" level="INFO">${token} = Bearer eyJhbGciOiJIUzI1NiIsInR5cCI6IkpXVCJ9.eyJlbWFpbCI6ImZ1bGFub0BxYS5jb20iLCJwYXNzd29yZCI6InRlc3RlIiwiaWF0IjoxNzQ5MjMzNjY1LCJleHAiOjE3NDkyMzQyNjV9.mmMJ4f8HJ1FKDhMSAhfuju9L0XPqBnAEbGQAufe00Dg</msg>
<arg>${token}</arg>
<doc>Makes a variable available globally in all tests and suites.</doc>
<status status="PASS" start="2025-06-06T15:14:23.239884" elapsed="0.000142"/>
</kw>
<return>
<value>${response}</value>
<status status="PASS" start="2025-06-06T15:14:23.240092" elapsed="0.000031"/>
</return>
<status status="PASS" start="2025-06-06T15:14:22.820350" elapsed="0.419848"/>
</kw>
<kw name="Criar sessão na Serverest" owner="resources_keywords">
<kw name="Create Dictionary" owner="BuiltIn">
<msg time="2025-06-06T15:14:23.240688" level="INFO">${headers} = {'accept': 'application/json', 'Content-Type': 'application/json', 'authorization': 'Bearer eyJhbGciOiJIUzI1NiIsInR5cCI6IkpXVCJ9.eyJlbWFpbCI6ImZ1bGFub0BxYS5jb20iLCJwYXNzd29yZCI6InRlc3RlIiwiaWF0IjoxNzQ...</msg>
<var>${headers}</var>
<arg>accept=application/json</arg>
<arg>Content-Type=application/json</arg>
<arg>authorization=${token}</arg>
<doc>Creates and returns a dictionary based on the given ``items``.</doc>
<status status="PASS" start="2025-06-06T15:14:23.240535" elapsed="0.000171"/>
</kw>
<kw name="Create Session" owner="RequestsLibrary">
<msg time="2025-06-06T15:14:23.240898" level="INFO">Creating Session using : alias=ServeRest, url=https://compassuol.serverest.dev, headers={'accept': 'application/json', 'Content-Type': 'application/json', 'authorization': 'Bearer eyJhbGciOiJIUzI1NiIsInR5cCI6IkpXVCJ9.eyJlbWFpbCI6ImZ1bGFub0BxYS5jb20iLCJwYXNzd29yZCI6InRlc3RlIiwiaWF0IjoxNzQ5MjMzNjY1LCJleHAiOjE3NDkyMzQyNjV9.mmMJ4f8HJ1FKDhMSAhfuju9L0XPqBnAEbGQAufe00Dg'},                     cookies={}, auth=None, timeout=None, proxies=None, verify=False,                     debug=0 </msg>
<arg>ServeRest</arg>
<arg>${BASE_URL}</arg>
<arg>${headers}</arg>
<doc>Create Session: create a HTTP session to a server</doc>
<status status="PASS" start="2025-06-06T15:14:23.240776" elapsed="0.000237"/>
</kw>
<kw name="Log" owner="BuiltIn">
<msg time="2025-06-06T15:14:23.241175" level="INFO">Bearer eyJhbGciOiJIUzI1NiIsInR5cCI6IkpXVCJ9.eyJlbWFpbCI6ImZ1bGFub0BxYS5jb20iLCJwYXNzd29yZCI6InRlc3RlIiwiaWF0IjoxNzQ5MjMzNjY1LCJleHAiOjE3NDkyMzQyNjV9.mmMJ4f8HJ1FKDhMSAhfuju9L0XPqBnAEbGQAufe00Dg</msg>
<arg>${headers}[authorization]</arg>
<doc>Logs the given message with the given level.</doc>
<status status="PASS" start="2025-06-06T15:14:23.241089" elapsed="0.000297"/>
</kw>
<status status="PASS" start="2025-06-06T15:14:23.240363" elapsed="0.001063"/>
</kw>
<kw name="POST Endpoint /usuarios" owner="resources_keywords">
<kw name="Name" owner="FakerLibrary">
<msg time="2025-06-06T15:14:23.241974" level="INFO">${nome} = Jodi Gray</msg>
<var>${nome}</var>
<doc>:example: 'John Doe'</doc>
<status status="PASS" start="2025-06-06T15:14:23.241744" elapsed="0.000247"/>
</kw>
<kw name="Email" owner="FakerLibrary">
<msg time="2025-06-06T15:14:23.242213" level="INFO">${email} = david85@example.net</msg>
<var>${email}</var>
<status status="PASS" start="2025-06-06T15:14:23.242054" elapsed="0.000175"/>
</kw>
<kw name="Password" owner="FakerLibrary">
<msg time="2025-06-06T15:14:23.242452" level="INFO">${password} = r7BbBZDP_l</msg>
<var>${password}</var>
<arg>length=10</arg>
<arg>special_chars=True</arg>
<doc>Generate a random password of the specified ``length``.</doc>
<status status="PASS" start="2025-06-06T15:14:23.242290" elapsed="0.000179"/>
</kw>
<kw name="Create Dictionary" owner="BuiltIn">
<msg time="2025-06-06T15:14:23.242726" level="INFO">${body} = {'nome': 'Jodi Gray', 'email': 'david85@example.net', 'password': 'r7BbBZDP_l', 'administrador': 'true'}</msg>
<var>${body}</var>
<arg>nome=${nome}</arg>
<arg>email=${email}</arg>
<arg>password=${password}</arg>
<arg>administrador=true</arg>
<doc>Creates and returns a dictionary based on the given ``items``.</doc>
<status status="PASS" start="2025-06-06T15:14:23.242542" elapsed="0.000200"/>
</kw>
<kw name="Create Dictionary" owner="BuiltIn">
<msg time="2025-06-06T15:14:23.242908" level="INFO">${header} = {'accept': 'application/json', 'Content-Type': 'application/json'}</msg>
<var>${header}</var>
<arg>accept=application/json</arg>
<arg>Content-Type=application/json</arg>
<doc>Creates and returns a dictionary based on the given ``items``.</doc>
<status status="PASS" start="2025-06-06T15:14:23.242812" elapsed="0.000111"/>
</kw>
<kw name="POST" owner="RequestsLibrary">
<msg time="2025-06-06T15:14:23.655315" level="INFO">POST Request : url=https://compassuol.serverest.dev/usuarios 
 path_url=/usuarios 
 headers={'User-Agent': 'python-requests/2.25.1', 'Accept-Encoding': 'gzip, deflate', 'accept': 'application/json', 'Connection': 'keep-alive', 'Content-Type': 'application/json', 'Content-Length': '104'} 
 body=b'{"nome": "Jodi Gray", "email": "david85@example.net", "password": "r7BbBZDP_l", "administrador": "true"}' 
 </msg>
<msg time="2025-06-06T15:14:23.655716" level="INFO">POST Response : url=https://compassuol.serverest.dev/usuarios 
 status=201, reason=Created 
 headers={'access-control-allow-origin': '*', 'x-dns-prefetch-control': 'off', 'x-frame-options': 'SAMEORIGIN', 'strict-transport-security': 'max-age=15552000; includeSubDomains', 'x-download-options': 'noopen', 'x-content-type-options': 'nosniff', 'x-xss-protection': '1; mode=block', 'content-type': 'application/json; charset=utf-8', 'x-cloud-trace-context': '9959c38ce5d015de1ecdc8938afadb93', 'date': 'Fri, 06 Jun 2025 18:14:25 GMT', 'server': 'Google Frontend', 'Content-Length': '82'} 
 body={
    "message": "Cadastro realizado com sucesso",
    "_id": "pAOedpg6BQbyEP9R"
} 
 </msg>
<msg time="2025-06-06T15:14:23.655855" level="INFO">${response} = &lt;Response [201]&gt;</msg>
<var>${response}</var>
<arg>url=${BASE_URL}/usuarios</arg>
<arg>json=${body}</arg>
<arg>headers=${header}</arg>
<doc>Sends a POST request.</doc>
<status status="PASS" start="2025-06-06T15:14:23.242985" elapsed="0.412891"/>
</kw>
<kw name="Log" owner="BuiltIn">
<msg time="2025-06-06T15:14:23.656404" level="INFO">Cadastro realizado com sucesso</msg>
<arg>${response.json()}[message]</arg>
<doc>Logs the given message with the given level.</doc>
<status status="PASS" start="2025-06-06T15:14:23.656033" elapsed="0.000405"/>
</kw>
<return>
<value>${response}</value>
<status status="PASS" start="2025-06-06T15:14:23.656480" elapsed="0.000031"/>
</return>
<msg time="2025-06-06T15:14:23.656607" level="INFO">${response} = &lt;Response [201]&gt;</msg>
<var>${response}</var>
<status status="PASS" start="2025-06-06T15:14:23.241594" elapsed="0.415033"/>
</kw>
<kw name="Set Variable" owner="BuiltIn">
<msg time="2025-06-06T15:14:23.657051" level="INFO">${id_usuario} = pAOedpg6BQbyEP9R</msg>
<var>${id_usuario}</var>
<arg>${response.json()}[_id]</arg>
<doc>Returns the given values which can then be assigned to a variables.</doc>
<status status="PASS" start="2025-06-06T15:14:23.656771" elapsed="0.000297"/>
</kw>
<kw name="DELETE Endpoint /usuarios/${id_usuario}" owner="resources_keywords" source_name="DELETE Endpoint /usuarios/${id_usuario}">
<kw name="DELETE On Session" owner="RequestsLibrary">
<msg time="2025-06-06T15:14:24.073829" level="INFO">DELETE Request : url=https://compassuol.serverest.dev/usuarios/pAOedpg6BQbyEP9R 
 path_url=/usuarios/pAOedpg6BQbyEP9R 
 headers={'User-Agent': 'python-requests/2.25.1', 'Accept-Encoding': 'gzip, deflate', 'accept': 'application/json', 'Connection': 'keep-alive', 'Content-Type': 'application/json', 'authorization': 'Bearer eyJhbGciOiJIUzI1NiIsInR5cCI6IkpXVCJ9.eyJlbWFpbCI6ImZ1bGFub0BxYS5jb20iLCJwYXNzd29yZCI6InRlc3RlIiwiaWF0IjoxNzQ5MjMzNjY1LCJleHAiOjE3NDkyMzQyNjV9.mmMJ4f8HJ1FKDhMSAhfuju9L0XPqBnAEbGQAufe00Dg', 'Content-Length': '0'} 
 body=None 
 </msg>
<msg time="2025-06-06T15:14:24.073927" level="INFO">DELETE Response : url=https://compassuol.serverest.dev/usuarios/pAOedpg6BQbyEP9R 
 status=200, reason=OK 
 headers={'access-control-allow-origin': '*', 'x-dns-prefetch-control': 'off', 'x-frame-options': 'SAMEORIGIN', 'strict-transport-security': 'max-age=15552000; includeSubDomains', 'x-download-options': 'noopen', 'x-content-type-options': 'nosniff', 'x-xss-protection': '1; mode=block', 'content-type': 'application/json; charset=utf-8', 'x-cloud-trace-context': '46e1ed733b2d68037e10467394af4862', 'date': 'Fri, 06 Jun 2025 18:14:26 GMT', 'server': 'Google Frontend', 'Content-Length': '51'} 
 body={
    "message": "Registro excluído com sucesso"
} 
 </msg>
<msg time="2025-06-06T15:14:24.073990" level="INFO">/usr/lib/python3/dist-packages/urllib3/connectionpool.py:1020: InsecureRequestWarning: Unverified HTTPS request is being made to host 'compassuol.serverest.dev'. Adding certificate verification is strongly advised. See: https://urllib3.readthedocs.io/en/latest/advanced-usage.html#ssl-warnings
  warnings.warn(</msg>
<msg time="2025-06-06T15:14:24.074138" level="INFO">${response} = &lt;Response [200]&gt;</msg>
<var>${response}</var>
<arg>ServeRest</arg>
<arg>/usuarios/${id_usuario}</arg>
<doc>Sends a DELETE request on a previously created HTTP Session.</doc>
<status status="PASS" start="2025-06-06T15:14:23.657462" elapsed="0.416703"/>
</kw>
<kw name="Log" owner="BuiltIn">
<msg time="2025-06-06T15:14:24.074744" level="INFO">Registro excluído com sucesso</msg>
<arg>${response.json()}[message]</arg>
<doc>Logs the given message with the given level.</doc>
<status status="PASS" start="2025-06-06T15:14:24.074332" elapsed="0.000461"/>
</kw>
<return>
<value>${response}</value>
<status status="PASS" start="2025-06-06T15:14:24.074840" elapsed="0.000040"/>
</return>
<msg time="2025-06-06T15:14:24.074994" level="INFO">${response} = &lt;Response [200]&gt;</msg>
<var>${response}</var>
<status status="PASS" start="2025-06-06T15:14:23.657245" elapsed="0.417766"/>
</kw>
<kw name="Should Be Equal As Strings" owner="BuiltIn">
<msg time="2025-06-06T15:14:24.075518" level="INFO">Argument types are:
&lt;class 'int'&gt;
&lt;class 'str'&gt;</msg>
<arg>${response.status_code}</arg>
<arg>200</arg>
<doc>Fails if objects are unequal after converting them to strings.</doc>
<status status="PASS" start="2025-06-06T15:14:24.075201" elapsed="0.000357"/>
</kw>
<kw name="Should Be Equal As Strings" owner="BuiltIn">
<arg>${response.json()}[message]</arg>
<arg>Registro excluído com sucesso</arg>
<doc>Fails if objects are unequal after converting them to strings.</doc>
<status status="PASS" start="2025-06-06T15:14:24.075700" elapsed="0.000306"/>
</kw>
<status status="PASS" start="2025-06-06T15:14:22.820077" elapsed="1.256056"/>
</test>
<status status="PASS" start="2025-06-06T15:14:20.072492" elapsed="4.003885"/>
</suite>
<status status="PASS" start="2025-06-06T15:14:10.482834" elapsed="13.593922"/>
</suite>
<statistics>
<total>
<stat pass="13" fail="0" skip="0">All Tests</stat>
</total>
<tag>
</tag>
<suite>
<stat name="Tests" id="s1" pass="13" fail="0" skip="0">Tests</stat>
<stat name="Test Auth" id="s1-s1" pass="1" fail="0" skip="0">Tests.Test Auth</stat>
<stat name="Test Carrinhos" id="s1-s2" pass="4" fail="0" skip="0">Tests.Test Carrinhos</stat>
<stat name="Test Produtos" id="s1-s3" pass="4" fail="0" skip="0">Tests.Test Produtos</stat>
<stat name="Test Usuarios" id="s1-s4" pass="4" fail="0" skip="0">Tests.Test Usuarios</stat>
</suite>
</statistics>
<errors>
</errors>
</robot>
