<?xml version="1.0" encoding="UTF-8"?>
<robot generator="Robot 7.2.2 (Python 3.10.12 on linux)" generated="2025-06-02T18:40:06.726546" rpa="false" schemaversion="5">
<suite id="s1" name="Test Auth" source="/home/luisms/compass_pb/Documentos/Sprint6/Challenge02/serverest/tests/test_auth.robot">
<test id="s1-t1" name="Cenário 01: Fazer login" line="5">
<kw name="POST Endpoint /login" owner="resources_keywords">
<kw name="Create Dictionary" owner="BuiltIn">
<msg time="2025-06-02T18:40:06.780451" level="INFO">${body} = {'email': 'fulano@qa.com', 'password': 'teste'}</msg>
<var>${body}</var>
<arg>email=fulano@qa.com</arg>
<arg>password=teste</arg>
<doc>Creates and returns a dictionary based on the given ``items``.</doc>
<status status="PASS" start="2025-06-02T18:40:06.780184" elapsed="0.000300"/>
</kw>
<kw name="Create Dictionary" owner="BuiltIn">
<msg time="2025-06-02T18:40:06.780717" level="INFO">${header} = {'accept': 'application/json', 'Content-Type': 'application/json'}</msg>
<var>${header}</var>
<arg>accept=application/json</arg>
<arg>Content-Type=application/json</arg>
<doc>Creates and returns a dictionary based on the given ``items``.</doc>
<status status="PASS" start="2025-06-02T18:40:06.780587" elapsed="0.000148"/>
</kw>
<kw name="POST" owner="RequestsLibrary">
<msg time="2025-06-02T18:40:07.560401" level="INFO">POST Request : url=https://compassuol.serverest.dev/login 
 path_url=/login 
 headers={'User-Agent': 'python-requests/2.25.1', 'Accept-Encoding': 'gzip, deflate', 'accept': 'application/json', 'Connection': 'keep-alive', 'Content-Type': 'application/json', 'Content-Length': '47'} 
 body=b'{"email": "fulano@qa.com", "password": "teste"}' 
 </msg>
<msg time="2025-06-02T18:40:07.560544" level="INFO">POST Response : url=https://compassuol.serverest.dev/login 
 status=200, reason=OK 
 headers={'access-control-allow-origin': '*', 'x-dns-prefetch-control': 'off', 'x-frame-options': 'SAMEORIGIN', 'strict-transport-security': 'max-age=15552000; includeSubDomains', 'x-download-options': 'noopen', 'x-content-type-options': 'nosniff', 'x-xss-protection': '1; mode=block', 'content-type': 'application/json; charset=utf-8', 'x-cloud-trace-context': 'f5fba1509662ec8d9b4b2766e1c1717d;o=1', 'date': 'Mon, 02 Jun 2025 21:40:07 GMT', 'server': 'Google Frontend', 'Content-Length': '265'} 
 body={
    "message": "Login realizado com sucesso",
    "authorization": "Bearer eyJhbGciOiJIUzI1NiIsInR5cCI6IkpXVCJ9.eyJlbWFpbCI6ImZ1bGFub0BxYS5jb20iLCJwYXNzd29yZCI6InRlc3RlIiwiaWF0IjoxNzQ4OTAwNDA3LCJleHAiOjE3NDg5MDEwMDd9.MEAFSKnxrLuI7tV-LoyHpPjpa2c-JV5mlPBrI3SX0hk"
} 
 </msg>
<msg time="2025-06-02T18:40:07.560801" level="INFO">${response} = &lt;Response [200]&gt;</msg>
<var>${response}</var>
<arg>url=${BASE_URL}/login</arg>
<arg>json=${body}</arg>
<arg>headers=${header}</arg>
<doc>Sends a POST request.</doc>
<status status="PASS" start="2025-06-02T18:40:06.780803" elapsed="0.780021"/>
</kw>
<kw name="Set Global Variable" owner="BuiltIn">
<msg time="2025-06-02T18:40:07.561165" level="INFO">${response} = &lt;Response [200]&gt;</msg>
<arg>${response}</arg>
<doc>Makes a variable available globally in all tests and suites.</doc>
<status status="PASS" start="2025-06-02T18:40:07.560973" elapsed="0.000226"/>
</kw>
<kw name="Log" owner="BuiltIn">
<msg time="2025-06-02T18:40:07.561608" level="INFO">Bearer eyJhbGciOiJIUzI1NiIsInR5cCI6IkpXVCJ9.eyJlbWFpbCI6ImZ1bGFub0BxYS5jb20iLCJwYXNzd29yZCI6InRlc3RlIiwiaWF0IjoxNzQ4OTAwNDA3LCJleHAiOjE3NDg5MDEwMDd9.MEAFSKnxrLuI7tV-LoyHpPjpa2c-JV5mlPBrI3SX0hk</msg>
<arg>${response.json()}[authorization]</arg>
<doc>Logs the given message with the given level.</doc>
<status status="PASS" start="2025-06-02T18:40:07.561268" elapsed="0.000384"/>
</kw>
<kw name="Set Variable" owner="BuiltIn">
<msg time="2025-06-02T18:40:07.562008" level="INFO">${token} = Bearer eyJhbGciOiJIUzI1NiIsInR5cCI6IkpXVCJ9.eyJlbWFpbCI6ImZ1bGFub0BxYS5jb20iLCJwYXNzd29yZCI6InRlc3RlIiwiaWF0IjoxNzQ4OTAwNDA3LCJleHAiOjE3NDg5MDEwMDd9.MEAFSKnxrLuI7tV-LoyHpPjpa2c-JV5mlPBrI3SX0hk</msg>
<var>${token}</var>
<arg>${response.json()}[authorization]</arg>
<doc>Returns the given values which can then be assigned to a variables.</doc>
<status status="PASS" start="2025-06-02T18:40:07.561726" elapsed="0.000300"/>
</kw>
<kw name="Set Global Variable" owner="BuiltIn">
<msg time="2025-06-02T18:40:07.562222" level="INFO">${token} = Bearer eyJhbGciOiJIUzI1NiIsInR5cCI6IkpXVCJ9.eyJlbWFpbCI6ImZ1bGFub0BxYS5jb20iLCJwYXNzd29yZCI6InRlc3RlIiwiaWF0IjoxNzQ4OTAwNDA3LCJleHAiOjE3NDg5MDEwMDd9.MEAFSKnxrLuI7tV-LoyHpPjpa2c-JV5mlPBrI3SX0hk</msg>
<arg>${token}</arg>
<doc>Makes a variable available globally in all tests and suites.</doc>
<status status="PASS" start="2025-06-02T18:40:07.562095" elapsed="0.000202"/>
</kw>
<status status="PASS" start="2025-06-02T18:40:06.779767" elapsed="0.782595"/>
</kw>
<kw name="Criar sessão na Serverest" owner="resources_keywords">
<kw name="Create Dictionary" owner="BuiltIn">
<msg time="2025-06-02T18:40:07.562887" level="INFO">${headers} = {'accept': 'application/json', 'Content-Type': 'application/json', 'authorization': 'Bearer eyJhbGciOiJIUzI1NiIsInR5cCI6IkpXVCJ9.eyJlbWFpbCI6ImZ1bGFub0BxYS5jb20iLCJwYXNzd29yZCI6InRlc3RlIiwiaWF0IjoxNzQ...</msg>
<var>${headers}</var>
<arg>accept=application/json</arg>
<arg>Content-Type=application/json</arg>
<arg>authorization=${token}</arg>
<doc>Creates and returns a dictionary based on the given ``items``.</doc>
<status status="PASS" start="2025-06-02T18:40:07.562724" elapsed="0.000182"/>
</kw>
<kw name="Create Session" owner="RequestsLibrary">
<msg time="2025-06-02T18:40:07.563116" level="INFO">Creating Session using : alias=ServeRest, url=https://compassuol.serverest.dev, headers={'accept': 'application/json', 'Content-Type': 'application/json', 'authorization': 'Bearer eyJhbGciOiJIUzI1NiIsInR5cCI6IkpXVCJ9.eyJlbWFpbCI6ImZ1bGFub0BxYS5jb20iLCJwYXNzd29yZCI6InRlc3RlIiwiaWF0IjoxNzQ4OTAwNDA3LCJleHAiOjE3NDg5MDEwMDd9.MEAFSKnxrLuI7tV-LoyHpPjpa2c-JV5mlPBrI3SX0hk'},                     cookies={}, auth=None, timeout=None, proxies=None, verify=False,                     debug=0 </msg>
<arg>ServeRest</arg>
<arg>${BASE_URL}</arg>
<arg>${headers}</arg>
<doc>Create Session: create a HTTP session to a server</doc>
<status status="PASS" start="2025-06-02T18:40:07.562976" elapsed="0.000304"/>
</kw>
<kw name="Log" owner="BuiltIn">
<msg time="2025-06-02T18:40:07.563448" level="INFO">Bearer eyJhbGciOiJIUzI1NiIsInR5cCI6IkpXVCJ9.eyJlbWFpbCI6ImZ1bGFub0BxYS5jb20iLCJwYXNzd29yZCI6InRlc3RlIiwiaWF0IjoxNzQ4OTAwNDA3LCJleHAiOjE3NDg5MDEwMDd9.MEAFSKnxrLuI7tV-LoyHpPjpa2c-JV5mlPBrI3SX0hk</msg>
<arg>${headers}[authorization]</arg>
<doc>Logs the given message with the given level.</doc>
<status status="PASS" start="2025-06-02T18:40:07.563356" elapsed="0.000121"/>
</kw>
<status status="PASS" start="2025-06-02T18:40:07.562547" elapsed="0.000966"/>
</kw>
<status status="PASS" start="2025-06-02T18:40:06.779076" elapsed="0.784555"/>
</test>
<test id="s1-t2" name="Cenário 02: Criar produto" line="9">
<kw name="POST Endpoint /produtos" owner="resources_keywords">
<kw name="Create Dictionary" owner="BuiltIn">
<msg time="2025-06-02T18:40:07.564526" level="INFO">${body} = {'nome': ' Processador Ryzen 7', 'preco': '780', 'descricao': 'CPU com 8 núcleos e 16 threads', 'quantidade': '15'}</msg>
<var>${body}</var>
<arg>nome= ${nome_produto}</arg>
<arg>preco=${preco_produto}</arg>
<arg>descricao=${descricao_produto}</arg>
<arg>quantidade=15</arg>
<doc>Creates and returns a dictionary based on the given ``items``.</doc>
<status status="PASS" start="2025-06-02T18:40:07.564289" elapsed="0.000256"/>
</kw>
<kw name="POST On Session" owner="RequestsLibrary">
<msg time="2025-06-02T18:40:08.036581" level="INFO">POST Request : url=https://compassuol.serverest.dev/produtos 
 path_url=/produtos 
 headers={'User-Agent': 'python-requests/2.25.1', 'Accept-Encoding': 'gzip, deflate', 'accept': 'application/json', 'Connection': 'keep-alive', 'Content-Type': 'application/json', 'authorization': 'Bearer eyJhbGciOiJIUzI1NiIsInR5cCI6IkpXVCJ9.eyJlbWFpbCI6ImZ1bGFub0BxYS5jb20iLCJwYXNzd29yZCI6InRlc3RlIiwiaWF0IjoxNzQ4OTAwNDA3LCJleHAiOjE3NDg5MDEwMDd9.MEAFSKnxrLuI7tV-LoyHpPjpa2c-JV5mlPBrI3SX0hk', 'Content-Length': '120'} 
 body=b'{"nome": " Processador Ryzen 7", "preco": "780", "descricao": "CPU com 8 n\\u00facleos e 16 threads", "quantidade": "15"}' 
 </msg>
<msg time="2025-06-02T18:40:08.036774" level="INFO">POST Response : url=https://compassuol.serverest.dev/produtos 
 status=201, reason=Created 
 headers={'access-control-allow-origin': '*', 'x-dns-prefetch-control': 'off', 'x-frame-options': 'SAMEORIGIN', 'strict-transport-security': 'max-age=15552000; includeSubDomains', 'x-download-options': 'noopen', 'x-content-type-options': 'nosniff', 'x-xss-protection': '1; mode=block', 'content-type': 'application/json; charset=utf-8', 'x-cloud-trace-context': '9289a6532140f73bafc6c034a269503c', 'date': 'Mon, 02 Jun 2025 21:40:07 GMT', 'server': 'Google Frontend', 'Content-Length': '82'} 
 body={
    "message": "Cadastro realizado com sucesso",
    "_id": "H2lQojL4AzAg6v9Z"
} 
 </msg>
<msg time="2025-06-02T18:40:08.036850" level="INFO">/usr/lib/python3/dist-packages/urllib3/connectionpool.py:1020: InsecureRequestWarning: Unverified HTTPS request is being made to host 'compassuol.serverest.dev'. Adding certificate verification is strongly advised. See: https://urllib3.readthedocs.io/en/latest/advanced-usage.html#ssl-warnings
  warnings.warn(</msg>
<msg time="2025-06-02T18:40:08.037011" level="INFO">${response} = &lt;Response [201]&gt;</msg>
<var>${response}</var>
<arg>ServeRest</arg>
<arg>/produtos</arg>
<arg>json=${body}</arg>
<doc>Sends a POST request on a previously created HTTP Session.</doc>
<status status="PASS" start="2025-06-02T18:40:07.564619" elapsed="0.472420"/>
</kw>
<kw name="Log" owner="BuiltIn">
<msg time="2025-06-02T18:40:08.037593" level="INFO">Cadastro realizado com sucesso</msg>
<arg>${response.json()}[message]</arg>
<doc>Logs the given message with the given level.</doc>
<status status="PASS" start="2025-06-02T18:40:08.037208" elapsed="0.000419"/>
</kw>
<status status="PASS" start="2025-06-02T18:40:07.564105" elapsed="0.473570"/>
</kw>
<kw name="Criar sessão na Serverest" owner="resources_keywords">
<kw name="Create Dictionary" owner="BuiltIn">
<msg time="2025-06-02T18:40:08.038215" level="INFO">${headers} = {'accept': 'application/json', 'Content-Type': 'application/json', 'authorization': 'Bearer eyJhbGciOiJIUzI1NiIsInR5cCI6IkpXVCJ9.eyJlbWFpbCI6ImZ1bGFub0BxYS5jb20iLCJwYXNzd29yZCI6InRlc3RlIiwiaWF0IjoxNzQ...</msg>
<var>${headers}</var>
<arg>accept=application/json</arg>
<arg>Content-Type=application/json</arg>
<arg>authorization=${token}</arg>
<doc>Creates and returns a dictionary based on the given ``items``.</doc>
<status status="PASS" start="2025-06-02T18:40:08.038021" elapsed="0.000213"/>
</kw>
<kw name="Create Session" owner="RequestsLibrary">
<msg time="2025-06-02T18:40:08.038462" level="INFO">Creating Session using : alias=ServeRest, url=https://compassuol.serverest.dev, headers={'accept': 'application/json', 'Content-Type': 'application/json', 'authorization': 'Bearer eyJhbGciOiJIUzI1NiIsInR5cCI6IkpXVCJ9.eyJlbWFpbCI6ImZ1bGFub0BxYS5jb20iLCJwYXNzd29yZCI6InRlc3RlIiwiaWF0IjoxNzQ4OTAwNDA3LCJleHAiOjE3NDg5MDEwMDd9.MEAFSKnxrLuI7tV-LoyHpPjpa2c-JV5mlPBrI3SX0hk'},                     cookies={}, auth=None, timeout=None, proxies=None, verify=False,                     debug=0 </msg>
<arg>ServeRest</arg>
<arg>${BASE_URL}</arg>
<arg>${headers}</arg>
<doc>Create Session: create a HTTP session to a server</doc>
<status status="PASS" start="2025-06-02T18:40:08.038307" elapsed="0.000276"/>
</kw>
<kw name="Log" owner="BuiltIn">
<msg time="2025-06-02T18:40:08.038745" level="INFO">Bearer eyJhbGciOiJIUzI1NiIsInR5cCI6IkpXVCJ9.eyJlbWFpbCI6ImZ1bGFub0BxYS5jb20iLCJwYXNzd29yZCI6InRlc3RlIiwiaWF0IjoxNzQ4OTAwNDA3LCJleHAiOjE3NDg5MDEwMDd9.MEAFSKnxrLuI7tV-LoyHpPjpa2c-JV5mlPBrI3SX0hk</msg>
<arg>${headers}[authorization]</arg>
<doc>Logs the given message with the given level.</doc>
<status status="PASS" start="2025-06-02T18:40:08.038656" elapsed="0.000117"/>
</kw>
<status status="PASS" start="2025-06-02T18:40:08.037842" elapsed="0.000981"/>
</kw>
<status status="PASS" start="2025-06-02T18:40:07.563837" elapsed="0.475098"/>
</test>
<status status="PASS" start="2025-06-02T18:40:06.727262" elapsed="1.311997"/>
</suite>
<statistics>
<total>
<stat pass="2" fail="0" skip="0">All Tests</stat>
</total>
<tag>
</tag>
<suite>
<stat name="Test Auth" id="s1" pass="2" fail="0" skip="0">Test Auth</stat>
</suite>
</statistics>
<errors>
</errors>
</robot>
