<?xml version="1.0" encoding="UTF-8"?>
<robot generator="Robot 7.2.2 (Python 3.10.12 on linux)" generated="2025-06-05T18:33:14.289023" rpa="false" schemaversion="5">
<suite id="s1" name="Tests" source="/home/luisms/compass_pb/Documentos/Sprint6/Challenge02/serverest/tests">
<suite id="s1-s1" name="Test Auth" source="/home/luisms/compass_pb/Documentos/Sprint6/Challenge02/serverest/tests/test_auth.robot">
<test id="s1-s1-t1" name="Cenário 01: Fazer login com sucesso" line="5">
<kw name="POST Endpoint /login" owner="resources_keywords">
<kw name="Create Dictionary" owner="BuiltIn">
<msg time="2025-06-05T18:33:14.486708" level="INFO">${body} = {'email': 'fulano@qa.com', 'password': 'teste'}</msg>
<var>${body}</var>
<arg>email=${email}</arg>
<arg>password=${password}</arg>
<doc>Creates and returns a dictionary based on the given ``items``.</doc>
<status status="PASS" start="2025-06-05T18:33:14.486270" elapsed="0.000475"/>
</kw>
<kw name="Create Dictionary" owner="BuiltIn">
<msg time="2025-06-05T18:33:14.487044" level="INFO">${header} = {'accept': 'application/json', 'Content-Type': 'application/json'}</msg>
<var>${header}</var>
<arg>accept=application/json</arg>
<arg>Content-Type=application/json</arg>
<doc>Creates and returns a dictionary based on the given ``items``.</doc>
<status status="PASS" start="2025-06-05T18:33:14.486880" elapsed="0.000186"/>
</kw>
<kw name="POST" owner="RequestsLibrary">
<msg time="2025-06-05T18:33:14.947149" level="INFO">POST Request : url=https://compassuol.serverest.dev/login 
 path_url=/login 
 headers={'User-Agent': 'python-requests/2.25.1', 'Accept-Encoding': 'gzip, deflate', 'accept': 'application/json', 'Connection': 'keep-alive', 'Content-Type': 'application/json', 'Content-Length': '47'} 
 body=b'{"email": "fulano@qa.com", "password": "teste"}' 
 </msg>
<msg time="2025-06-05T18:33:14.947305" level="INFO">POST Response : url=https://compassuol.serverest.dev/login 
 status=200, reason=OK 
 headers={'access-control-allow-origin': '*', 'x-dns-prefetch-control': 'off', 'x-frame-options': 'SAMEORIGIN', 'strict-transport-security': 'max-age=15552000; includeSubDomains', 'x-download-options': 'noopen', 'x-content-type-options': 'nosniff', 'x-xss-protection': '1; mode=block', 'content-type': 'application/json; charset=utf-8', 'x-cloud-trace-context': '0dae797fe99478ff79b33e43b161e537', 'date': 'Thu, 05 Jun 2025 21:33:14 GMT', 'server': 'Google Frontend', 'Content-Length': '265'} 
 body={
    "message": "Login realizado com sucesso",
    "authorization": "Bearer eyJhbGciOiJIUzI1NiIsInR5cCI6IkpXVCJ9.eyJlbWFpbCI6ImZ1bGFub0BxYS5jb20iLCJwYXNzd29yZCI6InRlc3RlIiwiaWF0IjoxNzQ5MTU5MTk0LCJleHAiOjE3NDkxNTk3OTR9.Fs-7qE2EucxfTyuRTvhGVZt465HyPDt4-wfdUocdTJk"
} 
 </msg>
<msg time="2025-06-05T18:33:14.947659" level="INFO">${response} = &lt;Response [200]&gt;</msg>
<var>${response}</var>
<arg>url=${BASE_URL}/login</arg>
<arg>json=${body}</arg>
<arg>headers=${header}</arg>
<doc>Sends a POST request.</doc>
<status status="PASS" start="2025-06-05T18:33:14.487155" elapsed="0.460532"/>
</kw>
<kw name="Set Global Variable" owner="BuiltIn">
<msg time="2025-06-05T18:33:14.948102" level="INFO">${response} = &lt;Response [200]&gt;</msg>
<arg>${response}</arg>
<doc>Makes a variable available globally in all tests and suites.</doc>
<status status="PASS" start="2025-06-05T18:33:14.947880" elapsed="0.000257"/>
</kw>
<kw name="Log" owner="BuiltIn">
<msg time="2025-06-05T18:33:14.948582" level="INFO">Bearer eyJhbGciOiJIUzI1NiIsInR5cCI6IkpXVCJ9.eyJlbWFpbCI6ImZ1bGFub0BxYS5jb20iLCJwYXNzd29yZCI6InRlc3RlIiwiaWF0IjoxNzQ5MTU5MTk0LCJleHAiOjE3NDkxNTk3OTR9.Fs-7qE2EucxfTyuRTvhGVZt465HyPDt4-wfdUocdTJk</msg>
<arg>${response.json()}[authorization]</arg>
<doc>Logs the given message with the given level.</doc>
<status status="PASS" start="2025-06-05T18:33:14.948218" elapsed="0.000401"/>
</kw>
<kw name="Set Variable" owner="BuiltIn">
<msg time="2025-06-05T18:33:14.948982" level="INFO">${token} = Bearer eyJhbGciOiJIUzI1NiIsInR5cCI6IkpXVCJ9.eyJlbWFpbCI6ImZ1bGFub0BxYS5jb20iLCJwYXNzd29yZCI6InRlc3RlIiwiaWF0IjoxNzQ5MTU5MTk0LCJleHAiOjE3NDkxNTk3OTR9.Fs-7qE2EucxfTyuRTvhGVZt465HyPDt4-wfdUocdTJk</msg>
<var>${token}</var>
<arg>${response.json()}[authorization]</arg>
<doc>Returns the given values which can then be assigned to a variables.</doc>
<status status="PASS" start="2025-06-05T18:33:14.948697" elapsed="0.000304"/>
</kw>
<kw name="Set Global Variable" owner="BuiltIn">
<msg time="2025-06-05T18:33:14.949210" level="INFO">${token} = Bearer eyJhbGciOiJIUzI1NiIsInR5cCI6IkpXVCJ9.eyJlbWFpbCI6ImZ1bGFub0BxYS5jb20iLCJwYXNzd29yZCI6InRlc3RlIiwiaWF0IjoxNzQ5MTU5MTk0LCJleHAiOjE3NDkxNTk3OTR9.Fs-7qE2EucxfTyuRTvhGVZt465HyPDt4-wfdUocdTJk</msg>
<arg>${token}</arg>
<doc>Makes a variable available globally in all tests and suites.</doc>
<status status="PASS" start="2025-06-05T18:33:14.949076" elapsed="0.000162"/>
</kw>
<return>
<value>${response}</value>
<status status="PASS" start="2025-06-05T18:33:14.949272" elapsed="0.000038"/>
</return>
<msg time="2025-06-05T18:33:14.949411" level="INFO">${response} = &lt;Response [200]&gt;</msg>
<var>${response}</var>
<status status="PASS" start="2025-06-05T18:33:14.484967" elapsed="0.464462"/>
</kw>
<kw name="Should Be Equal As Strings" owner="BuiltIn">
<msg time="2025-06-05T18:33:14.949852" level="INFO">Argument types are:
&lt;class 'int'&gt;
&lt;class 'str'&gt;</msg>
<arg>${response.status_code}</arg>
<arg>200</arg>
<doc>Fails if objects are unequal after converting them to strings.</doc>
<status status="PASS" start="2025-06-05T18:33:14.949585" elapsed="0.000309"/>
</kw>
<kw name="Should Not Be Empty" owner="BuiltIn">
<msg time="2025-06-05T18:33:14.950282" level="INFO">Length is 192.</msg>
<arg>${response.json()}[authorization]</arg>
<doc>Verifies that the given item is not empty.</doc>
<status status="PASS" start="2025-06-05T18:33:14.950010" elapsed="0.000305"/>
</kw>
<kw name="Criar sessão na Serverest" owner="resources_keywords">
<kw name="Create Dictionary" owner="BuiltIn">
<msg time="2025-06-05T18:33:14.950815" level="INFO">${headers} = {'accept': 'application/json', 'Content-Type': 'application/json', 'authorization': 'Bearer eyJhbGciOiJIUzI1NiIsInR5cCI6IkpXVCJ9.eyJlbWFpbCI6ImZ1bGFub0BxYS5jb20iLCJwYXNzd29yZCI6InRlc3RlIiwiaWF0IjoxNzQ...</msg>
<var>${headers}</var>
<arg>accept=application/json</arg>
<arg>Content-Type=application/json</arg>
<arg>authorization=${token}</arg>
<doc>Creates and returns a dictionary based on the given ``items``.</doc>
<status status="PASS" start="2025-06-05T18:33:14.950651" elapsed="0.000183"/>
</kw>
<kw name="Create Session" owner="RequestsLibrary">
<msg time="2025-06-05T18:33:14.951048" level="INFO">Creating Session using : alias=ServeRest, url=https://compassuol.serverest.dev, headers={'accept': 'application/json', 'Content-Type': 'application/json', 'authorization': 'Bearer eyJhbGciOiJIUzI1NiIsInR5cCI6IkpXVCJ9.eyJlbWFpbCI6ImZ1bGFub0BxYS5jb20iLCJwYXNzd29yZCI6InRlc3RlIiwiaWF0IjoxNzQ5MTU5MTk0LCJleHAiOjE3NDkxNTk3OTR9.Fs-7qE2EucxfTyuRTvhGVZt465HyPDt4-wfdUocdTJk'},                     cookies={}, auth=None, timeout=None, proxies=None, verify=False,                     debug=0 </msg>
<arg>ServeRest</arg>
<arg>${BASE_URL}</arg>
<arg>${headers}</arg>
<doc>Create Session: create a HTTP session to a server</doc>
<status status="PASS" start="2025-06-05T18:33:14.950908" elapsed="0.000329"/>
</kw>
<kw name="Log" owner="BuiltIn">
<msg time="2025-06-05T18:33:14.951413" level="INFO">Bearer eyJhbGciOiJIUzI1NiIsInR5cCI6IkpXVCJ9.eyJlbWFpbCI6ImZ1bGFub0BxYS5jb20iLCJwYXNzd29yZCI6InRlc3RlIiwiaWF0IjoxNzQ5MTU5MTk0LCJleHAiOjE3NDkxNTk3OTR9.Fs-7qE2EucxfTyuRTvhGVZt465HyPDt4-wfdUocdTJk</msg>
<arg>${headers}[authorization]</arg>
<doc>Logs the given message with the given level.</doc>
<status status="PASS" start="2025-06-05T18:33:14.951319" elapsed="0.000124"/>
</kw>
<status status="PASS" start="2025-06-05T18:33:14.950476" elapsed="0.001005"/>
</kw>
<status status="PASS" start="2025-06-05T18:33:14.484239" elapsed="0.467360"/>
</test>
<status status="PASS" start="2025-06-05T18:33:14.303890" elapsed="0.648073"/>
</suite>
<suite id="s1-s2" name="Test Carrinhos" source="/home/luisms/compass_pb/Documentos/Sprint6/Challenge02/serverest/tests/test_carrinhos.robot">
<test id="s1-s2-t1" name="Cenário 01: Listar carrinhos" line="5">
<kw name="POST Endpoint /login" owner="resources_keywords">
<kw name="Create Dictionary" owner="BuiltIn">
<msg time="2025-06-05T18:33:14.954518" level="INFO">${body} = {'email': 'fulano@qa.com', 'password': 'teste'}</msg>
<var>${body}</var>
<arg>email=${email}</arg>
<arg>password=${password}</arg>
<doc>Creates and returns a dictionary based on the given ``items``.</doc>
<status status="PASS" start="2025-06-05T18:33:14.954347" elapsed="0.000191"/>
</kw>
<kw name="Create Dictionary" owner="BuiltIn">
<msg time="2025-06-05T18:33:14.954747" level="INFO">${header} = {'accept': 'application/json', 'Content-Type': 'application/json'}</msg>
<var>${header}</var>
<arg>accept=application/json</arg>
<arg>Content-Type=application/json</arg>
<doc>Creates and returns a dictionary based on the given ``items``.</doc>
<status status="PASS" start="2025-06-05T18:33:14.954629" elapsed="0.000136"/>
</kw>
<kw name="POST" owner="RequestsLibrary">
<msg time="2025-06-05T18:33:15.402439" level="INFO">POST Request : url=https://compassuol.serverest.dev/login 
 path_url=/login 
 headers={'User-Agent': 'python-requests/2.25.1', 'Accept-Encoding': 'gzip, deflate', 'accept': 'application/json', 'Connection': 'keep-alive', 'Content-Type': 'application/json', 'Content-Length': '47'} 
 body=b'{"email": "fulano@qa.com", "password": "teste"}' 
 </msg>
<msg time="2025-06-05T18:33:15.402547" level="INFO">POST Response : url=https://compassuol.serverest.dev/login 
 status=200, reason=OK 
 headers={'access-control-allow-origin': '*', 'x-dns-prefetch-control': 'off', 'x-frame-options': 'SAMEORIGIN', 'strict-transport-security': 'max-age=15552000; includeSubDomains', 'x-download-options': 'noopen', 'x-content-type-options': 'nosniff', 'x-xss-protection': '1; mode=block', 'content-type': 'application/json; charset=utf-8', 'x-cloud-trace-context': '8d88a0985f27dee5a587ec1e27663bc3', 'date': 'Thu, 05 Jun 2025 21:33:15 GMT', 'server': 'Google Frontend', 'Content-Length': '265'} 
 body={
    "message": "Login realizado com sucesso",
    "authorization": "Bearer eyJhbGciOiJIUzI1NiIsInR5cCI6IkpXVCJ9.eyJlbWFpbCI6ImZ1bGFub0BxYS5jb20iLCJwYXNzd29yZCI6InRlc3RlIiwiaWF0IjoxNzQ5MTU5MTk1LCJleHAiOjE3NDkxNTk3OTV9.aJPhcCaaZMSn4xh9lg9vznpXTxJYiP7hF24xXvKetuA"
} 
 </msg>
<msg time="2025-06-05T18:33:15.402844" level="INFO">${response} = &lt;Response [200]&gt;</msg>
<var>${response}</var>
<arg>url=${BASE_URL}/login</arg>
<arg>json=${body}</arg>
<arg>headers=${header}</arg>
<doc>Sends a POST request.</doc>
<status status="PASS" start="2025-06-05T18:33:14.954836" elapsed="0.448033"/>
</kw>
<kw name="Set Global Variable" owner="BuiltIn">
<msg time="2025-06-05T18:33:15.403250" level="INFO">${response} = &lt;Response [200]&gt;</msg>
<arg>${response}</arg>
<doc>Makes a variable available globally in all tests and suites.</doc>
<status status="PASS" start="2025-06-05T18:33:15.403044" elapsed="0.000238"/>
</kw>
<kw name="Log" owner="BuiltIn">
<msg time="2025-06-05T18:33:15.403711" level="INFO">Bearer eyJhbGciOiJIUzI1NiIsInR5cCI6IkpXVCJ9.eyJlbWFpbCI6ImZ1bGFub0BxYS5jb20iLCJwYXNzd29yZCI6InRlc3RlIiwiaWF0IjoxNzQ5MTU5MTk1LCJleHAiOjE3NDkxNTk3OTV9.aJPhcCaaZMSn4xh9lg9vznpXTxJYiP7hF24xXvKetuA</msg>
<arg>${response.json()}[authorization]</arg>
<doc>Logs the given message with the given level.</doc>
<status status="PASS" start="2025-06-05T18:33:15.403368" elapsed="0.000378"/>
</kw>
<kw name="Set Variable" owner="BuiltIn">
<msg time="2025-06-05T18:33:15.404113" level="INFO">${token} = Bearer eyJhbGciOiJIUzI1NiIsInR5cCI6IkpXVCJ9.eyJlbWFpbCI6ImZ1bGFub0BxYS5jb20iLCJwYXNzd29yZCI6InRlc3RlIiwiaWF0IjoxNzQ5MTU5MTk1LCJleHAiOjE3NDkxNTk3OTV9.aJPhcCaaZMSn4xh9lg9vznpXTxJYiP7hF24xXvKetuA</msg>
<var>${token}</var>
<arg>${response.json()}[authorization]</arg>
<doc>Returns the given values which can then be assigned to a variables.</doc>
<status status="PASS" start="2025-06-05T18:33:15.403824" elapsed="0.000308"/>
</kw>
<kw name="Set Global Variable" owner="BuiltIn">
<msg time="2025-06-05T18:33:15.404334" level="INFO">${token} = Bearer eyJhbGciOiJIUzI1NiIsInR5cCI6IkpXVCJ9.eyJlbWFpbCI6ImZ1bGFub0BxYS5jb20iLCJwYXNzd29yZCI6InRlc3RlIiwiaWF0IjoxNzQ5MTU5MTk1LCJleHAiOjE3NDkxNTk3OTV9.aJPhcCaaZMSn4xh9lg9vznpXTxJYiP7hF24xXvKetuA</msg>
<arg>${token}</arg>
<doc>Makes a variable available globally in all tests and suites.</doc>
<status status="PASS" start="2025-06-05T18:33:15.404207" elapsed="0.000153"/>
</kw>
<return>
<value>${response}</value>
<status status="PASS" start="2025-06-05T18:33:15.404394" elapsed="0.000033"/>
</return>
<status status="PASS" start="2025-06-05T18:33:14.954157" elapsed="0.450346"/>
</kw>
<kw name="Criar sessão na Serverest" owner="resources_keywords">
<kw name="Create Dictionary" owner="BuiltIn">
<msg time="2025-06-05T18:33:15.405074" level="INFO">${headers} = {'accept': 'application/json', 'Content-Type': 'application/json', 'authorization': 'Bearer eyJhbGciOiJIUzI1NiIsInR5cCI6IkpXVCJ9.eyJlbWFpbCI6ImZ1bGFub0BxYS5jb20iLCJwYXNzd29yZCI6InRlc3RlIiwiaWF0IjoxNzQ...</msg>
<var>${headers}</var>
<arg>accept=application/json</arg>
<arg>Content-Type=application/json</arg>
<arg>authorization=${token}</arg>
<doc>Creates and returns a dictionary based on the given ``items``.</doc>
<status status="PASS" start="2025-06-05T18:33:15.404908" elapsed="0.000186"/>
</kw>
<kw name="Create Session" owner="RequestsLibrary">
<msg time="2025-06-05T18:33:15.405309" level="INFO">Creating Session using : alias=ServeRest, url=https://compassuol.serverest.dev, headers={'accept': 'application/json', 'Content-Type': 'application/json', 'authorization': 'Bearer eyJhbGciOiJIUzI1NiIsInR5cCI6IkpXVCJ9.eyJlbWFpbCI6ImZ1bGFub0BxYS5jb20iLCJwYXNzd29yZCI6InRlc3RlIiwiaWF0IjoxNzQ5MTU5MTk1LCJleHAiOjE3NDkxNTk3OTV9.aJPhcCaaZMSn4xh9lg9vznpXTxJYiP7hF24xXvKetuA'},                     cookies={}, auth=None, timeout=None, proxies=None, verify=False,                     debug=0 </msg>
<arg>ServeRest</arg>
<arg>${BASE_URL}</arg>
<arg>${headers}</arg>
<doc>Create Session: create a HTTP session to a server</doc>
<status status="PASS" start="2025-06-05T18:33:15.405170" elapsed="0.000378"/>
</kw>
<kw name="Log" owner="BuiltIn">
<msg time="2025-06-05T18:33:15.405728" level="INFO">Bearer eyJhbGciOiJIUzI1NiIsInR5cCI6IkpXVCJ9.eyJlbWFpbCI6ImZ1bGFub0BxYS5jb20iLCJwYXNzd29yZCI6InRlc3RlIiwiaWF0IjoxNzQ5MTU5MTk1LCJleHAiOjE3NDkxNTk3OTV9.aJPhcCaaZMSn4xh9lg9vznpXTxJYiP7hF24xXvKetuA</msg>
<arg>${headers}[authorization]</arg>
<doc>Logs the given message with the given level.</doc>
<status status="PASS" start="2025-06-05T18:33:15.405633" elapsed="0.000124"/>
</kw>
<status status="PASS" start="2025-06-05T18:33:15.404718" elapsed="0.001078"/>
</kw>
<kw name="GET Endpoint /carrinhos" owner="resources_keywords">
<kw name="GET On Session" owner="RequestsLibrary">
<msg time="2025-06-05T18:33:15.936475" level="INFO">GET Request : url=https://compassuol.serverest.dev/carrinhos 
 path_url=/carrinhos 
 headers={'User-Agent': 'python-requests/2.25.1', 'Accept-Encoding': 'gzip, deflate', 'accept': 'application/json', 'Connection': 'keep-alive', 'Content-Type': 'application/json', 'authorization': 'Bearer eyJhbGciOiJIUzI1NiIsInR5cCI6IkpXVCJ9.eyJlbWFpbCI6ImZ1bGFub0BxYS5jb20iLCJwYXNzd29yZCI6InRlc3RlIiwiaWF0IjoxNzQ5MTU5MTk1LCJleHAiOjE3NDkxNTk3OTV9.aJPhcCaaZMSn4xh9lg9vznpXTxJYiP7hF24xXvKetuA'} 
 body=None 
 </msg>
<msg time="2025-06-05T18:33:15.936602" level="INFO">GET Response : url=https://compassuol.serverest.dev/carrinhos 
 status=200, reason=OK 
 headers={'access-control-allow-origin': '*', 'x-dns-prefetch-control': 'off', 'x-frame-options': 'SAMEORIGIN', 'strict-transport-security': 'max-age=15552000; includeSubDomains', 'x-download-options': 'noopen', 'x-content-type-options': 'nosniff', 'x-xss-protection': '1; mode=block', 'content-type': 'application/json; charset=utf-8', 'x-cloud-trace-context': 'b3c85baad426b7454d19ccf289eebbb5', 'date': 'Thu, 05 Jun 2025 21:33:15 GMT', 'server': 'Google Frontend', 'Content-Length': '15663'} 
 body={
    "quantidade": 41,
    "carrinhos": [
        {
            "produtos": [
                {
                    "idProduto": "PihQECF7beOrnztJ",
                    "quantidade": 10,
                    "precoUnitario": 1856
                }
            ],
            "precoTotal": 18560,
            "quantidadeTotal": 10,
            "idUsuario": "OplrwL1ZpnwyodU4",
            "_id": "0BJrDZfVM6hLFCY1"
        },
        {
            "produtos": [
                {
                    "idProduto": "TRuKeOaygOcZZ2mG",
                    "quantidade": "1",
                    "precoUnitario": 470
                }
            ],
            "precoTotal": 470,
            "quantidadeTotal": "01",
            "idUsuario": "wVEjBV7cYEJlEbKy",
            "_id": "5xq0rVuEMMdFDrve"
        },
        {
            "produtos": [
                {
                    "idProduto": "C3IYhMNcWCzAm3tK",
                    "quantidade": 5,
                    "precoUnitario": 9110
                }
            ],
            "precoTotal": 45550,
            "quantidadeTotal": 5,
            "idUsuario": "ZT8brIEVsF2V7XjE",
            "_id": "8EmrNXaSCZuVo7zS"
        },
        {
            "produtos": [
                {
                    "idProduto": "7rH6zkVtyJsyABjD",
                    "quantidade": 10,
                    "precoUnitario": 4830
                }
            ],
            "precoTotal": 48300,
            "quantidadeTotal": 10,
            "idUsuario": "80OL7t5UI2wzndFo",
            "_id": "BR9rWTnQpxlcWNkM"
        },
        {
            "produtos": [
                {
                    "idProduto": "1k7cgtGcWcP7yp2z",
                    "quantidade": 3,
                    "precoUnitario": 1683
                }
            ],
            "precoTotal": 5049,
            "quantidadeTotal": 3,
            "idUsuario": "cJAgBD3yIVp9JaP7",
            "_id": "D9WwWQxOrgDA0lLy"
        },
        {
            "produtos": [
                {
                    "idProduto": "tNAVEmmhgyAbvPaR",
                    "quantidade": "1",
                    "precoUnitario": 100
                }
            ],
            "precoTotal": 100,
            "quantidadeTotal": "01",
            "idUsuario": "0uxuPY0cbmQhpEz1",
            "_id": "DtBOGxkvrQjr2RrO"
        },
        {
            "produtos": [
                {
                    "idProduto": "ctt5Stm3FYrkLa2a",
                    "quantidade": "10",
                    "precoUnitario": 6661
                }
            ],
            "precoTotal": 66610,
            "quantidadeTotal": "010",
            "idUsuario": "YrkRN1eedP2Ma1Bv",
            "_id": "KrNskXcC4q9XnPic"
        },
        {
            "produtos": [
                {
                    "idProduto": "uPBs6rqIFI3TD1Qz",
                    "quantidade": 8,
                    "precoUnitario": 6383
                }
            ],
            "precoTotal": 51064,
            "quantidadeTotal": 8,
            "idUsuario": "AroztAngrwEW3jkS",
            "_id": "Q4KAjQ60G1iZ74Ln"
        },
        {
            "produtos": [
                {
                    "idProduto": "BfR1FdQ7WzD1KDCd",
                    "quantidade": 9,
                    "precoUnitario": 3927
                }
            ],
            "precoTotal": 35343,
            "quantidadeTotal": 9,
            "idUsuario": "F4zoiomgTDXc8TJ7",
            "_id": "Qr5QekRdHYjpMXeH"
        },
        {
            "produtos": [
                {
                    "idProduto": "9ELwuAXxbaS2RNsx",
                    "quantidade": 9,
                    "precoUnitario": 3018
                }
            ],
            "precoTotal": 27162,
            "quantidadeTotal": 9,
            "idUsuario": "ma5CGWQDST2DMEOb",
            "_id": "SuIeJuz5p41znjVW"
        },
        {
            "produtos": [
                {
                    "idProduto": "kjW3a7UuYeEzGpFr",
                    "quantidade": 7,
                    "precoUnitario": 899
                }
            ],
            "precoTotal": 6293,
            "quantidadeTotal": 7,
            "idUsuario": "vQ0Gj8sIgzNfpvYB",
            "_id": "V4nI1vgoZdp9kwAu"
        },
        {
            "produtos": [
                {
                    "idProduto": "Slu70j8Cs7JaJAfe",
                    "quantidade": 7,
                    "precoUnitario": 7128
                }
            ],
            "precoTotal": 49896,
            "quantidadeTotal": 7,
            "idUsuario": "N1HPHqlxKMxZYvRJ",
            "_id": "WqWhLlIg4M0jO5pn"
        },
        {
            "produtos": [
                {
                    "idProduto": "m2APp0yNvceKuWkr",
                    "quantidade": 7,
                    "precoUnitario": 7740
                }
            ],
            "precoTotal": 54180,
            "quantidadeTotal": 7,
            "idUsuario": "vWmJjNoHIRFYFAEG",
            "_id": "WrkI9yN7KKh4417Q"
        },
        {
            "produtos": [
                {
                    "idProduto": "Lc85PwfnjTuhNiJx",
                    "quantidade": 8,
                    "precoUnitario": 9402
                }
            ],
            "precoTotal": 75216,
            "quantidadeTotal": 8,
            "idUsuario": "R88IUAdeIqFxVcln",
            "_id": "aJyRUtqmIis713d8"
        },
        {
            "produtos": [
                {
                    "idProduto": "1NuNeR5zuQfceauR",
                    "quantidade": 10,
                    "precoUnitario": 570
                }
            ],
            "precoTotal": 5700,
            "quantidadeTotal": 10,
            "idUsuario": "th6vVgIBUENKMgwA",
            "_id": "bsZfK1mmr90xW5wX"
        },
        {
            "produtos": [
                {
                    "idProduto": "2Vc2o7YfxXpNJcfm",
                    "quantidade": 1,
                    "precoUnitario": 1327
                }
            ],
            "precoTotal": 1327,
            "quantidadeTotal": 1,
            "idUsuario": "z9JB75xb0EEUsDJq",
            "_id": "dGg4uy5e3i1eJjjp"
        },
        {
            "produtos": [
                {
                    "idProduto": "WuHrcy8VZAvYH35P",
                    "quantidade": "10",
                    "precoUnitario": 6661
                }
            ],
            "precoTotal": 66610,
            "quantidadeTotal": "010",
            "idUsuario": "p245YnqYccjwRqnr",
            "_id": "dZW41AQj31QVJG1j"
        },
        {
            "produtos": [
                {
                    "idProduto": "gqMtaCHmEpfoYtX8",
                    "quantidade": 3,
                    "precoUnitario": 8884
                }
            ],
            "precoTotal": 26652,
            "quantidadeTotal": 3,
            "idUsuario": "0Wd1oS2n0hw4FJRj",
            "_id": "eAc01o4ukSvHHOcn"
        },
        {
            "produtos": [
                {
                    "idProduto": "0LPcEfnVHPeJu8zr",
                    "quantidade": 7,
                    "precoUnitario": 4920
                }
            ],
            "precoTotal": 34440,
            "quantidadeTotal": 7,
            "idUsuario": "jDpHET4TseKLLxpW",
            "_id": "eCoKwFwycMRwbYlA"
        },
        {
            "produtos": [
                {
                    "idProduto": "dR6KzJrZcgoq3iD6",
                    "quantidade": 4,
                    "precoUnitario": 1222
                }
            ],
            "precoTotal": 4888,
            "quantidadeTotal": 4,
            "idUsuario": "nVjkoN5xd0u72Dkn",
            "_id": "el1gHj2ZBPY0lBHN"
        },
        {
            "produtos": [
                {
                    "idProduto": "N4AjNZLwdtTcfbwW",
                    "quantidade": 6,
                    "precoUnitario": 1535
                }
            ],
            "precoTotal": 9210,
            "quantidadeTotal": 6,
            "idUsuario": "JWrp3lWPwZg2HG9H",
            "_id": "eyKY6cEomJV4fDbY"
        },
        {
            "produtos": [
                {
                    "idProduto": "0Ldk7VMFF0xCY3ep",
                    "quantidade": 1,
                    "precoUnitario": 333
                }
            ],
            "precoTotal": 333,
            "quantidadeTotal": 1,
            "idUsuario": "TJfOFnQUszMD1zsA",
            "_id": "gSxogwWKBfsO1vwD"
        },
        {
            "produtos": [
                {
                    "idProduto": "qePLPfY8wF044xdM",
                    "quantidade": 7,
                    "precoUnitario": 296
                }
            ],
            "precoTotal": 2072,
            "quantidadeTotal": 7,
            "idUsuario": "UOTPHmdwKHsMvv51",
            "_id": "h6muqmug0gC7qXuI"
        },
        {
            "produtos": [
                {
                    "idProduto": "Ig3oRDj7T36whUDE",
                    "quantidade": 1,
                    "precoUnitario": 777
                }
            ],
            "precoTotal": 777,
            "quantidadeTotal": 1,
            "idUsuario": "bkTNACMy8iuS0d06",
            "_id": "h9tUZHfNSH76pOfx"
        },
        {
            "produtos": [
                {
                    "idProduto": "vL9cHVx4USnbAO40",
                    "quantidade": "10",
                    "precoUnitario": 6661
                }
            ],
            "precoTotal": 66610,
            "quantidadeTotal": "010",
            "idUsuario": "v4TRYSxp7MDKAVK8",
            "_id": "hS4DXE8LOILTcygt"
        },
        {
            "produtos": [
                {
                    "idProduto": "2nptMZFgvK2CnDkD",
                    "quantidade": "1",
                    "precoUnitario": 470
                }
            ],
            "precoTotal": 470,
            "quantidadeTotal": "01",
            "idUsuario": "4EE43j9OecawTqZF",
            "_id": "hc9N6Ob0qnpyvJ87"
        },
        {
            "produtos": [
                {
      ... (set the log level to DEBUG or TRACE to see the full content) 
 </msg>
<msg time="2025-06-05T18:33:15.936908" level="INFO">/usr/lib/python3/dist-packages/urllib3/connectionpool.py:1020: InsecureRequestWarning: Unverified HTTPS request is being made to host 'compassuol.serverest.dev'. Adding certificate verification is strongly advised. See: https://urllib3.readthedocs.io/en/latest/advanced-usage.html#ssl-warnings
  warnings.warn(</msg>
<msg time="2025-06-05T18:33:15.937103" level="INFO">${response} = &lt;Response [200]&gt;</msg>
<var>${response}</var>
<arg>alias=ServeRest</arg>
<arg>url=carrinhos</arg>
<doc>Sends a GET request on a previously created HTTP Session.</doc>
<status status="PASS" start="2025-06-05T18:33:15.406101" elapsed="0.531036"/>
</kw>
<return>
<value>${response}</value>
<status status="PASS" start="2025-06-05T18:33:15.937217" elapsed="0.000054"/>
</return>
<msg time="2025-06-05T18:33:15.937412" level="INFO">${response} = &lt;Response [200]&gt;</msg>
<var>${response}</var>
<status status="PASS" start="2025-06-05T18:33:15.405944" elapsed="0.531487"/>
</kw>
<kw name="Should Be Equal As Strings" owner="BuiltIn">
<msg time="2025-06-05T18:33:15.938021" level="INFO">Argument types are:
&lt;class 'int'&gt;
&lt;class 'str'&gt;</msg>
<arg>${response.status_code}</arg>
<arg>200</arg>
<doc>Fails if objects are unequal after converting them to strings.</doc>
<status status="PASS" start="2025-06-05T18:33:15.937626" elapsed="0.000442"/>
</kw>
<kw name="Should Not Be Empty" owner="BuiltIn">
<msg time="2025-06-05T18:33:15.938611" level="INFO">Length is 41.</msg>
<arg>${response.json()}[carrinhos]</arg>
<doc>Verifies that the given item is not empty.</doc>
<status status="PASS" start="2025-06-05T18:33:15.938217" elapsed="0.000440"/>
</kw>
<status status="PASS" start="2025-06-05T18:33:14.953855" elapsed="0.984937"/>
</test>
<test id="s1-s2-t2" name="Cenário 02: Criar novo carrinho" line="12">
<kw name="POST Endpoint /login" owner="resources_keywords">
<kw name="Create Dictionary" owner="BuiltIn">
<msg time="2025-06-05T18:33:15.939750" level="INFO">${body} = {'email': 'fulano@qa.com', 'password': 'teste'}</msg>
<var>${body}</var>
<arg>email=${email}</arg>
<arg>password=${password}</arg>
<doc>Creates and returns a dictionary based on the given ``items``.</doc>
<status status="PASS" start="2025-06-05T18:33:15.939546" elapsed="0.000223"/>
</kw>
<kw name="Create Dictionary" owner="BuiltIn">
<msg time="2025-06-05T18:33:15.939977" level="INFO">${header} = {'accept': 'application/json', 'Content-Type': 'application/json'}</msg>
<var>${header}</var>
<arg>accept=application/json</arg>
<arg>Content-Type=application/json</arg>
<doc>Creates and returns a dictionary based on the given ``items``.</doc>
<status status="PASS" start="2025-06-05T18:33:15.939857" elapsed="0.000138"/>
</kw>
<kw name="POST" owner="RequestsLibrary">
<msg time="2025-06-05T18:33:16.389247" level="INFO">POST Request : url=https://compassuol.serverest.dev/login 
 path_url=/login 
 headers={'User-Agent': 'python-requests/2.25.1', 'Accept-Encoding': 'gzip, deflate', 'accept': 'application/json', 'Connection': 'keep-alive', 'Content-Type': 'application/json', 'Content-Length': '47'} 
 body=b'{"email": "fulano@qa.com", "password": "teste"}' 
 </msg>
<msg time="2025-06-05T18:33:16.389396" level="INFO">POST Response : url=https://compassuol.serverest.dev/login 
 status=200, reason=OK 
 headers={'access-control-allow-origin': '*', 'x-dns-prefetch-control': 'off', 'x-frame-options': 'SAMEORIGIN', 'strict-transport-security': 'max-age=15552000; includeSubDomains', 'x-download-options': 'noopen', 'x-content-type-options': 'nosniff', 'x-xss-protection': '1; mode=block', 'content-type': 'application/json; charset=utf-8', 'x-cloud-trace-context': '380c29b6a95e7f3dc06c127edb026487', 'date': 'Thu, 05 Jun 2025 21:33:16 GMT', 'server': 'Google Frontend', 'Content-Length': '265'} 
 body={
    "message": "Login realizado com sucesso",
    "authorization": "Bearer eyJhbGciOiJIUzI1NiIsInR5cCI6IkpXVCJ9.eyJlbWFpbCI6ImZ1bGFub0BxYS5jb20iLCJwYXNzd29yZCI6InRlc3RlIiwiaWF0IjoxNzQ5MTU5MTk2LCJleHAiOjE3NDkxNTk3OTZ9.HcIlTp81VCjmThPczkyJW3_OEaZkudooYKk6l1DZ9y4"
} 
 </msg>
<msg time="2025-06-05T18:33:16.389751" level="INFO">${response} = &lt;Response [200]&gt;</msg>
<var>${response}</var>
<arg>url=${BASE_URL}/login</arg>
<arg>json=${body}</arg>
<arg>headers=${header}</arg>
<doc>Sends a POST request.</doc>
<status status="PASS" start="2025-06-05T18:33:15.940066" elapsed="0.449712"/>
</kw>
<kw name="Set Global Variable" owner="BuiltIn">
<msg time="2025-06-05T18:33:16.390181" level="INFO">${response} = &lt;Response [200]&gt;</msg>
<arg>${response}</arg>
<doc>Makes a variable available globally in all tests and suites.</doc>
<status status="PASS" start="2025-06-05T18:33:16.389963" elapsed="0.000252"/>
</kw>
<kw name="Log" owner="BuiltIn">
<msg time="2025-06-05T18:33:16.390672" level="INFO">Bearer eyJhbGciOiJIUzI1NiIsInR5cCI6IkpXVCJ9.eyJlbWFpbCI6ImZ1bGFub0BxYS5jb20iLCJwYXNzd29yZCI6InRlc3RlIiwiaWF0IjoxNzQ5MTU5MTk2LCJleHAiOjE3NDkxNTk3OTZ9.HcIlTp81VCjmThPczkyJW3_OEaZkudooYKk6l1DZ9y4</msg>
<arg>${response.json()}[authorization]</arg>
<doc>Logs the given message with the given level.</doc>
<status status="PASS" start="2025-06-05T18:33:16.390312" elapsed="0.000397"/>
</kw>
<kw name="Set Variable" owner="BuiltIn">
<msg time="2025-06-05T18:33:16.391109" level="INFO">${token} = Bearer eyJhbGciOiJIUzI1NiIsInR5cCI6IkpXVCJ9.eyJlbWFpbCI6ImZ1bGFub0BxYS5jb20iLCJwYXNzd29yZCI6InRlc3RlIiwiaWF0IjoxNzQ5MTU5MTk2LCJleHAiOjE3NDkxNTk3OTZ9.HcIlTp81VCjmThPczkyJW3_OEaZkudooYKk6l1DZ9y4</msg>
<var>${token}</var>
<arg>${response.json()}[authorization]</arg>
<doc>Returns the given values which can then be assigned to a variables.</doc>
<status status="PASS" start="2025-06-05T18:33:16.390800" elapsed="0.000328"/>
</kw>
<kw name="Set Global Variable" owner="BuiltIn">
<msg time="2025-06-05T18:33:16.391366" level="INFO">${token} = Bearer eyJhbGciOiJIUzI1NiIsInR5cCI6IkpXVCJ9.eyJlbWFpbCI6ImZ1bGFub0BxYS5jb20iLCJwYXNzd29yZCI6InRlc3RlIiwiaWF0IjoxNzQ5MTU5MTk2LCJleHAiOjE3NDkxNTk3OTZ9.HcIlTp81VCjmThPczkyJW3_OEaZkudooYKk6l1DZ9y4</msg>
<arg>${token}</arg>
<doc>Makes a variable available globally in all tests and suites.</doc>
<status status="PASS" start="2025-06-05T18:33:16.391212" elapsed="0.000186"/>
</kw>
<return>
<value>${response}</value>
<status status="PASS" start="2025-06-05T18:33:16.391433" elapsed="0.000033"/>
</return>
<status status="PASS" start="2025-06-05T18:33:15.939307" elapsed="0.452238"/>
</kw>
<kw name="Criar sessão na Serverest" owner="resources_keywords">
<kw name="Create Dictionary" owner="BuiltIn">
<msg time="2025-06-05T18:33:16.392152" level="INFO">${headers} = {'accept': 'application/json', 'Content-Type': 'application/json', 'authorization': 'Bearer eyJhbGciOiJIUzI1NiIsInR5cCI6IkpXVCJ9.eyJlbWFpbCI6ImZ1bGFub0BxYS5jb20iLCJwYXNzd29yZCI6InRlc3RlIiwiaWF0IjoxNzQ...</msg>
<var>${headers}</var>
<arg>accept=application/json</arg>
<arg>Content-Type=application/json</arg>
<arg>authorization=${token}</arg>
<doc>Creates and returns a dictionary based on the given ``items``.</doc>
<status status="PASS" start="2025-06-05T18:33:16.391971" elapsed="0.000201"/>
</kw>
<kw name="Create Session" owner="RequestsLibrary">
<msg time="2025-06-05T18:33:16.392395" level="INFO">Creating Session using : alias=ServeRest, url=https://compassuol.serverest.dev, headers={'accept': 'application/json', 'Content-Type': 'application/json', 'authorization': 'Bearer eyJhbGciOiJIUzI1NiIsInR5cCI6IkpXVCJ9.eyJlbWFpbCI6ImZ1bGFub0BxYS5jb20iLCJwYXNzd29yZCI6InRlc3RlIiwiaWF0IjoxNzQ5MTU5MTk2LCJleHAiOjE3NDkxNTk3OTZ9.HcIlTp81VCjmThPczkyJW3_OEaZkudooYKk6l1DZ9y4'},                     cookies={}, auth=None, timeout=None, proxies=None, verify=False,                     debug=0 </msg>
<arg>ServeRest</arg>
<arg>${BASE_URL}</arg>
<arg>${headers}</arg>
<doc>Create Session: create a HTTP session to a server</doc>
<status status="PASS" start="2025-06-05T18:33:16.392254" elapsed="0.000271"/>
</kw>
<kw name="Log" owner="BuiltIn">
<msg time="2025-06-05T18:33:16.392694" level="INFO">Bearer eyJhbGciOiJIUzI1NiIsInR5cCI6IkpXVCJ9.eyJlbWFpbCI6ImZ1bGFub0BxYS5jb20iLCJwYXNzd29yZCI6InRlc3RlIiwiaWF0IjoxNzQ5MTU5MTk2LCJleHAiOjE3NDkxNTk3OTZ9.HcIlTp81VCjmThPczkyJW3_OEaZkudooYKk6l1DZ9y4</msg>
<arg>${headers}[authorization]</arg>
<doc>Logs the given message with the given level.</doc>
<status status="PASS" start="2025-06-05T18:33:16.392601" elapsed="0.000193"/>
</kw>
<status status="PASS" start="2025-06-05T18:33:16.391747" elapsed="0.001093"/>
</kw>
<kw name="POST Endpoint /produtos" owner="resources_keywords">
<kw name="Company" owner="FakerLibrary">
<msg time="2025-06-05T18:33:16.393626" level="INFO">${nome_produto} = Gonzalez and Sons</msg>
<var>${nome_produto}</var>
<doc>:example: 'Acme Ltd'</doc>
<status status="PASS" start="2025-06-05T18:33:16.393188" elapsed="0.000463"/>
</kw>
<kw name="Random Int" owner="FakerLibrary">
<msg time="2025-06-05T18:33:16.393909" level="INFO">${preco_produto} = 757</msg>
<var>${preco_produto}</var>
<arg>min=10</arg>
<arg>max=1000</arg>
<doc>Generate a random integer between two integers ``min`` and ``max`` inclusive
while observing the provided ``step`` value.</doc>
<status status="PASS" start="2025-06-05T18:33:16.393729" elapsed="0.000199"/>
</kw>
<kw name="Paragraph" owner="FakerLibrary">
<msg time="2025-06-05T18:33:16.394171" level="INFO">${descricao} = Ready exactly among dream.</msg>
<var>${descricao}</var>
<arg>nb_sentences=2</arg>
<doc>Generate a paragraph.</doc>
<status status="PASS" start="2025-06-05T18:33:16.394003" elapsed="0.000188"/>
</kw>
<kw name="Random Int" owner="FakerLibrary">
<msg time="2025-06-05T18:33:16.394404" level="INFO">${quantidade} = 10</msg>
<var>${quantidade}</var>
<arg>min=1</arg>
<arg>max=100</arg>
<doc>Generate a random integer between two integers ``min`` and ``max`` inclusive
while observing the provided ``step`` value.</doc>
<status status="PASS" start="2025-06-05T18:33:16.394264" elapsed="0.000158"/>
</kw>
<kw name="Create Dictionary" owner="BuiltIn">
<msg time="2025-06-05T18:33:16.394758" level="INFO">${body} = {'nome': 'Gonzalez and Sons', 'preco': 757, 'descricao': 'Ready exactly among dream.', 'quantidade': 10}</msg>
<var>${body}</var>
<arg>nome=${nome_produto}</arg>
<arg>preco=${preco_produto}</arg>
<arg>descricao=${descricao}</arg>
<arg>quantidade=${quantidade}</arg>
<doc>Creates and returns a dictionary based on the given ``items``.</doc>
<status status="PASS" start="2025-06-05T18:33:16.394502" elapsed="0.000273"/>
</kw>
<kw name="POST On Session" owner="RequestsLibrary">
<msg time="2025-06-05T18:33:16.970939" level="INFO">POST Request : url=https://compassuol.serverest.dev/produtos 
 path_url=/produtos 
 headers={'User-Agent': 'python-requests/2.25.1', 'Accept-Encoding': 'gzip, deflate', 'accept': 'application/json', 'Connection': 'keep-alive', 'Content-Type': 'application/json', 'authorization': 'Bearer eyJhbGciOiJIUzI1NiIsInR5cCI6IkpXVCJ9.eyJlbWFpbCI6ImZ1bGFub0BxYS5jb20iLCJwYXNzd29yZCI6InRlc3RlIiwiaWF0IjoxNzQ5MTU5MTk2LCJleHAiOjE3NDkxNTk3OTZ9.HcIlTp81VCjmThPczkyJW3_OEaZkudooYKk6l1DZ9y4', 'Content-Length': '104'} 
 body=b'{"nome": "Gonzalez and Sons", "preco": 757, "descricao": "Ready exactly among dream.", "quantidade": 10}' 
 </msg>
<msg time="2025-06-05T18:33:16.971066" level="INFO">POST Response : url=https://compassuol.serverest.dev/produtos 
 status=201, reason=Created 
 headers={'access-control-allow-origin': '*', 'x-dns-prefetch-control': 'off', 'x-frame-options': 'SAMEORIGIN', 'strict-transport-security': 'max-age=15552000; includeSubDomains', 'x-download-options': 'noopen', 'x-content-type-options': 'nosniff', 'x-xss-protection': '1; mode=block', 'content-type': 'application/json; charset=utf-8', 'x-cloud-trace-context': 'fc8a059e830cdaccd5dd217d29f8d859', 'date': 'Thu, 05 Jun 2025 21:33:16 GMT', 'server': 'Google Frontend', 'Content-Length': '82'} 
 body={
    "message": "Cadastro realizado com sucesso",
    "_id": "f1aag6hkmNkOZVJb"
} 
 </msg>
<msg time="2025-06-05T18:33:16.971158" level="INFO">/usr/lib/python3/dist-packages/urllib3/connectionpool.py:1020: InsecureRequestWarning: Unverified HTTPS request is being made to host 'compassuol.serverest.dev'. Adding certificate verification is strongly advised. See: https://urllib3.readthedocs.io/en/latest/advanced-usage.html#ssl-warnings
  warnings.warn(</msg>
<msg time="2025-06-05T18:33:16.971423" level="INFO">${response} = &lt;Response [201]&gt;</msg>
<var>${response}</var>
<arg>ServeRest</arg>
<arg>/produtos</arg>
<arg>json=${body}</arg>
<doc>Sends a POST request on a previously created HTTP Session.</doc>
<status status="PASS" start="2025-06-05T18:33:16.394852" elapsed="0.576598"/>
</kw>
<kw name="Log" owner="BuiltIn">
<msg time="2025-06-05T18:33:16.972159" level="INFO">Cadastro realizado com sucesso</msg>
<arg>${response.json()}[message]</arg>
<doc>Logs the given message with the given level.</doc>
<status status="PASS" start="2025-06-05T18:33:16.971652" elapsed="0.000547"/>
</kw>
<return>
<value>${response}</value>
<status status="PASS" start="2025-06-05T18:33:16.972240" elapsed="0.000034"/>
</return>
<msg time="2025-06-05T18:33:16.972393" level="INFO">${response_produto} = &lt;Response [201]&gt;</msg>
<var>${response_produto}</var>
<status status="PASS" start="2025-06-05T18:33:16.393018" elapsed="0.579406"/>
</kw>
<kw name="Set Variable" owner="BuiltIn">
<msg time="2025-06-05T18:33:16.973008" level="INFO">${id_produto} = f1aag6hkmNkOZVJb</msg>
<var>${id_produto}</var>
<arg>${response_produto.json()}[_id]</arg>
<doc>Returns the given values which can then be assigned to a variables.</doc>
<status status="PASS" start="2025-06-05T18:33:16.972685" elapsed="0.000343"/>
</kw>
<kw name="DELETE Endpoint /carrinhos/cancelar-compra" owner="resources_keywords">
<kw name="DELETE On Session" owner="RequestsLibrary">
<msg time="2025-06-05T18:33:17.175468" level="INFO">DELETE Request : url=https://compassuol.serverest.dev/carrinhos/cancelar-compra 
 path_url=/carrinhos/cancelar-compra 
 headers={'User-Agent': 'python-requests/2.25.1', 'Accept-Encoding': 'gzip, deflate', 'accept': 'application/json', 'Connection': 'keep-alive', 'Content-Type': 'application/json', 'authorization': 'Bearer eyJhbGciOiJIUzI1NiIsInR5cCI6IkpXVCJ9.eyJlbWFpbCI6ImZ1bGFub0BxYS5jb20iLCJwYXNzd29yZCI6InRlc3RlIiwiaWF0IjoxNzQ5MTU5MTk2LCJleHAiOjE3NDkxNTk3OTZ9.HcIlTp81VCjmThPczkyJW3_OEaZkudooYKk6l1DZ9y4', 'Content-Length': '0'} 
 body=None 
 </msg>
<msg time="2025-06-05T18:33:17.175622" level="INFO">DELETE Response : url=https://compassuol.serverest.dev/carrinhos/cancelar-compra 
 status=200, reason=OK 
 headers={'access-control-allow-origin': '*', 'x-dns-prefetch-control': 'off', 'x-frame-options': 'SAMEORIGIN', 'strict-transport-security': 'max-age=15552000; includeSubDomains', 'x-download-options': 'noopen', 'x-content-type-options': 'nosniff', 'x-xss-protection': '1; mode=block', 'content-type': 'application/json; charset=utf-8', 'x-cloud-trace-context': '41447f3f8269a504d5dd217d29f8d23f', 'date': 'Thu, 05 Jun 2025 21:33:16 GMT', 'server': 'Google Frontend', 'Content-Length': '86'} 
 body={
    "message": "Registro excluído com sucesso. Estoque dos produtos reabastecido"
} 
 </msg>
<msg time="2025-06-05T18:33:17.175720" level="INFO">/usr/lib/python3/dist-packages/urllib3/connectionpool.py:1020: InsecureRequestWarning: Unverified HTTPS request is being made to host 'compassuol.serverest.dev'. Adding certificate verification is strongly advised. See: https://urllib3.readthedocs.io/en/latest/advanced-usage.html#ssl-warnings
  warnings.warn(</msg>
<msg time="2025-06-05T18:33:17.175967" level="INFO">${response} = &lt;Response [200]&gt;</msg>
<var>${response}</var>
<arg>ServeRest</arg>
<arg>/carrinhos/cancelar-compra</arg>
<doc>Sends a DELETE request on a previously created HTTP Session.</doc>
<status status="PASS" start="2025-06-05T18:33:16.973400" elapsed="0.202594"/>
</kw>
<kw name="Log" owner="BuiltIn">
<msg time="2025-06-05T18:33:17.176647" level="INFO">Registro excluído com sucesso. Estoque dos produtos reabastecido</msg>
<arg>${response.json()}[message]</arg>
<doc>Logs the given message with the given level.</doc>
<status status="PASS" start="2025-06-05T18:33:17.176179" elapsed="0.000512"/>
</kw>
<return>
<value>${response}</value>
<status status="PASS" start="2025-06-05T18:33:17.176732" elapsed="0.000034"/>
</return>
<status status="PASS" start="2025-06-05T18:33:16.973210" elapsed="0.203724"/>
</kw>
<kw name="POST Endpoint /carrinhos" owner="resources_keywords">
<kw name="Random Int" owner="FakerLibrary">
<msg time="2025-06-05T18:33:17.177729" level="INFO">${quantidade} = 5</msg>
<var>${quantidade}</var>
<arg>min=1</arg>
<arg>max=5</arg>
<doc>Generate a random integer between two integers ``min`` and ``max`` inclusive
while observing the provided ``step`` value.</doc>
<status status="PASS" start="2025-06-05T18:33:17.177536" elapsed="0.000214"/>
</kw>
<kw name="Create Dictionary" owner="BuiltIn">
<msg time="2025-06-05T18:33:17.178169" level="INFO">${body} = {'produtos': []}</msg>
<var>${body}</var>
<arg>produtos=@{EMPTY}</arg>
<doc>Creates and returns a dictionary based on the given ``items``.</doc>
<status status="PASS" start="2025-06-05T18:33:17.177839" elapsed="0.000349"/>
</kw>
<kw name="Create Dictionary" owner="BuiltIn">
<msg time="2025-06-05T18:33:17.178449" level="INFO">${produto} = {'idProduto': 'f1aag6hkmNkOZVJb', 'quantidade': 5}</msg>
<var>${produto}</var>
<arg>idProduto=${id_produto}</arg>
<arg>quantidade=${quantidade}</arg>
<doc>Creates and returns a dictionary based on the given ``items``.</doc>
<status status="PASS" start="2025-06-05T18:33:17.178264" elapsed="0.000205"/>
</kw>
<kw name="Append To List" owner="Collections">
<arg>${body.produtos}</arg>
<arg>${produto}</arg>
<doc>Adds ``values`` to the end of ``list``.</doc>
<status status="PASS" start="2025-06-05T18:33:17.178545" elapsed="0.000281"/>
</kw>
<kw name="POST On Session" owner="RequestsLibrary">
<msg time="2025-06-05T18:33:17.388473" level="INFO">POST Request : url=https://compassuol.serverest.dev/carrinhos 
 path_url=/carrinhos 
 headers={'User-Agent': 'python-requests/2.25.1', 'Accept-Encoding': 'gzip, deflate', 'accept': 'application/json', 'Connection': 'keep-alive', 'Content-Type': 'application/json', 'authorization': 'Bearer eyJhbGciOiJIUzI1NiIsInR5cCI6IkpXVCJ9.eyJlbWFpbCI6ImZ1bGFub0BxYS5jb20iLCJwYXNzd29yZCI6InRlc3RlIiwiaWF0IjoxNzQ5MTU5MTk2LCJleHAiOjE3NDkxNTk3OTZ9.HcIlTp81VCjmThPczkyJW3_OEaZkudooYKk6l1DZ9y4', 'Content-Length': '66'} 
 body=b'{"produtos": [{"idProduto": "f1aag6hkmNkOZVJb", "quantidade": 5}]}' 
 </msg>
<msg time="2025-06-05T18:33:17.388571" level="INFO">POST Response : url=https://compassuol.serverest.dev/carrinhos 
 status=201, reason=Created 
 headers={'access-control-allow-origin': '*', 'x-dns-prefetch-control': 'off', 'x-frame-options': 'SAMEORIGIN', 'strict-transport-security': 'max-age=15552000; includeSubDomains', 'x-download-options': 'noopen', 'x-content-type-options': 'nosniff', 'x-xss-protection': '1; mode=block', 'content-type': 'application/json; charset=utf-8', 'x-cloud-trace-context': 'ec8eb3b241aac4d2d5dd217d29f8d815', 'date': 'Thu, 05 Jun 2025 21:33:17 GMT', 'server': 'Google Frontend', 'Content-Length': '82'} 
 body={
    "message": "Cadastro realizado com sucesso",
    "_id": "bPNklKKG0iYKEDWV"
} 
 </msg>
<msg time="2025-06-05T18:33:17.388650" level="INFO">/usr/lib/python3/dist-packages/urllib3/connectionpool.py:1020: InsecureRequestWarning: Unverified HTTPS request is being made to host 'compassuol.serverest.dev'. Adding certificate verification is strongly advised. See: https://urllib3.readthedocs.io/en/latest/advanced-usage.html#ssl-warnings
  warnings.warn(</msg>
<msg time="2025-06-05T18:33:17.388828" level="INFO">${response} = &lt;Response [201]&gt;</msg>
<var>${response}</var>
<arg>ServeRest</arg>
<arg>/carrinhos</arg>
<arg>json=${body}</arg>
<doc>Sends a POST request on a previously created HTTP Session.</doc>
<status status="PASS" start="2025-06-05T18:33:17.178902" elapsed="0.209956"/>
</kw>
<kw name="Log" owner="BuiltIn">
<msg time="2025-06-05T18:33:17.389466" level="INFO">Cadastro realizado com sucesso</msg>
<arg>${response.json()}[message]</arg>
<doc>Logs the given message with the given level.</doc>
<status status="PASS" start="2025-06-05T18:33:17.389037" elapsed="0.000465"/>
</kw>
<return>
<value>${response}</value>
<status status="PASS" start="2025-06-05T18:33:17.389540" elapsed="0.000032"/>
</return>
<msg time="2025-06-05T18:33:17.389673" level="INFO">${response} = &lt;Response [201]&gt;</msg>
<var>${response}</var>
<arg>${id_produto}</arg>
<status status="PASS" start="2025-06-05T18:33:17.177287" elapsed="0.212404"/>
</kw>
<kw name="Should Be Equal As Strings" owner="BuiltIn">
<msg time="2025-06-05T18:33:17.390105" level="INFO">Argument types are:
&lt;class 'int'&gt;
&lt;class 'str'&gt;</msg>
<arg>${response.status_code}</arg>
<arg>201</arg>
<doc>Fails if objects are unequal after converting them to strings.</doc>
<status status="PASS" start="2025-06-05T18:33:17.389832" elapsed="0.000313"/>
</kw>
<kw name="Should Be Equal As Strings" owner="BuiltIn">
<arg>${response.json()}[message]</arg>
<arg>Cadastro realizado com sucesso</arg>
<doc>Fails if objects are unequal after converting them to strings.</doc>
<status status="PASS" start="2025-06-05T18:33:17.390259" elapsed="0.000281"/>
</kw>
<status status="PASS" start="2025-06-05T18:33:15.938977" elapsed="1.451691"/>
</test>
<test id="s1-s2-t3" name="Cenário 03: Cancelar compra" line="25">
<kw name="POST Endpoint /login" owner="resources_keywords">
<kw name="Create Dictionary" owner="BuiltIn">
<msg time="2025-06-05T18:33:17.391546" level="INFO">${body} = {'email': 'fulano@qa.com', 'password': 'teste'}</msg>
<var>${body}</var>
<arg>email=${email}</arg>
<arg>password=${password}</arg>
<doc>Creates and returns a dictionary based on the given ``items``.</doc>
<status status="PASS" start="2025-06-05T18:33:17.391360" elapsed="0.000204"/>
</kw>
<kw name="Create Dictionary" owner="BuiltIn">
<msg time="2025-06-05T18:33:17.391748" level="INFO">${header} = {'accept': 'application/json', 'Content-Type': 'application/json'}</msg>
<var>${header}</var>
<arg>accept=application/json</arg>
<arg>Content-Type=application/json</arg>
<doc>Creates and returns a dictionary based on the given ``items``.</doc>
<status status="PASS" start="2025-06-05T18:33:17.391638" elapsed="0.000130"/>
</kw>
<kw name="POST" owner="RequestsLibrary">
<msg time="2025-06-05T18:33:17.864276" level="INFO">POST Request : url=https://compassuol.serverest.dev/login 
 path_url=/login 
 headers={'User-Agent': 'python-requests/2.25.1', 'Accept-Encoding': 'gzip, deflate', 'accept': 'application/json', 'Connection': 'keep-alive', 'Content-Type': 'application/json', 'Content-Length': '47'} 
 body=b'{"email": "fulano@qa.com", "password": "teste"}' 
 </msg>
<msg time="2025-06-05T18:33:17.864373" level="INFO">POST Response : url=https://compassuol.serverest.dev/login 
 status=200, reason=OK 
 headers={'access-control-allow-origin': '*', 'x-dns-prefetch-control': 'off', 'x-frame-options': 'SAMEORIGIN', 'strict-transport-security': 'max-age=15552000; includeSubDomains', 'x-download-options': 'noopen', 'x-content-type-options': 'nosniff', 'x-xss-protection': '1; mode=block', 'content-type': 'application/json; charset=utf-8', 'x-cloud-trace-context': 'a4aa44ade012275ce801c864244ea211', 'date': 'Thu, 05 Jun 2025 21:33:17 GMT', 'server': 'Google Frontend', 'Content-Length': '265'} 
 body={
    "message": "Login realizado com sucesso",
    "authorization": "Bearer eyJhbGciOiJIUzI1NiIsInR5cCI6IkpXVCJ9.eyJlbWFpbCI6ImZ1bGFub0BxYS5jb20iLCJwYXNzd29yZCI6InRlc3RlIiwiaWF0IjoxNzQ5MTU5MTk3LCJleHAiOjE3NDkxNTk3OTd9.1D09-zHAd7WhDzjqbUh0qQu1XJXOj1M8dAUmTNnsQ-I"
} 
 </msg>
<msg time="2025-06-05T18:33:17.864636" level="INFO">${response} = &lt;Response [200]&gt;</msg>
<var>${response}</var>
<arg>url=${BASE_URL}/login</arg>
<arg>json=${body}</arg>
<arg>headers=${header}</arg>
<doc>Sends a POST request.</doc>
<status status="PASS" start="2025-06-05T18:33:17.391841" elapsed="0.472818"/>
</kw>
<kw name="Set Global Variable" owner="BuiltIn">
<msg time="2025-06-05T18:33:17.865062" level="INFO">${response} = &lt;Response [200]&gt;</msg>
<arg>${response}</arg>
<doc>Makes a variable available globally in all tests and suites.</doc>
<status status="PASS" start="2025-06-05T18:33:17.864827" elapsed="0.000269"/>
</kw>
<kw name="Log" owner="BuiltIn">
<msg time="2025-06-05T18:33:17.865502" level="INFO">Bearer eyJhbGciOiJIUzI1NiIsInR5cCI6IkpXVCJ9.eyJlbWFpbCI6ImZ1bGFub0BxYS5jb20iLCJwYXNzd29yZCI6InRlc3RlIiwiaWF0IjoxNzQ5MTU5MTk3LCJleHAiOjE3NDkxNTk3OTd9.1D09-zHAd7WhDzjqbUh0qQu1XJXOj1M8dAUmTNnsQ-I</msg>
<arg>${response.json()}[authorization]</arg>
<doc>Logs the given message with the given level.</doc>
<status status="PASS" start="2025-06-05T18:33:17.865173" elapsed="0.000437"/>
</kw>
<kw name="Set Variable" owner="BuiltIn">
<msg time="2025-06-05T18:33:17.865983" level="INFO">${token} = Bearer eyJhbGciOiJIUzI1NiIsInR5cCI6IkpXVCJ9.eyJlbWFpbCI6ImZ1bGFub0BxYS5jb20iLCJwYXNzd29yZCI6InRlc3RlIiwiaWF0IjoxNzQ5MTU5MTk3LCJleHAiOjE3NDkxNTk3OTd9.1D09-zHAd7WhDzjqbUh0qQu1XJXOj1M8dAUmTNnsQ-I</msg>
<var>${token}</var>
<arg>${response.json()}[authorization]</arg>
<doc>Returns the given values which can then be assigned to a variables.</doc>
<status status="PASS" start="2025-06-05T18:33:17.865692" elapsed="0.000311"/>
</kw>
<kw name="Set Global Variable" owner="BuiltIn">
<msg time="2025-06-05T18:33:17.866205" level="INFO">${token} = Bearer eyJhbGciOiJIUzI1NiIsInR5cCI6IkpXVCJ9.eyJlbWFpbCI6ImZ1bGFub0BxYS5jb20iLCJwYXNzd29yZCI6InRlc3RlIiwiaWF0IjoxNzQ5MTU5MTk3LCJleHAiOjE3NDkxNTk3OTd9.1D09-zHAd7WhDzjqbUh0qQu1XJXOj1M8dAUmTNnsQ-I</msg>
<arg>${token}</arg>
<doc>Makes a variable available globally in all tests and suites.</doc>
<status status="PASS" start="2025-06-05T18:33:17.866079" elapsed="0.000154"/>
</kw>
<return>
<value>${response}</value>
<status status="PASS" start="2025-06-05T18:33:17.866267" elapsed="0.000030"/>
</return>
<status status="PASS" start="2025-06-05T18:33:17.391165" elapsed="0.475207"/>
</kw>
<kw name="Criar sessão na Serverest" owner="resources_keywords">
<kw name="Create Dictionary" owner="BuiltIn">
<msg time="2025-06-05T18:33:17.866952" level="INFO">${headers} = {'accept': 'application/json', 'Content-Type': 'application/json', 'authorization': 'Bearer eyJhbGciOiJIUzI1NiIsInR5cCI6IkpXVCJ9.eyJlbWFpbCI6ImZ1bGFub0BxYS5jb20iLCJwYXNzd29yZCI6InRlc3RlIiwiaWF0IjoxNzQ...</msg>
<var>${headers}</var>
<arg>accept=application/json</arg>
<arg>Content-Type=application/json</arg>
<arg>authorization=${token}</arg>
<doc>Creates and returns a dictionary based on the given ``items``.</doc>
<status status="PASS" start="2025-06-05T18:33:17.866772" elapsed="0.000201"/>
</kw>
<kw name="Create Session" owner="RequestsLibrary">
<msg time="2025-06-05T18:33:17.867192" level="INFO">Creating Session using : alias=ServeRest, url=https://compassuol.serverest.dev, headers={'accept': 'application/json', 'Content-Type': 'application/json', 'authorization': 'Bearer eyJhbGciOiJIUzI1NiIsInR5cCI6IkpXVCJ9.eyJlbWFpbCI6ImZ1bGFub0BxYS5jb20iLCJwYXNzd29yZCI6InRlc3RlIiwiaWF0IjoxNzQ5MTU5MTk3LCJleHAiOjE3NDkxNTk3OTd9.1D09-zHAd7WhDzjqbUh0qQu1XJXOj1M8dAUmTNnsQ-I'},                     cookies={}, auth=None, timeout=None, proxies=None, verify=False,                     debug=0 </msg>
<arg>ServeRest</arg>
<arg>${BASE_URL}</arg>
<arg>${headers}</arg>
<doc>Create Session: create a HTTP session to a server</doc>
<status status="PASS" start="2025-06-05T18:33:17.867049" elapsed="0.000286"/>
</kw>
<kw name="Log" owner="BuiltIn">
<msg time="2025-06-05T18:33:17.867505" level="INFO">Bearer eyJhbGciOiJIUzI1NiIsInR5cCI6IkpXVCJ9.eyJlbWFpbCI6ImZ1bGFub0BxYS5jb20iLCJwYXNzd29yZCI6InRlc3RlIiwiaWF0IjoxNzQ5MTU5MTk3LCJleHAiOjE3NDkxNTk3OTd9.1D09-zHAd7WhDzjqbUh0qQu1XJXOj1M8dAUmTNnsQ-I</msg>
<arg>${headers}[authorization]</arg>
<doc>Logs the given message with the given level.</doc>
<status status="PASS" start="2025-06-05T18:33:17.867412" elapsed="0.000122"/>
</kw>
<status status="PASS" start="2025-06-05T18:33:17.866551" elapsed="0.001020"/>
</kw>
<kw name="DELETE Endpoint /carrinhos/cancelar-compra" owner="resources_keywords">
<kw name="DELETE On Session" owner="RequestsLibrary">
<msg time="2025-06-05T18:33:18.267517" level="INFO">DELETE Request : url=https://compassuol.serverest.dev/carrinhos/cancelar-compra 
 path_url=/carrinhos/cancelar-compra 
 headers={'User-Agent': 'python-requests/2.25.1', 'Accept-Encoding': 'gzip, deflate', 'accept': 'application/json', 'Connection': 'keep-alive', 'Content-Type': 'application/json', 'authorization': 'Bearer eyJhbGciOiJIUzI1NiIsInR5cCI6IkpXVCJ9.eyJlbWFpbCI6ImZ1bGFub0BxYS5jb20iLCJwYXNzd29yZCI6InRlc3RlIiwiaWF0IjoxNzQ5MTU5MTk3LCJleHAiOjE3NDkxNTk3OTd9.1D09-zHAd7WhDzjqbUh0qQu1XJXOj1M8dAUmTNnsQ-I', 'Content-Length': '0'} 
 body=None 
 </msg>
<msg time="2025-06-05T18:33:18.267630" level="INFO">DELETE Response : url=https://compassuol.serverest.dev/carrinhos/cancelar-compra 
 status=200, reason=OK 
 headers={'access-control-allow-origin': '*', 'x-dns-prefetch-control': 'off', 'x-frame-options': 'SAMEORIGIN', 'strict-transport-security': 'max-age=15552000; includeSubDomains', 'x-download-options': 'noopen', 'x-content-type-options': 'nosniff', 'x-xss-protection': '1; mode=block', 'content-type': 'application/json; charset=utf-8', 'x-cloud-trace-context': '95ead9b3dc202964ad5c3a003a7a269f', 'date': 'Thu, 05 Jun 2025 21:33:18 GMT', 'server': 'Google Frontend', 'Content-Length': '86'} 
 body={
    "message": "Registro excluído com sucesso. Estoque dos produtos reabastecido"
} 
 </msg>
<msg time="2025-06-05T18:33:18.267688" level="INFO">/usr/lib/python3/dist-packages/urllib3/connectionpool.py:1020: InsecureRequestWarning: Unverified HTTPS request is being made to host 'compassuol.serverest.dev'. Adding certificate verification is strongly advised. See: https://urllib3.readthedocs.io/en/latest/advanced-usage.html#ssl-warnings
  warnings.warn(</msg>
<msg time="2025-06-05T18:33:18.267831" level="INFO">${response} = &lt;Response [200]&gt;</msg>
<var>${response}</var>
<arg>ServeRest</arg>
<arg>/carrinhos/cancelar-compra</arg>
<doc>Sends a DELETE request on a previously created HTTP Session.</doc>
<status status="PASS" start="2025-06-05T18:33:17.867910" elapsed="0.399945"/>
</kw>
<kw name="Log" owner="BuiltIn">
<msg time="2025-06-05T18:33:18.268468" level="INFO">Registro excluído com sucesso. Estoque dos produtos reabastecido</msg>
<arg>${response.json()}[message]</arg>
<doc>Logs the given message with the given level.</doc>
<status status="PASS" start="2025-06-05T18:33:18.268025" elapsed="0.000484"/>
</kw>
<return>
<value>${response}</value>
<status status="PASS" start="2025-06-05T18:33:18.268550" elapsed="0.000034"/>
</return>
<msg time="2025-06-05T18:33:18.268693" level="INFO">${response} = &lt;Response [200]&gt;</msg>
<var>${response}</var>
<status status="PASS" start="2025-06-05T18:33:17.867740" elapsed="0.400972"/>
</kw>
<kw name="Should Be Equal As Strings" owner="BuiltIn">
<msg time="2025-06-05T18:33:18.269133" level="INFO">Argument types are:
&lt;class 'int'&gt;
&lt;class 'str'&gt;</msg>
<arg>${response.status_code}</arg>
<arg>200</arg>
<doc>Fails if objects are unequal after converting them to strings.</doc>
<status status="PASS" start="2025-06-05T18:33:18.268869" elapsed="0.000305"/>
</kw>
<kw name="Should Be Equal As Strings" owner="BuiltIn">
<arg>${response.json()}[message]</arg>
<arg>Registro excluído com sucesso. Estoque dos produtos reabastecido</arg>
<doc>Fails if objects are unequal after converting them to strings.</doc>
<status status="PASS" start="2025-06-05T18:33:18.269298" elapsed="0.000304"/>
</kw>
<status status="PASS" start="2025-06-05T18:33:17.390868" elapsed="0.878865"/>
</test>
<test id="s1-s2-t4" name="Cenário 04: Concluir compra" line="32">
<kw name="POST Endpoint /login" owner="resources_keywords">
<kw name="Create Dictionary" owner="BuiltIn">
<msg time="2025-06-05T18:33:18.270797" level="INFO">${body} = {'email': 'fulano@qa.com', 'password': 'teste'}</msg>
<var>${body}</var>
<arg>email=${email}</arg>
<arg>password=${password}</arg>
<doc>Creates and returns a dictionary based on the given ``items``.</doc>
<status status="PASS" start="2025-06-05T18:33:18.270432" elapsed="0.000384"/>
</kw>
<kw name="Create Dictionary" owner="BuiltIn">
<msg time="2025-06-05T18:33:18.271012" level="INFO">${header} = {'accept': 'application/json', 'Content-Type': 'application/json'}</msg>
<var>${header}</var>
<arg>accept=application/json</arg>
<arg>Content-Type=application/json</arg>
<doc>Creates and returns a dictionary based on the given ``items``.</doc>
<status status="PASS" start="2025-06-05T18:33:18.270898" elapsed="0.000133"/>
</kw>
<kw name="POST" owner="RequestsLibrary">
<msg time="2025-06-05T18:33:18.736539" level="INFO">POST Request : url=https://compassuol.serverest.dev/login 
 path_url=/login 
 headers={'User-Agent': 'python-requests/2.25.1', 'Accept-Encoding': 'gzip, deflate', 'accept': 'application/json', 'Connection': 'keep-alive', 'Content-Type': 'application/json', 'Content-Length': '47'} 
 body=b'{"email": "fulano@qa.com", "password": "teste"}' 
 </msg>
<msg time="2025-06-05T18:33:18.736683" level="INFO">POST Response : url=https://compassuol.serverest.dev/login 
 status=200, reason=OK 
 headers={'access-control-allow-origin': '*', 'x-dns-prefetch-control': 'off', 'x-frame-options': 'SAMEORIGIN', 'strict-transport-security': 'max-age=15552000; includeSubDomains', 'x-download-options': 'noopen', 'x-content-type-options': 'nosniff', 'x-xss-protection': '1; mode=block', 'content-type': 'application/json; charset=utf-8', 'x-cloud-trace-context': 'f5ee09f1c939bdfcbc581211afe8ec28', 'date': 'Thu, 05 Jun 2025 21:33:18 GMT', 'server': 'Google Frontend', 'Content-Length': '265'} 
 body={
    "message": "Login realizado com sucesso",
    "authorization": "Bearer eyJhbGciOiJIUzI1NiIsInR5cCI6IkpXVCJ9.eyJlbWFpbCI6ImZ1bGFub0BxYS5jb20iLCJwYXNzd29yZCI6InRlc3RlIiwiaWF0IjoxNzQ5MTU5MTk4LCJleHAiOjE3NDkxNTk3OTh9.QvW8V_c0SRunfDOescBRohHsqtyHUaheOxqdeCNa13g"
} 
 </msg>
<msg time="2025-06-05T18:33:18.737021" level="INFO">${response} = &lt;Response [200]&gt;</msg>
<var>${response}</var>
<arg>url=${BASE_URL}/login</arg>
<arg>json=${body}</arg>
<arg>headers=${header}</arg>
<doc>Sends a POST request.</doc>
<status status="PASS" start="2025-06-05T18:33:18.271164" elapsed="0.465893"/>
</kw>
<kw name="Set Global Variable" owner="BuiltIn">
<msg time="2025-06-05T18:33:18.737535" level="INFO">${response} = &lt;Response [200]&gt;</msg>
<arg>${response}</arg>
<doc>Makes a variable available globally in all tests and suites.</doc>
<status status="PASS" start="2025-06-05T18:33:18.737278" elapsed="0.000292"/>
</kw>
<kw name="Log" owner="BuiltIn">
<msg time="2025-06-05T18:33:18.738054" level="INFO">Bearer eyJhbGciOiJIUzI1NiIsInR5cCI6IkpXVCJ9.eyJlbWFpbCI6ImZ1bGFub0BxYS5jb20iLCJwYXNzd29yZCI6InRlc3RlIiwiaWF0IjoxNzQ5MTU5MTk4LCJleHAiOjE3NDkxNTk3OTh9.QvW8V_c0SRunfDOescBRohHsqtyHUaheOxqdeCNa13g</msg>
<arg>${response.json()}[authorization]</arg>
<doc>Logs the given message with the given level.</doc>
<status status="PASS" start="2025-06-05T18:33:18.737672" elapsed="0.000420"/>
</kw>
<kw name="Set Variable" owner="BuiltIn">
<msg time="2025-06-05T18:33:18.738544" level="INFO">${token} = Bearer eyJhbGciOiJIUzI1NiIsInR5cCI6IkpXVCJ9.eyJlbWFpbCI6ImZ1bGFub0BxYS5jb20iLCJwYXNzd29yZCI6InRlc3RlIiwiaWF0IjoxNzQ5MTU5MTk4LCJleHAiOjE3NDkxNTk3OTh9.QvW8V_c0SRunfDOescBRohHsqtyHUaheOxqdeCNa13g</msg>
<var>${token}</var>
<arg>${response.json()}[authorization]</arg>
<doc>Returns the given values which can then be assigned to a variables.</doc>
<status status="PASS" start="2025-06-05T18:33:18.738206" elapsed="0.000358"/>
</kw>
<kw name="Set Global Variable" owner="BuiltIn">
<msg time="2025-06-05T18:33:18.738807" level="INFO">${token} = Bearer eyJhbGciOiJIUzI1NiIsInR5cCI6IkpXVCJ9.eyJlbWFpbCI6ImZ1bGFub0BxYS5jb20iLCJwYXNzd29yZCI6InRlc3RlIiwiaWF0IjoxNzQ5MTU5MTk4LCJleHAiOjE3NDkxNTk3OTh9.QvW8V_c0SRunfDOescBRohHsqtyHUaheOxqdeCNa13g</msg>
<arg>${token}</arg>
<doc>Makes a variable available globally in all tests and suites.</doc>
<status status="PASS" start="2025-06-05T18:33:18.738668" elapsed="0.000168"/>
</kw>
<return>
<value>${response}</value>
<status status="PASS" start="2025-06-05T18:33:18.738870" elapsed="0.000034"/>
</return>
<status status="PASS" start="2025-06-05T18:33:18.270229" elapsed="0.468752"/>
</kw>
<kw name="Criar sessão na Serverest" owner="resources_keywords">
<kw name="Create Dictionary" owner="BuiltIn">
<msg time="2025-06-05T18:33:18.739544" level="INFO">${headers} = {'accept': 'application/json', 'Content-Type': 'application/json', 'authorization': 'Bearer eyJhbGciOiJIUzI1NiIsInR5cCI6IkpXVCJ9.eyJlbWFpbCI6ImZ1bGFub0BxYS5jb20iLCJwYXNzd29yZCI6InRlc3RlIiwiaWF0IjoxNzQ...</msg>
<var>${headers}</var>
<arg>accept=application/json</arg>
<arg>Content-Type=application/json</arg>
<arg>authorization=${token}</arg>
<doc>Creates and returns a dictionary based on the given ``items``.</doc>
<status status="PASS" start="2025-06-05T18:33:18.739373" elapsed="0.000190"/>
</kw>
<kw name="Create Session" owner="RequestsLibrary">
<msg time="2025-06-05T18:33:18.739806" level="INFO">Creating Session using : alias=ServeRest, url=https://compassuol.serverest.dev, headers={'accept': 'application/json', 'Content-Type': 'application/json', 'authorization': 'Bearer eyJhbGciOiJIUzI1NiIsInR5cCI6IkpXVCJ9.eyJlbWFpbCI6ImZ1bGFub0BxYS5jb20iLCJwYXNzd29yZCI6InRlc3RlIiwiaWF0IjoxNzQ5MTU5MTk4LCJleHAiOjE3NDkxNTk3OTh9.QvW8V_c0SRunfDOescBRohHsqtyHUaheOxqdeCNa13g'},                     cookies={}, auth=None, timeout=None, proxies=None, verify=False,                     debug=0 </msg>
<arg>ServeRest</arg>
<arg>${BASE_URL}</arg>
<arg>${headers}</arg>
<doc>Create Session: create a HTTP session to a server</doc>
<status status="PASS" start="2025-06-05T18:33:18.739654" elapsed="0.000285"/>
</kw>
<kw name="Log" owner="BuiltIn">
<msg time="2025-06-05T18:33:18.740114" level="INFO">Bearer eyJhbGciOiJIUzI1NiIsInR5cCI6IkpXVCJ9.eyJlbWFpbCI6ImZ1bGFub0BxYS5jb20iLCJwYXNzd29yZCI6InRlc3RlIiwiaWF0IjoxNzQ5MTU5MTk4LCJleHAiOjE3NDkxNTk3OTh9.QvW8V_c0SRunfDOescBRohHsqtyHUaheOxqdeCNa13g</msg>
<arg>${headers}[authorization]</arg>
<doc>Logs the given message with the given level.</doc>
<status status="PASS" start="2025-06-05T18:33:18.740018" elapsed="0.000125"/>
</kw>
<status status="PASS" start="2025-06-05T18:33:18.739185" elapsed="0.000995"/>
</kw>
<kw name="POST Endpoint /produtos" owner="resources_keywords">
<kw name="Company" owner="FakerLibrary">
<msg time="2025-06-05T18:33:18.740745" level="INFO">${nome_produto} = Howard PLC</msg>
<var>${nome_produto}</var>
<doc>:example: 'Acme Ltd'</doc>
<status status="PASS" start="2025-06-05T18:33:18.740500" elapsed="0.000266"/>
</kw>
<kw name="Random Int" owner="FakerLibrary">
<msg time="2025-06-05T18:33:18.741002" level="INFO">${preco_produto} = 718</msg>
<var>${preco_produto}</var>
<arg>min=10</arg>
<arg>max=1000</arg>
<doc>Generate a random integer between two integers ``min`` and ``max`` inclusive
while observing the provided ``step`` value.</doc>
<status status="PASS" start="2025-06-05T18:33:18.740840" elapsed="0.000181"/>
</kw>
<kw name="Paragraph" owner="FakerLibrary">
<msg time="2025-06-05T18:33:18.741250" level="INFO">${descricao} = Father apply share into on better.</msg>
<var>${descricao}</var>
<arg>nb_sentences=2</arg>
<doc>Generate a paragraph.</doc>
<status status="PASS" start="2025-06-05T18:33:18.741094" elapsed="0.000175"/>
</kw>
<kw name="Random Int" owner="FakerLibrary">
<msg time="2025-06-05T18:33:18.741473" level="INFO">${quantidade} = 95</msg>
<var>${quantidade}</var>
<arg>min=1</arg>
<arg>max=100</arg>
<doc>Generate a random integer between two integers ``min`` and ``max`` inclusive
while observing the provided ``step`` value.</doc>
<status status="PASS" start="2025-06-05T18:33:18.741340" elapsed="0.000150"/>
</kw>
<kw name="Create Dictionary" owner="BuiltIn">
<msg time="2025-06-05T18:33:18.741847" level="INFO">${body} = {'nome': 'Howard PLC', 'preco': 718, 'descricao': 'Father apply share into on better.', 'quantidade': 95}</msg>
<var>${body}</var>
<arg>nome=${nome_produto}</arg>
<arg>preco=${preco_produto}</arg>
<arg>descricao=${descricao}</arg>
<arg>quantidade=${quantidade}</arg>
<doc>Creates and returns a dictionary based on the given ``items``.</doc>
<status status="PASS" start="2025-06-05T18:33:18.741571" elapsed="0.000295"/>
</kw>
<kw name="POST On Session" owner="RequestsLibrary">
<msg time="2025-06-05T18:33:19.198636" level="INFO">POST Request : url=https://compassuol.serverest.dev/produtos 
 path_url=/produtos 
 headers={'User-Agent': 'python-requests/2.25.1', 'Accept-Encoding': 'gzip, deflate', 'accept': 'application/json', 'Connection': 'keep-alive', 'Content-Type': 'application/json', 'authorization': 'Bearer eyJhbGciOiJIUzI1NiIsInR5cCI6IkpXVCJ9.eyJlbWFpbCI6ImZ1bGFub0BxYS5jb20iLCJwYXNzd29yZCI6InRlc3RlIiwiaWF0IjoxNzQ5MTU5MTk4LCJleHAiOjE3NDkxNTk3OTh9.QvW8V_c0SRunfDOescBRohHsqtyHUaheOxqdeCNa13g', 'Content-Length': '105'} 
 body=b'{"nome": "Howard PLC", "preco": 718, "descricao": "Father apply share into on better.", "quantidade": 95}' 
 </msg>
<msg time="2025-06-05T18:33:19.198816" level="INFO">POST Response : url=https://compassuol.serverest.dev/produtos 
 status=201, reason=Created 
 headers={'access-control-allow-origin': '*', 'x-dns-prefetch-control': 'off', 'x-frame-options': 'SAMEORIGIN', 'strict-transport-security': 'max-age=15552000; includeSubDomains', 'x-download-options': 'noopen', 'x-content-type-options': 'nosniff', 'x-xss-protection': '1; mode=block', 'content-type': 'application/json; charset=utf-8', 'x-cloud-trace-context': 'cc891401cb934dc8f8dfc397b90b6fe6', 'date': 'Thu, 05 Jun 2025 21:33:18 GMT', 'server': 'Google Frontend', 'Content-Length': '82'} 
 body={
    "message": "Cadastro realizado com sucesso",
    "_id": "4RgtzfTdudXzEuzX"
} 
 </msg>
<msg time="2025-06-05T18:33:19.198882" level="INFO">/usr/lib/python3/dist-packages/urllib3/connectionpool.py:1020: InsecureRequestWarning: Unverified HTTPS request is being made to host 'compassuol.serverest.dev'. Adding certificate verification is strongly advised. See: https://urllib3.readthedocs.io/en/latest/advanced-usage.html#ssl-warnings
  warnings.warn(</msg>
<msg time="2025-06-05T18:33:19.199043" level="INFO">${response} = &lt;Response [201]&gt;</msg>
<var>${response}</var>
<arg>ServeRest</arg>
<arg>/produtos</arg>
<arg>json=${body}</arg>
<doc>Sends a POST request on a previously created HTTP Session.</doc>
<status status="PASS" start="2025-06-05T18:33:18.741993" elapsed="0.457079"/>
</kw>
<kw name="Log" owner="BuiltIn">
<msg time="2025-06-05T18:33:19.199713" level="INFO">Cadastro realizado com sucesso</msg>
<arg>${response.json()}[message]</arg>
<doc>Logs the given message with the given level.</doc>
<status status="PASS" start="2025-06-05T18:33:19.199280" elapsed="0.000470"/>
</kw>
<return>
<value>${response}</value>
<status status="PASS" start="2025-06-05T18:33:19.199788" elapsed="0.000033"/>
</return>
<msg time="2025-06-05T18:33:19.199926" level="INFO">${response_produto} = &lt;Response [201]&gt;</msg>
<var>${response_produto}</var>
<status status="PASS" start="2025-06-05T18:33:18.740345" elapsed="0.459600"/>
</kw>
<kw name="Set Variable" owner="BuiltIn">
<msg time="2025-06-05T18:33:19.200387" level="INFO">${id_produto} = 4RgtzfTdudXzEuzX</msg>
<var>${id_produto}</var>
<arg>${response_produto.json()}[_id]</arg>
<doc>Returns the given values which can then be assigned to a variables.</doc>
<status status="PASS" start="2025-06-05T18:33:19.200089" elapsed="0.000317"/>
</kw>
<kw name="POST Endpoint /carrinhos" owner="resources_keywords">
<kw name="Random Int" owner="FakerLibrary">
<msg time="2025-06-05T18:33:19.200986" level="INFO">${quantidade} = 2</msg>
<var>${quantidade}</var>
<arg>min=1</arg>
<arg>max=5</arg>
<doc>Generate a random integer between two integers ``min`` and ``max`` inclusive
while observing the provided ``step`` value.</doc>
<status status="PASS" start="2025-06-05T18:33:19.200803" elapsed="0.000203"/>
</kw>
<kw name="Create Dictionary" owner="BuiltIn">
<msg time="2025-06-05T18:33:19.201430" level="INFO">${body} = {'produtos': []}</msg>
<var>${body}</var>
<arg>produtos=@{EMPTY}</arg>
<doc>Creates and returns a dictionary based on the given ``items``.</doc>
<status status="PASS" start="2025-06-05T18:33:19.201090" elapsed="0.000360"/>
</kw>
<kw name="Create Dictionary" owner="BuiltIn">
<msg time="2025-06-05T18:33:19.201698" level="INFO">${produto} = {'idProduto': '4RgtzfTdudXzEuzX', 'quantidade': 2}</msg>
<var>${produto}</var>
<arg>idProduto=${id_produto}</arg>
<arg>quantidade=${quantidade}</arg>
<doc>Creates and returns a dictionary based on the given ``items``.</doc>
<status status="PASS" start="2025-06-05T18:33:19.201528" elapsed="0.000188"/>
</kw>
<kw name="Append To List" owner="Collections">
<arg>${body.produtos}</arg>
<arg>${produto}</arg>
<doc>Adds ``values`` to the end of ``list``.</doc>
<status status="PASS" start="2025-06-05T18:33:19.201787" elapsed="0.000305"/>
</kw>
<kw name="POST On Session" owner="RequestsLibrary">
<msg time="2025-06-05T18:33:19.415690" level="INFO">POST Request : url=https://compassuol.serverest.dev/carrinhos 
 path_url=/carrinhos 
 headers={'User-Agent': 'python-requests/2.25.1', 'Accept-Encoding': 'gzip, deflate', 'accept': 'application/json', 'Connection': 'keep-alive', 'Content-Type': 'application/json', 'authorization': 'Bearer eyJhbGciOiJIUzI1NiIsInR5cCI6IkpXVCJ9.eyJlbWFpbCI6ImZ1bGFub0BxYS5jb20iLCJwYXNzd29yZCI6InRlc3RlIiwiaWF0IjoxNzQ5MTU5MTk4LCJleHAiOjE3NDkxNTk3OTh9.QvW8V_c0SRunfDOescBRohHsqtyHUaheOxqdeCNa13g', 'Content-Length': '66'} 
 body=b'{"produtos": [{"idProduto": "4RgtzfTdudXzEuzX", "quantidade": 2}]}' 
 </msg>
<msg time="2025-06-05T18:33:19.415805" level="INFO">POST Response : url=https://compassuol.serverest.dev/carrinhos 
 status=201, reason=Created 
 headers={'access-control-allow-origin': '*', 'x-dns-prefetch-control': 'off', 'x-frame-options': 'SAMEORIGIN', 'strict-transport-security': 'max-age=15552000; includeSubDomains', 'x-download-options': 'noopen', 'x-content-type-options': 'nosniff', 'x-xss-protection': '1; mode=block', 'content-type': 'application/json; charset=utf-8', 'x-cloud-trace-context': '2195e2e78e15a31bf8dfc397b90b6aac', 'date': 'Thu, 05 Jun 2025 21:33:19 GMT', 'server': 'Google Frontend', 'Content-Length': '82'} 
 body={
    "message": "Cadastro realizado com sucesso",
    "_id": "eRJ03ezzQRXWelO3"
} 
 </msg>
<msg time="2025-06-05T18:33:19.415861" level="INFO">/usr/lib/python3/dist-packages/urllib3/connectionpool.py:1020: InsecureRequestWarning: Unverified HTTPS request is being made to host 'compassuol.serverest.dev'. Adding certificate verification is strongly advised. See: https://urllib3.readthedocs.io/en/latest/advanced-usage.html#ssl-warnings
  warnings.warn(</msg>
<msg time="2025-06-05T18:33:19.416018" level="INFO">${response} = &lt;Response [201]&gt;</msg>
<var>${response}</var>
<arg>ServeRest</arg>
<arg>/carrinhos</arg>
<arg>json=${body}</arg>
<doc>Sends a POST request on a previously created HTTP Session.</doc>
<status status="PASS" start="2025-06-05T18:33:19.202170" elapsed="0.213872"/>
</kw>
<kw name="Log" owner="BuiltIn">
<msg time="2025-06-05T18:33:19.416634" level="INFO">Cadastro realizado com sucesso</msg>
<arg>${response.json()}[message]</arg>
<doc>Logs the given message with the given level.</doc>
<status status="PASS" start="2025-06-05T18:33:19.416217" elapsed="0.000455"/>
</kw>
<return>
<value>${response}</value>
<status status="PASS" start="2025-06-05T18:33:19.416709" elapsed="0.000033"/>
</return>
<msg time="2025-06-05T18:33:19.416843" level="INFO">${response} = &lt;Response [201]&gt;</msg>
<var>${response}</var>
<arg>${id_produto}</arg>
<status status="PASS" start="2025-06-05T18:33:19.200591" elapsed="0.216270"/>
</kw>
<kw name="DELETE Endpoint /carrinhos/concluir-compra" owner="resources_keywords">
<kw name="DELETE On Session" owner="RequestsLibrary">
<msg time="2025-06-05T18:33:19.626484" level="INFO">DELETE Request : url=https://compassuol.serverest.dev/carrinhos/concluir-compra 
 path_url=/carrinhos/concluir-compra 
 headers={'User-Agent': 'python-requests/2.25.1', 'Accept-Encoding': 'gzip, deflate', 'accept': 'application/json', 'Connection': 'keep-alive', 'Content-Type': 'application/json', 'authorization': 'Bearer eyJhbGciOiJIUzI1NiIsInR5cCI6IkpXVCJ9.eyJlbWFpbCI6ImZ1bGFub0BxYS5jb20iLCJwYXNzd29yZCI6InRlc3RlIiwiaWF0IjoxNzQ5MTU5MTk4LCJleHAiOjE3NDkxNTk3OTh9.QvW8V_c0SRunfDOescBRohHsqtyHUaheOxqdeCNa13g', 'Content-Length': '0'} 
 body=None 
 </msg>
<msg time="2025-06-05T18:33:19.626584" level="INFO">DELETE Response : url=https://compassuol.serverest.dev/carrinhos/concluir-compra 
 status=200, reason=OK 
 headers={'access-control-allow-origin': '*', 'x-dns-prefetch-control': 'off', 'x-frame-options': 'SAMEORIGIN', 'strict-transport-security': 'max-age=15552000; includeSubDomains', 'x-download-options': 'noopen', 'x-content-type-options': 'nosniff', 'x-xss-protection': '1; mode=block', 'content-type': 'application/json; charset=utf-8', 'x-cloud-trace-context': 'd760f792b9e92548f8dfc397b90b6bc7', 'date': 'Thu, 05 Jun 2025 21:33:19 GMT', 'server': 'Google Frontend', 'Content-Length': '51'} 
 body={
    "message": "Registro excluído com sucesso"
} 
 </msg>
<msg time="2025-06-05T18:33:19.626761" level="INFO">/usr/lib/python3/dist-packages/urllib3/connectionpool.py:1020: InsecureRequestWarning: Unverified HTTPS request is being made to host 'compassuol.serverest.dev'. Adding certificate verification is strongly advised. See: https://urllib3.readthedocs.io/en/latest/advanced-usage.html#ssl-warnings
  warnings.warn(</msg>
<msg time="2025-06-05T18:33:19.626924" level="INFO">${response} = &lt;Response [200]&gt;</msg>
<var>${response}</var>
<arg>ServeRest</arg>
<arg>/carrinhos/concluir-compra</arg>
<doc>Sends a DELETE request on a previously created HTTP Session.</doc>
<status status="PASS" start="2025-06-05T18:33:19.417280" elapsed="0.209673"/>
</kw>
<kw name="Log" owner="BuiltIn">
<msg time="2025-06-05T18:33:19.627605" level="INFO">Registro excluído com sucesso</msg>
<arg>${response.json()}[message]</arg>
<doc>Logs the given message with the given level.</doc>
<status status="PASS" start="2025-06-05T18:33:19.627138" elapsed="0.000509"/>
</kw>
<return>
<value>${response}</value>
<status status="PASS" start="2025-06-05T18:33:19.627692" elapsed="0.000056"/>
</return>
<msg time="2025-06-05T18:33:19.627866" level="INFO">${response} = &lt;Response [200]&gt;</msg>
<var>${response}</var>
<status status="PASS" start="2025-06-05T18:33:19.417057" elapsed="0.210828"/>
</kw>
<kw name="Should Be Equal As Strings" owner="BuiltIn">
<msg time="2025-06-05T18:33:19.628335" level="INFO">Argument types are:
&lt;class 'int'&gt;
&lt;class 'str'&gt;</msg>
<arg>${response.status_code}</arg>
<arg>200</arg>
<doc>Fails if objects are unequal after converting them to strings.</doc>
<status status="PASS" start="2025-06-05T18:33:19.628051" elapsed="0.000326"/>
</kw>
<kw name="Should Be Equal As Strings" owner="BuiltIn">
<arg>${response.json()}[message]</arg>
<arg>Registro excluído com sucesso</arg>
<doc>Fails if objects are unequal after converting them to strings.</doc>
<status status="PASS" start="2025-06-05T18:33:19.628500" elapsed="0.000420"/>
</kw>
<status status="PASS" start="2025-06-05T18:33:18.269927" elapsed="1.359126"/>
</test>
<status status="PASS" start="2025-06-05T18:33:14.952298" elapsed="4.677020"/>
</suite>
<suite id="s1-s3" name="Test Produtos" source="/home/luisms/compass_pb/Documentos/Sprint6/Challenge02/serverest/tests/test_produtos.robot">
<test id="s1-s3-t1" name="Cenário 01: Listar produtos" line="5">
<kw name="POST Endpoint /login" owner="resources_keywords">
<kw name="Create Dictionary" owner="BuiltIn">
<msg time="2025-06-05T18:33:19.632081" level="INFO">${body} = {'email': 'fulano@qa.com', 'password': 'teste'}</msg>
<var>${body}</var>
<arg>email=${email}</arg>
<arg>password=${password}</arg>
<doc>Creates and returns a dictionary based on the given ``items``.</doc>
<status status="PASS" start="2025-06-05T18:33:19.631822" elapsed="0.000282"/>
</kw>
<kw name="Create Dictionary" owner="BuiltIn">
<msg time="2025-06-05T18:33:19.632397" level="INFO">${header} = {'accept': 'application/json', 'Content-Type': 'application/json'}</msg>
<var>${header}</var>
<arg>accept=application/json</arg>
<arg>Content-Type=application/json</arg>
<doc>Creates and returns a dictionary based on the given ``items``.</doc>
<status status="PASS" start="2025-06-05T18:33:19.632193" elapsed="0.000225"/>
</kw>
<kw name="POST" owner="RequestsLibrary">
<msg time="2025-06-05T18:33:20.124312" level="INFO">POST Request : url=https://compassuol.serverest.dev/login 
 path_url=/login 
 headers={'User-Agent': 'python-requests/2.25.1', 'Accept-Encoding': 'gzip, deflate', 'accept': 'application/json', 'Connection': 'keep-alive', 'Content-Type': 'application/json', 'Content-Length': '47'} 
 body=b'{"email": "fulano@qa.com", "password": "teste"}' 
 </msg>
<msg time="2025-06-05T18:33:20.124427" level="INFO">POST Response : url=https://compassuol.serverest.dev/login 
 status=200, reason=OK 
 headers={'access-control-allow-origin': '*', 'x-dns-prefetch-control': 'off', 'x-frame-options': 'SAMEORIGIN', 'strict-transport-security': 'max-age=15552000; includeSubDomains', 'x-download-options': 'noopen', 'x-content-type-options': 'nosniff', 'x-xss-protection': '1; mode=block', 'content-type': 'application/json; charset=utf-8', 'x-cloud-trace-context': '165023fac9a967e43eef312717dc8004', 'date': 'Thu, 05 Jun 2025 21:33:19 GMT', 'server': 'Google Frontend', 'Content-Length': '265'} 
 body={
    "message": "Login realizado com sucesso",
[...]
<var>${email}</var>
<status status="PASS" start="2025-06-05T18:33:26.618263" elapsed="0.000225"/>
</kw>
<kw name="Password" owner="FakerLibrary">
<msg time="2025-06-05T18:33:26.618763" level="INFO">${password} = #b5yStm416</msg>
<var>${password}</var>
<arg>length=10</arg>
<arg>special_chars=True</arg>
<doc>Generate a random password of the specified ``length``.</doc>
<status status="PASS" start="2025-06-05T18:33:26.618558" elapsed="0.000225"/>
</kw>
<kw name="Create Dictionary" owner="BuiltIn">
<msg time="2025-06-05T18:33:26.619103" level="INFO">${body} = {'nome': 'Isaac Sweeney', 'email': 'manuel99@example.org', 'password': '#b5yStm416', 'administrador': 'true'}</msg>
<var>${body}</var>
<arg>nome=${nome}</arg>
<arg>email=${email}</arg>
<arg>password=${password}</arg>
<arg>administrador=true</arg>
<doc>Creates and returns a dictionary based on the given ``items``.</doc>
<status status="PASS" start="2025-06-05T18:33:26.618871" elapsed="0.000251"/>
</kw>
<kw name="PUT On Session" owner="RequestsLibrary">
<msg time="2025-06-05T18:33:27.065106" level="INFO">PUT Request : url=https://compassuol.serverest.dev/usuarios/Xks7YcS5Muo3JaIC 
 path_url=/usuarios/Xks7YcS5Muo3JaIC 
 headers={'User-Agent': 'python-requests/2.25.1', 'Accept-Encoding': 'gzip, deflate', 'accept': 'application/json', 'Connection': 'keep-alive', 'Content-Type': 'application/json', 'authorization': 'Bearer eyJhbGciOiJIUzI1NiIsInR5cCI6IkpXVCJ9.eyJlbWFpbCI6ImZ1bGFub0BxYS5jb20iLCJwYXNzd29yZCI6InRlc3RlIiwiaWF0IjoxNzQ5MTU5MjA1LCJleHAiOjE3NDkxNTk4MDV9.hvrEdFy7XVLB-ssvt3Epfi3tx7B7YxTYmkqutuEB21Q', 'Content-Length': '109'} 
 body=b'{"nome": "Isaac Sweeney", "email": "manuel99@example.org", "password": "#b5yStm416", "administrador": "true"}' 
 </msg>
<msg time="2025-06-05T18:33:27.065191" level="INFO">PUT Response : url=https://compassuol.serverest.dev/usuarios/Xks7YcS5Muo3JaIC 
 status=200, reason=OK 
 headers={'access-control-allow-origin': '*', 'x-dns-prefetch-control': 'off', 'x-frame-options': 'SAMEORIGIN', 'strict-transport-security': 'max-age=15552000; includeSubDomains', 'x-download-options': 'noopen', 'x-content-type-options': 'nosniff', 'x-xss-protection': '1; mode=block', 'content-type': 'application/json; charset=utf-8', 'x-cloud-trace-context': '2efb6c2d497230627270670ee931fc12', 'date': 'Thu, 05 Jun 2025 21:33:26 GMT', 'server': 'Google Frontend', 'Content-Length': '50'} 
 body={
    "message": "Registro alterado com sucesso"
} 
 </msg>
<msg time="2025-06-05T18:33:27.065245" level="INFO">/usr/lib/python3/dist-packages/urllib3/connectionpool.py:1020: InsecureRequestWarning: Unverified HTTPS request is being made to host 'compassuol.serverest.dev'. Adding certificate verification is strongly advised. See: https://urllib3.readthedocs.io/en/latest/advanced-usage.html#ssl-warnings
  warnings.warn(</msg>
<msg time="2025-06-05T18:33:27.065386" level="INFO">${response} = &lt;Response [200]&gt;</msg>
<var>${response}</var>
<arg>ServeRest</arg>
<arg>/usuarios/${id_usuario}</arg>
<arg>json=${body}</arg>
<doc>Sends a PUT request on a previously created HTTP Session.</doc>
<status status="PASS" start="2025-06-05T18:33:26.619213" elapsed="0.446196"/>
</kw>
<kw name="Log" owner="BuiltIn">
<msg time="2025-06-05T18:33:27.065970" level="INFO">Registro alterado com sucesso</msg>
<arg>${response.json()}[message]</arg>
<doc>Logs the given message with the given level.</doc>
<status status="PASS" start="2025-06-05T18:33:27.065574" elapsed="0.000431"/>
</kw>
<return>
<value>${response}</value>
<status status="PASS" start="2025-06-05T18:33:27.066041" elapsed="0.000050"/>
</return>
<msg time="2025-06-05T18:33:27.066202" level="INFO">${response} = &lt;Response [200]&gt;</msg>
<var>${response}</var>
<status status="PASS" start="2025-06-05T18:33:26.617730" elapsed="0.448489"/>
</kw>
<kw name="Should Be Equal As Strings" owner="BuiltIn">
<msg time="2025-06-05T18:33:27.066649" level="INFO">Argument types are:
&lt;class 'int'&gt;
&lt;class 'str'&gt;</msg>
<arg>${response.status_code}</arg>
<arg>200</arg>
<doc>Fails if objects are unequal after converting them to strings.</doc>
<status status="PASS" start="2025-06-05T18:33:27.066353" elapsed="0.000340"/>
</kw>
<kw name="Should Be Equal As Strings" owner="BuiltIn">
<arg>${response.json()}[message]</arg>
<arg>Registro alterado com sucesso</arg>
<doc>Fails if objects are unequal after converting them to strings.</doc>
<status status="PASS" start="2025-06-05T18:33:27.066805" elapsed="0.000286"/>
</kw>
<status status="PASS" start="2025-06-05T18:33:25.677195" elapsed="1.390021"/>
</test>
<test id="s1-s4-t4" name="Cenário 04: Excluir usuário" line="28">
<kw name="POST Endpoint /login" owner="resources_keywords">
<kw name="Create Dictionary" owner="BuiltIn">
<msg time="2025-06-05T18:33:27.068244" level="INFO">${body} = {'email': 'fulano@qa.com', 'password': 'teste'}</msg>
<var>${body}</var>
<arg>email=${email}</arg>
<arg>password=${password}</arg>
<doc>Creates and returns a dictionary based on the given ``items``.</doc>
<status status="PASS" start="2025-06-05T18:33:27.068064" elapsed="0.000199"/>
</kw>
<kw name="Create Dictionary" owner="BuiltIn">
<msg time="2025-06-05T18:33:27.068461" level="INFO">${header} = {'accept': 'application/json', 'Content-Type': 'application/json'}</msg>
<var>${header}</var>
<arg>accept=application/json</arg>
<arg>Content-Type=application/json</arg>
<doc>Creates and returns a dictionary based on the given ``items``.</doc>
<status status="PASS" start="2025-06-05T18:33:27.068336" elapsed="0.000203"/>
</kw>
<kw name="POST" owner="RequestsLibrary">
<msg time="2025-06-05T18:33:27.523646" level="INFO">POST Request : url=https://compassuol.serverest.dev/login 
 path_url=/login 
 headers={'User-Agent': 'python-requests/2.25.1', 'Accept-Encoding': 'gzip, deflate', 'accept': 'application/json', 'Connection': 'keep-alive', 'Content-Type': 'application/json', 'Content-Length': '47'} 
 body=b'{"email": "fulano@qa.com", "password": "teste"}' 
 </msg>
<msg time="2025-06-05T18:33:27.523747" level="INFO">POST Response : url=https://compassuol.serverest.dev/login 
 status=200, reason=OK 
 headers={'access-control-allow-origin': '*', 'x-dns-prefetch-control': 'off', 'x-frame-options': 'SAMEORIGIN', 'strict-transport-security': 'max-age=15552000; includeSubDomains', 'x-download-options': 'noopen', 'x-content-type-options': 'nosniff', 'x-xss-protection': '1; mode=block', 'content-type': 'application/json; charset=utf-8', 'x-cloud-trace-context': 'e46d1666784c7ccd92affb4d2ac7f0e8', 'date': 'Thu, 05 Jun 2025 21:33:27 GMT', 'server': 'Google Frontend', 'Content-Length': '265'} 
 body={
    "message": "Login realizado com sucesso",
    "authorization": "Bearer eyJhbGciOiJIUzI1NiIsInR5cCI6IkpXVCJ9.eyJlbWFpbCI6ImZ1bGFub0BxYS5jb20iLCJwYXNzd29yZCI6InRlc3RlIiwiaWF0IjoxNzQ5MTU5MjA3LCJleHAiOjE3NDkxNTk4MDd9.yXG1kiAKYWUca5PCYUGtyCy7pA7cdDkx4ZjqGWf7BVs"
} 
 </msg>
<msg time="2025-06-05T18:33:27.524052" level="INFO">${response} = &lt;Response [200]&gt;</msg>
<var>${response}</var>
<arg>url=${BASE_URL}/login</arg>
<arg>json=${body}</arg>
<arg>headers=${header}</arg>
<doc>Sends a POST request.</doc>
<status status="PASS" start="2025-06-05T18:33:27.068620" elapsed="0.455457"/>
</kw>
<kw name="Set Global Variable" owner="BuiltIn">
<msg time="2025-06-05T18:33:27.524545" level="INFO">${response} = &lt;Response [200]&gt;</msg>
<arg>${response}</arg>
<doc>Makes a variable available globally in all tests and suites.</doc>
<status status="PASS" start="2025-06-05T18:33:27.524300" elapsed="0.000279"/>
</kw>
<kw name="Log" owner="BuiltIn">
<msg time="2025-06-05T18:33:27.524989" level="INFO">Bearer eyJhbGciOiJIUzI1NiIsInR5cCI6IkpXVCJ9.eyJlbWFpbCI6ImZ1bGFub0BxYS5jb20iLCJwYXNzd29yZCI6InRlc3RlIiwiaWF0IjoxNzQ5MTU5MjA3LCJleHAiOjE3NDkxNTk4MDd9.yXG1kiAKYWUca5PCYUGtyCy7pA7cdDkx4ZjqGWf7BVs</msg>
<arg>${response.json()}[authorization]</arg>
<doc>Logs the given message with the given level.</doc>
<status status="PASS" start="2025-06-05T18:33:27.524656" elapsed="0.000367"/>
</kw>
<kw name="Set Variable" owner="BuiltIn">
<msg time="2025-06-05T18:33:27.525403" level="INFO">${token} = Bearer eyJhbGciOiJIUzI1NiIsInR5cCI6IkpXVCJ9.eyJlbWFpbCI6ImZ1bGFub0BxYS5jb20iLCJwYXNzd29yZCI6InRlc3RlIiwiaWF0IjoxNzQ5MTU5MjA3LCJleHAiOjE3NDkxNTk4MDd9.yXG1kiAKYWUca5PCYUGtyCy7pA7cdDkx4ZjqGWf7BVs</msg>
<var>${token}</var>
<arg>${response.json()}[authorization]</arg>
<doc>Returns the given values which can then be assigned to a variables.</doc>
<status status="PASS" start="2025-06-05T18:33:27.525114" elapsed="0.000309"/>
</kw>
<kw name="Set Global Variable" owner="BuiltIn">
<msg time="2025-06-05T18:33:27.525639" level="INFO">${token} = Bearer eyJhbGciOiJIUzI1NiIsInR5cCI6IkpXVCJ9.eyJlbWFpbCI6ImZ1bGFub0BxYS5jb20iLCJwYXNzd29yZCI6InRlc3RlIiwiaWF0IjoxNzQ5MTU5MjA3LCJleHAiOjE3NDkxNTk4MDd9.yXG1kiAKYWUca5PCYUGtyCy7pA7cdDkx4ZjqGWf7BVs</msg>
<arg>${token}</arg>
<doc>Makes a variable available globally in all tests and suites.</doc>
<status status="PASS" start="2025-06-05T18:33:27.525499" elapsed="0.000169"/>
</kw>
<return>
<value>${response}</value>
<status status="PASS" start="2025-06-05T18:33:27.525703" elapsed="0.000031"/>
</return>
<status status="PASS" start="2025-06-05T18:33:27.067865" elapsed="0.457944"/>
</kw>
<kw name="Criar sessão na Serverest" owner="resources_keywords">
<kw name="Create Dictionary" owner="BuiltIn">
<msg time="2025-06-05T18:33:27.526334" level="INFO">${headers} = {'accept': 'application/json', 'Content-Type': 'application/json', 'authorization': 'Bearer eyJhbGciOiJIUzI1NiIsInR5cCI6IkpXVCJ9.eyJlbWFpbCI6ImZ1bGFub0BxYS5jb20iLCJwYXNzd29yZCI6InRlc3RlIiwiaWF0IjoxNzQ...</msg>
<var>${headers}</var>
<arg>accept=application/json</arg>
<arg>Content-Type=application/json</arg>
<arg>authorization=${token}</arg>
<doc>Creates and returns a dictionary based on the given ``items``.</doc>
<status status="PASS" start="2025-06-05T18:33:27.526171" elapsed="0.000182"/>
</kw>
<kw name="Create Session" owner="RequestsLibrary">
<msg time="2025-06-05T18:33:27.526559" level="INFO">Creating Session using : alias=ServeRest, url=https://compassuol.serverest.dev, headers={'accept': 'application/json', 'Content-Type': 'application/json', 'authorization': 'Bearer eyJhbGciOiJIUzI1NiIsInR5cCI6IkpXVCJ9.eyJlbWFpbCI6ImZ1bGFub0BxYS5jb20iLCJwYXNzd29yZCI6InRlc3RlIiwiaWF0IjoxNzQ5MTU5MjA3LCJleHAiOjE3NDkxNTk4MDd9.yXG1kiAKYWUca5PCYUGtyCy7pA7cdDkx4ZjqGWf7BVs'},                     cookies={}, auth=None, timeout=None, proxies=None, verify=False,                     debug=0 </msg>
<arg>ServeRest</arg>
<arg>${BASE_URL}</arg>
<arg>${headers}</arg>
<doc>Create Session: create a HTTP session to a server</doc>
<status status="PASS" start="2025-06-05T18:33:27.526426" elapsed="0.000255"/>
</kw>
<kw name="Log" owner="BuiltIn">
<msg time="2025-06-05T18:33:27.526846" level="INFO">Bearer eyJhbGciOiJIUzI1NiIsInR5cCI6IkpXVCJ9.eyJlbWFpbCI6ImZ1bGFub0BxYS5jb20iLCJwYXNzd29yZCI6InRlc3RlIiwiaWF0IjoxNzQ5MTU5MjA3LCJleHAiOjE3NDkxNTk4MDd9.yXG1kiAKYWUca5PCYUGtyCy7pA7cdDkx4ZjqGWf7BVs</msg>
<arg>${headers}[authorization]</arg>
<doc>Logs the given message with the given level.</doc>
<status status="PASS" start="2025-06-05T18:33:27.526757" elapsed="0.000117"/>
</kw>
<status status="PASS" start="2025-06-05T18:33:27.525996" elapsed="0.000914"/>
</kw>
<kw name="POST Endpoint /usuarios" owner="resources_keywords">
<kw name="Name" owner="FakerLibrary">
<msg time="2025-06-05T18:33:27.527467" level="INFO">${nome} = Matthew Mills</msg>
<var>${nome}</var>
<doc>:example: 'John Doe'</doc>
<status status="PASS" start="2025-06-05T18:33:27.527241" elapsed="0.000245"/>
</kw>
<kw name="Email" owner="FakerLibrary">
<msg time="2025-06-05T18:33:27.527721" level="INFO">${email} = ryan84@example.org</msg>
<var>${email}</var>
<status status="PASS" start="2025-06-05T18:33:27.527554" elapsed="0.000184"/>
</kw>
<kw name="Password" owner="FakerLibrary">
<msg time="2025-06-05T18:33:27.527973" level="INFO">${password} = B7S+pCbt#T</msg>
<var>${password}</var>
<arg>length=10</arg>
<arg>special_chars=True</arg>
<doc>Generate a random password of the specified ``length``.</doc>
<status status="PASS" start="2025-06-05T18:33:27.527802" elapsed="0.000189"/>
</kw>
<kw name="Create Dictionary" owner="BuiltIn">
<msg time="2025-06-05T18:33:27.528256" level="INFO">${body} = {'nome': 'Matthew Mills', 'email': 'ryan84@example.org', 'password': 'B7S+pCbt#T', 'administrador': 'true'}</msg>
<var>${body}</var>
<arg>nome=${nome}</arg>
<arg>email=${email}</arg>
<arg>password=${password}</arg>
<arg>administrador=true</arg>
<doc>Creates and returns a dictionary based on the given ``items``.</doc>
<status status="PASS" start="2025-06-05T18:33:27.528065" elapsed="0.000208"/>
</kw>
<kw name="Create Dictionary" owner="BuiltIn">
<msg time="2025-06-05T18:33:27.528454" level="INFO">${header} = {'accept': 'application/json', 'Content-Type': 'application/json'}</msg>
<var>${header}</var>
<arg>accept=application/json</arg>
<arg>Content-Type=application/json</arg>
<doc>Creates and returns a dictionary based on the given ``items``.</doc>
<status status="PASS" start="2025-06-05T18:33:27.528348" elapsed="0.000122"/>
</kw>
<kw name="POST" owner="RequestsLibrary">
<msg time="2025-06-05T18:33:28.016110" level="INFO">POST Request : url=https://compassuol.serverest.dev/usuarios 
 path_url=/usuarios 
 headers={'User-Agent': 'python-requests/2.25.1', 'Accept-Encoding': 'gzip, deflate', 'accept': 'application/json', 'Connection': 'keep-alive', 'Content-Type': 'application/json', 'Content-Length': '107'} 
 body=b'{"nome": "Matthew Mills", "email": "ryan84@example.org", "password": "B7S+pCbt#T", "administrador": "true"}' 
 </msg>
<msg time="2025-06-05T18:33:28.016440" level="INFO">POST Response : url=https://compassuol.serverest.dev/usuarios 
 status=201, reason=Created 
 headers={'access-control-allow-origin': '*', 'x-dns-prefetch-control': 'off', 'x-frame-options': 'SAMEORIGIN', 'strict-transport-security': 'max-age=15552000; includeSubDomains', 'x-download-options': 'noopen', 'x-content-type-options': 'nosniff', 'x-xss-protection': '1; mode=block', 'content-type': 'application/json; charset=utf-8', 'x-cloud-trace-context': '82ad0c7033026d9cf989510905bd18d9', 'date': 'Thu, 05 Jun 2025 21:33:27 GMT', 'server': 'Google Frontend', 'Content-Length': '82'} 
 body={
    "message": "Cadastro realizado com sucesso",
    "_id": "8CBDmsUXtIOov1Op"
} 
 </msg>
<msg time="2025-06-05T18:33:28.016569" level="INFO">${response} = &lt;Response [201]&gt;</msg>
<var>${response}</var>
<arg>url=${BASE_URL}/usuarios</arg>
<arg>json=${body}</arg>
<arg>headers=${header}</arg>
<doc>Sends a POST request.</doc>
<status status="PASS" start="2025-06-05T18:33:27.528537" elapsed="0.488053"/>
</kw>
<kw name="Log" owner="BuiltIn">
<msg time="2025-06-05T18:33:28.017135" level="INFO">Cadastro realizado com sucesso</msg>
<arg>${response.json()}[message]</arg>
<doc>Logs the given message with the given level.</doc>
<status status="PASS" start="2025-06-05T18:33:28.016754" elapsed="0.000417"/>
</kw>
<return>
<value>${response}</value>
<status status="PASS" start="2025-06-05T18:33:28.017207" elapsed="0.000033"/>
</return>
<msg time="2025-06-05T18:33:28.017340" level="INFO">${response} = &lt;Response [201]&gt;</msg>
<var>${response}</var>
<status status="PASS" start="2025-06-05T18:33:27.527072" elapsed="0.490285"/>
</kw>
<kw name="Set Variable" owner="BuiltIn">
<msg time="2025-06-05T18:33:28.017791" level="INFO">${id_usuario} = 8CBDmsUXtIOov1Op</msg>
<var>${id_usuario}</var>
<arg>${response.json()}[_id]</arg>
<doc>Returns the given values which can then be assigned to a variables.</doc>
<status status="PASS" start="2025-06-05T18:33:28.017499" elapsed="0.000311"/>
</kw>
<kw name="DELETE Endpoint /usuarios/${id_usuario}" owner="resources_keywords" source_name="DELETE Endpoint /usuarios/${id_usuario}">
<kw name="DELETE On Session" owner="RequestsLibrary">
<msg time="2025-06-05T18:33:28.484829" level="INFO">DELETE Request : url=https://compassuol.serverest.dev/usuarios/8CBDmsUXtIOov1Op 
 path_url=/usuarios/8CBDmsUXtIOov1Op 
 headers={'User-Agent': 'python-requests/2.25.1', 'Accept-Encoding': 'gzip, deflate', 'accept': 'application/json', 'Connection': 'keep-alive', 'Content-Type': 'application/json', 'authorization': 'Bearer eyJhbGciOiJIUzI1NiIsInR5cCI6IkpXVCJ9.eyJlbWFpbCI6ImZ1bGFub0BxYS5jb20iLCJwYXNzd29yZCI6InRlc3RlIiwiaWF0IjoxNzQ5MTU5MjA3LCJleHAiOjE3NDkxNTk4MDd9.yXG1kiAKYWUca5PCYUGtyCy7pA7cdDkx4ZjqGWf7BVs', 'Content-Length': '0'} 
 body=None 
 </msg>
<msg time="2025-06-05T18:33:28.484919" level="INFO">DELETE Response : url=https://compassuol.serverest.dev/usuarios/8CBDmsUXtIOov1Op 
 status=200, reason=OK 
 headers={'access-control-allow-origin': '*', 'x-dns-prefetch-control': 'off', 'x-frame-options': 'SAMEORIGIN', 'strict-transport-security': 'max-age=15552000; includeSubDomains', 'x-download-options': 'noopen', 'x-content-type-options': 'nosniff', 'x-xss-protection': '1; mode=block', 'content-type': 'application/json; charset=utf-8', 'x-cloud-trace-context': '6fa385f9e1c745c22155b7bce000e4bb', 'date': 'Thu, 05 Jun 2025 21:33:28 GMT', 'server': 'Google Frontend', 'Content-Length': '51'} 
 body={
    "message": "Registro excluído com sucesso"
} 
 </msg>
<msg time="2025-06-05T18:33:28.484977" level="INFO">/usr/lib/python3/dist-packages/urllib3/connectionpool.py:1020: InsecureRequestWarning: Unverified HTTPS request is being made to host 'compassuol.serverest.dev'. Adding certificate verification is strongly advised. See: https://urllib3.readthedocs.io/en/latest/advanced-usage.html#ssl-warnings
  warnings.warn(</msg>
<msg time="2025-06-05T18:33:28.485132" level="INFO">${response} = &lt;Response [200]&gt;</msg>
<var>${response}</var>
<arg>ServeRest</arg>
<arg>/usuarios/${id_usuario}</arg>
<doc>Sends a DELETE request on a previously created HTTP Session.</doc>
<status status="PASS" start="2025-06-05T18:33:28.018205" elapsed="0.466953"/>
</kw>
<kw name="Log" owner="BuiltIn">
<msg time="2025-06-05T18:33:28.485708" level="INFO">Registro excluído com sucesso</msg>
<arg>${response.json()}[message]</arg>
<doc>Logs the given message with the given level.</doc>
<status status="PASS" start="2025-06-05T18:33:28.485327" elapsed="0.000417"/>
</kw>
<return>
<value>${response}</value>
<status status="PASS" start="2025-06-05T18:33:28.485782" elapsed="0.000034"/>
</return>
<msg time="2025-06-05T18:33:28.485936" level="INFO">${response} = &lt;Response [200]&gt;</msg>
<var>${response}</var>
<status status="PASS" start="2025-06-05T18:33:28.018001" elapsed="0.467954"/>
</kw>
<kw name="Should Be Equal As Strings" owner="BuiltIn">
<msg time="2025-06-05T18:33:28.486351" level="INFO">Argument types are:
&lt;class 'int'&gt;
&lt;class 'str'&gt;</msg>
<arg>${response.status_code}</arg>
<arg>200</arg>
<doc>Fails if objects are unequal after converting them to strings.</doc>
<status status="PASS" start="2025-06-05T18:33:28.486095" elapsed="0.000296"/>
</kw>
<kw name="Should Be Equal As Strings" owner="BuiltIn">
<arg>${response.json()}[message]</arg>
<arg>Registro excluído com sucesso</arg>
<doc>Fails if objects are unequal after converting them to strings.</doc>
<status status="PASS" start="2025-06-05T18:33:28.486521" elapsed="0.000280"/>
</kw>
<status status="PASS" start="2025-06-05T18:33:27.067403" elapsed="1.419527"/>
</test>
<status status="PASS" start="2025-06-05T18:33:23.979804" elapsed="4.507392"/>
</suite>
<status status="PASS" start="2025-06-05T18:33:14.289691" elapsed="14.197882"/>
</suite>
<statistics>
<total>
<stat pass="13" fail="0" skip="0">All Tests</stat>
</total>
<tag>
</tag>
<suite>
<stat name="Tests" id="s1" pass="13" fail="0" skip="0">Tests</stat>
<stat name="Test Auth" id="s1-s1" pass="1" fail="0" skip="0">Tests.Test Auth</stat>
<stat name="Test Carrinhos" id="s1-s2" pass="4" fail="0" skip="0">Tests.Test Carrinhos</stat>
<stat name="Test Produtos" id="s1-s3" pass="4" fail="0" skip="0">Tests.Test Produtos</stat>
<stat name="Test Usuarios" id="s1-s4" pass="4" fail="0" skip="0">Tests.Test Usuarios</stat>
</suite>
</statistics>
<errors>
</errors>
</robot>
