<?xml version="1.0" encoding="UTF-8"?>
<robot generator="Robot 7.2.2 (Python 3.10.12 on linux)" generated="2025-05-27T17:34:17.235012" rpa="false" schemaversion="5">
<suite id="s1" name="Auth Tests &amp; Users Tests &amp; Resources Tests">
<suite id="s1-s1" name="Auth Tests" source="/home/luisms/compass_pb/Documentos/Sprint 5/reqresAPI/tests/auth/auth_tests.robot">
<kw name="Criar sessão no ReqRes" owner="common" type="SETUP">
<kw name="Create Dictionary" owner="BuiltIn">
<msg time="2025-05-27T17:34:17.294998" level="INFO">${headers} = {'accept': 'application/json', 'Content-Type': 'application/json', 'x-api-key': 'reqres-free-v1'}</msg>
<var>${headers}</var>
<arg>accept=application/json</arg>
<arg>Content-Type=application/json</arg>
<arg>x-api-key=reqres-free-v1</arg>
<doc>Creates and returns a dictionary based on the given ``items``.</doc>
<status status="PASS" start="2025-05-27T17:34:17.294715" elapsed="0.000312"/>
</kw>
<kw name="Create Session" owner="RequestsLibrary">
<msg time="2025-05-27T17:34:17.295371" level="INFO">Creating Session using : alias=ReqRes, url=https://reqres.in/api, headers={'accept': 'application/json', 'Content-Type': 'application/json', 'x-api-key': 'reqres-free-v1'},                     cookies={}, auth=None, timeout=None, proxies=None, verify=False,                     debug=0 </msg>
<arg>ReqRes</arg>
<arg>${BASE_URL}</arg>
<arg>${headers}</arg>
<doc>Create Session: create a HTTP session to a server</doc>
<status status="PASS" start="2025-05-27T17:34:17.295149" elapsed="0.000379"/>
</kw>
<doc>Cria uma sessão na API ReqRes com os headers apropriados</doc>
<status status="PASS" start="2025-05-27T17:34:17.294238" elapsed="0.001344"/>
</kw>
<test id="s1-s1-t1" name="Cenário 01: POST Cadastro de usuário com sucesso" line="9">
<kw name="POST Endpoint /register" owner="auth_keywords">
<kw name="Create Dictionary" owner="BuiltIn">
<msg time="2025-05-27T17:34:17.296328" level="INFO">${body} = {'email': 'eve.holt@reqres.in', 'password': 'pistol'}</msg>
<var>${body}</var>
<arg>email=${DEFAULT_EMAIL}</arg>
<arg>password=${REGISTER_PASSWORD}</arg>
<doc>Creates and returns a dictionary based on the given ``items``.</doc>
<status status="PASS" start="2025-05-27T17:34:17.296144" elapsed="0.000202"/>
</kw>
<kw name="POST On Session" owner="RequestsLibrary">
<msg time="2025-05-27T17:34:17.883031" level="INFO">POST Request : url=https://reqres.in/api/register 
 path_url=/api/register 
 headers={'User-Agent': 'python-requests/2.25.1', 'Accept-Encoding': 'gzip, deflate', 'accept': 'application/json', 'Connection': 'keep-alive', 'Content-Type': 'application/json', 'x-api-key': 'reqres-free-v1', 'Content-Length': '53'} 
 body=b'{"email": "eve.holt@reqres.in", "password": "pistol"}' 
 </msg>
<msg time="2025-05-27T17:34:17.883154" level="INFO">POST Response : url=https://reqres.in/api/register 
 status=200, reason=OK 
 headers={'Date': 'Tue, 27 May 2025 20:34:18 GMT', 'Content-Type': 'application/json; charset=utf-8', 'Transfer-Encoding': 'chunked', 'Connection': 'keep-alive', 'Server': 'cloudflare', 'Cf-Ray': '94684acce93acb59-GIG', 'Report-To': '{"group":"heroku-nel","max_age":3600,"endpoints":[{"url":"https://nel.heroku.com/reports?ts=1748378058&amp;sid=c4c9725f-1ab0-44d8-820f-430df2718e11&amp;s=XKD8Abj48kSnWuSo00RsM8jvstN%2FjxqJVfFf1dFI%2FeA%3D"}]}', 'Reporting-Endpoints': 'heroku-nel=https://nel.heroku.com/reports?ts=1748378058&amp;sid=c4c9725f-1ab0-44d8-820f-430df2718e11&amp;s=XKD8Abj48kSnWuSo00RsM8jvstN%2FjxqJVfFf1dFI%2FeA%3D', 'Nel': '{"report_to":"heroku-nel","max_age":3600,"success_fraction":0.005,"failure_fraction":0.05,"response_headers":["Via"]}', 'X-Powered-By': 'Express', 'Access-Control-Allow-Origin': '*', 'Ratelimit-Policy': '100;w=60', 'Ratelimit-Limit': '100', 'Ratelimit-Remaining': '98', 'Ratelimit-Reset': '60', 'Etag': 'W/"24-4iP0za1geN2he+ohu8F0FhCjLks"', 'Via': '1.1 vegur', 'Cf-Cache-Status': 'DYNAMIC', 'Content-Encoding': 'gzip', 'server-timing': 'cfL4;desc="?proto=TCP&amp;rtt=57587&amp;min_rtt=56809&amp;rtt_var=12723&amp;sent=5&amp;recv=9&amp;lost=0&amp;retrans=0&amp;sent_bytes=2837&amp;recv_bytes=939&amp;delivery_rate=74176&amp;cwnd=252&amp;unsent_bytes=0&amp;cid=8eb3c49ece0d294e&amp;ts=467&amp;x=0"'} 
 body={"id":4,"token":"QpwL5tke4Pnpja7X4"} 
 </msg>
<msg time="2025-05-27T17:34:17.883215" level="INFO">/usr/lib/python3/dist-packages/urllib3/connectionpool.py:1020: InsecureRequestWarning: Unverified HTTPS request is being made to host 'reqres.in'. Adding certificate verification is strongly advised. See: https://urllib3.readthedocs.io/en/latest/advanced-usage.html#ssl-warnings
  warnings.warn(</msg>
<msg time="2025-05-27T17:34:17.883366" level="INFO">${response} = &lt;Response [200]&gt;</msg>
<var>${response}</var>
<arg>alias=ReqRes</arg>
<arg>url=/register</arg>
<arg>json=${body}</arg>
<doc>Sends a POST request on a previously created HTTP Session.</doc>
<status status="PASS" start="2025-05-27T17:34:17.296423" elapsed="0.586966"/>
</kw>
<kw name="Set Global Variable" owner="BuiltIn">
<msg time="2025-05-27T17:34:17.883814" level="INFO">${response} = &lt;Response [200]&gt;</msg>
<arg>${response}</arg>
<doc>Makes a variable available globally in all tests and suites.</doc>
<status status="PASS" start="2025-05-27T17:34:17.883598" elapsed="0.000250"/>
</kw>
<kw name="Log" owner="BuiltIn">
<msg time="2025-05-27T17:34:17.884292" level="INFO">Response: {'id': 4, 'token': 'QpwL5tke4Pnpja7X4'}</msg>
<arg>Response: ${response.json()}</arg>
<doc>Logs the given message with the given level.</doc>
<status status="PASS" start="2025-05-27T17:34:17.883938" elapsed="0.000389"/>
</kw>
<doc>Cadastra um novo usuário com credenciais válidas.</doc>
<status status="PASS" start="2025-05-27T17:34:17.295974" elapsed="0.588401"/>
</kw>
<kw name="Validar status code &quot;200&quot;" owner="common" source_name="Validar status code &quot;${statuscode}&quot;">
<kw name="Should Be True" owner="BuiltIn">
<arg>${response.status_code} == ${statuscode}</arg>
<doc>Fails if the given condition is not true.</doc>
<status status="PASS" start="2025-05-27T17:34:17.884756" elapsed="0.000477"/>
</kw>
<kw name="Log" owner="BuiltIn">
<msg time="2025-05-27T17:34:17.885597" level="INFO">Response status: 200</msg>
<arg>Response status: ${response.status_code}</arg>
<doc>Logs the given message with the given level.</doc>
<status status="PASS" start="2025-05-27T17:34:17.885310" elapsed="0.000323"/>
</kw>
<doc>Valida que a resposta tem o status code esperado</doc>
<status status="PASS" start="2025-05-27T17:34:17.884560" elapsed="0.001112"/>
</kw>
<kw name="Validar resposta contém campo &quot;token&quot;" owner="common" source_name="Validar resposta contém campo &quot;${field}&quot;">
<kw name="Split String" owner="String">
<msg time="2025-05-27T17:34:17.886126" level="INFO">${fields} = ['token']</msg>
<var>${fields}</var>
<arg>${field}</arg>
<arg>.</arg>
<doc>Splits the ``string`` using ``separator`` as a delimiter string.</doc>
<status status="PASS" start="2025-05-27T17:34:17.886010" elapsed="0.000133"/>
</kw>
<kw name="Set Variable" owner="BuiltIn">
<msg time="2025-05-27T17:34:17.886495" level="INFO">${dict} = {'id': 4, 'token': 'QpwL5tke4Pnpja7X4'}</msg>
<var>${dict}</var>
<arg>${response.json()}</arg>
<doc>Returns the given values which can then be assigned to a variables.</doc>
<status status="PASS" start="2025-05-27T17:34:17.886217" elapsed="0.000296"/>
</kw>
<for flavor="IN">
<iter>
<kw name="Run Keyword If" owner="BuiltIn">
<kw name="Dictionary Should Contain Key" owner="Collections">
<arg>${dict}</arg>
<arg>${part}</arg>
<doc>Fails if ``key`` is not found from ``dictionary``.</doc>
<status status="PASS" start="2025-05-27T17:34:17.886907" elapsed="0.000206"/>
</kw>
<arg>"${part}" in ${dict}</arg>
<arg>Dictionary Should Contain Key</arg>
<arg>${dict}</arg>
<arg>${part}</arg>
<arg>ELSE</arg>
<arg>Fail</arg>
<arg>Field "${part}" not found in response</arg>
<doc>Runs the given keyword with the given arguments, if ``condition`` is true.</doc>
<status status="PASS" start="2025-05-27T17:34:17.886730" elapsed="0.000422"/>
</kw>
<kw name="Set Variable If" owner="BuiltIn">
<msg time="2025-05-27T17:34:17.887618" level="INFO">${dict} = QpwL5tke4Pnpja7X4</msg>
<var>${dict}</var>
<arg>"${part}" in ${dict}</arg>
<arg>${dict["${part}"]}</arg>
<arg>${dict}</arg>
<doc>Sets variable based on the given condition.</doc>
<status status="PASS" start="2025-05-27T17:34:17.887237" elapsed="0.000466"/>
</kw>
<var name="${part}">token</var>
<status status="PASS" start="2025-05-27T17:34:17.886658" elapsed="0.001082"/>
</iter>
<var>${part}</var>
<value>@{fields}</value>
<status status="PASS" start="2025-05-27T17:34:17.886557" elapsed="0.001207"/>
</for>
<doc>Valida que a resposta JSON contém o campo específico</doc>
<status status="PASS" start="2025-05-27T17:34:17.885844" elapsed="0.001967"/>
</kw>
<kw name="Validar resposta contém campo &quot;id&quot;" owner="common" source_name="Validar resposta contém campo &quot;${field}&quot;">
<kw name="Split String" owner="String">
<msg time="2025-05-27T17:34:17.888451" level="INFO">${fields} = ['id']</msg>
<var>${fields}</var>
<arg>${field}</arg>
<arg>.</arg>
<doc>Splits the ``string`` using ``separator`` as a delimiter string.</doc>
<status status="PASS" start="2025-05-27T17:34:17.888295" elapsed="0.000178"/>
</kw>
<kw name="Set Variable" owner="BuiltIn">
<msg time="2025-05-27T17:34:17.888862" level="INFO">${dict} = {'id': 4, 'token': 'QpwL5tke4Pnpja7X4'}</msg>
<var>${dict}</var>
<arg>${response.json()}</arg>
<doc>Returns the given values which can then be assigned to a variables.</doc>
<status status="PASS" start="2025-05-27T17:34:17.888555" elapsed="0.000325"/>
</kw>
<for flavor="IN">
<iter>
<kw name="Run Keyword If" owner="BuiltIn">
<kw name="Dictionary Should Contain Key" owner="Collections">
<arg>${dict}</arg>
<arg>${part}</arg>
<doc>Fails if ``key`` is not found from ``dictionary``.</doc>
<status status="PASS" start="2025-05-27T17:34:17.889251" elapsed="0.000117"/>
</kw>
<arg>"${part}" in ${dict}</arg>
<arg>Dictionary Should Contain Key</arg>
<arg>${dict}</arg>
<arg>${part}</arg>
<arg>ELSE</arg>
<arg>Fail</arg>
<arg>Field "${part}" not found in response</arg>
<doc>Runs the given keyword with the given arguments, if ``condition`` is true.</doc>
<status status="PASS" start="2025-05-27T17:34:17.889077" elapsed="0.000325"/>
</kw>
<kw name="Set Variable If" owner="BuiltIn">
<msg time="2025-05-27T17:34:17.889864" level="INFO">${dict} = 4</msg>
<var>${dict}</var>
<arg>"${part}" in ${dict}</arg>
<arg>${dict["${part}"]}</arg>
<arg>${dict}</arg>
<doc>Sets variable based on the given condition.</doc>
<status status="PASS" start="2025-05-27T17:34:17.889499" elapsed="0.000384"/>
</kw>
<var name="${part}">id</var>
<status status="PASS" start="2025-05-27T17:34:17.889011" elapsed="0.000898"/>
</iter>
<var>${part}</var>
<value>@{fields}</value>
<status status="PASS" start="2025-05-27T17:34:17.888920" elapsed="0.001008"/>
</for>
<doc>Valida que a resposta JSON contém o campo específico</doc>
<status status="PASS" start="2025-05-27T17:34:17.888063" elapsed="0.001900"/>
</kw>
<tag>api</tag>
<tag>auth</tag>
<tag>POST</tag>
<tag>register</tag>
<tag>reqres</tag>
<tag>success</tag>
<tag>user</tag>
<status status="PASS" start="2025-05-27T17:34:17.295638" elapsed="0.594459"/>
</test>
<test id="s1-s1-t2" name="Cenário 02: POST Cadastro de usuário sem senha" line="16">
<kw name="POST Endpoint /register - sem senha" owner="auth_keywords">
<kw name="Create Dictionary" owner="BuiltIn">
<msg time="2025-05-27T17:34:17.890879" level="INFO">${body} = {'email': 'sydney@fife'}</msg>
<var>${body}</var>
<arg>email=sydney@fife</arg>
<doc>Creates and returns a dictionary based on the given ``items``.</doc>
<status status="PASS" start="2025-05-27T17:34:17.890761" elapsed="0.000136"/>
</kw>
<kw name="POST On Session" owner="RequestsLibrary">
<msg time="2025-05-27T17:34:18.331904" level="INFO">POST Request : url=https://reqres.in/api/register 
 path_url=/api/register 
 headers={'User-Agent': 'python-requests/2.25.1', 'Accept-Encoding': 'gzip, deflate', 'accept': 'application/json', 'Connection': 'keep-alive', 'Content-Type': 'application/json', 'x-api-key': 'reqres-free-v1', 'Content-Length': '24'} 
 body=b'{"email": "sydney@fife"}' 
 </msg>
<msg time="2025-05-27T17:34:18.332001" level="INFO">POST Response : url=https://reqres.in/api/register 
 status=400, reason=Bad Request 
 headers={'Date': 'Tue, 27 May 2025 20:34:18 GMT', 'Content-Type': 'application/json; charset=utf-8', 'Content-Length': '28', 'Connection': 'keep-alive', 'Server': 'cloudflare', 'Cf-Ray': '94684acfdb7dcb59-GIG', 'Report-To': '{"group":"heroku-nel","max_age":3600,"endpoints":[{"url":"https://nel.heroku.com/reports?ts=1748378058&amp;sid=c4c9725f-1ab0-44d8-820f-430df2718e11&amp;s=XKD8Abj48kSnWuSo00RsM8jvstN%2FjxqJVfFf1dFI%2FeA%3D"}]}', 'Reporting-Endpoints': 'heroku-nel=https://nel.heroku.com/reports?ts=1748378058&amp;sid=c4c9725f-1ab0-44d8-820f-430df2718e11&amp;s=XKD8Abj48kSnWuSo00RsM8jvstN%2FjxqJVfFf1dFI%2FeA%3D', 'Nel': '{"report_to":"heroku-nel","max_age":3600,"success_fraction":0.005,"failure_fraction":0.05,"response_headers":["Via"]}', 'X-Powered-By': 'Express', 'Access-Control-Allow-Origin': '*', 'Ratelimit-Policy': '100;w=60', 'Ratelimit-Limit': '100', 'Ratelimit-Remaining': '96', 'Ratelimit-Reset': '60', 'Etag': 'W/"1c-NmpazMScs9tOqR7eDEesn+pqC9Q"', 'Via': '1.1 vegur', 'Cf-Cache-Status': 'DYNAMIC', 'server-timing': 'cfL4;desc="?proto=TCP&amp;rtt=59849&amp;min_rtt=56809&amp;rtt_var=10065&amp;sent=9&amp;recv=13&amp;lost=0&amp;retrans=0&amp;sent_bytes=4621&amp;recv_bytes=1252&amp;delivery_rate=74176&amp;cwnd=255&amp;unsent_bytes=0&amp;cid=8eb3c49ece0d294e&amp;ts=921&amp;x=0"'} 
 body={"error":"Missing password"} 
 </msg>
<msg time="2025-05-27T17:34:18.332070" level="INFO">/usr/lib/python3/dist-packages/urllib3/connectionpool.py:1020: InsecureRequestWarning: Unverified HTTPS request is being made to host 'reqres.in'. Adding certificate verification is strongly advised. See: https://urllib3.readthedocs.io/en/latest/advanced-usage.html#ssl-warnings
  warnings.warn(</msg>
<msg time="2025-05-27T17:34:18.332226" level="INFO">${response} = &lt;Response [400]&gt;</msg>
<var>${response}</var>
<arg>alias=ReqRes</arg>
<arg>url=/register</arg>
<arg>json=${body}</arg>
<arg>expected_status=400</arg>
<doc>Sends a POST request on a previously created HTTP Session.</doc>
<status status="PASS" start="2025-05-27T17:34:17.890968" elapsed="0.441285"/>
</kw>
<kw name="Set Global Variable" owner="BuiltIn">
<msg time="2025-05-27T17:34:18.332709" level="INFO">${response} = &lt;Response [400]&gt;</msg>
<arg>${response}</arg>
<doc>Makes a variable available globally in all tests and suites.</doc>
<status status="PASS" start="2025-05-27T17:34:18.332460" elapsed="0.000283"/>
</kw>
<kw name="Log" owner="BuiltIn">
<msg time="2025-05-27T17:34:18.333225" level="INFO">Error response: {'error': 'Missing password'}</msg>
<arg>Error response: ${response.json()}</arg>
<doc>Logs the given message with the given level.</doc>
<status status="PASS" start="2025-05-27T17:34:18.332832" elapsed="0.000466"/>
</kw>
<doc>Tenta cadastrar um novo usuário sem senha (falha esperada)</doc>
<status status="PASS" start="2025-05-27T17:34:17.890599" elapsed="0.442753"/>
</kw>
<kw name="Validar status code &quot;400&quot;" owner="common" source_name="Validar status code &quot;${statuscode}&quot;">
<kw name="Should Be True" owner="BuiltIn">
<arg>${response.status_code} == ${statuscode}</arg>
<doc>Fails if the given condition is not true.</doc>
<status status="PASS" start="2025-05-27T17:34:18.333736" elapsed="0.000498"/>
</kw>
<kw name="Log" owner="BuiltIn">
<msg time="2025-05-27T17:34:18.334566" level="INFO">Response status: 400</msg>
<arg>Response status: ${response.status_code}</arg>
<doc>Logs the given message with the given level.</doc>
<status status="PASS" start="2025-05-27T17:34:18.334311" elapsed="0.000288"/>
</kw>
<doc>Valida que a resposta tem o status code esperado</doc>
<status status="PASS" start="2025-05-27T17:34:18.333536" elapsed="0.001104"/>
</kw>
<kw name="Validar resposta contém campo &quot;error&quot;" owner="common" source_name="Validar resposta contém campo &quot;${field}&quot;">
<kw name="Split String" owner="String">
<msg time="2025-05-27T17:34:18.335146" level="INFO">${fields} = ['error']</msg>
<var>${fields}</var>
<arg>${field}</arg>
<arg>.</arg>
<doc>Splits the ``string`` using ``separator`` as a delimiter string.</doc>
<status status="PASS" start="2025-05-27T17:34:18.335014" elapsed="0.000153"/>
</kw>
<kw name="Set Variable" owner="BuiltIn">
<msg time="2025-05-27T17:34:18.335603" level="INFO">${dict} = {'error': 'Missing password'}</msg>
<var>${dict}</var>
<arg>${response.json()}</arg>
<doc>Returns the given values which can then be assigned to a variables.</doc>
<status status="PASS" start="2025-05-27T17:34:18.335307" elapsed="0.000314"/>
</kw>
<for flavor="IN">
<iter>
<kw name="Run Keyword If" owner="BuiltIn">
<kw name="Dictionary Should Contain Key" owner="Collections">
<arg>${dict}</arg>
<arg>${part}</arg>
<doc>Fails if ``key`` is not found from ``dictionary``.</doc>
<status status="PASS" start="2025-05-27T17:34:18.335996" elapsed="0.000121"/>
</kw>
<arg>"${part}" in ${dict}</arg>
<arg>Dictionary Should Contain Key</arg>
<arg>${dict}</arg>
<arg>${part}</arg>
<arg>ELSE</arg>
<arg>Fail</arg>
<arg>Field "${part}" not found in response</arg>
<doc>Runs the given keyword with the given arguments, if ``condition`` is true.</doc>
<status status="PASS" start="2025-05-27T17:34:18.335825" elapsed="0.000327"/>
</kw>
<kw name="Set Variable If" owner="BuiltIn">
<msg time="2025-05-27T17:34:18.336589" level="INFO">${dict} = Missing password</msg>
<var>${dict}</var>
<arg>"${part}" in ${dict}</arg>
<arg>${dict["${part}"]}</arg>
<arg>${dict}</arg>
<doc>Sets variable based on the given condition.</doc>
<status status="PASS" start="2025-05-27T17:34:18.336233" elapsed="0.000374"/>
</kw>
<var name="${part}">error</var>
<status status="PASS" start="2025-05-27T17:34:18.335760" elapsed="0.000874"/>
</iter>
<var>${part}</var>
<value>@{fields}</value>
<status status="PASS" start="2025-05-27T17:34:18.335664" elapsed="0.000991"/>
</for>
<doc>Valida que a resposta JSON contém o campo específico</doc>
<status status="PASS" start="2025-05-27T17:34:18.334827" elapsed="0.001864"/>
</kw>
<kw name="Validar valor do campo &quot;error&quot; é &quot;Missing password&quot;" owner="common" source_name="Validar valor do campo &quot;${field}&quot; é &quot;${expected_value}&quot;">
<kw name="Split String" owner="String">
<msg time="2025-05-27T17:34:18.337266" level="INFO">${fields} = ['error']</msg>
<var>${fields}</var>
<arg>${field}</arg>
<arg>.</arg>
<doc>Splits the ``string`` using ``separator`` as a delimiter string.</doc>
<status status="PASS" start="2025-05-27T17:34:18.337050" elapsed="0.000234"/>
</kw>
<kw name="Set Variable" owner="BuiltIn">
<msg time="2025-05-27T17:34:18.337638" level="INFO">${dict} = {'error': 'Missing password'}</msg>
<var>${dict}</var>
<arg>${response.json()}</arg>
<doc>Returns the given values which can then be assigned to a variables.</doc>
<status status="PASS" start="2025-05-27T17:34:18.337357" elapsed="0.000299"/>
</kw>
<for flavor="IN ENUMERATE">
<iter>
<kw name="Run Keyword If" owner="BuiltIn">
<kw name="Dictionary Should Contain Key" owner="Collections">
<arg>${dict}</arg>
<arg>${part}</arg>
<doc>Fails if ``key`` is not found from ``dictionary``.</doc>
<status status="PASS" start="2025-05-27T17:34:18.338237" elapsed="0.000116"/>
</kw>
<arg>${index} &lt; ${fields.__len__() - 1}</arg>
<arg>Dictionary Should Contain Key</arg>
<arg>${dict}</arg>
<arg>${part}</arg>
<arg>ELSE</arg>
<arg>Dictionary Should Contain Key</arg>
<arg>${dict}</arg>
<arg>${part}</arg>
<doc>Runs the given keyword with the given arguments, if ``condition`` is true.</doc>
<status status="PASS" start="2025-05-27T17:34:18.337849" elapsed="0.000540"/>
</kw>
<kw name="Set Variable If" owner="BuiltIn">
<msg time="2025-05-27T17:34:18.338806" level="INFO">${dict} = {'error': 'Missing password'}</msg>
<var>${dict}</var>
<arg>${index} &lt; ${fields.__len__() - 1}</arg>
<arg>${dict["${part}"]}</arg>
<arg>${dict}</arg>
<doc>Sets variable based on the given condition.</doc>
<status status="PASS" start="2025-05-27T17:34:18.338471" elapsed="0.000353"/>
</kw>
<var name="${index}">0</var>
<var name="${part}">error</var>
<status status="PASS" start="2025-05-27T17:34:18.337788" elapsed="0.001063"/>
</iter>
<var>${index}</var>
<var>${part}</var>
<value>@{fields}</value>
<status status="PASS" start="2025-05-27T17:34:18.337692" elapsed="0.001180"/>
</for>
<kw name="Set Variable" owner="BuiltIn">
<msg time="2025-05-27T17:34:18.339283" level="INFO">${last_field} = error</msg>
<var>${last_field}</var>
<arg>${fields[-1]}</arg>
<doc>Returns the given values which can then be assigned to a variables.</doc>
<status status="PASS" start="2025-05-27T17:34:18.338984" elapsed="0.000317"/>
</kw>
<kw name="Convert To String" owner="BuiltIn">
<msg time="2025-05-27T17:34:18.339681" level="INFO">${actual_value} = Missing password</msg>
<var>${actual_value}</var>
<arg>${dict["${last_field}"]}</arg>
<doc>Converts the given item to a Unicode string.</doc>
<status status="PASS" start="2025-05-27T17:34:18.339372" elapsed="0.000326"/>
</kw>
<kw name="Should Be Equal" owner="BuiltIn">
<arg>${actual_value}</arg>
<arg>${expected_value}</arg>
<doc>Fails if the given objects are unequal.</doc>
<status status="PASS" start="2025-05-27T17:34:18.339771" elapsed="0.000128"/>
</kw>
<doc>Valida que o campo na response tem o valor esperado</doc>
<status status="PASS" start="2025-05-27T17:34:18.336870" elapsed="0.003069"/>
</kw>
<tag>api</tag>
<tag>auth</tag>
<tag>error</tag>
<tag>POST</tag>
<tag>register</tag>
<tag>reqres</tag>
<tag>user</tag>
<status status="PASS" start="2025-05-27T17:34:17.890301" elapsed="0.449763"/>
</test>
<test id="s1-s1-t3" name="Cenário 03: POST Login com sucesso" line="23">
<kw name="POST Endpoint /login" owner="auth_keywords">
<kw name="Create Dictionary" owner="BuiltIn">
<msg time="2025-05-27T17:34:18.340900" level="INFO">${body} = {'email': 'eve.holt@reqres.in', 'password': 'cityslicka'}</msg>
<var>${body}</var>
<arg>email=${DEFAULT_EMAIL}</arg>
<arg>password=${DEFAULT_PASSWORD}</arg>
<doc>Creates and returns a dictionary based on the given ``items``.</doc>
<status status="PASS" start="2025-05-27T17:34:18.340719" elapsed="0.000200"/>
</kw>
<kw name="POST On Session" owner="RequestsLibrary">
<msg time="2025-05-27T17:34:18.781100" level="INFO">POST Request : url=https://reqres.in/api/login 
 path_url=/api/login 
 headers={'User-Agent': 'python-requests/2.25.1', 'Accept-Encoding': 'gzip, deflate', 'accept': 'application/json', 'Connection': 'keep-alive', 'Content-Type': 'application/json', 'x-api-key': 'reqres-free-v1', 'Content-Length': '57'} 
 body=b'{"email": "eve.holt@reqres.in", "password": "cityslicka"}' 
 </msg>
<msg time="2025-05-27T17:34:18.781200" level="INFO">POST Response : url=https://reqres.in/api/login 
 status=200, reason=OK 
 headers={'Date': 'Tue, 27 May 2025 20:34:19 GMT', 'Content-Type': 'application/json; charset=utf-8', 'Transfer-Encoding': 'chunked', 'Connection': 'keep-alive', 'Server': 'cloudflare', 'Cf-Ray': '94684ad2bd81cb59-GIG', 'Report-To': '{"group":"heroku-nel","max_age":3600,"endpoints":[{"url":"https://nel.heroku.com/reports?ts=1748378058&amp;sid=c4c9725f-1ab0-44d8-820f-430df2718e11&amp;s=XKD8Abj48kSnWuSo00RsM8jvstN%2FjxqJVfFf1dFI%2FeA%3D"}]}', 'Reporting-Endpoints': 'heroku-nel=https://nel.heroku.com/reports?ts=1748378058&amp;sid=c4c9725f-1ab0-44d8-820f-430df2718e11&amp;s=XKD8Abj48kSnWuSo00RsM8jvstN%2FjxqJVfFf1dFI%2FeA%3D', 'Nel': '{"report_to":"heroku-nel","max_age":3600,"success_fraction":0.005,"failure_fraction":0.05,"response_headers":["Via"]}', 'X-Powered-By': 'Express', 'Access-Control-Allow-Origin': '*', 'Ratelimit-Policy': '100;w=60', 'Ratelimit-Limit': '100', 'Ratelimit-Remaining': '94', 'Ratelimit-Reset': '60', 'Etag': 'W/"1d-lGCrvD6B7Qzk11+2C98+nGhhuec"', 'Via': '1.1 vegur', 'Cf-Cache-Status': 'DYNAMIC', 'Content-Encoding': 'gzip', 'server-timing': 'cfL4;desc="?proto=TCP&amp;rtt=62010&amp;min_rtt=56809&amp;rtt_var=11870&amp;sent=11&amp;recv=15&amp;lost=0&amp;retrans=0&amp;sent_bytes=5838&amp;recv_bytes=1595&amp;delivery_rate=74176&amp;cwnd=256&amp;unsent_bytes=0&amp;cid=8eb3c49ece0d294e&amp;ts=1374&amp;x=0"'} 
 body={"token":"QpwL5tke4Pnpja7X4"} 
 </msg>
<msg time="2025-05-27T17:34:18.781266" level="INFO">/usr/lib/python3/dist-packages/urllib3/connectionpool.py:1020: InsecureRequestWarning: Unverified HTTPS request is being made to host 'reqres.in'. Adding certificate verification is strongly advised. See: https://urllib3.readthedocs.io/en/latest/advanced-usage.html#ssl-warnings
  warnings.warn(</msg>
<msg time="2025-05-27T17:34:18.781492" level="INFO">${response} = &lt;Response [200]&gt;</msg>
<var>${response}</var>
<arg>alias=ReqRes</arg>
<arg>url=/login</arg>
<arg>json=${body}</arg>
<doc>Sends a POST request on a previously created HTTP Session.</doc>
<status status="PASS" start="2025-05-27T17:34:18.340997" elapsed="0.440519"/>
</kw>
<kw name="Set Global Variable" owner="BuiltIn">
<msg time="2025-05-27T17:34:18.781895" level="INFO">${response} = &lt;Response [200]&gt;</msg>
<arg>${response}</arg>
<doc>Makes a variable available globally in all tests and suites.</doc>
<status status="PASS" start="2025-05-27T17:34:18.781683" elapsed="0.000247"/>
</kw>
<kw name="Log" owner="BuiltIn">
<msg time="2025-05-27T17:34:18.782365" level="INFO">Response: {'token': 'QpwL5tke4Pnpja7X4'}</msg>
<arg>Response: ${response.json()}</arg>
<doc>Logs the given message with the given level.</doc>
<status status="PASS" start="2025-05-27T17:34:18.782012" elapsed="0.000395"/>
</kw>
<doc>Realiza o login com credenciais válidas</doc>
<status status="PASS" start="2025-05-27T17:34:18.340563" elapsed="0.441893"/>
</kw>
<kw name="Validar status code &quot;200&quot;" owner="common" source_name="Validar status code &quot;${statuscode}&quot;">
<kw name="Should Be True" owner="BuiltIn">
<arg>${response.status_code} == ${statuscode}</arg>
<doc>Fails if the given condition is not true.</doc>
<status status="PASS" start="2025-05-27T17:34:18.782822" elapsed="0.000504"/>
</kw>
<kw name="Log" owner="BuiltIn">
<msg time="2025-05-27T17:34:18.783643" level="INFO">Response status: 200</msg>
<arg>Response status: ${response.status_code}</arg>
<doc>Logs the given message with the given level.</doc>
<status status="PASS" start="2025-05-27T17:34:18.783403" elapsed="0.000270"/>
</kw>
<doc>Valida que a resposta tem o status code esperado</doc>
<status status="PASS" start="2025-05-27T17:34:18.782637" elapsed="0.001075"/>
</kw>
<kw name="Validar resposta contém campo &quot;token&quot;" owner="common" source_name="Validar resposta contém campo &quot;${field}&quot;">
<kw name="Split String" owner="String">
<msg time="2025-05-27T17:34:18.784223" level="INFO">${fields} = ['token']</msg>
<var>${fields}</var>
<arg>${field}</arg>
<arg>.</arg>
<doc>Splits the ``string`` using ``separator`` as a delimiter string.</doc>
<status status="PASS" start="2025-05-27T17:34:18.784084" elapsed="0.000157"/>
</kw>
<kw name="Set Variable" owner="BuiltIn">
<msg time="2025-05-27T17:34:18.784610" level="INFO">${dict} = {'token': 'QpwL5tke4Pnpja7X4'}</msg>
<var>${dict}</var>
<arg>${response.json()}</arg>
<doc>Returns the given values which can then be assigned to a variables.</doc>
<status status="PASS" start="2025-05-27T17:34:18.784316" elapsed="0.000312"/>
</kw>
<for flavor="IN">
<iter>
<kw name="Run Keyword If" owner="BuiltIn">
<kw name="Dictionary Should Contain Key" owner="Collections">
<arg>${dict}</arg>
<arg>${part}</arg>
<doc>Fails if ``key`` is not found from ``dictionary``.</doc>
<status status="PASS" start="2025-05-27T17:34:18.785058" elapsed="0.000119"/>
</kw>
<arg>"${part}" in ${dict}</arg>
<arg>Dictionary Should Contain Key</arg>
<arg>${dict}</arg>
<arg>${part}</arg>
<arg>ELSE</arg>
<arg>Fail</arg>
<arg>Field "${part}" not found in response</arg>
<doc>Runs the given keyword with the given arguments, if ``condition`` is true.</doc>
<status status="PASS" start="2025-05-27T17:34:18.784880" elapsed="0.000334"/>
</kw>
<kw name="Set Variable If" owner="BuiltIn">
<msg time="2025-05-27T17:34:18.785640" level="INFO">${dict} = QpwL5tke4Pnpja7X4</msg>
<var>${dict}</var>
<arg>"${part}" in ${dict}</arg>
<arg>${dict["${part}"]}</arg>
<arg>${dict}</arg>
<doc>Sets variable based on the given condition.</doc>
<status status="PASS" start="2025-05-27T17:34:18.785294" elapsed="0.000364"/>
</kw>
<var name="${part}">token</var>
<status status="PASS" start="2025-05-27T17:34:18.784806" elapsed="0.000879"/>
</iter>
<var>${part}</var>
<value>@{fields}</value>
<status status="PASS" start="2025-05-27T17:34:18.784672" elapsed="0.001034"/>
</for>
<doc>Valida que a resposta JSON contém o campo específico</doc>
<status status="PASS" start="2025-05-27T17:34:18.783897" elapsed="0.001847"/>
</kw>
<tag>api</tag>
<tag>auth</tag>
<tag>login</tag>
<tag>POST</tag>
<tag>reqres</tag>
<tag>success</tag>
<status status="PASS" start="2025-05-27T17:34:18.340269" elapsed="0.445600"/>
</test>
<test id="s1-s1-t4" name="Cenário 04: POST Login sem senha" line="29">
<kw name="POST Endpoint /login - sem senha" owner="auth_keywords">
<kw name="Create Dictionary" owner="BuiltIn">
<msg time="2025-05-27T17:34:18.786709" level="INFO">${body} = {'email': 'eve.holt@reqres.in'}</msg>
<var>${body}</var>
<arg>email=${DEFAULT_EMAIL}</arg>
<doc>Creates and returns a dictionary based on the given ``items``.</doc>
<status status="PASS" start="2025-05-27T17:34:18.786550" elapsed="0.000177"/>
</kw>
<kw name="POST On Session" owner="RequestsLibrary">
<msg time="2025-05-27T17:34:19.232397" level="INFO">POST Request : url=https://reqres.in/api/login 
 path_url=/api/login 
 headers={'User-Agent': 'python-requests/2.25.1', 'Accept-Encoding': 'gzip, deflate', 'accept': 'application/json', 'Connection': 'keep-alive', 'Content-Type': 'application/json', 'x-api-key': 'reqres-free-v1', 'Content-Length': '31'} 
 body=b'{"email": "eve.holt@reqres.in"}' 
 </msg>
<msg time="2025-05-27T17:34:19.232492" level="INFO">POST Response : url=https://reqres.in/api/login 
 status=400, reason=Bad Request 
 headers={'Date': 'Tue, 27 May 2025 20:34:19 GMT', 'Content-Type': 'application/json; charset=utf-8', 'Content-Length': '28', 'Connection': 'keep-alive', 'Server': 'cloudflare', 'Cf-Ray': '94684ad58fd8cb59-GIG', 'Report-To': '{"group":"heroku-nel","max_age":3600,"endpoints":[{"url":"https://nel.heroku.com/reports?ts=1748378059&amp;sid=c4c9725f-1ab0-44d8-820f-430df2718e11&amp;s=pnNfgGu3mbek6QLIkYDuyXYV9ey9BaB6CHkOWCj2Yfc%3D"}]}', 'Reporting-Endpoints': 'heroku-nel=https://nel.heroku.com/reports?ts=1748378059&amp;sid=c4c9725f-1ab0-44d8-820f-430df2718e11&amp;s=pnNfgGu3mbek6QLIkYDuyXYV9ey9BaB6CHkOWCj2Yfc%3D', 'Nel': '{"report_to":"heroku-nel","max_age":3600,"success_fraction":0.005,"failure_fraction":0.05,"response_headers":["Via"]}', 'X-Powered-By': 'Express', 'Access-Control-Allow-Origin': '*', 'Ratelimit-Policy': '100;w=60', 'Ratelimit-Limit': '100', 'Ratelimit-Remaining': '92', 'Ratelimit-Reset': '59', 'Etag': 'W/"1c-NmpazMScs9tOqR7eDEesn+pqC9Q"', 'Via': '1.1 vegur', 'Cf-Cache-Status': 'DYNAMIC', 'server-timing': 'cfL4;desc="?proto=TCP&amp;rtt=61482&amp;min_rtt=56809&amp;rtt_var=9958&amp;sent=14&amp;recv=18&amp;lost=0&amp;retrans=0&amp;sent_bytes=7134&amp;recv_bytes=1912&amp;delivery_rate=74176&amp;cwnd=256&amp;unsent_bytes=0&amp;cid=8eb3c49ece0d294e&amp;ts=1829&amp;x=0"'} 
 body={"error":"Missing password"} 
 </msg>
<msg time="2025-05-27T17:34:19.232551" level="INFO">/usr/lib/python3/dist-packages/urllib3/connectionpool.py:1020: InsecureRequestWarning: Unverified HTTPS request is being made to host 'reqres.in'. Adding certificate verification is strongly advised. See: https://urllib3.readthedocs.io/en/latest/advanced-usage.html#ssl-warnings
  warnings.warn(</msg>
<msg time="2025-05-27T17:34:19.232701" level="INFO">${response} = &lt;Response [400]&gt;</msg>
<var>${response}</var>
<arg>alias=ReqRes</arg>
<arg>url=/login</arg>
<arg>json=${body}</arg>
<arg>expected_status=400</arg>
<doc>Sends a POST request on a previously created HTTP Session.</doc>
<status status="PASS" start="2025-05-27T17:34:18.786799" elapsed="0.445934"/>
</kw>
<kw name="Set Global Variable" owner="BuiltIn">
<msg time="2025-05-27T17:34:19.233172" level="INFO">${response} = &lt;Response [400]&gt;</msg>
<arg>${response}</arg>
<doc>Makes a variable available globally in all tests and suites.</doc>
<status status="PASS" start="2025-05-27T17:34:19.232928" elapsed="0.000281"/>
</kw>
<kw name="Log" owner="BuiltIn">
<msg time="2025-05-27T17:34:19.233664" level="INFO">Error response: {'error': 'Missing password'}</msg>
<arg>Error response: ${response.json()}</arg>
<doc>Logs the given message with the given level.</doc>
<status status="PASS" start="2025-05-27T17:34:19.233317" elapsed="0.000458"/>
</kw>
<doc>Realiza uma requisição de login sem senha (falhe esperada)</doc>
<status status="PASS" start="2025-05-27T17:34:18.786376" elapsed="0.447451"/>
</kw>
<kw name="Validar status code &quot;400&quot;" owner="common" source_name="Validar status code &quot;${statuscode}&quot;">
<kw name="Should Be True" owner="BuiltIn">
<arg>${response.status_code} == ${statuscode}</arg>
<doc>Fails if the given condition is not true.</doc>
<status status="PASS" start="2025-05-27T17:34:19.234200" elapsed="0.000491"/>
</kw>
<kw name="Log" owner="BuiltIn">
<msg time="2025-05-27T17:34:19.235020" level="INFO">Response status: 400</msg>
<arg>Response status: ${response.status_code}</arg>
<doc>Logs the given message with the given level.</doc>
<status status="PASS" start="2025-05-27T17:34:19.234770" elapsed="0.000281"/>
</kw>
<doc>Valida que a resposta tem o status code esperado</doc>
<status status="PASS" start="2025-05-27T17:34:19.234011" elapsed="0.001078"/>
</kw>
<kw name="Validar resposta contém campo &quot;error&quot;" owner="common" source_name="Validar resposta contém campo &quot;${field}&quot;">
<kw name="Split String" owner="String">
<msg time="2025-05-27T17:34:19.235538" level="INFO">${fields} = ['error']</msg>
<var>${fields}</var>
<arg>${field}</arg>
<arg>.</arg>
<doc>Splits the ``string`` using ``separator`` as a delimiter string.</doc>
<status status="PASS" start="2025-05-27T17:34:19.235423" elapsed="0.000132"/>
</kw>
<kw name="Set Variable" owner="BuiltIn">
<msg time="2025-05-27T17:34:19.235899" level="INFO">${dict} = {'error': 'Missing password'}</msg>
<var>${dict}</var>
<arg>${response.json()}</arg>
<doc>Returns the given values which can then be assigned to a variables.</doc>
<status status="PASS" start="2025-05-27T17:34:19.235626" elapsed="0.000291"/>
</kw>
<for flavor="IN">
<iter>
<kw name="Run Keyword If" owner="BuiltIn">
<kw name="Dictionary Should Contain Key" owner="Collections">
<arg>${dict}</arg>
<arg>${part}</arg>
<doc>Fails if ``key`` is not found from ``dictionary``.</doc>
<status status="PASS" start="2025-05-27T17:34:19.236281" elapsed="0.000116"/>
</kw>
<arg>"${part}" in ${dict}</arg>
<arg>Dictionary Should Contain Key</arg>
<arg>${dict}</arg>
<arg>${part}</arg>
<arg>ELSE</arg>
<arg>Fail</arg>
<arg>Field "${part}" not found in response</arg>
<doc>Runs the given keyword with the given arguments, if ``condition`` is true.</doc>
<status status="PASS" start="2025-05-27T17:34:19.236114" elapsed="0.000319"/>
</kw>
<kw name="Set Variable If" owner="BuiltIn">
<msg time="2025-05-27T17:34:19.236870" level="INFO">${dict} = Missing password</msg>
<var>${dict}</var>
<arg>"${part}" in ${dict}</arg>
<arg>${dict["${part}"]}</arg>
<arg>${dict}</arg>
<doc>Sets variable based on the given condition.</doc>
<status status="PASS" start="2025-05-27T17:34:19.236512" elapsed="0.000377"/>
</kw>
<var name="${part}">error</var>
<status status="PASS" start="2025-05-27T17:34:19.236049" elapsed="0.000868"/>
</iter>
<var>${part}</var>
<value>@{fields}</value>
<status status="PASS" start="2025-05-27T17:34:19.235958" elapsed="0.000979"/>
</for>
<doc>Valida que a resposta JSON contém o campo específico</doc>
<status status="PASS" start="2025-05-27T17:34:19.235259" elapsed="0.001713"/>
</kw>
<kw name="Validar valor do campo &quot;error&quot; é &quot;Missing password&quot;" owner="common" source_name="Validar valor do campo &quot;${field}&quot; é &quot;${expected_value}&quot;">
<kw name="Split String" owner="String">
<msg time="2025-05-27T17:34:19.237428" level="INFO">${fields} = ['error']</msg>
<var>${fields}</var>
<arg>${field}</arg>
<arg>.</arg>
<doc>Splits the ``string`` using ``separator`` as a delimiter string.</doc>
<status status="PASS" start="2025-05-27T17:34:19.237317" elapsed="0.000128"/>
</kw>
<kw name="Set Variable" owner="BuiltIn">
<msg time="2025-05-27T17:34:19.237807" level="INFO">${dict} = {'error': 'Missing password'}</msg>
<var>${dict}</var>
<arg>${response.json()}</arg>
<doc>Returns the given values which can then be assigned to a variables.</doc>
<status status="PASS" start="2025-05-27T17:34:19.237527" elapsed="0.000298"/>
</kw>
<for flavor="IN ENUMERATE">
<iter>
<kw name="Run Keyword If" owner="BuiltIn">
<kw name="Dictionary Should Contain Key" owner="Collections">
<arg>${dict}</arg>
<arg>${part}</arg>
<doc>Fails if ``key`` is not found from ``dictionary``.</doc>
<status status="PASS" start="2025-05-27T17:34:19.238339" elapsed="0.000109"/>
</kw>
<arg>${index} &lt; ${fields.__len__() - 1}</arg>
<arg>Dictionary Should Contain Key</arg>
<arg>${dict}</arg>
<arg>${part}</arg>
<arg>ELSE</arg>
<arg>Dictionary Should Contain Key</arg>
<arg>${dict}</arg>
<arg>${part}</arg>
<doc>Runs the given keyword with the given arguments, if ``condition`` is true.</doc>
<status status="PASS" start="2025-05-27T17:34:19.238010" elapsed="0.000472"/>
</kw>
<kw name="Set Variable If" owner="BuiltIn">
<msg time="2025-05-27T17:34:19.238898" level="INFO">${dict} = {'error': 'Missing password'}</msg>
<var>${dict}</var>
<arg>${index} &lt; ${fields.__len__() - 1}</arg>
<arg>${dict["${part}"]}</arg>
<arg>${dict}</arg>
<doc>Sets variable based on the given condition.</doc>
<status status="PASS" start="2025-05-27T17:34:19.238560" elapsed="0.000357"/>
</kw>
<var name="${index}">0</var>
<var name="${part}">error</var>
<status status="PASS" start="2025-05-27T17:34:19.237950" elapsed="0.000994"/>
</iter>
<var>${index}</var>
<var>${part}</var>
<value>@{fields}</value>
<status status="PASS" start="2025-05-27T17:34:19.237860" elapsed="0.001106"/>
</for>
<kw name="Set Variable" owner="BuiltIn">
<msg time="2025-05-27T17:34:19.239315" level="INFO">${last_field} = error</msg>
<var>${last_field}</var>
<arg>${fields[-1]}</arg>
<doc>Returns the given values which can then be assigned to a variables.</doc>
<status status="PASS" start="2025-05-27T17:34:19.239035" elapsed="0.000297"/>
</kw>
<kw name="Convert To String" owner="BuiltIn">
<msg time="2025-05-27T17:34:19.239701" level="INFO">${actual_value} = Missing password</msg>
<var>${actual_value}</var>
<arg>${dict["${last_field}"]}</arg>
<doc>Converts the given item to a Unicode string.</doc>
<status status="PASS" start="2025-05-27T17:34:19.239401" elapsed="0.000317"/>
</kw>
<kw name="Should Be Equal" owner="BuiltIn">
<arg>${actual_value}</arg>
<arg>${expected_value}</arg>
<doc>Fails if the given objects are unequal.</doc>
<status status="PASS" start="2025-05-27T17:34:19.239785" elapsed="0.000120"/>
</kw>
<doc>Valida que o campo na response tem o valor esperado</doc>
<status status="PASS" start="2025-05-27T17:34:19.237146" elapsed="0.002798"/>
</kw>
<tag>api</tag>
<tag>auth</tag>
<tag>error</tag>
<tag>login</tag>
<tag>POST</tag>
<tag>reqres</tag>
<status status="PASS" start="2025-05-27T17:34:18.786072" elapsed="0.453991"/>
</test>
<test id="s1-s1-t5" name="Cenário 05: POST Logout" line="36">
<kw name="POST Endpoint /logout" owner="auth_keywords">
<kw name="POST On Session" owner="RequestsLibrary">
<msg time="2025-05-27T17:34:19.674247" level="INFO">POST Request : url=https://reqres.in/api/logout 
 path_url=/api/logout 
 headers={'User-Agent': 'python-requests/2.25.1', 'Accept-Encoding': 'gzip, deflate', 'accept': 'application/json', 'Connection': 'keep-alive', 'Content-Type': 'application/json', 'x-api-key': 'reqres-free-v1', 'Content-Length': '0'} 
 body=None 
 </msg>
<msg time="2025-05-27T17:34:19.674365" level="INFO">POST Response : url=https://reqres.in/api/logout 
 status=200, reason=OK 
 headers={'Date': 'Tue, 27 May 2025 20:34:19 GMT', 'Content-Type': 'application/json; charset=utf-8', 'Transfer-Encoding': 'chunked', 'Connection': 'keep-alive', 'Server': 'cloudflare', 'Cf-Ray': '94684ad85a10cb59-GIG', 'Report-To': '{"group":"heroku-nel","max_age":3600,"endpoints":[{"url":"https://nel.heroku.com/reports?ts=1748378059&amp;sid=c4c9725f-1ab0-44d8-820f-430df2718e11&amp;s=pnNfgGu3mbek6QLIkYDuyXYV9ey9BaB6CHkOWCj2Yfc%3D"}]}', 'Reporting-Endpoints': 'heroku-nel=https://nel.heroku.com/reports?ts=1748378059&amp;sid=c4c9725f-1ab0-44d8-820f-430df2718e11&amp;s=pnNfgGu3mbek6QLIkYDuyXYV9ey9BaB6CHkOWCj2Yfc%3D', 'Nel': '{"report_to":"heroku-nel","max_age":3600,"success_fraction":0.005,"failure_fraction":0.05,"response_headers":["Via"]}', 'X-Powered-By': 'Express', 'Access-Control-Allow-Origin': '*', 'Ratelimit-Policy': '100;w=60', 'Ratelimit-Limit': '100', 'Ratelimit-Remaining': '90', 'Ratelimit-Reset': '59', 'Etag': 'W/"2-vyGp6PvFo4RvsFtPoIWeCReyIC8"', 'Via': '1.1 vegur', 'Cf-Cache-Status': 'DYNAMIC', 'Content-Encoding': 'gzip', 'server-timing': 'cfL4;desc="?proto=TCP&amp;rtt=62130&amp;min_rtt=56809&amp;rtt_var=8765&amp;sent=16&amp;recv=19&amp;lost=0&amp;retrans=0&amp;sent_bytes=8344&amp;recv_bytes=2176&amp;delivery_rate=74176&amp;cwnd=256&amp;unsent_bytes=0&amp;cid=8eb3c49ece0d294e&amp;ts=2275&amp;x=0"'} 
 body={} 
 </msg>
<msg time="2025-05-27T17:34:19.674501" level="INFO">/usr/lib/python3/dist-packages/urllib3/connectionpool.py:1020: InsecureRequestWarning: Unverified HTTPS request is being made to host 'reqres.in'. Adding certificate verification is strongly advised. See: https://urllib3.readthedocs.io/en/latest/advanced-usage.html#ssl-warnings
  warnings.warn(</msg>
<msg time="2025-05-27T17:34:19.674642" level="INFO">${response} = &lt;Response [200]&gt;</msg>
<var>${response}</var>
<arg>alias=ReqRes</arg>
<arg>url=/logout</arg>
<doc>Sends a POST request on a previously created HTTP Session.</doc>
<status status="PASS" start="2025-05-27T17:34:19.240681" elapsed="0.433984"/>
</kw>
<kw name="Set Global Variable" owner="BuiltIn">
<msg time="2025-05-27T17:34:19.675056" level="INFO">${response} = &lt;Response [200]&gt;</msg>
<arg>${response}</arg>
<doc>Makes a variable available globally in all tests and suites.</doc>
<status status="PASS" start="2025-05-27T17:34:19.674834" elapsed="0.000255"/>
</kw>
<doc>Realiza uma requisição de logout</doc>
<status status="PASS" start="2025-05-27T17:34:19.240518" elapsed="0.434621"/>
</kw>
<kw name="Validar status code &quot;200&quot;" owner="common" source_name="Validar status code &quot;${statuscode}&quot;">
<kw name="Should Be True" owner="BuiltIn">
<arg>${response.status_code} == ${statuscode}</arg>
<doc>Fails if the given condition is not true.</doc>
<status status="PASS" start="2025-05-27T17:34:19.675551" elapsed="0.000530"/>
</kw>
<kw name="Log" owner="BuiltIn">
<msg time="2025-05-27T17:34:19.676419" level="INFO">Response status: 200</msg>
<arg>Response status: ${response.status_code}</arg>
<doc>Logs the given message with the given level.</doc>
<status status="PASS" start="2025-05-27T17:34:19.676160" elapsed="0.000293"/>
</kw>
<doc>Valida que a resposta tem o status code esperado</doc>
<status status="PASS" start="2025-05-27T17:34:19.675336" elapsed="0.001156"/>
</kw>
<tag>api</tag>
<tag>auth</tag>
<tag>logout</tag>
<tag>POST</tag>
<tag>reqres</tag>
<status status="PASS" start="2025-05-27T17:34:19.240261" elapsed="0.436353"/>
</test>
<doc>Testes para endpoints de autenticação (login, register, logout)</doc>
<status status="PASS" start="2025-05-27T17:34:17.249429" elapsed="2.427569"/>
</suite>
<suite id="s1-s2" name="Users Tests" source="/home/luisms/compass_pb/Documentos/Sprint 5/reqresAPI/tests/users/users_tests.robot">
<kw name="Criar sessão no ReqRes" owner="common" type="SETUP">
<kw name="Create Dictionary" owner="BuiltIn">
<msg time="2025-05-27T17:34:19.681039" level="INFO">${headers} = {'accept': 'application/json', 'Content-Type': 'application/json', 'x-api-key': 'reqres-free-v1'}</msg>
<var>${headers}</var>
<arg>accept=application/json</arg>
<arg>Content-Type=application/json</arg>
<arg>x-api-key=reqres-free-v1</arg>
<doc>Creates and returns a dictionary based on the given ``items``.</doc>
<status status="PASS" start="2025-05-27T17:34:19.680907" elapsed="0.000152"/>
</kw>
<kw name="Create Session" owner="RequestsLibrary">
<msg time="2025-05-27T17:34:19.681268" level="INFO">Creating Session using : alias=ReqRes, url=https://reqres.in/api, headers={'accept': 'application/json', 'Content-Type': 'application/json', 'x-api-key': 'reqres-free-v1'},                     cookies={}, auth=None, timeout=None, proxies=None, verify=False,                     debug=0 </msg>
<arg>ReqRes</arg>
<arg>${BASE_URL}</arg>
<arg>${headers}</arg>
<doc>Create Session: create a HTTP session to a server</doc>
<status status="PASS" start="2025-05-27T17:34:19.681136" elapsed="0.000259"/>
</kw>
<doc>Cria uma sessão na API ReqRes com os headers apropriados</doc>
<status status="PASS" start="2025-05-27T17:34:19.680773" elapsed="0.000667"/>
</kw>
<test id="s1-s2-t1" name="Cenário 06: GET Listar todos os usuários" line="9">
<kw name="GET Endpoint /users" owner="users_keywords">
<kw name="GET On Session" owner="RequestsLibrary">
<msg time="2025-05-27T17:34:19.878874" level="INFO">GET Request : url=https://reqres.in/api/users 
 path_url=/api/users 
 headers={'User-Agent': 'python-requests/2.25.1', 'Accept-Encoding': 'gzip, deflate', 'accept': 'application/json', 'Connection': 'keep-alive', 'Content-Type': 'application/json', 'x-api-key': 'reqres-free-v1'} 
 body=None 
 </msg>
<msg time="2025-05-27T17:34:19.878985" level="INFO">GET Response : url=https://reqres.in/api/users 
 status=200, reason=OK 
 headers={'Date': 'Tue, 27 May 2025 20:34:20 GMT', 'Content-Type': 'application/json; charset=utf-8', 'Transfer-Encoding': 'chunked', 'Connection': 'keep-alive', 'Cf-Ray': '94684adbdf04cabf-GIG', 'Server': 'cloudflare', 'Content-Encoding': 'gzip', 'Report-To': '{"group":"heroku-nel","max_age":3600,"endpoints":[{"url":"https://nel.heroku.com/reports?ts=1748376962&amp;sid=c4c9725f-1ab0-44d8-820f-430df2718e11&amp;s=ZIT966U2ypmYQvYjrPg2U%2FnKxGDkuwqgG8qWxChtOUw%3D"}]}', 'Reporting-Endpoints': 'heroku-nel=https://nel.heroku.com/reports?ts=1748376962&amp;sid=c4c9725f-1ab0-44d8-820f-430df2718e11&amp;s=ZIT966U2ypmYQvYjrPg2U%2FnKxGDkuwqgG8qWxChtOUw%3D', 'Nel': '{"report_to":"heroku-nel","max_age":3600,"success_fraction":0.005,"failure_fraction":0.05,"response_headers":["Via"]}', 'X-Powered-By': 'Express', 'Access-Control-Allow-Origin': '*', 'Ratelimit-Policy': '100;w=60', 'Ratelimit-Limit': '100', 'Ratelimit-Remaining': '98', 'Ratelimit-Reset': '60', 'Etag': 'W/"41e-bY3U72nulxuwNd/TmihMEHjLmek"', 'Via': '1.1 vegur', 'Cache-Control': 'max-age=14400', 'Cf-Cache-Status': 'HIT', 'Age': '1098', 'Vary': 'Accept-Encoding', 'server-timing': 'cfL4;desc="?proto=TCP&amp;rtt=57762&amp;min_rtt=57047&amp;rtt_var=16684&amp;sent=5&amp;recv=7&amp;lost=0&amp;retrans=0&amp;sent_bytes=2838&amp;recv_bytes=840&amp;delivery_rate=74036&amp;cwnd=252&amp;unsent_bytes=0&amp;cid=a158f573c48c52e3&amp;ts=80&amp;x=0"'} 
 body={"page":1,"per_page":6,"total":12,"total_pages":2,"data":[{"id":1,"email":"george.bluth@reqres.in","first_name":"George","last_name":"Bluth","avatar":"https://reqres.in/img/faces/1-image.jpg"},{"id":2,"email":"janet.weaver@reqres.in","first_name":"Janet","last_name":"Weaver","avatar":"https://reqres.in/img/faces/2-image.jpg"},{"id":3,"email":"emma.wong@reqres.in","first_name":"Emma","last_name":"Wong","avatar":"https://reqres.in/img/faces/3-image.jpg"},{"id":4,"email":"eve.holt@reqres.in","first_name":"Eve","last_name":"Holt","avatar":"https://reqres.in/img/faces/4-image.jpg"},{"id":5,"email":"charles.morris@reqres.in","first_name":"Charles","last_name":"Morris","avatar":"https://reqres.in/img/faces/5-image.jpg"},{"id":6,"email":"tracey.ramos@reqres.in","first_name":"Tracey","last_name":"Ramos","avatar":"https://reqres.in/img/faces/6-image.jpg"}],"support":{"url":"https://contentcaddy.io?utm_source=reqres&amp;utm_medium=json&amp;utm_campaign=referral","text":"Tired of writing endless social media content? Let Content Caddy generate it for you."}} 
 </msg>
<msg time="2025-05-27T17:34:19.879129" level="INFO">/usr/lib/python3/dist-packages/urllib3/connectionpool.py:1020: InsecureRequestWarning: Unverified HTTPS request is being made to host 'reqres.in'. Adding certificate verification is strongly advised. See: https://urllib3.readthedocs.io/en/latest/advanced-usage.html#ssl-warnings
  warnings.warn(</msg>
<msg time="2025-05-27T17:34:19.879286" level="INFO">${response} = &lt;Response [200]&gt;</msg>
<var>${response}</var>
<arg>alias=ReqRes</arg>
<arg>url=/users</arg>
<doc>Sends a GET request on a previously created HTTP Session.</doc>
<status status="PASS" start="2025-05-27T17:34:19.681907" elapsed="0.197407"/>
</kw>
<kw name="Set Global Variable" owner="BuiltIn">
<msg time="2025-05-27T17:34:19.879710" level="INFO">${response} = &lt;Response [200]&gt;</msg>
<arg>${response}</arg>
<doc>Makes a variable available globally in all tests and suites.</doc>
<status status="PASS" start="2025-05-27T17:34:19.879501" elapsed="0.000243"/>
</kw>
<kw name="Log" owner="BuiltIn">
<msg time="2025-05-27T17:34:19.880171" level="INFO">Users found: 12</msg>
<arg>Users found: ${response.json()["total"]}</arg>
<doc>Logs the given message with the given level.</doc>
<status status="PASS" start="2025-05-27T17:34:19.879829" elapsed="0.000377"/>
</kw>
<doc>Lista todos os usuários</doc>
<status status="PASS" start="2025-05-27T17:34:19.681754" elapsed="0.198501"/>
</kw>
<kw name="Validar status code &quot;200&quot;" owner="common" source_name="Validar status code &quot;${statuscode}&quot;">
<kw name="Should Be True" owner="BuiltIn">
<arg>${response.status_code} == ${statuscode}</arg>
<doc>Fails if the given condition is not true.</doc>
<status status="PASS" start="2025-05-27T17:34:19.880641" elapsed="0.000631"/>
</kw>
<kw name="Log" owner="BuiltIn">
<msg time="2025-05-27T17:34:19.881590" level="INFO">Response status: 200</msg>
<arg>Response status: ${response.status_code}</arg>
<doc>Logs the given message with the given level.</doc>
<status status="PASS" start="2025-05-27T17:34:19.881351" elapsed="0.000271"/>
</kw>
<doc>Valida que a resposta tem o status code esperado</doc>
<status status="PASS" start="2025-05-27T17:34:19.880445" elapsed="0.001217"/>
</kw>
<kw name="Validar resposta contém campo &quot;data&quot;" owner="common" source_name="Validar resposta contém campo &quot;${field}&quot;">
<kw name="Split String" owner="String">
<msg time="2025-05-27T17:34:19.882117" level="INFO">${fields} = ['data']</msg>
<var>${fields}</var>
<arg>${field}</arg>
<arg>.</arg>
<doc>Splits the ``string`` using ``separator`` as a delimiter string.</doc>
<status status="PASS" start="2025-05-27T17:34:19.882002" elapsed="0.000133"/>
</kw>
<kw name="Set Variable" owner="BuiltIn">
<msg time="2025-05-27T17:34:19.882498" level="INFO">${dict} = {'page': 1, 'per_page': 6, 'total': 12, 'total_pages': 2, 'data': [{'id': 1, 'email': 'george.bluth@reqres.in', 'first_name': 'George', 'last_name': 'Bluth', 'avatar': 'https://reqres.in/img/faces/1-i...</msg>
<var>${dict}</var>
<arg>${response.json()}</arg>
<doc>Returns the given values which can then be assigned to a variables.</doc>
<status status="PASS" start="2025-05-27T17:34:19.882207" elapsed="0.000310"/>
</kw>
<for flavor="IN">
<iter>
<kw name="Run Keyword If" owner="BuiltIn">
<kw name="Dictionary Should Contain Key" owner="Collections">
<arg>${dict}</arg>
<arg>${part}</arg>
<doc>Fails if ``key`` is not found from ``dictionary``.</doc>
<status status="PASS" start="2025-05-27T17:34:19.883024" elapsed="0.000126"/>
</kw>
<arg>"${part}" in ${dict}</arg>
<arg>Dictionary Should Contain Key</arg>
<arg>${dict}</arg>
<arg>${part}</arg>
<arg>ELSE</arg>
<arg>Fail</arg>
<arg>Field "${part}" not found in response</arg>
<doc>Runs the given keyword with the given arguments, if ``condition`` is true.</doc>
<status status="PASS" start="2025-05-27T17:34:19.882723" elapsed="0.000464"/>
</kw>
<kw name="Set Variable If" owner="BuiltIn">
<msg time="2025-05-27T17:34:19.883711" level="INFO">${dict} = [{'id': 1, 'email': 'george.bluth@reqres.in', 'first_name': 'George', 'last_name': 'Bluth', 'avatar': 'https://reqres.in/img/faces/1-image.jpg'}, {'id': 2, 'email': 'janet.weaver@reqres.in', 'first_na...</msg>
<var>${dict}</var>
<arg>"${part}" in ${dict}</arg>
<arg>${dict["${part}"]}</arg>
<arg>${dict}</arg>
<doc>Sets variable based on the given condition.</doc>
<status status="PASS" start="2025-05-27T17:34:19.883287" elapsed="0.000444"/>
</kw>
<var name="${part}">data</var>
<status status="PASS" start="2025-05-27T17:34:19.882657" elapsed="0.001100"/>
</iter>
<var>${part}</var>
<value>@{fields}</value>
<status status="PASS" start="2025-05-27T17:34:19.882561" elapsed="0.001217"/>
</for>
<doc>Valida que a resposta JSON contém o campo específico</doc>
<status status="PASS" start="2025-05-27T17:34:19.881836" elapsed="0.001980"/>
</kw>
<kw name="Validar resposta contém campo &quot;total&quot;" owner="common" source_name="Validar resposta contém campo &quot;${field}&quot;">
<kw name="Split String" owner="String">
<msg time="2025-05-27T17:34:19.884251" level="INFO">${fields} = ['total']</msg>
<var>${fields}</var>
<arg>${field}</arg>
<arg>.</arg>
<doc>Splits the ``string`` using ``separator`` as a delimiter string.</doc>
<status status="PASS" start="2025-05-27T17:34:19.884141" elapsed="0.000127"/>
</kw>
<kw name="Set Variable" owner="BuiltIn">
<msg time="2025-05-27T17:34:19.884663" level="INFO">${dict} = {'page': 1, 'per_page': 6, 'total': 12, 'total_pages': 2, 'data': [{'id': 1, 'email': 'george.bluth@reqres.in', 'first_name': 'George', 'last_name': 'Bluth', 'avatar': 'https://reqres.in/img/faces/1-i...</msg>
<var>${dict}</var>
<arg>${response.json()}</arg>
<doc>Returns the given values which can then be assigned to a variables.</doc>
<status status="PASS" start="2025-05-27T17:34:19.884373" elapsed="0.000309"/>
</kw>
<for flavor="IN">
<iter>
<kw name="Run Keyword If" owner="BuiltIn">
<kw name="Dictionary Should Contain Key" owner="Collections">
<arg>${dict}</arg>
<arg>${part}</arg>
<doc>Fails if ``key`` is not found from ``dictionary``.</doc>
<status status="PASS" start="2025-05-27T17:34:19.885193" elapsed="0.000115"/>
</kw>
<arg>"${part}" in ${dict}</arg>
<arg>Dictionary Should Contain Key</arg>
<arg>${dict}</arg>
<arg>${part}</arg>
<arg>ELSE</arg>
<arg>Fail</arg>
<arg>Field "${part}" not found in response</arg>
<doc>Runs the given keyword with the given arguments, if ``condition`` is true.</doc>
<status status="PASS" start="2025-05-27T17:34:19.884945" elapsed="0.000400"/>
</kw>
<kw name="Set Variable If" owner="BuiltIn">
<msg time="2025-05-27T17:34:19.885843" level="INFO">${dict} = 12</msg>
<var>${dict}</var>
<arg>"${part}" in ${dict}</arg>
<arg>${dict["${part}"]}</arg>
<arg>${dict}</arg>
<doc>Sets variable based on the given condition.</doc>
<status status="PASS" start="2025-05-27T17:34:19.885426" elapsed="0.000436"/>
</kw>
<var name="${part}">total</var>
<status status="PASS" start="2025-05-27T17:34:19.884878" elapsed="0.001012"/>
</iter>
<var>${part}</var>
<value>@{fields}</value>
<status status="PASS" start="2025-05-27T17:34:19.884781" elapsed="0.001129"/>
</for>
<doc>Valida que a resposta JSON contém o campo específico</doc>
<status status="PASS" start="2025-05-27T17:34:19.883978" elapsed="0.001969"/>
</kw>
<tag>api</tag>
<tag>GET</tag>
<tag>list</tag>
<tag>reqres</tag>
<tag>user</tag>
<tag>users</tag>
<status status="PASS" start="2025-05-27T17:34:19.681482" elapsed="0.204591"/>
</test>
<test id="s1-s2-t2" name="Cenário 07: GET Listar um usuário específico" line="16">
<kw name="GET Endpoint /users/id" owner="users_keywords">
<kw name="GET On Session" owner="RequestsLibrary">
<msg time="2025-05-27T17:34:19.958538" level="INFO">GET Request : url=https://reqres.in/api/users/2 
 path_url=/api/users/2 
 headers={'User-Agent': 'python-requests/2.25.1', 'Accept-Encoding': 'gzip, deflate', 'accept': 'application/json', 'Connection': 'keep-alive', 'Content-Type': 'application/json', 'x-api-key': 'reqres-free-v1'} 
 body=None 
 </msg>
<msg time="2025-05-27T17:34:19.958644" level="INFO">GET Response : url=https://reqres.in/api/users/2 
 status=200, reason=OK 
 headers={'Date': 'Tue, 27 May 2025 20:34:20 GMT', 'Content-Type': 'application/json; charset=utf-8', 'Transfer-Encoding': 'chunked', 'Connection': 'keep-alive', 'Cf-Ray': '94684adc6f6bcabf-GIG', 'Server': 'cloudflare', 'Content-Encoding': 'gzip', 'Report-To': '{"group":"heroku-nel","max_age":3600,"endpoints":[{"url":"https://nel.heroku.com/reports?ts=1748366850&amp;sid=c4c9725f-1ab0-44d8-820f-430df2718e11&amp;s=pYrtfelFthOgh4isl83b9FYkonsW0DXLWyhmgtorGv8%3D"}]}', 'Reporting-Endpoints': 'heroku-nel=https://nel.heroku.com/reports?ts=1748366850&amp;sid=c4c9725f-1ab0-44d8-820f-430df2718e11&amp;s=pYrtfelFthOgh4isl83b9FYkonsW0DXLWyhmgtorGv8%3D', 'Nel': '{"report_to":"heroku-nel","max_age":3600,"success_fraction":0.005,"failure_fraction":0.05,"response_headers":["Via"]}', 'X-Powered-By': 'Express', 'Access-Control-Allow-Origin': '*', 'Ratelimit-Policy': '100;w=60', 'Ratelimit-Limit': '100', 'Ratelimit-Remaining': '98', 'Ratelimit-Reset': '60', 'Etag': 'W/"152-ApQgGHL6RKwaebFlrPCYPBO1xHg"', 'Via': '1.1 vegur', 'Cache-Control': 'max-age=14400', 'Cf-Cache-Status': 'HIT', 'Age': '3686', 'Vary': 'Accept-Encoding', 'server-timing': 'cfL4;desc="?proto=TCP&amp;rtt=57699&amp;min_rtt=57047&amp;rtt_var=12638&amp;sent=9&amp;recv=9&amp;lost=0&amp;retrans=0&amp;sent_bytes=5053&amp;recv_bytes=1085&amp;delivery_rate=98354&amp;cwnd=256&amp;unsent_bytes=0&amp;cid=a158f573c48c52e3&amp;ts=161&amp;x=0"'} 
 body={"data":{"id":2,"email":"janet.weaver@reqres.in","first_name":"Janet","last_name":"Weaver","avatar":"https://reqres.in/img/faces/2-image.jpg"},"support":{"url":"https://contentcaddy.io?utm_source=reqres&amp;utm_medium=json&amp;utm_campaign=referral","text":"Tired of writing endless social media content? Let Content Caddy generate it for you."}} 
 </msg>
<msg time="2025-05-27T17:34:19.958711" level="INFO">/usr/lib/python3/dist-packages/urllib3/connectionpool.py:1020: InsecureRequestWarning: Unverified HTTPS request is being made to host 'reqres.in'. Adding certificate verification is strongly advised. See: https://urllib3.readthedocs.io/en/latest/advanced-usage.html#ssl-warnings
  warnings.warn(</msg>
<msg time="2025-05-27T17:34:19.958871" level="INFO">${response} = &lt;Response [200]&gt;</msg>
<var>${response}</var>
<arg>alias=ReqRes</arg>
<arg>url=/users/${id}</arg>
<doc>Sends a GET request on a previously created HTTP Session.</doc>
<status status="PASS" start="2025-05-27T17:34:19.886800" elapsed="0.072093"/>
</kw>
<kw name="Set Global Variable" owner="BuiltIn">
<msg time="2025-05-27T17:34:19.959307" level="INFO">${response} = &lt;Response [200]&gt;</msg>
<arg>${response}</arg>
<doc>Makes a variable available globally in all tests and suites.</doc>
<status status="PASS" start="2025-05-27T17:34:19.959078" elapsed="0.000263"/>
</kw>
<kw name="Log" owner="BuiltIn">
<msg time="2025-05-27T17:34:19.959775" level="INFO">User data: {'id': 2, 'email': 'janet.weaver@reqres.in', 'first_name': 'Janet', 'last_name': 'Weaver', 'avatar': 'https://reqres.in/img/faces/2-image.jpg'}</msg>
<arg>User data: ${response.json()["data"]}</arg>
<doc>Logs the given message with the given level.</doc>
<status status="PASS" start="2025-05-27T17:34:19.959426" elapsed="0.000384"/>
</kw>
<arg>2</arg>
<doc>Lista um usuário específico pelo ID</doc>
<status status="PASS" start="2025-05-27T17:34:19.886593" elapsed="0.073265"/>
</kw>
<kw name="Validar status code &quot;200&quot;" owner="common" source_name="Validar status code &quot;${statuscode}&quot;">
<kw name="Should Be True" owner="BuiltIn">
<arg>${response.status_code} == ${statuscode}</arg>
<doc>Fails if the given condition is not true.</doc>
<status status="PASS" start="2025-05-27T17:34:19.960246" elapsed="0.000489"/>
</kw>
<kw name="Log" owner="BuiltIn">
<msg time="2025-05-27T17:34:19.961079" level="INFO">Response status: 200</msg>
<arg>Response status: ${response.status_code}</arg>
<doc>Logs the given message with the given level.</doc>
<status status="PASS" start="2025-05-27T17:34:19.960813" elapsed="0.000301"/>
</kw>
<doc>Valida que a resposta tem o status code esperado</doc>
<status status="PASS" start="2025-05-27T17:34:19.960054" elapsed="0.001102"/>
</kw>
<kw name="Validar resposta contém campo &quot;data&quot;" owner="common" source_name="Validar resposta contém campo &quot;${field}&quot;">
<kw name="Split String" owner="String">
<msg time="2025-05-27T17:34:19.961662" level="INFO">${fields} = ['data']</msg>
<var>${fields}</var>
<arg>${field}</arg>
<arg>.</arg>
<doc>Splits the ``string`` using ``separator`` as a delimiter string.</doc>
<status status="PASS" start="2025-05-27T17:34:19.961540" elapsed="0.000140"/>
</kw>
<kw name="Set Variable" owner="BuiltIn">
<msg time="2025-05-27T17:34:19.962046" level="INFO">${dict} = {'data': {'id': 2, 'email': 'janet.weaver@reqres.in', 'first_name': 'Janet', 'last_name': 'Weaver', 'avatar': 'https://reqres.in/img/faces/2-image.jpg'}, 'support': {'url': 'https://contentcaddy.io?ut...</msg>
<var>${dict}</var>
<arg>${response.json()}</arg>
<doc>Returns the given values which can then be assigned to a variables.</doc>
<status status="PASS" start="2025-05-27T17:34:19.961753" elapsed="0.000312"/>
</kw>
<for flavor="IN">
<iter>
<kw name="Run Keyword If" owner="BuiltIn">
<kw name="Dictionary Should Contain Key" owner="Collections">
<arg>${dict}</arg>
<arg>${part}</arg>
<doc>Fails if ``key`` is not found from ``dictionary``.</doc>
<status status="PASS" start="2025-05-27T17:34:19.962632" elapsed="0.000121"/>
</kw>
<arg>"${part}" in ${dict}</arg>
<arg>Dictionary Should Contain Key</arg>
<arg>${dict}</arg>
<arg>${part}</arg>
<arg>ELSE</arg>
<arg>Fail</arg>
<arg>Field "${part}" not found in response</arg>
<doc>Runs the given keyword with the given arguments, if ``condition`` is true.</doc>
<status status="PASS" start="2025-05-27T17:34:19.962284" elapsed="0.000507"/>
</kw>
<kw name="Set Variable If" owner="BuiltIn">
<msg time="2025-05-27T17:34:19.963389" level="INFO">${dict} = {'id': 2, 'email': 'janet.weaver@reqres.in', 'first_name': 'Janet', 'last_name': 'Weaver', 'avatar': 'https://reqres.in/img/faces/2-image.jpg'}</msg>
<var>${dict}</var>
<arg>"${part}" in ${dict}</arg>
<arg>${dict["${part}"]}</arg>
<arg>${dict}</arg>
<doc>Sets variable based on the given condition.</doc>
<status status="PASS" start="2025-05-27T17:34:19.962957" elapsed="0.000455"/>
</kw>
<var name="${part}">data</var>
<status status="PASS" start="2025-05-27T17:34:19.962203" elapsed="0.001242"/>
</iter>
<var>${part}</var>
<value>@{fields}</value>
<status status="PASS" start="2025-05-27T17:34:19.962109" elapsed="0.001364"/>
</for>
<doc>Valida que a resposta JSON contém o campo específico</doc>
<status status="PASS" start="2025-05-27T17:34:19.961353" elapsed="0.002167"/>
</kw>
<kw name="Validar valor do campo &quot;data.id&quot; é &quot;2&quot;" owner="common" source_name="Validar valor do campo &quot;${field}&quot; é &quot;${expected_value}&quot;">
<kw name="Split String" owner="String">
<msg time="2025-05-27T17:34:19.964041" level="INFO">${fields} = ['data', 'id']</msg>
<var>${fields}</var>
<arg>${field}</arg>
<arg>.</arg>
<doc>Splits the ``string`` using ``separator`` as a delimiter string.</doc>
<status status="PASS" start="2025-05-27T17:34:19.963920" elapsed="0.000138"/>
</kw>
<kw name="Set Variable" owner="BuiltIn">
<msg time="2025-05-27T17:34:19.964414" level="INFO">${dict} = {'data': {'id': 2, 'email': 'janet.weaver@reqres.in', 'first_name': 'Janet', 'last_name': 'Weaver', 'avatar': 'https://reqres.in/img/faces/2-image.jpg'}, 'support': {'url': 'https://contentcaddy.io?ut...</msg>
<var>${dict}</var>
<arg>${response.json()}</arg>
<doc>Returns the given values which can then be assigned to a variables.</doc>
<status status="PASS" start="2025-05-27T17:34:19.964131" elapsed="0.000302"/>
</kw>
<for flavor="IN ENUMERATE">
<iter>
<kw name="Run Keyword If" owner="BuiltIn">
<kw name="Dictionary Should Contain Key" owner="Collections">
<arg>${dict}</arg>
<arg>${part}</arg>
<doc>Fails if ``key`` is not found from ``dictionary``.</doc>
<status status="PASS" start="2025-05-27T17:34:19.964977" elapsed="0.000117"/>
</kw>
<arg>${index} &lt; ${fields.__len__() - 1}</arg>
<arg>Dictionary Should Contain Key</arg>
<arg>${dict}</arg>
<arg>${part}</arg>
<arg>ELSE</arg>
<arg>Dictionary Should Contain Key</arg>
<arg>${dict}</arg>
<arg>${part}</arg>
<doc>Runs the given keyword with the given arguments, if ``condition`` is true.</doc>
<status status="PASS" start="2025-05-27T17:34:19.964623" elapsed="0.000507"/>
</kw>
<kw name="Set Variable If" owner="BuiltIn">
<msg time="2025-05-27T17:34:19.965716" level="INFO">${dict} = {'id': 2, 'email': 'janet.weaver@reqres.in', 'first_name': 'Janet', 'last_name': 'Weaver', 'avatar': 'https://reqres.in/img/faces/2-image.jpg'}</msg>
<var>${dict}</var>
<arg>${index} &lt; ${fields.__len__() - 1}</arg>
<arg>${dict["${part}"]}</arg>
<arg>${dict}</arg>
<doc>Sets variable based on the given condition.</doc>
<status status="PASS" start="2025-05-27T17:34:19.965214" elapsed="0.000521"/>
</kw>
<var name="${index}">0</var>
<var name="${part}">data</var>
<status status="PASS" start="2025-05-27T17:34:19.964561" elapsed="0.001202"/>
</iter>
<iter>
<kw name="Run Keyword If" owner="BuiltIn">
<kw name="Dictionary Should Contain Key" owner="Collections">
<arg>${dict}</arg>
<arg>${part}</arg>
<doc>Fails if ``key`` is not found from ``dictionary``.</doc>
<status status="PASS" start="2025-05-27T17:34:19.966228" elapsed="0.000108"/>
</kw>
<arg>${index} &lt; ${fields.__len__() - 1}</arg>
<arg>Dictionary Should Contain Key</arg>
<arg>${dict}</arg>
<arg>${part}</arg>
<arg>ELSE</arg>
<arg>Dictionary Should Contain Key</arg>
<arg>${dict}</arg>
<arg>${part}</arg>
<doc>Runs the given keyword with the given arguments, if ``condition`` is true.</doc>
<status status="PASS" start="2025-05-27T17:34:19.965893" elapsed="0.000479"/>
</kw>
<kw name="Set Variable If" owner="BuiltIn">
<msg time="2025-05-27T17:34:19.966761" level="INFO">${dict} = {'id': 2, 'email': 'janet.weaver@reqres.in', 'first_name': 'Janet', 'last_name': 'Weaver', 'avatar': 'https://reqres.in/img/faces/2-image.jpg'}</msg>
<var>${dict}</var>
<arg>${index} &lt; ${fields.__len__() - 1}</arg>
<arg>${dict["${part}"]}</arg>
<arg>${dict}</arg>
<doc>Sets variable based on the given condition.</doc>
<status status="PASS" start="2025-05-27T17:34:19.966452" elapsed="0.000327"/>
</kw>
<var name="${index}">1</var>
<var name="${part}">id</var>
<status status="PASS" start="2025-05-27T17:34:19.965831" elapsed="0.000974"/>
</iter>
<var>${index}</var>
<var>${part}</var>
<value>@{fields}</value>
<status status="PASS" start="2025-05-27T17:34:19.964469" elapsed="0.002357"/>
</for>
<kw name="Set Variable" owner="BuiltIn">
<msg time="2025-05-27T17:34:19.967192" level="INFO">${last_field} = id</msg>
<var>${last_field}</var>
<arg>${fields[-1]}</arg>
<doc>Returns the given values which can then be assigned to a variables.</doc>
<status status="PASS" start="2025-05-27T17:34:19.966910" elapsed="0.000299"/>
</kw>
<kw name="Convert To String" owner="BuiltIn">
<msg time="2025-05-27T17:34:19.967604" level="INFO">${actual_value} = 2</msg>
<var>${actual_value}</var>
<arg>${dict["${last_field}"]}</arg>
<doc>Converts the given item to a Unicode string.</doc>
<status status="PASS" start="2025-05-27T17:34:19.967280" elapsed="0.000341"/>
</kw>
<kw name="Should Be Equal" owner="BuiltIn">
<arg>${actual_value}</arg>
<arg>${expected_value}</arg>
<doc>Fails if the given objects are unequal.</doc>
<status status="PASS" start="2025-05-27T17:34:19.967692" elapsed="0.000122"/>
</kw>
<doc>Valida que o campo na response tem o valor esperado</doc>
<status status="PASS" start="2025-05-27T17:34:19.963738" elapsed="0.004115"/>
</kw>
<tag>api</tag>
<tag>GET</tag>
<tag>reqres</tag>
<tag>single</tag>
<tag>user</tag>
<tag>users</tag>
<status status="PASS" start="2025-05-27T17:34:19.886279" elapsed="0.081704"/>
</test>
<test id="s1-s2-t3" name="Cenário 08: PUT Atualizar um usuário" line="23">
<kw name="PUT Endpoint /users/id" owner="users_keywords">
<kw name="Create Dictionary" owner="BuiltIn">
<msg time="2025-05-27T17:34:19.968915" level="INFO">${payload} = {'name': 'ze', 'job': 'pedreiro'}</msg>
<var>${payload}</var>
<arg>name=ze</arg>
<arg>job=pedreiro</arg>
<doc>Creates and returns a dictionary based on the given ``items``.</doc>
<status status="PASS" start="2025-05-27T17:34:19.968749" elapsed="0.000188"/>
</kw>
<kw name="PUT On Session" owner="RequestsLibrary">
<msg time="2025-05-27T17:34:20.437628" level="INFO">PUT Request : url=https://reqres.in/api/users/3 
 path_url=/api/users/3 
 headers={'User-Agent': 'python-requests/2.25.1', 'Accept-Encoding': 'gzip, deflate', 'accept': 'application/json', 'Connection': 'keep-alive', 'Content-Type': 'application/json', 'x-api-key': 'reqres-free-v1', 'Content-Length': '33'} 
 body=b'{"name": "ze", "job": "pedreiro"}' 
 </msg>
<msg time="2025-05-27T17:34:20.437724" level="INFO">PUT Response : url=https://reqres.in/api/users/3 
 status=200, reason=OK 
 headers={'Date': 'Tue, 27 May 2025 20:34:20 GMT', 'Content-Type': 'application/json; charset=utf-8', 'Transfer-Encoding': 'chunked', 'Connection': 'keep-alive', 'Cf-Ray': '94684adcefaecabf-GIG', 'Server': 'cloudflare', 'Content-Encoding': 'gzip', 'Report-To': '{"group":"heroku-nel","max_age":3600,"endpoints":[{"url":"https://nel.heroku.com/reports?ts=1748378060&amp;sid=c4c9725f-1ab0-44d8-820f-430df2718e11&amp;s=dbUt1O%2BAI4kk1nYp%2B7w05Ud0DubOeiFKCc5nuGXPibU%3D"}]}', 'Reporting-Endpoints': 'heroku-nel=https://nel.heroku.com/reports?ts=1748378060&amp;sid=c4c9725f-1ab0-44d8-820f-430df2718e11&amp;s=dbUt1O%2BAI4kk1nYp%2B7w05Ud0DubOeiFKCc5nuGXPibU%3D', 'Nel': '{"report_to":"heroku-nel","max_age":3600,"success_fraction":0.005,"failure_fraction":0.05,"response_headers":["Via"]}', 'X-Powered-By': 'Express', 'Access-Control-Allow-Origin': '*', 'Ratelimit-Policy': '100;w=60', 'Ratelimit-Limit': '100', 'Ratelimit-Remaining': '88', 'Ratelimit-Reset': '58', 'Etag': 'W/"45-WnxUOSMEIglpEGb4+TLbKVWdKNI"', 'Via': '1.1 vegur', 'Cf-Cache-Status': 'DYNAMIC', 'Vary': 'Accept-Encoding', 'server-timing': 'cfL4;desc="?proto=TCP&amp;rtt=57698&amp;min_rtt=57047&amp;rtt_var=9482&amp;sent=13&amp;recv=12&amp;lost=0&amp;retrans=0&amp;sent_bytes=6620&amp;recv_bytes=1405&amp;delivery_rate=98354&amp;cwnd=256&amp;unsent_bytes=0&amp;cid=a158f573c48c52e3&amp;ts=645&amp;x=0"'} 
 body={"name":"ze","job":"pedreiro","updatedAt":"2025-05-27T20:34:20.624Z"} 
 </msg>
<msg time="2025-05-27T17:34:20.437855" level="INFO">/usr/lib/python3/dist-packages/urllib3/connectionpool.py:1020: InsecureRequestWarning: Unverified HTTPS request is being made to host 'reqres.in'. Adding certificate verification is strongly advised. See: https://urllib3.readthedocs.io/en/latest/advanced-usage.html#ssl-warnings
  warnings.warn(</msg>
<msg time="2025-05-27T17:34:20.437991" level="INFO">${response} = &lt;Response [200]&gt;</msg>
<var>${response}</var>
<arg>alias=ReqRes</arg>
<arg>url=/users/${id}</arg>
<arg>json=${payload}</arg>
<doc>Sends a PUT request on a previously created HTTP Session.</doc>
<status status="PASS" start="2025-05-27T17:34:19.969017" elapsed="0.468998"/>
</kw>
<kw name="Set Global Variable" owner="BuiltIn">
<msg time="2025-05-27T17:34:20.438410" level="INFO">${response} = &lt;Response [200]&gt;</msg>
<arg>${response}</arg>
<doc>Makes a variable available globally in all tests and suites.</doc>
<status status="PASS" start="2025-05-27T17:34:20.438194" elapsed="0.000250"/>
</kw>
<kw name="Log" owner="BuiltIn">
<msg time="2025-05-27T17:34:20.438867" level="INFO">Updated at: 2025-05-27T20:34:20.624Z</msg>
<arg>Updated at: ${response.json()["updatedAt"]}</arg>
<doc>Logs the given message with the given level.</doc>
<status status="PASS" start="2025-05-27T17:34:20.438529" elapsed="0.000373"/>
</kw>
<arg>3</arg>
<doc>Atualiza um usuário com o método PUT</doc>
<status status="PASS" start="2025-05-27T17:34:19.968541" elapsed="0.470429"/>
</kw>
<kw name="Validar status code &quot;200&quot;" owner="common" source_name="Validar status code &quot;${statuscode}&quot;">
<kw name="Should Be True" owner="BuiltIn">
<arg>${response.status_code} == ${statuscode}</arg>
<doc>Fails if the given condition is not true.</doc>
<status status="PASS" start="2025-05-27T17:34:20.439353" elapsed="0.000481"/>
</kw>
<kw name="Log" owner="BuiltIn">
<msg time="2025-05-27T17:34:20.440147" level="INFO">Response status: 200</msg>
<arg>Response status: ${response.status_code}</arg>
<doc>Logs the given message with the given level.</doc>
<status status="PASS" start="2025-05-27T17:34:20.439909" elapsed="0.000268"/>
</kw>
<doc>Valida que a resposta tem o status code esperado</doc>
<status status="PASS" start="2025-05-27T17:34:20.439162" elapsed="0.001052"/>
</kw>
<kw name="Validar resposta contém campo &quot;updatedAt&quot;" owner="common" source_name="Validar resposta contém campo &quot;${field}&quot;">
<kw name="Split String" owner="String">
<msg time="2025-05-27T17:34:20.440662" level="INFO">${fields} = ['updatedAt']</msg>
<var>${fields}</var>
<arg>${field}</arg>
<arg>.</arg>
<doc>Splits the ``string`` using ``separator`` as a delimiter string.</doc>
<status status="PASS" start="2025-05-27T17:34:20.440548" elapsed="0.000131"/>
</kw>
<kw name="Set Variable" owner="BuiltIn">
<msg time="2025-05-27T17:34:20.441049" level="INFO">${dict} = {'name': 'ze', 'job': 'pedreiro', 'updatedAt': '2025-05-27T20:34:20.624Z'}</msg>
<var>${dict}</var>
<arg>${response.json()}</arg>
<doc>Returns the given values which can then be assigned to a variables.</doc>
<status status="PASS" start="2025-05-27T17:34:20.440753" elapsed="0.000314"/>
</kw>
<for flavor="IN">
<iter>
<kw name="Run Keyword If" owner="BuiltIn">
<kw name="Dictionary Should Contain Key" owner="Collections">
<arg>${dict}</arg>
<arg>${part}</arg>
<doc>Fails if ``key`` is not found from ``dictionary``.</doc>
<status status="PASS" start="2025-05-27T17:34:20.441442" elapsed="0.000233"/>
</kw>
<arg>"${part}" in ${dict}</arg>
<arg>Dictionary Should Contain Key</arg>
<arg>${dict}</arg>
<arg>${part}</arg>
<arg>ELSE</arg>
<arg>Fail</arg>
<arg>Field "${part}" not found in response</arg>
<doc>Runs the given keyword with the given arguments, if ``condition`` is true.</doc>
<status status="PASS" start="2025-05-27T17:34:20.441268" elapsed="0.000443"/>
</kw>
<kw name="Set Variable If" owner="BuiltIn">
<msg time="2025-05-27T17:34:20.442140" level="INFO">${dict} = 2025-05-27T20:34:20.624Z</msg>
<var>${dict}</var>
<arg>"${part}" in ${dict}</arg>
<arg>${dict["${part}"]}</arg>
<arg>${dict}</arg>
<doc>Sets variable based on the given condition.</doc>
<status status="PASS" start="2025-05-27T17:34:20.441791" elapsed="0.000367"/>
</kw>
<var name="${part}">updatedAt</var>
<status status="PASS" start="2025-05-27T17:34:20.441203" elapsed="0.000982"/>
</iter>
<var>${part}</var>
<value>@{fields}</value>
<status status="PASS" start="2025-05-27T17:34:20.441111" elapsed="0.001094"/>
</for>
<doc>Valida que a resposta JSON contém o campo específico</doc>
<status status="PASS" start="2025-05-27T17:34:20.440384" elapsed="0.001874"/>
</kw>
<kw name="Validar resposta contém campo &quot;name&quot;" owner="common" source_name="Validar resposta contém campo &quot;${field}&quot;">
<kw name="Split String" owner="String">
<msg time="2025-05-27T17:34:20.442696" level="INFO">${fields} = ['name']</msg>
<var>${fields}</var>
<arg>${field}</arg>
<arg>.</arg>
<doc>Splits the ``string`` using ``separator`` as a delimiter string.</doc>
<status status="PASS" start="2025-05-27T17:34:20.442585" elapsed="0.000128"/>
</kw>
<kw name="Set Variable" owner="BuiltIn">
<msg time="2025-05-27T17:34:20.443077" level="INFO">${dict} = {'name': 'ze', 'job': 'pedreiro', 'updatedAt': '2025-05-27T20:34:20.624Z'}</msg>
<var>${dict}</var>
<arg>${response.json()}</arg>
<doc>Returns the given values which can then be assigned to a variables.</doc>
<status status="PASS" start="2025-05-27T17:34:20.442783" elapsed="0.000312"/>
</kw>
<for flavor="IN">
<iter>
<kw name="Run Keyword If" owner="BuiltIn">
<kw name="Dictionary Should Contain Key" owner="Collections">
<arg>${dict}</arg>
<arg>${part}</arg>
<doc>Fails if ``key`` is not found from ``dictionary``.</doc>
<status status="PASS" start="2025-05-27T17:34:20.443494" elapsed="0.000113"/>
</kw>
<arg>"${part}" in ${dict}</arg>
<arg>Dictionary Should Contain Key</arg>
<arg>${dict}</arg>
<arg>${part}</arg>
<arg>ELSE</arg>
<arg>Fail</arg>
<arg>Field "${part}" not found in response</arg>
<doc>Runs the given keyword with the given arguments, if ``condition`` is true.</doc>
<status status="PASS" start="2025-05-27T17:34:20.443318" elapsed="0.000325"/>
</kw>
<kw name="Set Variable If" owner="BuiltIn">
<msg time="2025-05-27T17:34:20.444064" level="INFO">${dict} = ze</msg>
<var>${dict}</var>
<arg>"${part}" in ${dict}</arg>
<arg>${dict["${part}"]}</arg>
<arg>${dict}</arg>
<doc>Sets variable based on the given condition.</doc>
<status status="PASS" start="2025-05-27T17:34:20.443724" elapsed="0.000358"/>
</kw>
<var name="${part}">name</var>
<status status="PASS" start="2025-05-27T17:34:20.443225" elapsed="0.000883"/>
</iter>
<var>${part}</var>
<value>@{fields}</value>
<status status="PASS" start="2025-05-27T17:34:20.443129" elapsed="0.000997"/>
</for>
<doc>Valida que a resposta JSON contém o campo específico</doc>
<status status="PASS" start="2025-05-27T17:34:20.442420" elapsed="0.001795"/>
</kw>
<tag>api</tag>
<tag>PUT</tag>
<tag>reqres</tag>
<tag>update</tag>
<tag>user</tag>
<tag>users</tag>
<status status="PASS" start="2025-05-27T17:34:19.968231" elapsed="0.476101"/>
</test>
<test id="s1-s2-t4" name="Cenário 09: PATCH Atualizar parcialmente um usuário" line="30">
<kw name="PATCH Endpoint /users/id" owner="users_keywords">
<kw name="Create Dictionary" owner="BuiltIn">
<msg time="2025-05-27T17:34:20.445172" level="INFO">${payload} = {'name': 'joao', 'job': 'jogador'}</msg>
<var>${payload}</var>
<arg>name=joao</arg>
<arg>job=jogador</arg>
<doc>Creates and returns a dictionary based on the given ``items``.</doc>
<status status="PASS" start="2025-05-27T17:34:20.445045" elapsed="0.000145"/>
</kw>
<kw name="PATCH On Session" owner="RequestsLibrary">
<msg time="2025-05-27T17:34:20.877290" level="INFO">PATCH Request : url=https://reqres.in/api/users/5 
 path_url=/api/users/5 
 headers={'User-Agent': 'python-requests/2.25.1', 'Accept-Encoding': 'gzip, deflate', 'accept': 'application/json', 'Connection': 'keep-alive', 'Content-Type': 'application/json', 'x-api-key': 'reqres-free-v1', 'Content-Length': '34'} 
 body=b'{"name": "joao", "job": "jogador"}' 
 </msg>
<msg time="2025-05-27T17:34:20.877390" level="INFO">PATCH Response : url=https://reqres.in/api/users/5 
 status=200, reason=OK 
[...]
<arg>Updated resource: ${response.json()}</arg>
<doc>Logs the given message with the given level.</doc>
<status status="PASS" start="2025-05-27T17:34:21.994508" elapsed="0.000386"/>
</kw>
<arg>2</arg>
<doc>Atualiza um recurso com o método PUT</doc>
<status status="PASS" start="2025-05-27T17:34:21.525216" elapsed="0.469726"/>
</kw>
<kw name="Validar status code &quot;200&quot;" owner="common" source_name="Validar status code &quot;${statuscode}&quot;">
<kw name="Should Be True" owner="BuiltIn">
<arg>${response.status_code} == ${statuscode}</arg>
<doc>Fails if the given condition is not true.</doc>
<status status="PASS" start="2025-05-27T17:34:21.995374" elapsed="0.000633"/>
</kw>
<kw name="Log" owner="BuiltIn">
<msg time="2025-05-27T17:34:21.996338" level="INFO">Response status: 200</msg>
<arg>Response status: ${response.status_code}</arg>
<doc>Logs the given message with the given level.</doc>
<status status="PASS" start="2025-05-27T17:34:21.996084" elapsed="0.000285"/>
</kw>
<doc>Valida que a resposta tem o status code esperado</doc>
<status status="PASS" start="2025-05-27T17:34:21.995129" elapsed="0.001277"/>
</kw>
<kw name="Validar resposta contém campo &quot;updatedAt&quot;" owner="common" source_name="Validar resposta contém campo &quot;${field}&quot;">
<kw name="Split String" owner="String">
<msg time="2025-05-27T17:34:21.996863" level="INFO">${fields} = ['updatedAt']</msg>
<var>${fields}</var>
<arg>${field}</arg>
<arg>.</arg>
<doc>Splits the ``string`` using ``separator`` as a delimiter string.</doc>
<status status="PASS" start="2025-05-27T17:34:21.996750" elapsed="0.000129"/>
</kw>
<kw name="Set Variable" owner="BuiltIn">
<msg time="2025-05-27T17:34:21.997242" level="INFO">${dict} = {'name': 'azul', 'year': '2000', 'color': '#C48394', 'updatedAt': '2025-05-27T20:34:22.196Z'}</msg>
<var>${dict}</var>
<arg>${response.json()}</arg>
<doc>Returns the given values which can then be assigned to a variables.</doc>
<status status="PASS" start="2025-05-27T17:34:21.996950" elapsed="0.000310"/>
</kw>
<for flavor="IN">
<iter>
<kw name="Run Keyword If" owner="BuiltIn">
<kw name="Dictionary Should Contain Key" owner="Collections">
<arg>${dict}</arg>
<arg>${part}</arg>
<doc>Fails if ``key`` is not found from ``dictionary``.</doc>
<status status="PASS" start="2025-05-27T17:34:21.997649" elapsed="0.000120"/>
</kw>
<arg>"${part}" in ${dict}</arg>
<arg>Dictionary Should Contain Key</arg>
<arg>${dict}</arg>
<arg>${part}</arg>
<arg>ELSE</arg>
<arg>Fail</arg>
<arg>Field "${part}" not found in response</arg>
<doc>Runs the given keyword with the given arguments, if ``condition`` is true.</doc>
<status status="PASS" start="2025-05-27T17:34:21.997467" elapsed="0.000337"/>
</kw>
<kw name="Set Variable If" owner="BuiltIn">
<msg time="2025-05-27T17:34:21.998218" level="INFO">${dict} = 2025-05-27T20:34:22.196Z</msg>
<var>${dict}</var>
<arg>"${part}" in ${dict}</arg>
<arg>${dict["${part}"]}</arg>
<arg>${dict}</arg>
<doc>Sets variable based on the given condition.</doc>
<status status="PASS" start="2025-05-27T17:34:21.997881" elapsed="0.000355"/>
</kw>
<var name="${part}">updatedAt</var>
<status status="PASS" start="2025-05-27T17:34:21.997400" elapsed="0.000862"/>
</iter>
<var>${part}</var>
<value>@{fields}</value>
<status status="PASS" start="2025-05-27T17:34:21.997303" elapsed="0.000979"/>
</for>
<doc>Valida que a resposta JSON contém o campo específico</doc>
<status status="PASS" start="2025-05-27T17:34:21.996584" elapsed="0.001735"/>
</kw>
<tag>api</tag>
<tag>PUT</tag>
<tag>reqres</tag>
<tag>resource</tag>
<tag>resources</tag>
<tag>update</tag>
<status status="PASS" start="2025-05-27T17:34:21.524926" elapsed="0.473523"/>
</test>
<test id="s1-s3-t3" name="Cenário 13: DELETE Excluir um recurso" line="22">
<kw name="DELETE Endpoint /resource/id" owner="resources_keywords">
<kw name="DELETE On Session" owner="RequestsLibrary">
<msg time="2025-05-27T17:34:22.428900" level="INFO">DELETE Request : url=https://reqres.in/api/unknown/3 
 path_url=/api/unknown/3 
 headers={'User-Agent': 'python-requests/2.25.1', 'Accept-Encoding': 'gzip, deflate', 'accept': 'application/json', 'Connection': 'keep-alive', 'Content-Type': 'application/json', 'x-api-key': 'reqres-free-v1', 'Content-Length': '0'} 
 body=None 
 </msg>
<msg time="2025-05-27T17:34:22.429071" level="INFO">DELETE Response : url=https://reqres.in/api/unknown/3 
 status=204, reason=No Content 
 headers={'Date': 'Tue, 27 May 2025 20:34:22 GMT', 'Connection': 'keep-alive', 'Server': 'cloudflare', 'Cf-Ray': '94684ae9b9c7cad8-GIG', 'Report-To': '{"group":"heroku-nel","max_age":3600,"endpoints":[{"url":"https://nel.heroku.com/reports?ts=1748378062&amp;sid=c4c9725f-1ab0-44d8-820f-430df2718e11&amp;s=nNH8uE3cAw7jiHKTzuAO1QiMrBMaamf0kRRABMwBD4s%3D"}]}', 'Reporting-Endpoints': 'heroku-nel=https://nel.heroku.com/reports?ts=1748378062&amp;sid=c4c9725f-1ab0-44d8-820f-430df2718e11&amp;s=nNH8uE3cAw7jiHKTzuAO1QiMrBMaamf0kRRABMwBD4s%3D', 'Nel': '{"report_to":"heroku-nel","max_age":3600,"success_fraction":0.005,"failure_fraction":0.05,"response_headers":["Via"]}', 'X-Powered-By': 'Express', 'Access-Control-Allow-Origin': '*', 'Ratelimit-Policy': '100;w=60', 'Ratelimit-Limit': '100', 'Ratelimit-Remaining': '80', 'Ratelimit-Reset': '56', 'Etag': 'W/"2-vyGp6PvFo4RvsFtPoIWeCReyIC8"', 'Via': '1.1 vegur', 'Cf-Cache-Status': 'DYNAMIC', 'server-timing': 'cfL4;desc="?proto=TCP&amp;rtt=58146&amp;min_rtt=56951&amp;rtt_var=7722&amp;sent=13&amp;recv=13&amp;lost=0&amp;retrans=0&amp;sent_bytes=6239&amp;recv_bytes=1454&amp;delivery_rate=98767&amp;cwnd=256&amp;unsent_bytes=0&amp;cid=c7dddd7c5e6fa4b9&amp;ts=1000&amp;x=0"'} 
 body=None 
 </msg>
<msg time="2025-05-27T17:34:22.429143" level="INFO">/usr/lib/python3/dist-packages/urllib3/connectionpool.py:1020: InsecureRequestWarning: Unverified HTTPS request is being made to host 'reqres.in'. Adding certificate verification is strongly advised. See: https://urllib3.readthedocs.io/en/latest/advanced-usage.html#ssl-warnings
  warnings.warn(</msg>
<msg time="2025-05-27T17:34:22.429279" level="INFO">${response} = &lt;Response [204]&gt;</msg>
<var>${response}</var>
<arg>alias=ReqRes</arg>
<arg>url=/unknown/${id}</arg>
<doc>Sends a DELETE request on a previously created HTTP Session.</doc>
<status status="PASS" start="2025-05-27T17:34:21.999108" elapsed="0.430193"/>
</kw>
<kw name="Set Global Variable" owner="BuiltIn">
<msg time="2025-05-27T17:34:22.429704" level="INFO">${response} = &lt;Response [204]&gt;</msg>
<arg>${response}</arg>
<doc>Makes a variable available globally in all tests and suites.</doc>
<status status="PASS" start="2025-05-27T17:34:22.429477" elapsed="0.000260"/>
</kw>
<arg>3</arg>
<doc>Exclui um recurso</doc>
<status status="PASS" start="2025-05-27T17:34:21.998929" elapsed="0.430857"/>
</kw>
<kw name="Validar status code &quot;204&quot;" owner="common" source_name="Validar status code &quot;${statuscode}&quot;">
<kw name="Should Be True" owner="BuiltIn">
<arg>${response.status_code} == ${statuscode}</arg>
<doc>Fails if the given condition is not true.</doc>
<status status="PASS" start="2025-05-27T17:34:22.430194" elapsed="0.000527"/>
</kw>
<kw name="Log" owner="BuiltIn">
<msg time="2025-05-27T17:34:22.431059" level="INFO">Response status: 204</msg>
<arg>Response status: ${response.status_code}</arg>
<doc>Logs the given message with the given level.</doc>
<status status="PASS" start="2025-05-27T17:34:22.430799" elapsed="0.000296"/>
</kw>
<doc>Valida que a resposta tem o status code esperado</doc>
<status status="PASS" start="2025-05-27T17:34:22.429987" elapsed="0.001148"/>
</kw>
<tag>api</tag>
<tag>DELETE</tag>
<tag>reqres</tag>
<tag>resource</tag>
<tag>resources</tag>
<status status="PASS" start="2025-05-27T17:34:21.998647" elapsed="0.432608"/>
</test>
<test id="s1-s3-t4" name="Cenário 14: GET Listar todos os recursos" line="27">
<kw name="GET Endpoint /resource" owner="resources_keywords">
<kw name="GET On Session" owner="RequestsLibrary">
<msg time="2025-05-27T17:34:22.502762" level="INFO">GET Request : url=https://reqres.in/api/unknown 
 path_url=/api/unknown 
 headers={'User-Agent': 'python-requests/2.25.1', 'Accept-Encoding': 'gzip, deflate', 'accept': 'application/json', 'Connection': 'keep-alive', 'Content-Type': 'application/json', 'x-api-key': 'reqres-free-v1'} 
 body=None 
 </msg>
<msg time="2025-05-27T17:34:22.502867" level="INFO">GET Response : url=https://reqres.in/api/unknown 
 status=200, reason=OK 
 headers={'Date': 'Tue, 27 May 2025 20:34:22 GMT', 'Content-Type': 'application/json; charset=utf-8', 'Transfer-Encoding': 'chunked', 'Connection': 'keep-alive', 'Cf-Ray': '94684aec7c0ecad8-GIG', 'Server': 'cloudflare', 'Content-Encoding': 'gzip', 'Report-To': '{"group":"heroku-nel","max_age":3600,"endpoints":[{"url":"https://nel.heroku.com/reports?ts=1748199383&amp;sid=c4c9725f-1ab0-44d8-820f-430df2718e11&amp;s=LiF3Ghk0nWDdoWfffoxTBh1sOF52h6%2FR6GDq8VfcGZU%3D"}]}', 'Reporting-Endpoints': 'heroku-nel=https://nel.heroku.com/reports?ts=1748199383&amp;sid=c4c9725f-1ab0-44d8-820f-430df2718e11&amp;s=LiF3Ghk0nWDdoWfffoxTBh1sOF52h6%2FR6GDq8VfcGZU%3D', 'Nel': '{"report_to":"heroku-nel","max_age":3600,"success_fraction":0.005,"failure_fraction":0.05,"response_headers":["Via"]}', 'X-Powered-By': 'Express', 'Access-Control-Allow-Origin': '*', 'Ratelimit-Policy': '100;w=60', 'Ratelimit-Limit': '100', 'Ratelimit-Remaining': '98', 'Ratelimit-Reset': '60', 'Etag': 'W/"2fb-zJ/iiAzm4zf7SruyfEtNo0xEDoY"', 'Via': '1.1 vegur', 'Cache-Control': 'max-age=14400', 'Cf-Cache-Status': 'HIT', 'Age': '1042', 'Vary': 'Accept-Encoding', 'server-timing': 'cfL4;desc="?proto=TCP&amp;rtt=58542&amp;min_rtt=56951&amp;rtt_var=6583&amp;sent=15&amp;recv=14&amp;lost=0&amp;retrans=0&amp;sent_bytes=7352&amp;recv_bytes=1699&amp;delivery_rate=98767&amp;cwnd=256&amp;unsent_bytes=0&amp;cid=c7dddd7c5e6fa4b9&amp;ts=1074&amp;x=0"'} 
 body={"page":1,"per_page":6,"total":12,"total_pages":2,"data":[{"id":1,"name":"cerulean","year":2000,"color":"#98B2D1","pantone_value":"15-4020"},{"id":2,"name":"fuchsia rose","year":2001,"color":"#C74375","pantone_value":"17-2031"},{"id":3,"name":"true red","year":2002,"color":"#BF1932","pantone_value":"19-1664"},{"id":4,"name":"aqua sky","year":2003,"color":"#7BC4C4","pantone_value":"14-4811"},{"id":5,"name":"tigerlily","year":2004,"color":"#E2583E","pantone_value":"17-1456"},{"id":6,"name":"blue turquoise","year":2005,"color":"#53B0AE","pantone_value":"15-5217"}],"support":{"url":"https://contentcaddy.io?utm_source=reqres&amp;utm_medium=json&amp;utm_campaign=referral","text":"Tired of writing endless social media content? Let Content Caddy generate it for you."}} 
 </msg>
<msg time="2025-05-27T17:34:22.502934" level="INFO">/usr/lib/python3/dist-packages/urllib3/connectionpool.py:1020: InsecureRequestWarning: Unverified HTTPS request is being made to host 'reqres.in'. Adding certificate verification is strongly advised. See: https://urllib3.readthedocs.io/en/latest/advanced-usage.html#ssl-warnings
  warnings.warn(</msg>
<msg time="2025-05-27T17:34:22.503089" level="INFO">${response} = &lt;Response [200]&gt;</msg>
<var>${response}</var>
<arg>alias=ReqRes</arg>
<arg>url=/unknown</arg>
<doc>Sends a GET request on a previously created HTTP Session.</doc>
<status status="PASS" start="2025-05-27T17:34:22.431901" elapsed="0.071215"/>
</kw>
<kw name="Set Global Variable" owner="BuiltIn">
<msg time="2025-05-27T17:34:22.503542" level="INFO">${response} = &lt;Response [200]&gt;</msg>
<arg>${response}</arg>
<doc>Makes a variable available globally in all tests and suites.</doc>
<status status="PASS" start="2025-05-27T17:34:22.503324" elapsed="0.000253"/>
</kw>
<kw name="Log" owner="BuiltIn">
<msg time="2025-05-27T17:34:22.504008" level="INFO">Resources found: 12</msg>
<arg>Resources found: ${response.json()["total"]}</arg>
<doc>Logs the given message with the given level.</doc>
<status status="PASS" start="2025-05-27T17:34:22.503665" elapsed="0.000375"/>
</kw>
<doc>Lista todos os recursos</doc>
<status status="PASS" start="2025-05-27T17:34:22.431747" elapsed="0.072340"/>
</kw>
<kw name="Validar status code &quot;200&quot;" owner="common" source_name="Validar status code &quot;${statuscode}&quot;">
<kw name="Should Be True" owner="BuiltIn">
<arg>${response.status_code} == ${statuscode}</arg>
<doc>Fails if the given condition is not true.</doc>
<status status="PASS" start="2025-05-27T17:34:22.504550" elapsed="0.000507"/>
</kw>
<kw name="Log" owner="BuiltIn">
<msg time="2025-05-27T17:34:22.505377" level="INFO">Response status: 200</msg>
<arg>Response status: ${response.status_code}</arg>
<doc>Logs the given message with the given level.</doc>
<status status="PASS" start="2025-05-27T17:34:22.505136" elapsed="0.000271"/>
</kw>
<doc>Valida que a resposta tem o status code esperado</doc>
<status status="PASS" start="2025-05-27T17:34:22.504276" elapsed="0.001170"/>
</kw>
<kw name="Validar resposta contém campo &quot;data&quot;" owner="common" source_name="Validar resposta contém campo &quot;${field}&quot;">
<kw name="Split String" owner="String">
<msg time="2025-05-27T17:34:22.506118" level="INFO">${fields} = ['data']</msg>
<var>${fields}</var>
<arg>${field}</arg>
<arg>.</arg>
<doc>Splits the ``string`` using ``separator`` as a delimiter string.</doc>
<status status="PASS" start="2025-05-27T17:34:22.505994" elapsed="0.000142"/>
</kw>
<kw name="Set Variable" owner="BuiltIn">
<msg time="2025-05-27T17:34:22.506529" level="INFO">${dict} = {'page': 1, 'per_page': 6, 'total': 12, 'total_pages': 2, 'data': [{'id': 1, 'name': 'cerulean', 'year': 2000, 'color': '#98B2D1', 'pantone_value': '15-4020'}, {'id': 2, 'name': 'fuchsia rose', 'year'...</msg>
<var>${dict}</var>
<arg>${response.json()}</arg>
<doc>Returns the given values which can then be assigned to a variables.</doc>
<status status="PASS" start="2025-05-27T17:34:22.506208" elapsed="0.000343"/>
</kw>
<for flavor="IN">
<iter>
<kw name="Run Keyword If" owner="BuiltIn">
<kw name="Dictionary Should Contain Key" owner="Collections">
<arg>${dict}</arg>
<arg>${part}</arg>
<doc>Fails if ``key`` is not found from ``dictionary``.</doc>
<status status="PASS" start="2025-05-27T17:34:22.507036" elapsed="0.000122"/>
</kw>
<arg>"${part}" in ${dict}</arg>
<arg>Dictionary Should Contain Key</arg>
<arg>${dict}</arg>
<arg>${part}</arg>
<arg>ELSE</arg>
<arg>Fail</arg>
<arg>Field "${part}" not found in response</arg>
<doc>Runs the given keyword with the given arguments, if ``condition`` is true.</doc>
<status status="PASS" start="2025-05-27T17:34:22.506765" elapsed="0.000430"/>
</kw>
<kw name="Set Variable If" owner="BuiltIn">
<msg time="2025-05-27T17:34:22.507713" level="INFO">${dict} = [{'id': 1, 'name': 'cerulean', 'year': 2000, 'color': '#98B2D1', 'pantone_value': '15-4020'}, {'id': 2, 'name': 'fuchsia rose', 'year': 2001, 'color': '#C74375', 'pantone_value': '17-2031'}, {'id': 3,...</msg>
<var>${dict}</var>
<arg>"${part}" in ${dict}</arg>
<arg>${dict["${part}"]}</arg>
<arg>${dict}</arg>
<doc>Sets variable based on the given condition.</doc>
<status status="PASS" start="2025-05-27T17:34:22.507276" elapsed="0.000456"/>
</kw>
<var name="${part}">data</var>
<status status="PASS" start="2025-05-27T17:34:22.506697" elapsed="0.001063"/>
</iter>
<var>${part}</var>
<value>@{fields}</value>
<status status="PASS" start="2025-05-27T17:34:22.506596" elapsed="0.001185"/>
</for>
<doc>Valida que a resposta JSON contém o campo específico</doc>
<status status="PASS" start="2025-05-27T17:34:22.505641" elapsed="0.002182"/>
</kw>
<kw name="Validar resposta contém campo &quot;total&quot;" owner="common" source_name="Validar resposta contém campo &quot;${field}&quot;">
<kw name="Split String" owner="String">
<msg time="2025-05-27T17:34:22.508328" level="INFO">${fields} = ['total']</msg>
<var>${fields}</var>
<arg>${field}</arg>
<arg>.</arg>
<doc>Splits the ``string`` using ``separator`` as a delimiter string.</doc>
<status status="PASS" start="2025-05-27T17:34:22.508212" elapsed="0.000133"/>
</kw>
<kw name="Set Variable" owner="BuiltIn">
<msg time="2025-05-27T17:34:22.508726" level="INFO">${dict} = {'page': 1, 'per_page': 6, 'total': 12, 'total_pages': 2, 'data': [{'id': 1, 'name': 'cerulean', 'year': 2000, 'color': '#98B2D1', 'pantone_value': '15-4020'}, {'id': 2, 'name': 'fuchsia rose', 'year'...</msg>
<var>${dict}</var>
<arg>${response.json()}</arg>
<doc>Returns the given values which can then be assigned to a variables.</doc>
<status status="PASS" start="2025-05-27T17:34:22.508416" elapsed="0.000329"/>
</kw>
<for flavor="IN">
<iter>
<kw name="Run Keyword If" owner="BuiltIn">
<kw name="Dictionary Should Contain Key" owner="Collections">
<arg>${dict}</arg>
<arg>${part}</arg>
<doc>Fails if ``key`` is not found from ``dictionary``.</doc>
<status status="PASS" start="2025-05-27T17:34:22.509211" elapsed="0.000132"/>
</kw>
<arg>"${part}" in ${dict}</arg>
<arg>Dictionary Should Contain Key</arg>
<arg>${dict}</arg>
<arg>${part}</arg>
<arg>ELSE</arg>
<arg>Fail</arg>
<arg>Field "${part}" not found in response</arg>
<doc>Runs the given keyword with the given arguments, if ``condition`` is true.</doc>
<status status="PASS" start="2025-05-27T17:34:22.508934" elapsed="0.000450"/>
</kw>
<kw name="Set Variable If" owner="BuiltIn">
<msg time="2025-05-27T17:34:22.509924" level="INFO">${dict} = 12</msg>
<var>${dict}</var>
<arg>"${part}" in ${dict}</arg>
<arg>${dict["${part}"]}</arg>
<arg>${dict}</arg>
<doc>Sets variable based on the given condition.</doc>
<status status="PASS" start="2025-05-27T17:34:22.509481" elapsed="0.000462"/>
</kw>
<var name="${part}">total</var>
<status status="PASS" start="2025-05-27T17:34:22.508867" elapsed="0.001102"/>
</iter>
<var>${part}</var>
<value>@{fields}</value>
<status status="PASS" start="2025-05-27T17:34:22.508781" elapsed="0.001208"/>
</for>
<doc>Valida que a resposta JSON contém o campo específico</doc>
<status status="PASS" start="2025-05-27T17:34:22.508020" elapsed="0.002005"/>
</kw>
<tag>api</tag>
<tag>GET</tag>
<tag>list</tag>
<tag>reqres</tag>
<tag>resource</tag>
<tag>resources</tag>
<status status="PASS" start="2025-05-27T17:34:22.431456" elapsed="0.078698"/>
</test>
<doc>Testes para endpoints de recursos</doc>
<status status="PASS" start="2025-05-27T17:34:21.316992" elapsed="1.193444"/>
</suite>
<status status="PASS" start="2025-05-27T17:34:17.235789" elapsed="5.275132"/>
</suite>
<statistics>
<total>
<stat pass="14" fail="0" skip="0">All Tests</stat>
</total>
<tag>
<stat pass="14" fail="0" skip="0">api</stat>
<stat pass="5" fail="0" skip="0">auth</stat>
<stat pass="2" fail="0" skip="0">DELETE</stat>
<stat pass="2" fail="0" skip="0">error</stat>
<stat pass="4" fail="0" skip="0">GET</stat>
<stat pass="2" fail="0" skip="0">list</stat>
<stat pass="2" fail="0" skip="0">login</stat>
<stat pass="1" fail="0" skip="0">logout</stat>
<stat pass="1" fail="0" skip="0">PATCH</stat>
<stat pass="5" fail="0" skip="0">POST</stat>
<stat pass="2" fail="0" skip="0">PUT</stat>
<stat pass="2" fail="0" skip="0">register</stat>
<stat pass="14" fail="0" skip="0">reqres</stat>
<stat pass="4" fail="0" skip="0">resource</stat>
<stat pass="4" fail="0" skip="0">resources</stat>
<stat pass="2" fail="0" skip="0">single</stat>
<stat pass="2" fail="0" skip="0">success</stat>
<stat pass="3" fail="0" skip="0">update</stat>
<stat pass="7" fail="0" skip="0">user</stat>
<stat pass="5" fail="0" skip="0">users</stat>
</tag>
<suite>
<stat name="Auth Tests &amp; Users Tests &amp; Resources Tests" id="s1" pass="14" fail="0" skip="0">Auth Tests &amp; Users Tests &amp; Resources Tests</stat>
<stat name="Auth Tests" id="s1-s1" pass="5" fail="0" skip="0">Auth Tests &amp; Users Tests &amp; Resources Tests.Auth Tests</stat>
<stat name="Users Tests" id="s1-s2" pass="5" fail="0" skip="0">Auth Tests &amp; Users Tests &amp; Resources Tests.Users Tests</stat>
<stat name="Resources Tests" id="s1-s3" pass="4" fail="0" skip="0">Auth Tests &amp; Users Tests &amp; Resources Tests.Resources Tests</stat>
</suite>
</statistics>
<errors>
</errors>
</robot>
