<?xml version="1.0" encoding="UTF-8"?>
<robot generator="Robot 7.2.2 (Python 3.10.12 on linux)" generated="2025-05-26T18:58:32.569743" rpa="false" schemaversion="5">
<suite id="s1" name="Api Testing User" source="/home/luisms/compass_pb/Documentos/Sprint 5/reqresAPI/tests/api_testing_user.robot">
<kw name="Criar sessão no ReqRes" owner="api_testing_user" type="SETUP">
<kw name="Create Dictionary" owner="BuiltIn">
<msg time="2025-05-26T18:58:32.627357" level="INFO">${headers} = {'accept': 'application/json', 'Content-Type': 'application/json', 'x-api-key': 'reqres-free-v1'}</msg>
<var>${headers}</var>
<arg>accept=application/json</arg>
<arg>Content-Type=application/json</arg>
<arg>x-api-key=reqres-free-v1</arg>
<doc>Creates and returns a dictionary based on the given ``items``.</doc>
<status status="PASS" start="2025-05-26T18:58:32.627111" elapsed="0.000282"/>
</kw>
<kw name="Create Session" owner="RequestsLibrary">
<msg time="2025-05-26T18:58:32.627728" level="INFO">Creating Session using : alias=ReqRes, url=https://reqres.in/api, headers={'accept': 'application/json', 'Content-Type': 'application/json', 'x-api-key': 'reqres-free-v1'},                     cookies={}, auth=None, timeout=None, proxies=None, verify=False,                     debug=0 </msg>
<arg>ReqRes</arg>
<arg>${BASE_URL}</arg>
<arg>${headers}</arg>
<doc>Create Session: create a HTTP session to a server</doc>
<status status="PASS" start="2025-05-26T18:58:32.627513" elapsed="0.000362"/>
</kw>
<doc>Cria uma sessão na API ReqRes com os headers apropriados</doc>
<status status="PASS" start="2025-05-26T18:58:32.626644" elapsed="0.001281"/>
</kw>
<test id="s1-t1" name="Cenário 01: POST Cadastro de usuário com sucesso" line="9">
<kw name="POST Endpoint /register" owner="api_testing_user">
<kw name="Create Dictionary" owner="BuiltIn">
<msg time="2025-05-26T18:58:32.628726" level="INFO">${body} = {'email': 'eve.holt@reqres.in', 'password': 'pistol'}</msg>
<var>${body}</var>
<arg>email=${DEFAULT_EMAIL}</arg>
<arg>password=${REGISTER_PASSWORD}</arg>
<doc>Creates and returns a dictionary based on the given ``items``.</doc>
<status status="PASS" start="2025-05-26T18:58:32.628500" elapsed="0.000245"/>
</kw>
<kw name="POST On Session" owner="RequestsLibrary">
<msg time="2025-05-26T18:58:33.202868" level="INFO">POST Request : url=https://reqres.in/api/register 
 path_url=/api/register 
 headers={'User-Agent': 'python-requests/2.25.1', 'Accept-Encoding': 'gzip, deflate', 'accept': 'application/json', 'Connection': 'keep-alive', 'Content-Type': 'application/json', 'x-api-key': 'reqres-free-v1', 'Content-Length': '53'} 
 body=b'{"email": "eve.holt@reqres.in", "password": "pistol"}' 
 </msg>
<msg time="2025-05-26T18:58:33.203048" level="INFO">POST Response : url=https://reqres.in/api/register 
 status=200, reason=OK 
 headers={'Date': 'Mon, 26 May 2025 21:58:33 GMT', 'Content-Type': 'application/json; charset=utf-8', 'Transfer-Encoding': 'chunked', 'Connection': 'keep-alive', 'Server': 'cloudflare', 'Cf-Ray': '946088d93fdbcb5c-GIG', 'Report-To': '{"group":"heroku-nel","max_age":3600,"endpoints":[{"url":"https://nel.heroku.com/reports?ts=1748296713&amp;sid=c4c9725f-1ab0-44d8-820f-430df2718e11&amp;s=i%2FVqjgM9FhOr%2BiD%2FWrMMqZOdUV%2F3h7K%2BCjITihpuy4E%3D"}]}', 'Reporting-Endpoints': 'heroku-nel=https://nel.heroku.com/reports?ts=1748296713&amp;sid=c4c9725f-1ab0-44d8-820f-430df2718e11&amp;s=i%2FVqjgM9FhOr%2BiD%2FWrMMqZOdUV%2F3h7K%2BCjITihpuy4E%3D', 'Nel': '{"report_to":"heroku-nel","max_age":3600,"success_fraction":0.005,"failure_fraction":0.05,"response_headers":["Via"]}', 'X-Powered-By': 'Express', 'Access-Control-Allow-Origin': '*', 'Ratelimit-Policy': '100;w=60', 'Ratelimit-Limit': '100', 'Ratelimit-Remaining': '98', 'Ratelimit-Reset': '60', 'Etag': 'W/"24-4iP0za1geN2he+ohu8F0FhCjLks"', 'Via': '1.1 vegur', 'Cf-Cache-Status': 'DYNAMIC', 'Content-Encoding': 'gzip', 'server-timing': 'cfL4;desc="?proto=TCP&amp;rtt=57867&amp;min_rtt=57148&amp;rtt_var=16715&amp;sent=5&amp;recv=8&amp;lost=0&amp;retrans=0&amp;sent_bytes=2837&amp;recv_bytes=939&amp;delivery_rate=73901&amp;cwnd=252&amp;unsent_bytes=0&amp;cid=0d87c2de74dc54f3&amp;ts=469&amp;x=0"'} 
 body={"id":4,"token":"QpwL5tke4Pnpja7X4"} 
 </msg>
<msg time="2025-05-26T18:58:33.203110" level="INFO">/usr/lib/python3/dist-packages/urllib3/connectionpool.py:1020: InsecureRequestWarning: Unverified HTTPS request is being made to host 'reqres.in'. Adding certificate verification is strongly advised. See: https://urllib3.readthedocs.io/en/latest/advanced-usage.html#ssl-warnings
  warnings.warn(</msg>
<msg time="2025-05-26T18:58:33.203245" level="INFO">${response} = &lt;Response [200]&gt;</msg>
<var>${response}</var>
<arg>alias=ReqRes</arg>
<arg>url=/register</arg>
<arg>json=${body}</arg>
<doc>Sends a POST request on a previously created HTTP Session.</doc>
<status status="PASS" start="2025-05-26T18:58:32.628818" elapsed="0.574449"/>
</kw>
<kw name="Set Global Variable" owner="BuiltIn">
<msg time="2025-05-26T18:58:33.203657" level="INFO">${response} = &lt;Response [200]&gt;</msg>
<arg>${response}</arg>
<doc>Makes a variable available globally in all tests and suites.</doc>
<status status="PASS" start="2025-05-26T18:58:33.203449" elapsed="0.000241"/>
</kw>
<kw name="Log" owner="BuiltIn">
<msg time="2025-05-26T18:58:33.204175" level="INFO">Response: {'id': 4, 'token': 'QpwL5tke4Pnpja7X4'}</msg>
<arg>Response: ${response.json()}</arg>
<doc>Logs the given message with the given level.</doc>
<status status="PASS" start="2025-05-26T18:58:33.203772" elapsed="0.000439"/>
</kw>
<doc>Cadastra um novo usuário com credenciais válidas.</doc>
<status status="PASS" start="2025-05-26T18:58:32.628310" elapsed="0.575953"/>
</kw>
<kw name="Validar status code &quot;200&quot;" owner="api_testing_user" source_name="Validar status code &quot;${statuscode}&quot;">
<kw name="Should Be True" owner="BuiltIn">
<arg>${response.status_code} == ${statuscode}</arg>
<doc>Fails if the given condition is not true.</doc>
<status status="PASS" start="2025-05-26T18:58:33.204649" elapsed="0.000537"/>
</kw>
<kw name="Log" owner="BuiltIn">
<msg time="2025-05-26T18:58:33.205524" level="INFO">Response status: 200</msg>
<arg>Response status: ${response.status_code}</arg>
<doc>Logs the given message with the given level.</doc>
<status status="PASS" start="2025-05-26T18:58:33.205265" elapsed="0.000290"/>
</kw>
<doc>Valida que a resposta tem o status code esperado</doc>
<status status="PASS" start="2025-05-26T18:58:33.204449" elapsed="0.001145"/>
</kw>
<kw name="Validar resposta contém campo &quot;token&quot;" owner="api_testing_user" source_name="Validar resposta contém campo &quot;${field}&quot;">
<kw name="Split String" owner="String">
<msg time="2025-05-26T18:58:33.206057" level="INFO">${fields} = ['token']</msg>
<var>${fields}</var>
<arg>${field}</arg>
<arg>.</arg>
<doc>Splits the ``string`` using ``separator`` as a delimiter string.</doc>
<status status="PASS" start="2025-05-26T18:58:33.205939" elapsed="0.000136"/>
</kw>
<kw name="Set Variable" owner="BuiltIn">
<msg time="2025-05-26T18:58:33.206467" level="INFO">${dict} = {'id': 4, 'token': 'QpwL5tke4Pnpja7X4'}</msg>
<var>${dict}</var>
<arg>${response.json()}</arg>
<doc>Returns the given values which can then be assigned to a variables.</doc>
<status status="PASS" start="2025-05-26T18:58:33.206144" elapsed="0.000342"/>
</kw>
<for flavor="IN">
<iter>
<kw name="Run Keyword If" owner="BuiltIn">
<kw name="Dictionary Should Contain Key" owner="Collections">
<arg>${dict}</arg>
<arg>${part}</arg>
<doc>Fails if ``key`` is not found from ``dictionary``.</doc>
<status status="PASS" start="2025-05-26T18:58:33.206892" elapsed="0.000124"/>
</kw>
<arg>"${part}" in ${dict}</arg>
<arg>Dictionary Should Contain Key</arg>
<arg>${dict}</arg>
<arg>${part}</arg>
<arg>ELSE</arg>
<arg>Fail</arg>
<arg>Field "${part}" not found in response</arg>
<doc>Runs the given keyword with the given arguments, if ``condition`` is true.</doc>
<status status="PASS" start="2025-05-26T18:58:33.206708" elapsed="0.000344"/>
</kw>
<kw name="Set Variable If" owner="BuiltIn">
<msg time="2025-05-26T18:58:33.207495" level="INFO">${dict} = QpwL5tke4Pnpja7X4</msg>
<var>${dict}</var>
<arg>"${part}" in ${dict}</arg>
<arg>${dict["${part}"]}</arg>
<arg>${dict}</arg>
<doc>Sets variable based on the given condition.</doc>
<status status="PASS" start="2025-05-26T18:58:33.207132" elapsed="0.000382"/>
</kw>
<var name="${part}">token</var>
<status status="PASS" start="2025-05-26T18:58:33.206639" elapsed="0.000962"/>
</iter>
<var>${part}</var>
<value>@{fields}</value>
<status status="PASS" start="2025-05-26T18:58:33.206531" elapsed="0.001096"/>
</for>
<doc>Valida que a resposta JSON contém o campo específico</doc>
<status status="PASS" start="2025-05-26T18:58:33.205768" elapsed="0.001904"/>
</kw>
<kw name="Validar resposta contém campo &quot;id&quot;" owner="api_testing_user" source_name="Validar resposta contém campo &quot;${field}&quot;">
<kw name="Split String" owner="String">
<msg time="2025-05-26T18:58:33.208123" level="INFO">${fields} = ['id']</msg>
<var>${fields}</var>
<arg>${field}</arg>
<arg>.</arg>
<doc>Splits the ``string`` using ``separator`` as a delimiter string.</doc>
<status status="PASS" start="2025-05-26T18:58:33.208011" elapsed="0.000130"/>
</kw>
<kw name="Set Variable" owner="BuiltIn">
<msg time="2025-05-26T18:58:33.208527" level="INFO">${dict} = {'id': 4, 'token': 'QpwL5tke4Pnpja7X4'}</msg>
<var>${dict}</var>
<arg>${response.json()}</arg>
<doc>Returns the given values which can then be assigned to a variables.</doc>
<status status="PASS" start="2025-05-26T18:58:33.208211" elapsed="0.000335"/>
</kw>
<for flavor="IN">
<iter>
<kw name="Run Keyword If" owner="BuiltIn">
<kw name="Dictionary Should Contain Key" owner="Collections">
<arg>${dict}</arg>
<arg>${part}</arg>
<doc>Fails if ``key`` is not found from ``dictionary``.</doc>
<status status="PASS" start="2025-05-26T18:58:33.208889" elapsed="0.000108"/>
</kw>
<arg>"${part}" in ${dict}</arg>
<arg>Dictionary Should Contain Key</arg>
<arg>${dict}</arg>
<arg>${part}</arg>
<arg>ELSE</arg>
<arg>Fail</arg>
<arg>Field "${part}" not found in response</arg>
<doc>Runs the given keyword with the given arguments, if ``condition`` is true.</doc>
<status status="PASS" start="2025-05-26T18:58:33.208725" elapsed="0.000308"/>
</kw>
<kw name="Set Variable If" owner="BuiltIn">
<msg time="2025-05-26T18:58:33.209464" level="INFO">${dict} = 4</msg>
<var>${dict}</var>
<arg>"${part}" in ${dict}</arg>
<arg>${dict["${part}"]}</arg>
<arg>${dict}</arg>
<doc>Sets variable based on the given condition.</doc>
<status status="PASS" start="2025-05-26T18:58:33.209107" elapsed="0.000376"/>
</kw>
<var name="${part}">id</var>
<status status="PASS" start="2025-05-26T18:58:33.208665" elapsed="0.000845"/>
</iter>
<var>${part}</var>
<value>@{fields}</value>
<status status="PASS" start="2025-05-26T18:58:33.208583" elapsed="0.000945"/>
</for>
<doc>Valida que a resposta JSON contém o campo específico</doc>
<status status="PASS" start="2025-05-26T18:58:33.207839" elapsed="0.001724"/>
</kw>
<tag>api</tag>
<tag>POST</tag>
<tag>register</tag>
<tag>reqres</tag>
<tag>success</tag>
<tag>user</tag>
<status status="PASS" start="2025-05-26T18:58:32.627987" elapsed="0.581693"/>
</test>
<test id="s1-t2" name="Cenário 02: POST Cadastro de usuário sem senha" line="16">
<kw name="POST Endpoint /register - sem senha" owner="api_testing_user">
<kw name="Create Dictionary" owner="BuiltIn">
<msg time="2025-05-26T18:58:33.210456" level="INFO">${body} = {'email': 'sydney@fife'}</msg>
<var>${body}</var>
<arg>email=sydney@fife</arg>
<doc>Creates and returns a dictionary based on the given ``items``.</doc>
<status status="PASS" start="2025-05-26T18:58:33.210330" elapsed="0.000145"/>
</kw>
<kw name="POST On Session" owner="RequestsLibrary">
<msg time="2025-05-26T18:58:33.630364" level="INFO">POST Request : url=https://reqres.in/api/register 
 path_url=/api/register 
 headers={'User-Agent': 'python-requests/2.25.1', 'Accept-Encoding': 'gzip, deflate', 'accept': 'application/json', 'Connection': 'keep-alive', 'Content-Type': 'application/json', 'x-api-key': 'reqres-free-v1', 'Content-Length': '24'} 
 body=b'{"email": "sydney@fife"}' 
 </msg>
<msg time="2025-05-26T18:58:33.630480" level="INFO">POST Response : url=https://reqres.in/api/register 
 status=400, reason=Bad Request 
 headers={'Date': 'Mon, 26 May 2025 21:58:34 GMT', 'Content-Type': 'application/json; charset=utf-8', 'Content-Length': '28', 'Connection': 'keep-alive', 'Server': 'cloudflare', 'Cf-Ray': '946088dc3a26cb5c-GIG', 'Report-To': '{"group":"heroku-nel","max_age":3600,"endpoints":[{"url":"https://nel.heroku.com/reports?ts=1748296713&amp;sid=c4c9725f-1ab0-44d8-820f-430df2718e11&amp;s=i%2FVqjgM9FhOr%2BiD%2FWrMMqZOdUV%2F3h7K%2BCjITihpuy4E%3D"}]}', 'Reporting-Endpoints': 'heroku-nel=https://nel.heroku.com/reports?ts=1748296713&amp;sid=c4c9725f-1ab0-44d8-820f-430df2718e11&amp;s=i%2FVqjgM9FhOr%2BiD%2FWrMMqZOdUV%2F3h7K%2BCjITihpuy4E%3D', 'Nel': '{"report_to":"heroku-nel","max_age":3600,"success_fraction":0.005,"failure_fraction":0.05,"response_headers":["Via"]}', 'X-Powered-By': 'Express', 'Access-Control-Allow-Origin': '*', 'Ratelimit-Policy': '100;w=60', 'Ratelimit-Limit': '100', 'Ratelimit-Remaining': '96', 'Ratelimit-Reset': '60', 'Etag': 'W/"1c-NmpazMScs9tOqR7eDEesn+pqC9Q"', 'Via': '1.1 vegur', 'Cf-Cache-Status': 'DYNAMIC', 'server-timing': 'cfL4;desc="?proto=TCP&amp;rtt=59247&amp;min_rtt=57148&amp;rtt_var=9658&amp;sent=9&amp;recv=12&amp;lost=0&amp;retrans=0&amp;sent_bytes=4633&amp;recv_bytes=1252&amp;delivery_rate=73901&amp;cwnd=255&amp;unsent_bytes=0&amp;cid=0d87c2de74dc54f3&amp;ts=909&amp;x=0"'} 
 body={"error":"Missing password"} 
 </msg>
<msg time="2025-05-26T18:58:33.630545" level="INFO">/usr/lib/python3/dist-packages/urllib3/connectionpool.py:1020: InsecureRequestWarning: Unverified HTTPS request is being made to host 'reqres.in'. Adding certificate verification is strongly advised. See: https://urllib3.readthedocs.io/en/latest/advanced-usage.html#ssl-warnings
  warnings.warn(</msg>
<msg time="2025-05-26T18:58:33.630683" level="INFO">${response} = &lt;Response [400]&gt;</msg>
<var>${response}</var>
<arg>alias=ReqRes</arg>
<arg>url=/register</arg>
<arg>json=${body}</arg>
<arg>expected_status=400</arg>
<doc>Sends a POST request on a previously created HTTP Session.</doc>
<status status="PASS" start="2025-05-26T18:58:33.210544" elapsed="0.420162"/>
</kw>
<kw name="Set Global Variable" owner="BuiltIn">
<msg time="2025-05-26T18:58:33.631121" level="INFO">${response} = &lt;Response [400]&gt;</msg>
<arg>${response}</arg>
<doc>Makes a variable available globally in all tests and suites.</doc>
<status status="PASS" start="2025-05-26T18:58:33.630884" elapsed="0.000273"/>
</kw>
<kw name="Log" owner="BuiltIn">
<msg time="2025-05-26T18:58:33.631585" level="INFO">Error response: {'error': 'Missing password'}</msg>
<arg>Error response: ${response.json()}</arg>
<doc>Logs the given message with the given level.</doc>
<status status="PASS" start="2025-05-26T18:58:33.631239" elapsed="0.000381"/>
</kw>
<doc>Tenta cadastrar um novo usuário sem senha (falha esperada)</doc>
<status status="PASS" start="2025-05-26T18:58:33.210173" elapsed="0.421496"/>
</kw>
<kw name="Validar status code &quot;400&quot;" owner="api_testing_user" source_name="Validar status code &quot;${statuscode}&quot;">
<kw name="Should Be True" owner="BuiltIn">
<arg>${response.status_code} == ${statuscode}</arg>
<doc>Fails if the given condition is not true.</doc>
<status status="PASS" start="2025-05-26T18:58:33.632036" elapsed="0.000492"/>
</kw>
<kw name="Log" owner="BuiltIn">
<msg time="2025-05-26T18:58:33.632847" level="INFO">Response status: 400</msg>
<arg>Response status: ${response.status_code}</arg>
<doc>Logs the given message with the given level.</doc>
<status status="PASS" start="2025-05-26T18:58:33.632601" elapsed="0.000276"/>
</kw>
<doc>Valida que a resposta tem o status code esperado</doc>
<status status="PASS" start="2025-05-26T18:58:33.631853" elapsed="0.001062"/>
</kw>
<kw name="Validar resposta contém campo &quot;error&quot;" owner="api_testing_user" source_name="Validar resposta contém campo &quot;${field}&quot;">
<kw name="Split String" owner="String">
<msg time="2025-05-26T18:58:33.633375" level="INFO">${fields} = ['error']</msg>
<var>${fields}</var>
<arg>${field}</arg>
<arg>.</arg>
<doc>Splits the ``string`` using ``separator`` as a delimiter string.</doc>
<status status="PASS" start="2025-05-26T18:58:33.633256" elapsed="0.000137"/>
</kw>
<kw name="Set Variable" owner="BuiltIn">
<msg time="2025-05-26T18:58:33.633808" level="INFO">${dict} = {'error': 'Missing password'}</msg>
<var>${dict}</var>
<arg>${response.json()}</arg>
<doc>Returns the given values which can then be assigned to a variables.</doc>
<status status="PASS" start="2025-05-26T18:58:33.633531" elapsed="0.000295"/>
</kw>
<for flavor="IN">
<iter>
<kw name="Run Keyword If" owner="BuiltIn">
<kw name="Dictionary Should Contain Key" owner="Collections">
<arg>${dict}</arg>
<arg>${part}</arg>
<doc>Fails if ``key`` is not found from ``dictionary``.</doc>
<status status="PASS" start="2025-05-26T18:58:33.634186" elapsed="0.000112"/>
</kw>
<arg>"${part}" in ${dict}</arg>
<arg>Dictionary Should Contain Key</arg>
<arg>${dict}</arg>
<arg>${part}</arg>
<arg>ELSE</arg>
<arg>Fail</arg>
<arg>Field "${part}" not found in response</arg>
<doc>Runs the given keyword with the given arguments, if ``condition`` is true.</doc>
<status status="PASS" start="2025-05-26T18:58:33.634023" elapsed="0.000309"/>
</kw>
<kw name="Set Variable If" owner="BuiltIn">
<msg time="2025-05-26T18:58:33.634742" level="INFO">${dict} = Missing password</msg>
<var>${dict}</var>
<arg>"${part}" in ${dict}</arg>
<arg>${dict["${part}"]}</arg>
<arg>${dict}</arg>
<doc>Sets variable based on the given condition.</doc>
<status status="PASS" start="2025-05-26T18:58:33.634408" elapsed="0.000352"/>
</kw>
<var name="${part}">error</var>
<status status="PASS" start="2025-05-26T18:58:33.633960" elapsed="0.000826"/>
</iter>
<var>${part}</var>
<value>@{fields}</value>
<status status="PASS" start="2025-05-26T18:58:33.633867" elapsed="0.000939"/>
</for>
<doc>Valida que a resposta JSON contém o campo específico</doc>
<status status="PASS" start="2025-05-26T18:58:33.633094" elapsed="0.001747"/>
</kw>
<kw name="Validar valor do campo &quot;error&quot; é &quot;Missing password&quot;" owner="api_testing_user" source_name="Validar valor do campo &quot;${field}&quot; é &quot;${expected_value}&quot;">
<kw name="Split String" owner="String">
<msg time="2025-05-26T18:58:33.635316" level="INFO">${fields} = ['error']</msg>
<var>${fields}</var>
<arg>${field}</arg>
<arg>.</arg>
<doc>Splits the ``string`` using ``separator`` as a delimiter string.</doc>
<status status="PASS" start="2025-05-26T18:58:33.635207" elapsed="0.000127"/>
</kw>
<kw name="Set Variable" owner="BuiltIn">
<msg time="2025-05-26T18:58:33.635688" level="INFO">${dict} = {'error': 'Missing password'}</msg>
<var>${dict}</var>
<arg>${response.json()}</arg>
<doc>Returns the given values which can then be assigned to a variables.</doc>
<status status="PASS" start="2025-05-26T18:58:33.635405" elapsed="0.000301"/>
</kw>
<for flavor="IN ENUMERATE">
<iter>
<kw name="Run Keyword If" owner="BuiltIn">
<kw name="Dictionary Should Contain Key" owner="Collections">
<arg>${dict}</arg>
<arg>${part}</arg>
<doc>Fails if ``key`` is not found from ``dictionary``.</doc>
<status status="PASS" start="2025-05-26T18:58:33.636238" elapsed="0.000112"/>
</kw>
<arg>${index} &lt; ${fields.__len__() - 1}</arg>
<arg>Dictionary Should Contain Key</arg>
<arg>${dict}</arg>
<arg>${part}</arg>
<arg>ELSE</arg>
<arg>Dictionary Should Contain Key</arg>
<arg>${dict}</arg>
<arg>${part}</arg>
<doc>Runs the given keyword with the given arguments, if ``condition`` is true.</doc>
<status status="PASS" start="2025-05-26T18:58:33.635901" elapsed="0.000484"/>
</kw>
<kw name="Set Variable If" owner="BuiltIn">
<msg time="2025-05-26T18:58:33.636857" level="INFO">${dict} = {'error': 'Missing password'}</msg>
<var>${dict}</var>
<arg>${index} &lt; ${fields.__len__() - 1}</arg>
<arg>${dict["${part}"]}</arg>
<arg>${dict}</arg>
<doc>Sets variable based on the given condition.</doc>
<status status="PASS" start="2025-05-26T18:58:33.636461" elapsed="0.000415"/>
</kw>
<var name="${index}">0</var>
<var name="${part}">error</var>
<status status="PASS" start="2025-05-26T18:58:33.635842" elapsed="0.001077"/>
</iter>
<var>${index}</var>
<var>${part}</var>
<value>@{fields}</value>
<status status="PASS" start="2025-05-26T18:58:33.635742" elapsed="0.001203"/>
</for>
<kw name="Set Variable" owner="BuiltIn">
<msg time="2025-05-26T18:58:33.637314" level="INFO">${last_field} = error</msg>
<var>${last_field}</var>
<arg>${fields[-1]}</arg>
<doc>Returns the given values which can then be assigned to a variables.</doc>
<status status="PASS" start="2025-05-26T18:58:33.637015" elapsed="0.000317"/>
</kw>
<kw name="Convert To String" owner="BuiltIn">
<msg time="2025-05-26T18:58:33.637722" level="INFO">${actual_value} = Missing password</msg>
<var>${actual_value}</var>
<arg>${dict["${last_field}"]}</arg>
<doc>Converts the given item to a Unicode string.</doc>
<status status="PASS" start="2025-05-26T18:58:33.637402" elapsed="0.000338"/>
</kw>
<kw name="Should Be Equal" owner="BuiltIn">
<arg>${actual_value}</arg>
<arg>${expected_value}</arg>
<doc>Fails if the given objects are unequal.</doc>
<status status="PASS" start="2025-05-26T18:58:33.637832" elapsed="0.000131"/>
</kw>
<doc>Valida que o campo na response tem o valor esperado</doc>
<status status="PASS" start="2025-05-26T18:58:33.635020" elapsed="0.002986"/>
</kw>
<tag>api</tag>
<tag>error</tag>
<tag>POST</tag>
<tag>register</tag>
<tag>reqres</tag>
<tag>user</tag>
<status status="PASS" start="2025-05-26T18:58:33.209891" elapsed="0.428243"/>
</test>
<test id="s1-t3" name="Cenário 03: POST Login com sucesso" line="23">
<kw name="POST Endpoint /login" owner="api_testing_user">
<kw name="Create Dictionary" owner="BuiltIn">
<msg time="2025-05-26T18:58:33.638987" level="INFO">${body} = {'email': 'eve.holt@reqres.in', 'password': 'cityslicka'}</msg>
<var>${body}</var>
<arg>email=${DEFAULT_EMAIL}</arg>
<arg>password=${DEFAULT_PASSWORD}</arg>
<doc>Creates and returns a dictionary based on the given ``items``.</doc>
<status status="PASS" start="2025-05-26T18:58:33.638782" elapsed="0.000224"/>
</kw>
<kw name="POST On Session" owner="RequestsLibrary">
<msg time="2025-05-26T18:58:34.064561" level="INFO">POST Request : url=https://reqres.in/api/login 
 path_url=/api/login 
 headers={'User-Agent': 'python-requests/2.25.1', 'Accept-Encoding': 'gzip, deflate', 'accept': 'application/json', 'Connection': 'keep-alive', 'Content-Type': 'application/json', 'x-api-key': 'reqres-free-v1', 'Content-Length': '57'} 
 body=b'{"email": "eve.holt@reqres.in", "password": "cityslicka"}' 
 </msg>
<msg time="2025-05-26T18:58:34.064662" level="INFO">POST Response : url=https://reqres.in/api/login 
 status=200, reason=OK 
 headers={'Date': 'Mon, 26 May 2025 21:58:34 GMT', 'Content-Type': 'application/json; charset=utf-8', 'Transfer-Encoding': 'chunked', 'Connection': 'keep-alive', 'Server': 'cloudflare', 'Cf-Ray': '946088defc35cb5c-GIG', 'Report-To': '{"group":"heroku-nel","max_age":3600,"endpoints":[{"url":"https://nel.heroku.com/reports?ts=1748296714&amp;sid=c4c9725f-1ab0-44d8-820f-430df2718e11&amp;s=0mOYojG8DD6y5nIF%2BPwTfYzFuQNAxLtXxJdJJEE58Ec%3D"}]}', 'Reporting-Endpoints': 'heroku-nel=https://nel.heroku.com/reports?ts=1748296714&amp;sid=c4c9725f-1ab0-44d8-820f-430df2718e11&amp;s=0mOYojG8DD6y5nIF%2BPwTfYzFuQNAxLtXxJdJJEE58Ec%3D', 'Nel': '{"report_to":"heroku-nel","max_age":3600,"success_fraction":0.005,"failure_fraction":0.05,"response_headers":["Via"]}', 'X-Powered-By': 'Express', 'Access-Control-Allow-Origin': '*', 'Ratelimit-Policy': '100;w=60', 'Ratelimit-Limit': '100', 'Ratelimit-Remaining': '94', 'Ratelimit-Reset': '60', 'Etag': 'W/"1d-lGCrvD6B7Qzk11+2C98+nGhhuec"', 'Via': '1.1 vegur', 'Cf-Cache-Status': 'DYNAMIC', 'Content-Encoding': 'gzip', 'server-timing': 'cfL4;desc="?proto=TCP&amp;rtt=60309&amp;min_rtt=57148&amp;rtt_var=9367&amp;sent=11&amp;recv=14&amp;lost=0&amp;retrans=0&amp;sent_bytes=5861&amp;recv_bytes=1595&amp;delivery_rate=73901&amp;cwnd=256&amp;unsent_bytes=0&amp;cid=0d87c2de74dc54f3&amp;ts=1355&amp;x=0"'} 
 body={"token":"QpwL5tke4Pnpja7X4"} 
 </msg>
<msg time="2025-05-26T18:58:34.064728" level="INFO">/usr/lib/python3/dist-packages/urllib3/connectionpool.py:1020: InsecureRequestWarning: Unverified HTTPS request is being made to host 'reqres.in'. Adding certificate verification is strongly advised. See: https://urllib3.readthedocs.io/en/latest/advanced-usage.html#ssl-warnings
  warnings.warn(</msg>
<msg time="2025-05-26T18:58:34.065008" level="INFO">${response} = &lt;Response [200]&gt;</msg>
<var>${response}</var>
<arg>alias=ReqRes</arg>
<arg>url=/login</arg>
<arg>json=${body}</arg>
<doc>Sends a POST request on a previously created HTTP Session.</doc>
<status status="PASS" start="2025-05-26T18:58:33.639077" elapsed="0.425962"/>
</kw>
<kw name="Set Global Variable" owner="BuiltIn">
<msg time="2025-05-26T18:58:34.066208" level="INFO">${response} = &lt;Response [200]&gt;</msg>
<arg>${response}</arg>
<doc>Makes a variable available globally in all tests and suites.</doc>
<status status="PASS" start="2025-05-26T18:58:34.065225" elapsed="0.001021"/>
</kw>
<kw name="Log" owner="BuiltIn">
<msg time="2025-05-26T18:58:34.066680" level="INFO">Response: {'token': 'QpwL5tke4Pnpja7X4'}</msg>
<arg>Response: ${response.json()}</arg>
<doc>Logs the given message with the given level.</doc>
<status status="PASS" start="2025-05-26T18:58:34.066334" elapsed="0.000382"/>
</kw>
<doc>Realiza o login com credenciais válidas</doc>
<status status="PASS" start="2025-05-26T18:58:33.638619" elapsed="0.428147"/>
</kw>
<kw name="Validar status code &quot;200&quot;" owner="api_testing_user" source_name="Validar status code &quot;${statuscode}&quot;">
<kw name="Should Be True" owner="BuiltIn">
<arg>${response.status_code} == ${statuscode}</arg>
<doc>Fails if the given condition is not true.</doc>
<status status="PASS" start="2025-05-26T18:58:34.067131" elapsed="0.000482"/>
</kw>
<kw name="Log" owner="BuiltIn">
<msg time="2025-05-26T18:58:34.067925" level="INFO">Response status: 200</msg>
<arg>Response status: ${response.status_code}</arg>
<doc>Logs the given message with the given level.</doc>
<status status="PASS" start="2025-05-26T18:58:34.067688" elapsed="0.000268"/>
</kw>
<doc>Valida que a resposta tem o status code esperado</doc>
<status status="PASS" start="2025-05-26T18:58:34.066945" elapsed="0.001049"/>
</kw>
<kw name="Validar resposta contém campo &quot;token&quot;" owner="api_testing_user" source_name="Validar resposta contém campo &quot;${field}&quot;">
<kw name="Split String" owner="String">
<msg time="2025-05-26T18:58:34.068455" level="INFO">${fields} = ['token']</msg>
<var>${fields}</var>
<arg>${field}</arg>
<arg>.</arg>
<doc>Splits the ``string`` using ``separator`` as a delimiter string.</doc>
<status status="PASS" start="2025-05-26T18:58:34.068335" elapsed="0.000138"/>
</kw>
<kw name="Set Variable" owner="BuiltIn">
<msg time="2025-05-26T18:58:34.068808" level="INFO">${dict} = {'token': 'QpwL5tke4Pnpja7X4'}</msg>
<var>${dict}</var>
<arg>${response.json()}</arg>
<doc>Returns the given values which can then be assigned to a variables.</doc>
<status status="PASS" start="2025-05-26T18:58:34.068542" elapsed="0.000284"/>
</kw>
<for flavor="IN">
<iter>
<kw name="Run Keyword If" owner="BuiltIn">
<kw name="Dictionary Should Contain Key" owner="Collections">
<arg>${dict}</arg>
<arg>${part}</arg>
<doc>Fails if ``key`` is not found from ``dictionary``.</doc>
<status status="PASS" start="2025-05-26T18:58:34.069203" elapsed="0.000113"/>
</kw>
<arg>"${part}" in ${dict}</arg>
<arg>Dictionary Should Contain Key</arg>
<arg>${dict}</arg>
<arg>${part}</arg>
<arg>ELSE</arg>
<arg>Fail</arg>
<arg>Field "${part}" not found in response</arg>
<doc>Runs the given keyword with the given arguments, if ``condition`` is true.</doc>
<status status="PASS" start="2025-05-26T18:58:34.069033" elapsed="0.000318"/>
</kw>
<kw name="Set Variable If" owner="BuiltIn">
<msg time="2025-05-26T18:58:34.069760" level="INFO">${dict} = QpwL5tke4Pnpja7X4</msg>
<var>${dict}</var>
<arg>"${part}" in ${dict}</arg>
<arg>${dict["${part}"]}</arg>
<arg>${dict}</arg>
<doc>Sets variable based on the given condition.</doc>
<status status="PASS" start="2025-05-26T18:58:34.069424" elapsed="0.000354"/>
</kw>
<var name="${part}">token</var>
<status status="PASS" start="2025-05-26T18:58:34.068960" elapsed="0.000846"/>
</iter>
<var>${part}</var>
<value>@{fields}</value>
<status status="PASS" start="2025-05-26T18:58:34.068866" elapsed="0.000960"/>
</for>
<doc>Valida que a resposta JSON contém o campo específico</doc>
<status status="PASS" start="2025-05-26T18:58:34.068164" elapsed="0.001698"/>
</kw>
<tag>api</tag>
<tag>login</tag>
<tag>POST</tag>
<tag>reqres</tag>
<tag>success</tag>
<status status="PASS" start="2025-05-26T18:58:33.638328" elapsed="0.431651"/>
</test>
<test id="s1-t4" name="Cenário 04: POST Login sem senha" line="29">
<kw name="POST Endpoint /login - sem senha" owner="api_testing_user">
<kw name="Create Dictionary" owner="BuiltIn">
<msg time="2025-05-26T18:58:34.070759" level="INFO">${body} = {'email': 'eve.holt@reqres.in'}</msg>
<var>${body}</var>
<arg>email=${DEFAULT_EMAIL}</arg>
<doc>Creates and returns a dictionary based on the given ``items``.</doc>
<status status="PASS" start="2025-05-26T18:58:34.070608" elapsed="0.000169"/>
</kw>
<kw name="POST On Session" owner="RequestsLibrary">
<msg time="2025-05-26T18:58:34.491355" level="INFO">POST Request : url=https://reqres.in/api/login 
 path_url=/api/login 
 headers={'User-Agent': 'python-requests/2.25.1', 'Accept-Encoding': 'gzip, deflate', 'accept': 'application/json', 'Connection': 'keep-alive', 'Content-Type': 'application/json', 'x-api-key': 'reqres-free-v1', 'Content-Length': '31'} 
 body=b'{"email": "eve.holt@reqres.in"}' 
 </msg>
<msg time="2025-05-26T18:58:34.491460" level="INFO">POST Response : url=https://reqres.in/api/login 
 status=400, reason=Bad Request 
 headers={'Date': 'Mon, 26 May 2025 21:58:34 GMT', 'Content-Type': 'application/json; charset=utf-8', 'Content-Length': '28', 'Connection': 'keep-alive', 'Server': 'cloudflare', 'Cf-Ray': '946088e1bdc0cb5c-GIG', 'Report-To': '{"group":"heroku-nel","max_age":3600,"endpoints":[{"url":"https://nel.heroku.com/reports?ts=1748296714&amp;sid=c4c9725f-1ab0-44d8-820f-430df2718e11&amp;s=0mOYojG8DD6y5nIF%2BPwTfYzFuQNAxLtXxJdJJEE58Ec%3D"}]}', 'Reporting-Endpoints': 'heroku-nel=https://nel.heroku.com/reports?ts=1748296714&amp;sid=c4c9725f-1ab0-44d8-820f-430df2718e11&amp;s=0mOYojG8DD6y5nIF%2BPwTfYzFuQNAxLtXxJdJJEE58Ec%3D', 'Nel': '{"report_to":"heroku-nel","max_age":3600,"success_fraction":0.005,"failure_fraction":0.05,"response_headers":["Via"]}', 'X-Powered-By': 'Express', 'Access-Control-Allow-Origin': '*', 'Ratelimit-Policy': '100;w=60', 'Ratelimit-Limit': '100', 'Ratelimit-Remaining': '92', 'Ratelimit-Reset': '59', 'Etag': 'W/"1c-NmpazMScs9tOqR7eDEesn+pqC9Q"', 'Via': '1.1 vegur', 'Cf-Cache-Status': 'DYNAMIC', 'server-timing': 'cfL4;desc="?proto=TCP&amp;rtt=60038&amp;min_rtt=57148&amp;rtt_var=7567&amp;sent=14&amp;recv=17&amp;lost=0&amp;retrans=0&amp;sent_bytes=7152&amp;recv_bytes=1912&amp;delivery_rate=73901&amp;cwnd=256&amp;unsent_bytes=0&amp;cid=0d87c2de74dc54f3&amp;ts=1794&amp;x=0"'} 
 body={"error":"Missing password"} 
 </msg>
<msg time="2025-05-26T18:58:34.491527" level="INFO">/usr/lib/python3/dist-packages/urllib3/connectionpool.py:1020: InsecureRequestWarning: Unverified HTTPS request is being made to host 'reqres.in'. Adding certificate verification is strongly advised. See: https://urllib3.readthedocs.io/en/latest/advanced-usage.html#ssl-warnings
  warnings.warn(</msg>
<msg time="2025-05-26T18:58:34.491679" level="INFO">${response} = &lt;Response [400]&gt;</msg>
<var>${response}</var>
<arg>alias=ReqRes</arg>
<arg>url=/login</arg>
<arg>json=${body}</arg>
<arg>expected_status=400</arg>
<doc>Sends a POST request on a previously created HTTP Session.</doc>
<status status="PASS" start="2025-05-26T18:58:34.070844" elapsed="0.420862"/>
</kw>
<kw name="Set Global Variable" owner="BuiltIn">
<msg time="2025-05-26T18:58:34.492119" level="INFO">${response} = &lt;Response [400]&gt;</msg>
<arg>${response}</arg>
<doc>Makes a variable available globally in all tests and suites.</doc>
<status status="PASS" start="2025-05-26T18:58:34.491890" elapsed="0.000264"/>
</kw>
<kw name="Log" owner="BuiltIn">
<msg time="2025-05-26T18:58:34.492592" level="INFO">Error response: {'error': 'Missing password'}</msg>
<arg>Error response: ${response.json()}</arg>
<doc>Logs the given message with the given level.</doc>
<status status="PASS" start="2025-05-26T18:58:34.492231" elapsed="0.000467"/>
</kw>
<doc>Realiza uma requisição de login sem senha (falhe esperada)</doc>
<status status="PASS" start="2025-05-26T18:58:34.070452" elapsed="0.422302"/>
</kw>
<kw name="Validar status code &quot;400&quot;" owner="api_testing_user" source_name="Validar status code &quot;${statuscode}&quot;">
<kw name="Should Be True" owner="BuiltIn">
<arg>${response.status_code} == ${statuscode}</arg>
<doc>Fails if the given condition is not true.</doc>
<status status="PASS" start="2025-05-26T18:58:34.493121" elapsed="0.000507"/>
</kw>
<kw name="Log" owner="BuiltIn">
<msg time="2025-05-26T18:58:34.493968" level="INFO">Response status: 400</msg>
<arg>Response status: ${response.status_code}</arg>
<doc>Logs the given message with the given level.</doc>
<status status="PASS" start="2025-05-26T18:58:34.493704" elapsed="0.000296"/>
</kw>
<doc>Valida que a resposta tem o status code esperado</doc>
<status status="PASS" start="2025-05-26T18:58:34.492932" elapsed="0.001107"/>
</kw>
<kw name="Validar resposta contém campo &quot;error&quot;" owner="api_testing_user" source_name="Validar resposta contém campo &quot;${field}&quot;">
<kw name="Split String" owner="String">
<msg time="2025-05-26T18:58:34.494484" level="INFO">${fields} = ['error']</msg>
<var>${fields}</var>
<arg>${field}</arg>
<arg>.</arg>
<doc>Splits the ``string`` using ``separator`` as a delimiter string.</doc>
<status status="PASS" start="2025-05-26T18:58:34.494371" elapsed="0.000131"/>
</kw>
<kw name="Set Variable" owner="BuiltIn">
<msg time="2025-05-26T18:58:34.494848" level="INFO">${dict} = {'error': 'Missing password'}</msg>
<var>${dict}</var>
<arg>${response.json()}</arg>
<doc>Returns the given values which can then be assigned to a variables.</doc>
<status status="PASS" start="2025-05-26T18:58:34.494573" elapsed="0.000293"/>
</kw>
<for flavor="IN">
<iter>
<kw name="Run Keyword If" owner="BuiltIn">
<kw name="Dictionary Should Contain Key" owner="Collections">
<arg>${dict}</arg>
<arg>${part}</arg>
<doc>Fails if ``key`` is not found from ``dictionary``.</doc>
<status status="PASS" start="2025-05-26T18:58:34.495253" elapsed="0.000127"/>
</kw>
<arg>"${part}" in ${dict}</arg>
<arg>Dictionary Should Contain Key</arg>
<arg>${dict}</arg>
<arg>${part}</arg>
<arg>ELSE</arg>
<arg>Fail</arg>
<arg>Field "${part}" not found in response</arg>
<doc>Runs the given keyword with the given arguments, if ``condition`` is true.</doc>
<status status="PASS" start="2025-05-26T18:58:34.495061" elapsed="0.000356"/>
</kw>
<kw name="Set Variable If" owner="BuiltIn">
<msg time="2025-05-26T18:58:34.495855" level="INFO">${dict} = Missing password</msg>
<var>${dict}</var>
<arg>"${part}" in ${dict}</arg>
<arg>${dict["${part}"]}</arg>
<arg>${dict}</arg>
<doc>Sets variable based on the given condition.</doc>
<status status="PASS" start="2025-05-26T18:58:34.495501" elapsed="0.000373"/>
</kw>
<var name="${part}">error</var>
<status status="PASS" start="2025-05-26T18:58:34.494998" elapsed="0.000903"/>
</iter>
<var>${part}</var>
<value>@{fields}</value>
<status status="PASS" start="2025-05-26T18:58:34.494907" elapsed="0.001015"/>
</for>
<doc>Valida que a resposta JSON contém o campo específico</doc>
<status status="PASS" start="2025-05-26T18:58:34.494206" elapsed="0.001755"/>
</kw>
<kw name="Validar valor do campo &quot;error&quot; é &quot;Missing password&quot;" owner="api_testing_user" source_name="Validar valor do campo &quot;${field}&quot; é &quot;${expected_value}&quot;">
<kw name="Split String" owner="String">
<msg time="2025-05-26T18:58:34.496440" level="INFO">${fields} = ['error']</msg>
<var>${fields}</var>
<arg>${field}</arg>
<arg>.</arg>
<doc>Splits the ``string`` using ``separator`` as a delimiter string.</doc>
<status status="PASS" start="2025-05-26T18:58:34.496324" elapsed="0.000133"/>
</kw>
<kw name="Set Variable" owner="BuiltIn">
<msg time="2025-05-26T18:58:34.496803" level="INFO">${dict} = {'error': 'Missing password'}</msg>
<var>${dict}</var>
<arg>${response.json()}</arg>
<doc>Returns the given values which can then be assigned to a variables.</doc>
<status status="PASS" start="2025-05-26T18:58:34.496526" elapsed="0.000295"/>
</kw>
<for flavor="IN ENUMERATE">
<iter>
<kw name="Run Keyword If" owner="BuiltIn">
<kw name="Dictionary Should Contain Key" owner="Collections">
<arg>${dict}</arg>
<arg>${part}</arg>
<doc>Fails if ``key`` is not found from ``dictionary``.</doc>
<status status="PASS" start="2025-05-26T18:58:34.497528" elapsed="0.000117"/>
</kw>
<arg>${index} &lt; ${fields.__len__() - 1}</arg>
<arg>Dictionary Should Contain Key</arg>
<arg>${dict}</arg>
<arg>${part}</arg>
<arg>ELSE</arg>
<arg>Dictionary Should Contain Key</arg>
<arg>${dict}</arg>
<arg>${part}</arg>
<doc>Runs the given keyword with the given arguments, if ``condition`` is true.</doc>
<status status="PASS" start="2025-05-26T18:58:34.497169" elapsed="0.000511"/>
</kw>
<kw name="Set Variable If" owner="BuiltIn">
<msg time="2025-05-26T18:58:34.498077" level="INFO">${dict} = {'error': 'Missing password'}</msg>
<var>${dict}</var>
<arg>${index} &lt; ${fields.__len__() - 1}</arg>
<arg>${dict["${part}"]}</arg>
<arg>${dict}</arg>
<doc>Sets variable based on the given condition.</doc>
<status status="PASS" start="2025-05-26T18:58:34.497760" elapsed="0.000335"/>
</kw>
<var name="${index}">0</var>
<var name="${part}">error</var>
<status status="PASS" start="2025-05-26T18:58:34.496956" elapsed="0.001165"/>
</iter>
<var>${index}</var>
<var>${part}</var>
<value>@{fields}</value>
<status status="PASS" start="2025-05-26T18:58:34.496859" elapsed="0.001284"/>
</for>
<kw name="Set Variable" owner="BuiltIn">
<msg time="2025-05-26T18:58:34.498485" level="INFO">${last_field} = error</msg>
<var>${last_field}</var>
<arg>${fields[-1]}</arg>
<doc>Returns the given values which can then be assigned to a variables.</doc>
<status status="PASS" start="2025-05-26T18:58:34.498209" elapsed="0.000293"/>
</kw>
<kw name="Convert To String" owner="BuiltIn">
<msg time="2025-05-26T18:58:34.498873" level="INFO">${actual_value} = Missing password</msg>
<var>${actual_value}</var>
<arg>${dict["${last_field}"]}</arg>
<doc>Converts the given item to a Unicode string.</doc>
<status status="PASS" start="2025-05-26T18:58:34.498569" elapsed="0.000322"/>
</kw>
<kw name="Should Be Equal" owner="BuiltIn">
<arg>${actual_value}</arg>
<arg>${expected_value}</arg>
<doc>Fails if the given objects are unequal.</doc>
<status status="PASS" start="2025-05-26T18:58:34.498958" elapsed="0.000145"/>
</kw>
<doc>Valida que o campo na response tem o valor esperado</doc>
<status status="PASS" start="2025-05-26T18:58:34.496145" elapsed="0.003001"/>
</kw>
<tag>api</tag>
<tag>error</tag>
<tag>login</tag>
<tag>POST</tag>
<tag>reqres</tag>
<status status="PASS" start="2025-05-26T18:58:34.070179" elapsed="0.429095"/>
</test>
<test id="s1-t5" name="Cenário 05: POST Logout" line="36">
<kw name="POST Endpoint /logout" owner="api_testing_user">
<kw name="POST On Session" owner="RequestsLibrary">
<msg time="2025-05-26T18:58:34.943122" level="INFO">POST Request : url=https://reqres.in/api/logout 
 path_url=/api/logout 
 headers={'User-Agent': 'python-requests/2.25.1', 'Accept-Encoding': 'gzip, deflate', 'accept': 'application/json', 'Connection': 'keep-alive', 'Content-Type': 'application/json', 'x-api-key': 'reqres-free-v1', 'Content-Length': '0'} 
 body=None 
 </msg>
<msg time="2025-05-26T18:58:34.943234" level="INFO">POST Response : url=https://reqres.in/api/logout 
 status=200, reason=OK 
 headers={'Date': 'Mon, 26 May 2025 21:58:35 GMT', 'Content-Type': 'application/json; charset=utf-8', 'Transfer-Encoding': 'chunked', 'Connection': 'keep-alive', 'Server': 'cloudflare', 'Cf-Ray': '946088e49fc9cb5c-GIG', 'Report-To': '{"group":"heroku-nel","max_age":3600,"endpoints":[{"url":"https://nel.heroku.com/reports?ts=1748296715&amp;sid=c4c9725f-1ab0-44d8-820f-430df2718e11&amp;s=k15AhKCtmeykGwl5Ik3OQ9FiQsRcGEg14WpEEJ%2Fctk0%3D"}]}', 'Reporting-Endpoints': 'heroku-nel=https://nel.heroku.com/reports?ts=1748296715&amp;sid=c4c9725f-1ab0-44d8-820f-430df2718e11&amp;s=k15AhKCtmeykGwl5Ik3OQ9FiQsRcGEg14WpEEJ%2Fctk0%3D', 'Nel': '{"report_to":"heroku-nel","max_age":3600,"success_fraction":0.005,"failure_fraction":0.05,"response_headers":["Via"]}', 'X-Powered-By': 'Express', 'Access-Control-Allow-Origin': '*', 'Ratelimit-Policy': '100;w=60', 'Ratelimit-Limit': '100', 'Ratelimit-Remaining': '90', 'Ratelimit-Reset': '59', 'Etag': 'W/"2-vyGp6PvFo4RvsFtPoIWeCReyIC8"', 'Via': '1.1 vegur', 'Cf-Cache-Status': 'DYNAMIC', 'Content-Encoding': 'gzip', 'server-timing': 'cfL4;desc="?proto=TCP&amp;rtt=62815&amp;min_rtt=57148&amp;rtt_var=11228&amp;sent=16&amp;recv=18&amp;lost=0&amp;retrans=0&amp;sent_bytes=8366&amp;recv_bytes=2176&amp;delivery_rate=73901&amp;cwnd=256&amp;unsent_bytes=0&amp;cid=0d87c2de74dc54f3&amp;ts=2255&amp;x=0"'} 
 body={} 
 </msg>
<msg time="2025-05-26T18:58:34.943382" level="INFO">/usr/lib/python3/dist-packages/urllib3/connectionpool.py:1020: InsecureRequestWarning: Unverified HTTPS request is being made to host 'reqres.in'. Adding certificate verification is strongly advised. See: https://urllib3.readthedocs.io/en/latest/advanced-usage.html#ssl-warnings
  warnings.warn(</msg>
<msg time="2025-05-26T18:58:34.943540" level="INFO">${response} = &lt;Response [200]&gt;</msg>
<var>${response}</var>
<arg>alias=ReqRes</arg>
<arg>url=/logout</arg>
<doc>Sends a POST request on a previously created HTTP Session.</doc>
<status status="PASS" start="2025-05-26T18:58:34.499889" elapsed="0.443679"/>
</kw>
<kw name="Set Global Variable" owner="BuiltIn">
<msg time="2025-05-26T18:58:34.943976" level="INFO">${response} = &lt;Response [200]&gt;</msg>
<arg>${response}</arg>
<doc>Makes a variable available globally in all tests and suites.</doc>
<status status="PASS" start="2025-05-26T18:58:34.943762" elapsed="0.000247"/>
</kw>
<doc>Realiza uma requisição de logout</doc>
<status status="PASS" start="2025-05-26T18:58:34.499739" elapsed="0.444323"/>
</kw>
<kw name="Validar status code &quot;200&quot;" owner="api_testing_user" source_name="Validar status code &quot;${statuscode}&quot;">
<kw name="Should Be True" owner="BuiltIn">
<arg>${response.status_code} == ${statuscode}</arg>
<doc>Fails if the given condition is not true.</doc>
<status status="PASS" start="2025-05-26T18:58:34.944477" elapsed="0.000558"/>
</kw>
<kw name="Log" owner="BuiltIn">
<msg time="2025-05-26T18:58:34.945373" level="INFO">Response status: 200</msg>
<arg>Response status: ${response.status_code}</arg>
<doc>Logs the given message with the given level.</doc>
<status status="PASS" start="2025-05-26T18:58:34.945127" elapsed="0.000283"/>
</kw>
<doc>Valida que a resposta tem o status code esperado</doc>
<status status="PASS" start="2025-05-26T18:58:34.944257" elapsed="0.001194"/>
</kw>
<tag>api</tag>
<tag>logout</tag>
<tag>POST</tag>
<tag>reqres</tag>
<status status="PASS" start="2025-05-26T18:58:34.499477" elapsed="0.446099"/>
</test>
<test id="s1-t6" name="Cenário 06: GET Listar todos os usuários" line="41">
<kw name="GET Endpoint /users" owner="api_testing_user">
<kw name="GET On Session" owner="RequestsLibrary">
<msg time="2025-05-26T18:58:35.017530" level="INFO">GET Request : url=https://reqres.in/api/users 
 path_url=/api/users 
 headers={'User-Agent': 'python-requests/2.25.1', 'Accept-Encoding': 'gzip, deflate', 'accept': 'application/json', 'Connection': 'keep-alive', 'Content-Type': 'application/json', 'x-api-key': 'reqres-free-v1'} 
 body=None 
 </msg>
<msg time="2025-05-26T18:58:35.017651" level="INFO">GET Response : url=https://reqres.in/api/users 
 status=200, reason=OK 
 headers={'Date': 'Mon, 26 May 2025 21:58:35 GMT', 'Content-Type': 'application/json; charset=utf-8', 'Transfer-Encoding': 'chunked', 'Connection': 'keep-alive', 'Cf-Ray': '946088e759f1cb5c-GIG', 'Server': 'cloudflare', 'Content-Encoding': 'gzip', 'Report-To': '{"group":"heroku-nel","max_age":3600,"endpoints":[{"url":"https://nel.heroku.com/reports?ts=1748294279&amp;sid=c4c9725f-1ab0-44d8-820f-430df2718e11&amp;s=ETESaITt9nGGRqPrYsakhDayOGixv6zBXVFgG%2FjZm6Q%3D"}]}', 'Reporting-Endpoints': 'heroku-nel=https://nel.heroku.com/reports?ts=1748294279&amp;sid=c4c9725f-1ab0-44d8-820f-430df2718e11&amp;s=ETESaITt9nGGRqPrYsakhDayOGixv6zBXVFgG%2FjZm6Q%3D', 'Nel': '{"report_to":"heroku-nel","max_age":3600,"success_fraction":0.005,"failure_fraction":0.05,"response_headers":["Via"]}', 'X-Powered-By': 'Express', 'Access-Control-Allow-Origin': '*', 'Ratelimit-Policy': '100;w=60', 'Ratelimit-Limit': '100', 'Ratelimit-Remaining': '88', 'Ratelimit-Reset': '58', 'Etag': 'W/"41e-bY3U72nulxuwNd/TmihMEHjLmek"', 'Via': '1.1 vegur', 'Cache-Control': 'max-age=14400', 'Cf-Cache-Status': 'HIT', 'Age': '2436', 'Vary': 'Accept-Encoding', 'server-timing': 'cfL4;desc="?proto=TCP&amp;rtt=62226&amp;min_rtt=57148&amp;rtt_var=9599&amp;sent=19&amp;recv=20&amp;lost=0&amp;retrans=0&amp;sent_bytes=9630&amp;recv_bytes=2419&amp;delivery_rate=73901&amp;cwnd=256&amp;unsent_bytes=0&amp;cid=0d87c2de74dc54f3&amp;ts=2331&amp;x=0"'} 
 body={"page":1,"per_page":6,"total":12,"total_pages":2,"data":[{"id":1,"email":"george.bluth@reqres.in","first_name":"George","last_name":"Bluth","avatar":"https://reqres.in/img/faces/1-image.jpg"},{"id":2,"email":"janet.weaver@reqres.in","first_name":"Janet","last_name":"Weaver","avatar":"https://reqres.in/img/faces/2-image.jpg"},{"id":3,"email":"emma.wong@reqres.in","first_name":"Emma","last_name":"Wong","avatar":"https://reqres.in/img/faces/3-image.jpg"},{"id":4,"email":"eve.holt@reqres.in","first_name":"Eve","last_name":"Holt","avatar":"https://reqres.in/img/faces/4-image.jpg"},{"id":5,"email":"charles.morris@reqres.in","first_name":"Charles","last_name":"Morris","avatar":"https://reqres.in/img/faces/5-image.jpg"},{"id":6,"email":"tracey.ramos@reqres.in","first_name":"Tracey","last_name":"Ramos","avatar":"https://reqres.in/img/faces/6-image.jpg"}],"support":{"url":"https://contentcaddy.io?utm_source=reqres&amp;utm_medium=json&amp;utm_campaign=referral","text":"Tired of writing endless social media content? Let Content Caddy generate it for you."}} 
 </msg>
<msg time="2025-05-26T18:58:35.017719" level="INFO">/usr/lib/python3/dist-packages/urllib3/connectionpool.py:1020: InsecureRequestWarning: Unverified HTTPS request is being made to host 'reqres.in'. Adding certificate verification is strongly advised. See: https://urllib3.readthedocs.io/en/latest/advanced-usage.html#ssl-warnings
  warnings.warn(</msg>
<msg time="2025-05-26T18:58:35.017882" level="INFO">${response} = &lt;Response [200]&gt;</msg>
<var>${response}</var>
<arg>alias=ReqRes</arg>
<arg>url=/users</arg>
<doc>Sends a GET request on a previously created HTTP Session.</doc>
<status status="PASS" start="2025-05-26T18:58:34.946235" elapsed="0.071671"/>
</kw>
<kw name="Set Global Variable" owner="BuiltIn">
<msg time="2025-05-26T18:58:35.018298" level="INFO">${response} = &lt;Response [200]&gt;</msg>
<arg>${response}</arg>
<doc>Makes a variable available globally in all tests and suites.</doc>
<status status="PASS" start="2025-05-26T18:58:35.018081" elapsed="0.000250"/>
</kw>
<kw name="Log" owner="BuiltIn">
<msg time="2025-05-26T18:58:35.018765" level="INFO">Users found: 12</msg>
<arg>Users found: ${response.json()["total"]}</arg>
<doc>Logs the given message with the given level.</doc>
<status status="PASS" start="2025-05-26T18:58:35.018417" elapsed="0.000383"/>
</kw>
<doc>Lista todos os usuários</doc>
<status status="PASS" start="2025-05-26T18:58:34.946073" elapsed="0.072778"/>
</kw>
<kw name="Validar status code &quot;200&quot;" owner="api_testing_user" source_name="Validar status code &quot;${statuscode}&quot;">
<kw name="Should Be True" owner="BuiltIn">
<arg>${response.status_code} == ${statuscode}</arg>
<doc>Fails if the given condition is not true.</doc>
<status status="PASS" start="2025-05-26T18:58:35.019310" elapsed="0.000486"/>
</kw>
<kw name="Log" owner="BuiltIn">
<msg time="2025-05-26T18:58:35.020113" level="INFO">Response status: 200</msg>
<arg>Response status: ${response.status_code}</arg>
<doc>Logs the given message with the given level.</doc>
<status status="PASS" start="2025-05-26T18:58:35.019872" elapsed="0.000276"/>
</kw>
<doc>Valida que a resposta tem o status code esperado</doc>
<status status="PASS" start="2025-05-26T18:58:35.019045" elapsed="0.001143"/>
</kw>
<kw name="Validar resposta contém campo &quot;data&quot;" owner="api_testing_user" source_name="Validar resposta contém campo &quot;${field}&quot;">
<kw name="Split String" owner="String">
<msg time="2025-05-26T18:58:35.020641" level="INFO">${fields} = ['data']</msg>
<var>${fields}</var>
<arg>${field}</arg>
<arg>.</arg>
<doc>Splits the ``string`` using ``separator`` as a delimiter string.</doc>
<status status="PASS" start="2025-05-26T18:58:35.020525" elapsed="0.000134"/>
</kw>
<kw name="Set Variable" owner="BuiltIn">
<msg time="2025-05-26T18:58:35.021027" level="INFO">${dict} = {'page': 1, 'per_page': 6, 'total': 12, 'total_pages': 2, 'data': [{'id': 1, 'email': 'george.bluth@reqres.in', 'first_name': 'George', 'last_name': 'Bluth', 'avatar': 'https://reqres.in/img/faces/1-i...</msg>
<var>${dict}</var>
<arg>${response.json()}</arg>
<doc>Returns the given values which can then be assigned to a variables.</doc>
<status status="PASS" start="2025-05-26T18:58:35.020734" elapsed="0.000313"/>
</kw>
<for flavor="IN">
<iter>
<kw name="Run Keyword If" owner="BuiltIn">
<kw name="Dictionary Should Contain Key" owner="Collections">
<arg>${dict}</arg>
<arg>${part}</arg>
<doc>Fails if ``key`` is not found from ``dictionary``.</doc>
<status status="PASS" start="2025-05-26T18:58:35.021681" elapsed="0.000124"/>
</kw>
<arg>"${part}" in ${dict}</arg>
<arg>Dictionary Should Contain Key</arg>
<arg>${dict}</arg>
<arg>${part}</arg>
<arg>ELSE</arg>
<arg>Fail</arg>
<arg>Field "${part}" not found in response</arg>
<doc>Runs the given keyword with the given arguments, if ``condition`` is true.</doc>
<status status="PASS" start="2025-05-26T18:58:35.021268" elapsed="0.000575"/>
</kw>
<kw name="Set Variable If" owner="BuiltIn">
<msg time="2025-05-26T18:58:35.022381" level="INFO">${dict} = [{'id': 1, 'email': 'george.bluth@reqres.in', 'first_name': 'George', 'last_name': 'Bluth', 'avatar': 'https://reqres.in/img/faces/1-image.jpg'}, {'id': 2, 'email': 'janet.weaver@reqres.in', 'first_na...</msg>
<var>${dict}</var>
<arg>"${part}" in ${dict}</arg>
<arg>${dict["${part}"]}</arg>
<arg>${dict}</arg>
<doc>Sets variable based on the given condition.</doc>
<status status="PASS" start="2025-05-26T18:58:35.021923" elapsed="0.000478"/>
</kw>
<var name="${part}">data</var>
<status status="PASS" start="2025-05-26T18:58:35.021202" elapsed="0.001228"/>
</iter>
<var>${part}</var>
<value>@{fields}</value>
<status status="PASS" start="2025-05-26T18:58:35.021089" elapsed="0.001362"/>
</for>
<doc>Valida que a resposta JSON contém o campo específico</doc>
<status status="PASS" start="2025-05-26T18:58:35.020357" elapsed="0.002131"/>
</kw>
<kw name="Validar resposta contém campo &quot;total&quot;" owner="api_testing_user" source_name="Validar resposta contém campo &quot;${field}&quot;">
<kw name="Split String" owner="String">
<msg time="2025-05-26T18:58:35.022939" level="INFO">${fields} = ['total']</msg>
<var>${fields}</var>
<arg>${field}</arg>
<arg>.</arg>
<doc>Splits the ``string`` using ``separator`` as a delimiter string.</doc>
<status status="PASS" start="2025-05-26T18:58:35.022826" elapsed="0.000130"/>
</kw>
<kw name="Set Variable" owner="BuiltIn">
<msg time="2025-05-26T18:58:35.023330" level="INFO">${dict} = {'page': 1, 'per_page': 6, 'total': 12, 'total_pages': 2, 'data': [{'id': 1, 'email': 'george.bluth@reqres.in', 'first_name': 'George', 'last_name': 'Bluth', 'avatar': 'https://reqres.in/img/faces/1-i...</msg>
<var>${dict}</var>
<arg>${response.json()}</arg>
<doc>Returns the given values which can then be assigned to a variables.</doc>
<status status="PASS" start="2025-05-26T18:58:35.023027" elapsed="0.000326"/>
</kw>
<for flavor="IN">
<iter>
<kw name="Run Keyword If" owner="BuiltIn">
<kw name="Dictionary Should Contain Key" owner="Collections">
<arg>${dict}</arg>
<arg>${part}</arg>
<doc>Fails if ``key`` is not found from ``dictionary``.</doc>
<status status="PASS" start="2025-05-26T18:58:35.023775" elapsed="0.000112"/>
</kw>
<arg>"${part}" in ${dict}</arg>
<arg>Dictionary Should Contain Key</arg>
<arg>${dict}</arg>
<arg>${part}</arg>
<arg>ELSE</arg>
<arg>Fail</arg>
<arg>Field "${part}" not found in response</arg>
<doc>Runs the given keyword with the given arguments, if ``condition`` is true.</doc>
<status status="PASS" start="2025-05-26T18:58:35.023532" elapsed="0.000392"/>
</kw>
<kw name="Set Variable If" owner="BuiltIn">
<msg time="2025-05-26T18:58:35.024422" level="INFO">${dict} = 12</msg>
<var>${dict}</var>
<arg>"${part}" in ${dict}</arg>
<arg>${dict["${part}"]}</arg>
<arg>${dict}</arg>
<doc>Sets variable based on the given condition.</doc>
<status status="PASS" start="2025-05-26T18:58:35.024002" elapsed="0.000438"/>
</kw>
<var name="${part}">total</var>
<status status="PASS" start="2025-05-26T18:58:35.023472" elapsed="0.000996"/>
</iter>
<var>${part}</var>
<value>@{fields}</value>
<status status="PASS" start="2025-05-26T18:58:35.023390" elapsed="0.001097"/>
</for>
<doc>Valida que a resposta JSON contém o campo específico</doc>
<status status="PASS" start="2025-05-26T18:58:35.022660" elapsed="0.001862"/>
</kw>
<tag>api</tag>
<tag>GET</tag>
<tag>list</tag>
<tag>reqres</tag>
<tag>user</tag>
<status status="PASS" start="2025-05-26T18:58:34.945782" elapsed="0.078858"/>
</test>
<test id="s1-t7" name="Cenário 07: GET Listar um usuário específico" line="48">
<kw name="GET Endpoint /users/id" owner="api_testing_user">
<kw name="GET On Session" owner="RequestsLibrary">
<msg time="2025-05-26T18:58:35.093053" level="INFO">GET Request : url=https://reqres.in/api/users/2 
 path_url=/api/users/2 
 headers={'User-Agent': 'python-requests/2.25.1', 'Accept-Encoding': 'gzip, deflate', 'accept': 'application/json', 'Connection': 'keep-alive', 'Content-Type': 'application/json', 'x-api-key': 'reqres-free-v1'} 
 body=None 
 </msg>
<msg time="2025-05-26T18:58:35.093165" level="INFO">GET Response : url=https://reqres.in/api/users/2 
 status=200, reason=OK 
 headers={'Date': 'Mon, 26 May 2025 21:58:35 GMT', 'Content-Type': 'application/json; charset=utf-8', 'Transfer-Encoding': 'chunked', 'Connection': 'keep-alive', 'Cf-Ray': '946088e7da52cb5c-GIG', 'Server': 'cloudflare', 'Content-Encoding': 'gzip', 'Report-To': '{"group":"heroku-nel","max_age":3600,"endpoints":[{"url":"https://nel.heroku.com/reports?ts=1748280594&amp;sid=c4c9725f-1ab0-44d8-820f-430df2718e11&amp;s=2qj4uVkSIzoVz1Xy88GlNjMGXNPvXjnMWNbbZ0pkGiY%3D"}]}', 'Reporting-Endpoints': 'heroku-nel=https://nel.heroku.com/reports?ts=1748280594&amp;sid=c4c9725f-1ab0-44d8-820f-430df2718e11&amp;s=2qj4uVkSIzoVz1Xy88GlNjMGXNPvXjnMWNbbZ0pkGiY%3D', 'Nel': '{"report_to":"heroku-nel","max_age":3600,"success_fraction":0.005,"failure_fraction":0.05,"response_headers":["Via"]}', 'X-Powered-By': 'Express', 'Access-Control-Allow-Origin': '*', 'Ratelimit-Policy': '100;w=60', 'Ratelimit-Limit': '100', 'Ratelimit-Remaining': '95', 'Ratelimit-Reset': '13', 'Etag': 'W/"152-ApQgGHL6RKwaebFlrPCYPBO1xHg"', 'Via': '1.1 vegur', 'Cache-Control': 'max-age=14400', 'Cf-Cache-Status': 'HIT', 'Age': '5372', 'Vary': 'Accept-Encoding', 'server-timing': 'cfL4;desc="?proto=TCP&amp;rtt=61632&amp;min_rtt=57148&amp;rtt_var=8387&amp;sent=21&amp;recv=22&amp;lost=0&amp;retrans=0&amp;sent_bytes=11367&amp;recv_bytes=2664&amp;delivery_rate=73901&amp;cwnd=256&amp;unsent_bytes=0&amp;cid=0d87c2de74dc54f3&amp;ts=2408&amp;x=0"'} 
 body={"data":{"id":2,"email":"janet.weaver@reqres.in","first_name":"Janet","last_name":"Weaver","avatar":"https://reqres.in/img/faces/2-image.jpg"},"support":{"url":"https://contentcaddy.io?utm_source=reqres&amp;utm_medium=json&amp;utm_campaign=referral","text":"Tired of writing endless social media content? Let Content Caddy generate it for you."}} 
 </msg>
<msg time="2025-05-26T18:58:35.093296" level="INFO">/usr/lib/python3/dist-packages/urllib3/connectionpool.py:1020: InsecureRequestWarning: Unverified HTTPS request is being made to host 'reqres.in'. Adding certificate verification is strongly advised. See: https://urllib3.readthedocs.io/en/latest/advanced-usage.html#ssl-warnings
  warnings.warn(</msg>
<msg time="2025-05-26T18:58:35.093430" level="INFO">${response} = &lt;Response [200]&gt;</msg>
<var>${response}</var>
<arg>alias=ReqRes</arg>
<arg>url=/users/${id}</arg>
<doc>Sends a GET request on a previously created HTTP Session.</doc>
<status status="PASS" start="2025-05-26T18:58:35.025322" elapsed="0.068131"/>
</kw>
<kw name="Set Global Variable" owner="BuiltIn">
<msg time="2025-05-26T18:58:35.093828" level="INFO">${response} = &lt;Response [200]&gt;</msg>
<arg>${response}</arg>
<doc>Makes a variable available globally in all tests and suites.</doc>
<status status="PASS" start="2025-05-26T18:58:35.093620" elapsed="0.000240"/>
</kw>
<kw name="Log" owner="BuiltIn">
<msg time="2025-05-26T18:58:35.094318" level="INFO">User data: {'id': 2, 'email': 'janet.weaver@reqres.in', 'first_name': 'Janet', 'last_name': 'Weaver', 'avatar': 'https://reqres.in/img/faces/2-image.jpg'}</msg>
<arg>User data: ${response.json()["data"]}</arg>
<doc>Logs the given message with the given level.</doc>
<status status="PASS" start="2025-05-26T18:58:35.093941" elapsed="0.000415"/>
</kw>
<arg>2</arg>
<doc>Lista um usuário específico pelo ID</doc>
<status status="PASS" start="2025-05-26T18:58:35.025146" elapsed="0.069264"/>
</kw>
<kw name="Validar status code &quot;200&quot;" owner="api_testing_user" source_name="Validar status code &quot;${statuscode}&quot;">
<kw name="Should Be True" owner="BuiltIn">
<arg>${response.status_code} == ${statuscode}</arg>
<doc>Fails if the given condition is not true.</doc>
<status status="PASS" start="2025-05-26T18:58:35.094789" elapsed="0.000515"/>
</kw>
<kw name="Log" owner="BuiltIn">
<msg time="2025-05-26T18:58:35.095619" level="INFO">Response status: 200</msg>
<arg>Response status: ${response.status_code}</arg>
<doc>Logs the given message with the given level.</doc>
<status status="PASS" start="2025-05-26T18:58:35.095381" elapsed="0.000269"/>
</kw>
<doc>Valida que a resposta tem o status code esperado</doc>
<status status="PASS" start="2025-05-26T18:58:35.094598" elapsed="0.001091"/>
</kw>
<kw name="Validar resposta contém campo &quot;data&quot;" owner="api_testing_user" source_name="Validar resposta contém campo &quot;${field}&quot;">
<kw name="Split String" owner="String">
<msg time="2025-05-26T18:58:35.096139" level="INFO">${fields} = ['data']</msg>
<var>${fields}</var>
<arg>${field}</arg>
<arg>.</arg>
<doc>Splits the ``string`` using ``separator`` as a delimiter string.</doc>
<status status="PASS" start="2025-05-26T18:58:35.096024" elapsed="0.000133"/>
</kw>
<kw name="Set Variable" owner="BuiltIn">
<msg time="2025-05-26T18:58:35.096530" level="INFO">${dict} = {'data': {'id': 2, 'email': 'janet.weaver@reqres.in', 'first_name': 'Janet', 'last_name': 'Weaver', 'avatar': 'https://reqres.in/img/faces/2-image.jpg'}, 'support': {'url': 'https://contentcaddy.io?ut...</msg>
<var>${dict}</var>
<arg>${response.json()}</arg>
<doc>Returns the given values which can then be assigned to a variables.</doc>
<status status="PASS" start="2025-05-26T18:58:35.096227" elapsed="0.000322"/>
</kw>
<for flavor="IN">
<iter>
<kw name="Run Keyword If" owner="BuiltIn">
<kw name="Dictionary Should Contain Key" owner="Collections">
<arg>${dict}</arg>
<arg>${part}</arg>
<doc>Fails if ``key`` is not found from ``dictionary``.</doc>
<status status="PASS" start="2025-05-26T18:58:35.096946" elapsed="0.000140"/>
</kw>
<arg>"${part}" in ${dict}</arg>
<arg>Dictionary Should Contain Key</arg>
<arg>${dict}</arg>
<arg>${part}</arg>
<arg>ELSE</arg>
<arg>Fail</arg>
<arg>Field "${part}" not found in response</arg>
<doc>Runs the given keyword with the given arguments, if ``condition`` is true.</doc>
<status status="PASS" start="2025-05-26T18:58:35.096750" elapsed="0.000374"/>
</kw>
<kw name="Set Variable If" owner="BuiltIn">
<msg time="2025-05-26T18:58:35.097574" level="INFO">${dict} = {'id': 2, 'email': 'janet.weaver@reqres.in', 'first_name': 'Janet', 'last_name': 'Weaver', 'avatar': 'https://reqres.in/img/faces/2-image.jpg'}</msg>
<var>${dict}</var>
<arg>"${part}" in ${dict}</arg>
<arg>${dict["${part}"]}</arg>
<arg>${dict}</arg>
<doc>Sets variable based on the given condition.</doc>
<status status="PASS" start="2025-05-26T18:58:35.097205" elapsed="0.000388"/>
</kw>
<var name="${part}">data</var>
<status status="PASS" start="2025-05-26T18:58:35.096685" elapsed="0.000935"/>
</iter>
<var>${part}</var>
<value>@{fields}</value>
<status status="PASS" start="2025-05-26T18:58:35.096592" elapsed="0.001048"/>
</for>
<doc>Valida que a resposta JSON contém o campo específico</doc>
<status status="PASS" start="2025-05-26T18:58:35.095858" elapsed="0.001819"/>
</kw>
<kw name="Validar valor do campo &quot;data.id&quot; é &quot;2&quot;" owner="api_testing_user" source_name="Validar valor do campo &quot;${field}&quot; é &quot;${expected_value}&quot;">
<kw name="Split String" owner="String">
<msg time="2025-05-26T18:58:35.098140" level="INFO">${fields} = ['data', 'id']</msg>
<var>${fields}</var>
<arg>${field}</arg>
<arg>.</arg>
<doc>Splits the ``string`` using ``separator`` as a delimiter string.</doc>
<status status="PASS" start="2025-05-26T18:58:35.098030" elapsed="0.000127"/>
</kw>
<kw name="Set Variable" owner="BuiltIn">
<msg time="2025-05-26T18:58:35.098560" level="INFO">${dict} = {'data': {'id': 2, 'email': 'janet.weaver@reqres.in', 'first_name': 'Janet', 'last_name': 'Weaver', 'avatar': 'https://reqres.in/img/faces/2-image.jpg'}, 'support': {'url': 'https://contentcaddy.io?ut...</msg>
<var>${dict}</var>
<arg>${response.json()}</arg>
<doc>Returns the given values which can then be assigned to a variables.</doc>
<status status="PASS" start="2025-05-26T18:58:35.098225" elapsed="0.000354"/>
</kw>
<for flavor="IN ENUMERATE">
<iter>
<kw name="Run Keyword If" owner="BuiltIn">
<kw name="Dictionary Should Contain Key" owner="Collections">
<arg>${dict}</arg>
<arg>${part}</arg>
<doc>Fails if ``key`` is not found from ``dictionary``.</doc>
<status status="PASS" start="2025-05-26T18:58:35.099244" elapsed="0.000119"/>
</kw>
<arg>${index} &lt; ${fields.__len__() - 1}</arg>
<arg>Dictionary Should Contain Key</arg>
<arg>${dict}</arg>
<arg>${part}</arg>
<arg>ELSE</arg>
<arg>Dictionary Should Contain Key</arg>
<arg>${dict}</arg>
<arg>${part}</arg>
<doc>Runs the given keyword with the given arguments, if ``condition`` is true.</doc>
<status status="PASS" start="2025-05-26T18:58:35.098770" elapsed="0.000630"/>
</kw>
<kw name="Set Variable If" owner="BuiltIn">
<msg time="2025-05-26T18:58:35.100064" level="INFO">${dict} = {'id': 2, 'email': 'janet.weaver@reqres.in', 'first_name': 'Janet', 'last_name': 'Weaver', 'avatar': 'https://reqres.in/img/faces/2-image.jpg'}</msg>
<var>${dict}</var>
<arg>${index} &lt; ${fields.__len__() - 1}</arg>
<arg>${dict["${part}"]}</arg>
<arg>${dict}</arg>
<doc>Sets variable based on the given condition.</doc>
<status status="PASS" start="2025-05-26T18:58:35.099544" elapsed="0.000538"/>
</kw>
<var name="${index}">0</var>
<var name="${part}">data</var>
<status status="PASS" start="2025-05-26T18:58:35.098708" elapsed="0.001402"/>
</iter>
<iter>
<kw name="Run Keyword If" owner="BuiltIn">
<kw name="Dictionary Should Contain Key" owner="Collections">
<arg>${dict}</arg>
<arg>${part}</arg>
<doc>Fails if ``key`` is not found from ``dictionary``.</doc>
<status status="PASS" start="2025-05-26T18:58:35.100570" elapsed="0.000121"/>
</kw>
<arg>${index} &lt; ${fields.__len__() - 1}</arg>
<arg>Dictionary Should Contain Key</arg>
<arg>${dict}</arg>
<arg>${part}</arg>
<arg>ELSE</arg>
<arg>Dictionary Should Contain Key</arg>
<arg>${dict}</arg>
<arg>${part}</arg>
<doc>Runs the given keyword with the given arguments, if ``condition`` is true.</doc>
<status status="PASS" start="2025-05-26T18:58:35.100240" elapsed="0.000486"/>
</kw>
<kw name="Set Variable If" owner="BuiltIn">
<msg time="2025-05-26T18:58:35.101160" level="INFO">${dict} = {'id': 2, 'email': 'janet.weaver@reqres.in', 'first_name': 'Janet', 'last_name': 'Weaver', 'avatar': 'https://reqres.in/img/faces/2-image.jpg'}</msg>
<var>${dict}</var>
<arg>${index} &lt; ${fields.__len__() - 1}</arg>
<arg>${dict["${part}"]}</arg>
<arg>${dict}</arg>
<doc>Sets variable based on the given condition.</doc>
<status status="PASS" start="2025-05-26T18:58:35.100828" elapsed="0.000350"/>
</kw>
<var name="${index}">1</var>
<var name="${part}">id</var>
<status status="PASS" start="2025-05-26T18:58:35.100180" elapsed="0.001026"/>
</iter>
<var>${index}</var>
<var>${part}</var>
<value>@{fields}</value>
<status status="PASS" start="2025-05-26T18:58:35.098615" elapsed="0.002613"/>
</for>
<kw name="Set Variable" owner="BuiltIn">
<msg time="2025-05-26T18:58:35.101578" level="INFO">${last_field} = id</msg>
<var>${last_field}</var>
<arg>${fields[-1]}</arg>
<doc>Returns the given values which can then be assigned to a variables.</doc>
<status status="PASS" start="2025-05-26T18:58:35.101297" elapsed="0.000299"/>
</kw>
<kw name="Convert To String" owner="BuiltIn">
<msg time="2025-05-26T18:58:35.101977" level="INFO">${actual_value} = 2</msg>
<var>${actual_value}</var>
<arg>${dict["${last_field}"]}</arg>
<doc>Converts the given item to a Unicode string.</doc>
<status status="PASS" start="2025-05-26T18:58:35.101663" elapsed="0.000331"/>
</kw>
<kw name="Should Be Equal" owner="BuiltIn">
<arg>${actual_value}</arg>
<arg>${expected_value}</arg>
<doc>Fails if the given objects are unequal.</doc>
<status status="PASS" start="2025-05-26T18:58:35.102063" elapsed="0.000131"/>
</kw>
<doc>Valida que o campo na response tem o valor esperado</doc>
<status status="PASS" start="2025-05-26T18:58:35.097860" elapsed="0.004378"/>
</kw>
<tag>api</tag>
<tag>GET</tag>
<tag>reqres</tag>
<tag>single</tag>
<tag>user</tag>
<status status="PASS" start="2025-05-26T18:58:35.024840" elapsed="0.077542"/>
</test>
<test id="s1-t8" name="Cenário 08: PUT Atualizar um usuário" line="55">
<kw name="PUT Endpoint /users/id" owner="api_testing_user">
<kw name="Create Dictionary" owner="BuiltIn">
<msg time="2025-05-26T18:58:35.103217" level="INFO">${payload} = {'name': 'ze', 'job': 'pedreiro'}</msg>
<var>${payload}</var>
<arg>name=ze</arg>
<arg>job=pedreiro</arg>
<doc>Creates and returns a dictionary based on the given ``items``.</doc>
<status status="PASS" start="2025-05-26T18:58:35.103089" elapsed="0.000150"/>
</kw>
<kw name="PUT On Session" owner="RequestsLibrary">
<msg time="2025-05-26T18:58:35.572276" level="INFO">PUT Request : url=https://reqres.in/api/users/3 
 path_url=/api/users/3 
 headers={'User-Agent': 'python-requests/2.25.1', 'Accept-Encoding': 'gzip, deflate', 'accept': 'application/json', 'Connection': 'keep-alive', 'Content-Type': 'application/json', 'x-api-key': 'reqres-free-v1', 'Content-Length': '33'} 
 body=b'{"name": "ze", "job": "pedreiro"}' 
 </msg>
<msg time="2025-05-26T18:58:35.572406" level="INFO">PUT Response : url=https://reqres.in/api/users/3 
 status=200, reason=OK 
 headers={'Date': 'Mon, 26 May 2025 21:58:35 GMT', 'Content-Type': 'application/json; charset=utf-8', 'Transfer-Encoding': 'chunked', 'Connection': 'keep-alive', 'Cf-Ray': '946088e86ae0cb5c-GIG', 'Server': 'cloudflare', 'Content-Encoding': 'gzip', 'Report-To': '{"group":"heroku-nel","max_age":3600,"endpoints":[{"url":"https://nel.heroku.com/reports?ts=1748296715&amp;sid=c4c9725f-1ab0-44d8-820f-430df2718e11&amp;s=k15AhKCtmeykGwl5Ik3OQ9FiQsRcGEg14WpEEJ%2Fctk0%3D"}]}', 'Reporting-Endpoints': 'heroku-nel=https://nel.heroku.com/reports?ts=1748296715&amp;sid=c4c9725f-1ab0-44d8-820f-430df2718e11&amp;s=k15AhKCtmeykGwl5Ik3OQ9FiQsRcGEg14WpEEJ%2Fctk0%3D', 'Nel': '{"report_to":"heroku-nel","max_age":3600,"success_fraction":0.005,"failure_fraction":0.05,"response_headers":["Via"]}', 'X-Powered-By': 'Express', 'Access-Control-Allow-Origin': '*', 'Ratelimit-Policy': '100;w=60', 'Ratelimit-Limit': '100', 'Ratelimit-Remaining': '88', 'Ratelimit-Reset': '58', 'Etag': 'W/"45-P47V4SSCKRCNDYbDV15FY1TkaJI"', 'Via': '1.1 vegur', 'Cf-Cache-Status': 'DYNAMIC', 'Vary': 'Accept-Encoding', 'server-timing': 'cfL4;desc="?proto=TCP&amp;rtt=61125&amp;min_rtt=57148&amp;rtt_var=7305&amp;sent=24&amp;recv=25&amp;lost=0&amp;retrans=0&amp;sent_bytes=12937&amp;recv_bytes=2984&amp;delivery_rate=73901&amp;cwnd=256&amp;unsent_bytes=0&amp;cid=0d87c2de74dc54f3&amp;ts=2896&amp;x=0"'} 
 body={"name":"ze","job":"pedreiro","updatedAt":"2025-05-26T21:58:35.897Z"} 
 </msg>
<msg time="2025-05-26T18:58:35.572467" level="INFO">/usr/lib/python3/dist-packages/urllib3/connectionpool.py:1020: InsecureRequestWarning: Unverified HTTPS request is being made to host 'reqres.in'. Adding certificate verification is strongly advised. See: https://urllib3.readthedocs.io/en/latest/advanced-usage.html#ssl-warnings
  warnings.warn(</msg>
<msg time="2025-05-26T18:58:35.572608" level="INFO">${response} = &lt;Response [200]&gt;</msg>
<var>${response}</var>
<arg>alias=ReqRes</arg>
<arg>url=/users/${id}</arg>
<arg>json=${payload}</arg>
<doc>Sends a PUT request on a previously created HTTP Session.</doc>
<status status="PASS" start="2025-05-26T18:58:35.103318" elapsed="0.469313"/>
</kw>
<kw name="Set Global Variable" owner="BuiltIn">
<msg time="2025-05-26T18:58:35.573030" level="INFO">${response} = &lt;Response [200]&gt;</msg>
<arg>${response}</arg>
<doc>Makes a variable available globally in all tests and suites.</doc>
<status status="PASS" start="2025-05-26T18:58:35.572802" elapsed="0.000263"/>
</kw>
<kw name="Log" owner="BuiltIn">
<msg time="2025-05-26T18:58:35.573492" level="INFO">Updated at: 2025-05-26T21:58:35.897Z</msg>
<arg>Updated at: ${response.json()["updatedAt"]}</arg>
<doc>Logs the given message with the given level.</doc>
<status status="PASS" start="2025-05-26T18:58:35.573152" elapsed="0.000376"/>
</kw>
<arg>3</arg>
<doc>Atualiza um usuário com o método PUT</doc>
<status status="PASS" start="2025-05-26T18:58:35.102887" elapsed="0.470695"/>
</kw>
<kw name="Validar status code &quot;200&quot;" owner="api_testing_user" source_name="Validar status code &quot;${statuscode}&quot;">
<kw name="Should Be True" owner="BuiltIn">
<arg>${response.status_code} == ${statuscode}</arg>
<doc>Fails if the given condition is not true.</doc>
<status status="PASS" start="2025-05-26T18:58:35.573981" elapsed="0.000513"/>
</kw>
<kw name="Log" owner="BuiltIn">
<msg time="2025-05-26T18:58:35.574806" level="INFO">Response status: 200</msg>
<arg>Response status: ${response.status_code}</arg>
<doc>Logs the given message with the given level.</doc>
<status status="PASS" start="2025-05-26T18:58:35.574569" elapsed="0.000339"/>
</kw>
<doc>Valida que a resposta tem o status code esperado</doc>
<status status="PASS" start="2025-05-26T18:58:35.573783" elapsed="0.001171"/>
</kw>
<kw name="Validar resposta contém campo &quot;updatedAt&quot;" owner="api_testing_user" source_name="Validar resposta contém campo &quot;${field}&quot;">
<kw name="Split String" owner="String">
<msg time="2025-05-26T18:58:35.575454" level="INFO">${fields} = ['updatedAt']</msg>
<var>${fields}</var>
<arg>${field}</arg>
<arg>.</arg>
<doc>Splits the ``string`` using ``separator`` as a delimiter string.</doc>
<status status="PASS" start="2025-05-26T18:58:35.575331" elapsed="0.000141"/>
</kw>
<kw name="Set Variable" owner="BuiltIn">
<msg time="2025-05-26T18:58:35.575847" level="INFO">${dict} = {'name': 'ze', 'job': 'pedreiro', 'updatedAt': '2025-05-26T21:58:35.897Z'}</msg>
<var>${dict}</var>
<arg>${response.json()}</arg>
<doc>Returns the given values which can then be assigned to a variables.</doc>
<status status="PASS" start="2025-05-26T18:58:35.575547" elapsed="0.000318"/>
</kw>
<for flavor="IN">
<iter>
<kw name="Run Keyword If" owner="BuiltIn">
<kw name="Dictionary Should Contain Key" owner="Collections">
<arg>${dict}</arg>
<arg>${part}</arg>
<doc>Fails if ``key`` is not found from ``dictionary``.</doc>
<status status="PASS" start="2025-05-26T18:58:35.576272" elapsed="0.000116"/>
</kw>
<arg>"${part}" in ${dict}</arg>
<arg>Dictionary Should Contain Key</arg>
<arg>${dict}</arg>
<arg>${part}</arg>
<arg>ELSE</arg>
<arg>Fail</arg>
<arg>Field "${part}" not found in response</arg>
<doc>Runs the given keyword with the given arguments, if ``condition`` is true.</doc>
<status status="PASS" start="2025-05-26T18:58:35.576087" elapsed="0.000336"/>
</kw>
<kw name="Set Variable If" owner="BuiltIn">
<msg time="2025-05-26T18:58:35.576838" level="INFO">${dict} = 2025-05-26T21:58:35.897Z</msg>
<var>${dict}</var>
<arg>"${part}" in ${dict}</arg>
<arg>${dict["${part}"]}</arg>
<arg>${dict}</arg>
<doc>Sets variable based on the given condition.</doc>
<status status="PASS" start="2025-05-26T18:58:35.576500" elapsed="0.000365"/>
</kw>
<var name="${part}">updatedAt</var>
<status status="PASS" start="2025-05-26T18:58:35.576005" elapsed="0.000891"/>
</iter>
<var>${part}</var>
<value>@{fields}</value>
<status status="PASS" start="2025-05-26T18:58:35.575908" elapsed="0.001009"/>
</for>
<doc>Valida que a resposta JSON contém o campo específico</doc>
<status status="PASS" start="2025-05-26T18:58:35.575145" elapsed="0.001811"/>
</kw>
<kw name="Validar resposta contém campo &quot;name&quot;" owner="api_testing_user" source_name="Validar resposta contém campo &quot;${field}&quot;">
<kw name="Split String" owner="String">
<msg time="2025-05-26T18:58:35.577393" level="INFO">${fields} = ['name']</msg>
<var>${fields}</var>
<arg>${field}</arg>
<arg>.</arg>
<doc>Splits the ``string`` using ``separator`` as a delimiter string.</doc>
<status status="PASS" start="2025-05-26T18:58:35.577285" elapsed="0.000125"/>
</kw>
<kw name="Set Variable" owner="BuiltIn">
<msg time="2025-05-26T18:58:35.577799" level="INFO">${dict} = {'name': 'ze', 'job': 'pedreiro', 'updatedAt': '2025-05-26T21:58:35.897Z'}</msg>
<var>${dict}</var>
<arg>${response.json()}</arg>
<doc>Returns the given values which can then be assigned to a variables.</doc>
<status status="PASS" start="2025-05-26T18:58:35.577512" elapsed="0.000305"/>
</kw>
<for flavor="IN">
<iter>
<kw name="Run Keyword If" owner="BuiltIn">
<kw name="Dictionary Should Contain Key" owner="Collections">
<arg>${dict}</arg>
<arg>${part}</arg>
<doc>Fails if ``key`` is not found from ``dictionary``.</doc>
<status status="PASS" start="2025-05-26T18:58:35.578181" elapsed="0.000110"/>
</kw>
<arg>"${part}" in ${dict}</arg>
<arg>Dictionary Should Contain Key</arg>
<arg>${dict}</arg>
<arg>${part}</arg>
<arg>ELSE</arg>
<arg>Fail</arg>
<arg>Field "${part}" not found in response</arg>
<doc>Runs the given keyword with the given arguments, if ``condition`` is true.</doc>
<status status="PASS" start="2025-05-26T18:58:35.577992" elapsed="0.000334"/>
</kw>
<kw name="Set Variable If" owner="BuiltIn">
<msg time="2025-05-26T18:58:35.578830" level="INFO">${dict} = ze</msg>
<var>${dict}</var>
<arg>"${part}" in ${dict}</arg>
<arg>${dict["${part}"]}</arg>
<arg>${dict}</arg>
<doc>Sets variable based on the given condition.</doc>
<status status="PASS" start="2025-05-26T18:58:35.578400" elapsed="0.000453"/>
</kw>
<var name="${part}">name</var>
<status status="PASS" start="2025-05-26T18:58:35.577932" elapsed="0.000953"/>
</iter>
<var>${part}</var>
<value>@{fields}</value>
<status status="PASS" start="2025-05-26T18:58:35.577852" elapsed="0.001053"/>
</for>
<doc>Valida que a resposta JSON contém o campo específico</doc>
<status status="PASS" start="2025-05-26T18:58:35.577122" elapsed="0.001819"/>
</kw>
<tag>api</tag>
<tag>PUT</tag>
<tag>reqres</tag>
<tag>update</tag>
<tag>user</tag>
<status status="PASS" start="2025-05-26T18:58:35.102592" elapsed="0.476483"/>
</test>
<test id="s1-t9" name="Cenário 09: PATCH Atualizar parcialmente um usuário" line="62">
<kw name="PATCH Endpoint /users/id" owner="api_testing_user">
<kw name="Create Dictionary" owner="BuiltIn">
<msg time="2025-05-26T18:58:35.580074" level="INFO">${payload} = {'name': 'joao', 'job': 'jogador'}</msg>
<var>${payload}</var>
<arg>name=joao</arg>
<arg>job=jogador</arg>
<doc>Creates and returns a dictionary based on the given ``items``.</doc>
<status status="PASS" start="2025-05-26T18:58:35.579795" elapsed="0.000298"/>
</kw>
<kw name="PATCH On Session" owner="RequestsLibrary">
<msg time="2025-05-26T18:58:36.021836" level="INFO">PATCH Request : url=https://reqres.in/api/users/5 
 path_url=/api/users/5 
 headers={'User-Agent': 'python-requests/2.25.1', 'Accept-Encoding': 'gzip, deflate', 'accept': 'application/json', 'Connection': 'keep-alive', 'Content-Type': 'application/json', 'x-api-key': 'reqres-free-v1', 'Content-Length': '34'} 
 body=b'{"name": "joao", "job": "jogador"}' 
 </msg>
<msg time="2025-05-26T18:58:36.021942" level="INFO">PATCH Response : url=https://reqres.in/api/users/5 
 status=200, reason=OK 
 headers={'Date': 'Mon, 26 May 2025 21:58:36 GMT', 'Content-Type': 'application/json; charset=utf-8', 'Transfer-Encoding': 'chunked', 'Connection': 'keep-alive', 'Cf-Ray': '946088eb7d1bcb5c-GIG', 'Server': 'cloudflare', 'Content-Encoding': 'gzip', 'Report-To': '{"group":"heroku-nel","max_age":3600,"endpoints":[{"url":"https://nel.heroku.com/reports?ts=1748296716&amp;sid=c4c9725f-1ab0-44d8-820f-430df2718e11&amp;s=3jPWKdvOKjt3Beu9qMU%2FFT8yAJYjUQ%2Bze%2FYzP3zRM94%3D"}]}', 'Reporting-Endpoints': 'heroku-nel=https://nel.heroku.com/reports?ts=1748296716&amp;sid=c4c9725f-1ab0-44d8-820f-430df2718e11&amp;s=3jPWKdvOKjt3Beu9qMU%2FFT8yAJYjUQ%2Bze%2FYzP3zRM94%3D', 'Nel': '{"report_to":"heroku-nel","max_age":3600,"success_fraction":0.005,"failure_fraction":0.05,"response_headers":["Via"]}', 'X-Powered-By': 'Express', 'Access-Control-Allow-Origin': '*', 'Ratelimit-Policy': '100;w=60', 'Ratelimit-Limit': '100', 'Ratelimit-Remaining': '86', 'Ratelimit-Reset': '58', 'Etag': 'W/"46-om07jFJTPft7PdMLdGYVNaeHrDk"', 'Via': '1.1 vegur', 'Cf-Cache-Status': 'DYNAMIC', 'server-timing': 'cfL4;desc="?proto=TCP&amp;rtt=60821&amp;min_rtt=57148&amp;rtt_var=6085&amp;sent=27&amp;recv=28&amp;lost=0&amp;retrans=0&amp;sent_bytes=14298&amp;recv_bytes=3307&amp;delivery_rate=73901&amp;cwnd=256&amp;unsent_bytes=0&amp;cid=0d87c2de74dc54f3&amp;ts=3354&amp;x=0"'} 
 body={"name":"joao","job":"jogador","updatedAt":"2025-05-26T21:58:36.355Z"} 
 </msg>
<msg time="2025-05-26T18:58:36.022012" level="INFO">/usr/lib/python3/dist-packages/urllib3/connectionpool.py:1020: InsecureRequestWarning: Unverified HTTPS request is being made to host 'reqres.in'. Adding certificate verification is strongly advised. See: https://urllib3.readthedocs.io/en/latest/advanced-usage.html#ssl-warnings
  warnings.warn(</msg>
<msg time="2025-05-26T18:58:36.022148" level="INFO">${response} = &lt;Response [200]&gt;</msg>
<var>${response}</var>
<arg>alias=ReqRes</arg>
<arg>url=/users/${id}</arg>
<arg>json=${payload}</arg>
<doc>Sends a PATCH request on a previously created HTTP Session.</doc>
<status status="PASS" start="2025-05-26T18:58:35.580169" elapsed="0.442060"/>
</kw>
<kw name="Set Global Variable" owner="BuiltIn">
<msg time="2025-05-26T18:58:36.022681" level="INFO">${response} = &lt;Response [200]&gt;</msg>
[...]
<doc>Sends a PUT request on a previously created HTTP Session.</doc>
<status status="PASS" start="2025-05-26T18:58:36.536539" elapsed="0.431286"/>
</kw>
<kw name="Set Global Variable" owner="BuiltIn">
<msg time="2025-05-26T18:58:36.968204" level="INFO">${response} = &lt;Response [200]&gt;</msg>
<arg>${response}</arg>
<doc>Makes a variable available globally in all tests and suites.</doc>
<status status="PASS" start="2025-05-26T18:58:36.967998" elapsed="0.000238"/>
</kw>
<kw name="Log" owner="BuiltIn">
<msg time="2025-05-26T18:58:36.968667" level="INFO">Updated resource: {'name': 'azul', 'year': '2000', 'color': '#C48394', 'updatedAt': '2025-05-26T21:58:37.320Z'}</msg>
<arg>Updated resource: ${response.json()}</arg>
<doc>Logs the given message with the given level.</doc>
<status status="PASS" start="2025-05-26T18:58:36.968318" elapsed="0.000383"/>
</kw>
<arg>2</arg>
<doc>Atualiza um recurso com o método PUT</doc>
<status status="PASS" start="2025-05-26T18:58:36.536148" elapsed="0.432602"/>
</kw>
<kw name="Validar status code &quot;200&quot;" owner="api_testing_user" source_name="Validar status code &quot;${statuscode}&quot;">
<kw name="Should Be True" owner="BuiltIn">
<arg>${response.status_code} == ${statuscode}</arg>
<doc>Fails if the given condition is not true.</doc>
<status status="PASS" start="2025-05-26T18:58:36.969123" elapsed="0.000492"/>
</kw>
<kw name="Log" owner="BuiltIn">
<msg time="2025-05-26T18:58:36.969933" level="INFO">Response status: 200</msg>
<arg>Response status: ${response.status_code}</arg>
<doc>Logs the given message with the given level.</doc>
<status status="PASS" start="2025-05-26T18:58:36.969694" elapsed="0.000270"/>
</kw>
<doc>Valida que a resposta tem o status code esperado</doc>
<status status="PASS" start="2025-05-26T18:58:36.968938" elapsed="0.001064"/>
</kw>
<kw name="Validar resposta contém campo &quot;updatedAt&quot;" owner="api_testing_user" source_name="Validar resposta contém campo &quot;${field}&quot;">
<kw name="Split String" owner="String">
<msg time="2025-05-26T18:58:36.970679" level="INFO">${fields} = ['updatedAt']</msg>
<var>${fields}</var>
<arg>${field}</arg>
<arg>.</arg>
<doc>Splits the ``string`` using ``separator`` as a delimiter string.</doc>
<status status="PASS" start="2025-05-26T18:58:36.970399" elapsed="0.000299"/>
</kw>
<kw name="Set Variable" owner="BuiltIn">
<msg time="2025-05-26T18:58:36.971050" level="INFO">${dict} = {'name': 'azul', 'year': '2000', 'color': '#C48394', 'updatedAt': '2025-05-26T21:58:37.320Z'}</msg>
<var>${dict}</var>
<arg>${response.json()}</arg>
<doc>Returns the given values which can then be assigned to a variables.</doc>
<status status="PASS" start="2025-05-26T18:58:36.970771" elapsed="0.000297"/>
</kw>
<for flavor="IN">
<iter>
<kw name="Run Keyword If" owner="BuiltIn">
<kw name="Dictionary Should Contain Key" owner="Collections">
<arg>${dict}</arg>
<arg>${part}</arg>
<doc>Fails if ``key`` is not found from ``dictionary``.</doc>
<status status="PASS" start="2025-05-26T18:58:36.971459" elapsed="0.000121"/>
</kw>
<arg>"${part}" in ${dict}</arg>
<arg>Dictionary Should Contain Key</arg>
<arg>${dict}</arg>
<arg>${part}</arg>
<arg>ELSE</arg>
<arg>Fail</arg>
<arg>Field "${part}" not found in response</arg>
<doc>Runs the given keyword with the given arguments, if ``condition`` is true.</doc>
<status status="PASS" start="2025-05-26T18:58:36.971268" elapsed="0.000349"/>
</kw>
<kw name="Set Variable If" owner="BuiltIn">
<msg time="2025-05-26T18:58:36.972038" level="INFO">${dict} = 2025-05-26T21:58:37.320Z</msg>
<var>${dict}</var>
<arg>"${part}" in ${dict}</arg>
<arg>${dict["${part}"]}</arg>
<arg>${dict}</arg>
<doc>Sets variable based on the given condition.</doc>
<status status="PASS" start="2025-05-26T18:58:36.971700" elapsed="0.000356"/>
</kw>
<var name="${part}">updatedAt</var>
<status status="PASS" start="2025-05-26T18:58:36.971204" elapsed="0.000879"/>
</iter>
<var>${part}</var>
<value>@{fields}</value>
<status status="PASS" start="2025-05-26T18:58:36.971110" elapsed="0.000994"/>
</for>
<doc>Valida que a resposta JSON contém o campo específico</doc>
<status status="PASS" start="2025-05-26T18:58:36.970230" elapsed="0.001910"/>
</kw>
<tag>api</tag>
<tag>PUT</tag>
<tag>reqres</tag>
<tag>resource</tag>
<tag>update</tag>
<status status="PASS" start="2025-05-26T18:58:36.535882" elapsed="0.436381"/>
</test>
<test id="s1-t13" name="Cenário 13: DELETE Excluir um recurso" line="86">
<kw name="DELETE Endpoint /resource/id" owner="api_testing_user">
<kw name="DELETE On Session" owner="RequestsLibrary">
<msg time="2025-05-26T18:58:37.403038" level="INFO">DELETE Request : url=https://reqres.in/api/unknown/3 
 path_url=/api/unknown/3 
 headers={'User-Agent': 'python-requests/2.25.1', 'Accept-Encoding': 'gzip, deflate', 'accept': 'application/json', 'Connection': 'keep-alive', 'Content-Type': 'application/json', 'x-api-key': 'reqres-free-v1', 'Content-Length': '0'} 
 body=None 
 </msg>
<msg time="2025-05-26T18:58:37.403136" level="INFO">DELETE Response : url=https://reqres.in/api/unknown/3 
 status=204, reason=No Content 
 headers={'Date': 'Mon, 26 May 2025 21:58:37 GMT', 'Connection': 'keep-alive', 'Server': 'cloudflare', 'Cf-Ray': '946088f43c89cb5c-GIG', 'Report-To': '{"group":"heroku-nel","max_age":3600,"endpoints":[{"url":"https://nel.heroku.com/reports?ts=1748296717&amp;sid=c4c9725f-1ab0-44d8-820f-430df2718e11&amp;s=ibZ8fvgwqw5UasaQ9MuG%2FLPCJdZjzpIxOX%2FPuY8E480%3D"}]}', 'Reporting-Endpoints': 'heroku-nel=https://nel.heroku.com/reports?ts=1748296717&amp;sid=c4c9725f-1ab0-44d8-820f-430df2718e11&amp;s=ibZ8fvgwqw5UasaQ9MuG%2FLPCJdZjzpIxOX%2FPuY8E480%3D', 'Nel': '{"report_to":"heroku-nel","max_age":3600,"success_fraction":0.005,"failure_fraction":0.05,"response_headers":["Via"]}', 'X-Powered-By': 'Express', 'Access-Control-Allow-Origin': '*', 'Ratelimit-Policy': '100;w=60', 'Ratelimit-Limit': '100', 'Ratelimit-Remaining': '80', 'Ratelimit-Reset': '56', 'Etag': 'W/"2-vyGp6PvFo4RvsFtPoIWeCReyIC8"', 'Via': '1.1 vegur', 'Cf-Cache-Status': 'DYNAMIC', 'server-timing': 'cfL4;desc="?proto=TCP&amp;rtt=59849&amp;min_rtt=57128&amp;rtt_var=3818&amp;sent=38&amp;recv=36&amp;lost=0&amp;retrans=0&amp;sent_bytes=19702&amp;recv_bytes=4431&amp;delivery_rate=73901&amp;cwnd=256&amp;unsent_bytes=0&amp;cid=0d87c2de74dc54f3&amp;ts=4760&amp;x=0"'} 
 body=None 
 </msg>
<msg time="2025-05-26T18:58:37.403205" level="INFO">/usr/lib/python3/dist-packages/urllib3/connectionpool.py:1020: InsecureRequestWarning: Unverified HTTPS request is being made to host 'reqres.in'. Adding certificate verification is strongly advised. See: https://urllib3.readthedocs.io/en/latest/advanced-usage.html#ssl-warnings
  warnings.warn(</msg>
<msg time="2025-05-26T18:58:37.403358" level="INFO">${response} = &lt;Response [204]&gt;</msg>
<var>${response}</var>
<arg>alias=ReqRes</arg>
<arg>url=/unknown/${id}</arg>
<doc>Sends a DELETE request on a previously created HTTP Session.</doc>
<status status="PASS" start="2025-05-26T18:58:36.972882" elapsed="0.430503"/>
</kw>
<kw name="Set Global Variable" owner="BuiltIn">
<msg time="2025-05-26T18:58:37.403819" level="INFO">${response} = &lt;Response [204]&gt;</msg>
<arg>${response}</arg>
<doc>Makes a variable available globally in all tests and suites.</doc>
<status status="PASS" start="2025-05-26T18:58:37.403597" elapsed="0.000254"/>
</kw>
<arg>3</arg>
<doc>Exclui um recurso</doc>
<status status="PASS" start="2025-05-26T18:58:36.972712" elapsed="0.431204"/>
</kw>
<kw name="Validar status code &quot;204&quot;" owner="api_testing_user" source_name="Validar status code &quot;${statuscode}&quot;">
<kw name="Should Be True" owner="BuiltIn">
<arg>${response.status_code} == ${statuscode}</arg>
<doc>Fails if the given condition is not true.</doc>
<status status="PASS" start="2025-05-26T18:58:37.404325" elapsed="0.000535"/>
</kw>
<kw name="Log" owner="BuiltIn">
<msg time="2025-05-26T18:58:37.405185" level="INFO">Response status: 204</msg>
<arg>Response status: ${response.status_code}</arg>
<doc>Logs the given message with the given level.</doc>
<status status="PASS" start="2025-05-26T18:58:37.404937" elapsed="0.000280"/>
</kw>
<doc>Valida que a resposta tem o status code esperado</doc>
<status status="PASS" start="2025-05-26T18:58:37.404121" elapsed="0.001134"/>
</kw>
<tag>api</tag>
<tag>DELETE</tag>
<tag>reqres</tag>
<tag>resource</tag>
<status status="PASS" start="2025-05-26T18:58:36.972453" elapsed="0.432925"/>
</test>
<test id="s1-t14" name="Cenário 14: GET Listar todos os recursos" line="91">
<kw name="GET Endpoint /resource" owner="api_testing_user">
<kw name="GET On Session" owner="RequestsLibrary">
<msg time="2025-05-26T18:58:37.475842" level="INFO">GET Request : url=https://reqres.in/api/unknown 
 path_url=/api/unknown 
 headers={'User-Agent': 'python-requests/2.25.1', 'Accept-Encoding': 'gzip, deflate', 'accept': 'application/json', 'Connection': 'keep-alive', 'Content-Type': 'application/json', 'x-api-key': 'reqres-free-v1'} 
 body=None 
 </msg>
<msg time="2025-05-26T18:58:37.475968" level="INFO">GET Response : url=https://reqres.in/api/unknown 
 status=200, reason=OK 
 headers={'Date': 'Mon, 26 May 2025 21:58:37 GMT', 'Content-Type': 'application/json; charset=utf-8', 'Transfer-Encoding': 'chunked', 'Connection': 'keep-alive', 'Cf-Ray': '946088f6fe8ccb5c-GIG', 'Server': 'cloudflare', 'Content-Encoding': 'gzip', 'Report-To': '{"group":"heroku-nel","max_age":3600,"endpoints":[{"url":"https://nel.heroku.com/reports?ts=1748199383&amp;sid=c4c9725f-1ab0-44d8-820f-430df2718e11&amp;s=LiF3Ghk0nWDdoWfffoxTBh1sOF52h6%2FR6GDq8VfcGZU%3D"}]}', 'Reporting-Endpoints': 'heroku-nel=https://nel.heroku.com/reports?ts=1748199383&amp;sid=c4c9725f-1ab0-44d8-820f-430df2718e11&amp;s=LiF3Ghk0nWDdoWfffoxTBh1sOF52h6%2FR6GDq8VfcGZU%3D', 'Nel': '{"report_to":"heroku-nel","max_age":3600,"success_fraction":0.005,"failure_fraction":0.05,"response_headers":["Via"]}', 'X-Powered-By': 'Express', 'Access-Control-Allow-Origin': '*', 'Ratelimit-Policy': '100;w=60', 'Ratelimit-Limit': '100', 'Ratelimit-Remaining': '98', 'Ratelimit-Reset': '60', 'Etag': 'W/"2fb-zJ/iiAzm4zf7SruyfEtNo0xEDoY"', 'Via': '1.1 vegur', 'Cache-Control': 'max-age=14400', 'Cf-Cache-Status': 'HIT', 'Age': '5365', 'Vary': 'Accept-Encoding', 'server-timing': 'cfL4;desc="?proto=TCP&amp;rtt=60133&amp;min_rtt=57128&amp;rtt_var=3432&amp;sent=40&amp;recv=37&amp;lost=0&amp;retrans=0&amp;sent_bytes=20824&amp;recv_bytes=4676&amp;delivery_rate=73901&amp;cwnd=256&amp;unsent_bytes=0&amp;cid=0d87c2de74dc54f3&amp;ts=4835&amp;x=0"'} 
 body={"page":1,"per_page":6,"total":12,"total_pages":2,"data":[{"id":1,"name":"cerulean","year":2000,"color":"#98B2D1","pantone_value":"15-4020"},{"id":2,"name":"fuchsia rose","year":2001,"color":"#C74375","pantone_value":"17-2031"},{"id":3,"name":"true red","year":2002,"color":"#BF1932","pantone_value":"19-1664"},{"id":4,"name":"aqua sky","year":2003,"color":"#7BC4C4","pantone_value":"14-4811"},{"id":5,"name":"tigerlily","year":2004,"color":"#E2583E","pantone_value":"17-1456"},{"id":6,"name":"blue turquoise","year":2005,"color":"#53B0AE","pantone_value":"15-5217"}],"support":{"url":"https://contentcaddy.io?utm_source=reqres&amp;utm_medium=json&amp;utm_campaign=referral","text":"Tired of writing endless social media content? Let Content Caddy generate it for you."}} 
 </msg>
<msg time="2025-05-26T18:58:37.476115" level="INFO">/usr/lib/python3/dist-packages/urllib3/connectionpool.py:1020: InsecureRequestWarning: Unverified HTTPS request is being made to host 'reqres.in'. Adding certificate verification is strongly advised. See: https://urllib3.readthedocs.io/en/latest/advanced-usage.html#ssl-warnings
  warnings.warn(</msg>
<msg time="2025-05-26T18:58:37.476313" level="INFO">${response} = &lt;Response [200]&gt;</msg>
<var>${response}</var>
<arg>alias=ReqRes</arg>
<arg>url=/unknown</arg>
<doc>Sends a GET request on a previously created HTTP Session.</doc>
<status status="PASS" start="2025-05-26T18:58:37.406020" elapsed="0.070321"/>
</kw>
<kw name="Set Global Variable" owner="BuiltIn">
<msg time="2025-05-26T18:58:37.476725" level="INFO">${response} = &lt;Response [200]&gt;</msg>
<arg>${response}</arg>
<doc>Makes a variable available globally in all tests and suites.</doc>
<status status="PASS" start="2025-05-26T18:58:37.476521" elapsed="0.000236"/>
</kw>
<kw name="Log" owner="BuiltIn">
<msg time="2025-05-26T18:58:37.477174" level="INFO">Resources found: 12</msg>
<arg>Resources found: ${response.json()["total"]}</arg>
<doc>Logs the given message with the given level.</doc>
<status status="PASS" start="2025-05-26T18:58:37.476838" elapsed="0.000372"/>
</kw>
<doc>Lista todos os recursos</doc>
<status status="PASS" start="2025-05-26T18:58:37.405866" elapsed="0.071394"/>
</kw>
<kw name="Validar status code &quot;200&quot;" owner="api_testing_user" source_name="Validar status code &quot;${statuscode}&quot;">
<kw name="Should Be True" owner="BuiltIn">
<arg>${response.status_code} == ${statuscode}</arg>
<doc>Fails if the given condition is not true.</doc>
<status status="PASS" start="2025-05-26T18:58:37.477641" elapsed="0.000540"/>
</kw>
<kw name="Log" owner="BuiltIn">
<msg time="2025-05-26T18:58:37.478505" level="INFO">Response status: 200</msg>
<arg>Response status: ${response.status_code}</arg>
<doc>Logs the given message with the given level.</doc>
<status status="PASS" start="2025-05-26T18:58:37.478259" elapsed="0.000277"/>
</kw>
<doc>Valida que a resposta tem o status code esperado</doc>
<status status="PASS" start="2025-05-26T18:58:37.477451" elapsed="0.001124"/>
</kw>
<kw name="Validar resposta contém campo &quot;data&quot;" owner="api_testing_user" source_name="Validar resposta contém campo &quot;${field}&quot;">
<kw name="Split String" owner="String">
<msg time="2025-05-26T18:58:37.479027" level="INFO">${fields} = ['data']</msg>
<var>${fields}</var>
<arg>${field}</arg>
<arg>.</arg>
<doc>Splits the ``string`` using ``separator`` as a delimiter string.</doc>
<status status="PASS" start="2025-05-26T18:58:37.478911" elapsed="0.000133"/>
</kw>
<kw name="Set Variable" owner="BuiltIn">
<msg time="2025-05-26T18:58:37.479404" level="INFO">${dict} = {'page': 1, 'per_page': 6, 'total': 12, 'total_pages': 2, 'data': [{'id': 1, 'name': 'cerulean', 'year': 2000, 'color': '#98B2D1', 'pantone_value': '15-4020'}, {'id': 2, 'name': 'fuchsia rose', 'year'...</msg>
<var>${dict}</var>
<arg>${response.json()}</arg>
<doc>Returns the given values which can then be assigned to a variables.</doc>
<status status="PASS" start="2025-05-26T18:58:37.479115" elapsed="0.000308"/>
</kw>
<for flavor="IN">
<iter>
<kw name="Run Keyword If" owner="BuiltIn">
<kw name="Dictionary Should Contain Key" owner="Collections">
<arg>${dict}</arg>
<arg>${part}</arg>
<doc>Fails if ``key`` is not found from ``dictionary``.</doc>
<status status="PASS" start="2025-05-26T18:58:37.480045" elapsed="0.000125"/>
</kw>
<arg>"${part}" in ${dict}</arg>
<arg>Dictionary Should Contain Key</arg>
<arg>${dict}</arg>
<arg>${part}</arg>
<arg>ELSE</arg>
<arg>Fail</arg>
<arg>Field "${part}" not found in response</arg>
<doc>Runs the given keyword with the given arguments, if ``condition`` is true.</doc>
<status status="PASS" start="2025-05-26T18:58:37.479754" elapsed="0.000453"/>
</kw>
<kw name="Set Variable If" owner="BuiltIn">
<msg time="2025-05-26T18:58:37.480700" level="INFO">${dict} = [{'id': 1, 'name': 'cerulean', 'year': 2000, 'color': '#98B2D1', 'pantone_value': '15-4020'}, {'id': 2, 'name': 'fuchsia rose', 'year': 2001, 'color': '#C74375', 'pantone_value': '17-2031'}, {'id': 3,...</msg>
<var>${dict}</var>
<arg>"${part}" in ${dict}</arg>
<arg>${dict["${part}"]}</arg>
<arg>${dict}</arg>
<doc>Sets variable based on the given condition.</doc>
<status status="PASS" start="2025-05-26T18:58:37.480286" elapsed="0.000432"/>
</kw>
<var name="${part}">data</var>
<status status="PASS" start="2025-05-26T18:58:37.479556" elapsed="0.001190"/>
</iter>
<var>${part}</var>
<value>@{fields}</value>
<status status="PASS" start="2025-05-26T18:58:37.479464" elapsed="0.001302"/>
</for>
<doc>Valida que a resposta JSON contém o campo específico</doc>
<status status="PASS" start="2025-05-26T18:58:37.478742" elapsed="0.002080"/>
</kw>
<kw name="Validar resposta contém campo &quot;total&quot;" owner="api_testing_user" source_name="Validar resposta contém campo &quot;${field}&quot;">
<kw name="Split String" owner="String">
<msg time="2025-05-26T18:58:37.481246" level="INFO">${fields} = ['total']</msg>
<var>${fields}</var>
<arg>${field}</arg>
<arg>.</arg>
<doc>Splits the ``string`` using ``separator`` as a delimiter string.</doc>
<status status="PASS" start="2025-05-26T18:58:37.481138" elapsed="0.000126"/>
</kw>
<kw name="Set Variable" owner="BuiltIn">
<msg time="2025-05-26T18:58:37.481616" level="INFO">${dict} = {'page': 1, 'per_page': 6, 'total': 12, 'total_pages': 2, 'data': [{'id': 1, 'name': 'cerulean', 'year': 2000, 'color': '#98B2D1', 'pantone_value': '15-4020'}, {'id': 2, 'name': 'fuchsia rose', 'year'...</msg>
<var>${dict}</var>
<arg>${response.json()}</arg>
<doc>Returns the given values which can then be assigned to a variables.</doc>
<status status="PASS" start="2025-05-26T18:58:37.481331" elapsed="0.000303"/>
</kw>
<for flavor="IN">
<iter>
<kw name="Run Keyword If" owner="BuiltIn">
<kw name="Dictionary Should Contain Key" owner="Collections">
<arg>${dict}</arg>
<arg>${part}</arg>
<doc>Fails if ``key`` is not found from ``dictionary``.</doc>
<status status="PASS" start="2025-05-26T18:58:37.482111" elapsed="0.000119"/>
</kw>
<arg>"${part}" in ${dict}</arg>
<arg>Dictionary Should Contain Key</arg>
<arg>${dict}</arg>
<arg>${part}</arg>
<arg>ELSE</arg>
<arg>Fail</arg>
<arg>Field "${part}" not found in response</arg>
<doc>Runs the given keyword with the given arguments, if ``condition`` is true.</doc>
<status status="PASS" start="2025-05-26T18:58:37.481809" elapsed="0.000457"/>
</kw>
<kw name="Set Variable If" owner="BuiltIn">
<msg time="2025-05-26T18:58:37.482778" level="INFO">${dict} = 12</msg>
<var>${dict}</var>
<arg>"${part}" in ${dict}</arg>
<arg>${dict["${part}"]}</arg>
<arg>${dict}</arg>
<doc>Sets variable based on the given condition.</doc>
<status status="PASS" start="2025-05-26T18:58:37.482352" elapsed="0.000444"/>
</kw>
<var name="${part}">total</var>
<status status="PASS" start="2025-05-26T18:58:37.481747" elapsed="0.001076"/>
</iter>
<var>${part}</var>
<value>@{fields}</value>
<status status="PASS" start="2025-05-26T18:58:37.481668" elapsed="0.001172"/>
</for>
<doc>Valida que a resposta JSON contém o campo específico</doc>
<status status="PASS" start="2025-05-26T18:58:37.480978" elapsed="0.001897"/>
</kw>
<tag>api</tag>
<tag>GET</tag>
<tag>list</tag>
<tag>reqres</tag>
<tag>resource</tag>
<status status="PASS" start="2025-05-26T18:58:37.405589" elapsed="0.077397"/>
</test>
<doc>Suite de testes para validação da ReqRes API
Testa todos os principais endpoints e operações da ReqRes API</doc>
<status status="PASS" start="2025-05-26T18:58:32.570381" elapsed="4.912969"/>
</suite>
<statistics>
<total>
<stat pass="14" fail="0" skip="0">All Tests</stat>
</total>
<tag>
<stat pass="14" fail="0" skip="0">api</stat>
<stat pass="2" fail="0" skip="0">DELETE</stat>
<stat pass="2" fail="0" skip="0">error</stat>
<stat pass="4" fail="0" skip="0">GET</stat>
<stat pass="2" fail="0" skip="0">list</stat>
<stat pass="2" fail="0" skip="0">login</stat>
<stat pass="1" fail="0" skip="0">logout</stat>
<stat pass="1" fail="0" skip="0">PATCH</stat>
<stat pass="5" fail="0" skip="0">POST</stat>
<stat pass="2" fail="0" skip="0">PUT</stat>
<stat pass="2" fail="0" skip="0">register</stat>
<stat pass="14" fail="0" skip="0">reqres</stat>
<stat pass="4" fail="0" skip="0">resource</stat>
<stat pass="2" fail="0" skip="0">single</stat>
<stat pass="2" fail="0" skip="0">success</stat>
<stat pass="3" fail="0" skip="0">update</stat>
<stat pass="7" fail="0" skip="0">user</stat>
</tag>
<suite>
<stat name="Api Testing User" id="s1" pass="14" fail="0" skip="0">Api Testing User</stat>
</suite>
</statistics>
<errors>
</errors>
</robot>
