<?xml version="1.0" encoding="UTF-8"?>
<robot generator="Robot 7.2.2 (Python 3.13.4 on win32)" generated="2025-06-15T16:42:26.309648" rpa="false" schemaversion="5">
<suite id="s1" name="Tests" source="C:\compass_pb\Documentos\Sprint7\QAx\projects\mark85-robot-express\tests">
<suite id="s1-s1" name="Online" source="C:\compass_pb\Documentos\Sprint7\QAx\projects\mark85-robot-express\tests\online.robot">
<test id="s1-s1-t1" name="WebApp deve estar Online" line="7">
<kw name="Iniciar sessão" owner="base">
<kw name="New Browser" owner="Browser">
<msg time="2025-06-15T16:42:27.290674" level="INFO">{"browser": "chromium", "headless": false, "chromiumSandbox": false, "devtools": false, "handleSIGHUP": true, "handleSIGINT": true, "handleSIGTERM": true, "slowMo": 0.0, "timeout": 30000.0, "tracesDir": "C:\\compass_pb\\Documentos\\Sprint7\\QAx\\projects\\mark85-robot-express\\results\\browser\\traces\\temp\\f53aec5b-7d67-4f84-8f7c-6335e5588d2c"}</msg>
<msg time="2025-06-15T16:42:27.337512" level="INFO">Starting Browser process C:\Users\luism\AppData\Local\Programs\Python\Python313\Lib\site-packages\Browser\wrapper\index.js using at 127.0.0.1:4427</msg>
<msg time="2025-06-15T16:42:31.150900" level="INFO">Successfully created browser with options: {"browser":"chromium","headless":false,"chromiumSandbox":false,"devtools":false,"handleSIGHUP":true,"handleSIGINT":true,"handleSIGTERM":true,"slowMo":0,"timeout":30000,"tracesDir":"C:\\compass_pb\\Documentos\\Sprint7\\QAx\\projects\\mark85-robot-express\\results\\browser\\traces\\temp\\f53aec5b-7d67-4f84-8f7c-6335e5588d2c"}</msg>
<arg>browser=chromium</arg>
<arg>headless=False</arg>
<tag>BrowserControl</tag>
<tag>Setter</tag>
<doc>Create a new playwright Browser with specified options.</doc>
<status status="PASS" start="2025-06-15T16:42:27.289704" elapsed="3.861365"/>
</kw>
<kw name="New Page" owner="Browser">
<msg time="2025-06-15T16:42:32.464719" level="INFO">Successfully initialized new page object and opened url: http://localhost:3000</msg>
<msg time="2025-06-15T16:42:32.464801" level="INFO">No context was open. New context was automatically opened when this page is created.</msg>
<arg>${BASE_URL}</arg>
<tag>BrowserControl</tag>
<tag>Setter</tag>
<doc>Open a new Page.</doc>
<status status="PASS" start="2025-06-15T16:42:31.151257" elapsed="1.313703"/>
</kw>
<status status="PASS" start="2025-06-15T16:42:27.288209" elapsed="5.176883"/>
</kw>
<kw name="Get Title" owner="Browser">
<msg time="2025-06-15T16:42:32.476790" level="INFO">Title: 'Mark85 by QAx'</msg>
<arg>equal</arg>
<arg>Mark85 by QAx</arg>
<tag>Assertion</tag>
<tag>Getter</tag>
<tag>PageContent</tag>
<doc>Returns the title of the current page.</doc>
<status status="PASS" start="2025-06-15T16:42:32.465409" elapsed="0.011564"/>
</kw>
<msg time="2025-06-15T16:42:32.491194" level="INFO">Switching context to context=21c3e178-1c30-44c3-b16b-8233dd04b0ef in CURRENT</msg>
<msg time="2025-06-15T16:42:32.511439" level="INFO">Successfully changed active context: context=21c3e178-1c30-44c3-b16b-8233dd04b0ef</msg>
<msg time="2025-06-15T16:42:32.561097" level="INFO">Successfully closed Context</msg>
<status status="PASS" start="2025-06-15T16:42:27.287465" elapsed="5.189895"/>
</test>
<doc>Online</doc>
<status status="PASS" start="2025-06-15T16:42:26.340873" elapsed="6.221067"/>
</suite>
<suite id="s1-s2" name="Signup" source="C:\compass_pb\Documentos\Sprint7\QAx\projects\mark85-robot-express\tests\signup.robot">
<test id="s1-s2-t1" name="Deve poder cadastrar um novo usuário" line="16">
<kw name="Iniciar sessão" owner="base" type="SETUP">
<kw name="New Browser" owner="Browser">
<msg time="2025-06-15T16:42:33.027426" level="INFO">Switching browser to browser=ead5da97-0c66-4335-ba5d-e2fa3c8bdefc</msg>
<msg time="2025-06-15T16:42:33.029137" level="INFO">Successfully changed active browser: browser=ead5da97-0c66-4335-ba5d-e2fa3c8bdefc</msg>
<msg time="2025-06-15T16:42:33.029215" level="INFO">Reusing existing browser with id: browser=ead5da97-0c66-4335-ba5d-e2fa3c8bdefc</msg>
<arg>browser=chromium</arg>
<arg>headless=False</arg>
<tag>BrowserControl</tag>
<tag>Setter</tag>
<doc>Create a new playwright Browser with specified options.</doc>
<status status="PASS" start="2025-06-15T16:42:33.026812" elapsed="0.002455"/>
</kw>
<kw name="New Page" owner="Browser">
<msg time="2025-06-15T16:42:33.761537" level="INFO">Successfully initialized new page object and opened url: http://localhost:3000</msg>
<msg time="2025-06-15T16:42:33.761609" level="INFO">No context was open. New context was automatically opened when this page is created.</msg>
<arg>${BASE_URL}</arg>
<tag>BrowserControl</tag>
<tag>Setter</tag>
<doc>Open a new Page.</doc>
<status status="PASS" start="2025-06-15T16:42:33.029410" elapsed="0.732330"/>
</kw>
<status status="PASS" start="2025-06-15T16:42:33.026026" elapsed="0.735861"/>
</kw>
<kw name="Create Dictionary" owner="BuiltIn">
<msg time="2025-06-15T16:42:33.762864" level="INFO">${user} = {'name': 'Usuário Teste', 'email': 'usuario@teste.com', 'password': 'teste123'}</msg>
<var>${user}</var>
<arg>name=Usuário Teste</arg>
<arg>email=usuario@teste.com</arg>
<arg>password=teste123</arg>
<doc>Creates and returns a dictionary based on the given ``items``.</doc>
<status status="PASS" start="2025-06-15T16:42:33.762238" elapsed="0.000665"/>
</kw>
<kw name="Remove User" owner="database">
<msg time="2025-06-15T16:42:35.029890" level="INFO">usuario@teste.com</msg>
<arg>${user}[email]</arg>
<status status="PASS" start="2025-06-15T16:42:33.763198" elapsed="1.266783"/>
</kw>
<kw name="Go to signup page" owner="SignupPage">
<kw name="Go To" owner="Browser">
<msg time="2025-06-15T16:42:35.063281" level="INFO">Successfully opened URL http://localhost:3000/signup</msg>
<arg>http://localhost:3000/signup</arg>
<tag>BrowserControl</tag>
<tag>Setter</tag>
<doc>Navigates to the given ``url``.</doc>
<status status="PASS" start="2025-06-15T16:42:35.030740" elapsed="0.032724"/>
</kw>
<kw name="Set Variable" owner="BuiltIn">
<msg time="2025-06-15T16:42:35.063982" level="INFO">${element} = css=h1</msg>
<var>${element}</var>
<arg>css=h1</arg>
<doc>Returns the given values which can then be assigned to a variables.</doc>
<status status="PASS" start="2025-06-15T16:42:35.063641" elapsed="0.000366"/>
</kw>
<kw name="Wait For Elements State" owner="Browser">
<msg time="2025-06-15T16:42:35.090246" level="INFO">Waited for Element with selector css=h1 at state visible</msg>
<arg>${element}</arg>
<arg>visible</arg>
<arg>5</arg>
<tag>PageContent</tag>
<tag>Wait</tag>
<doc>Waits for the element found by ``selector`` to satisfy state option.</doc>
<status status="PASS" start="2025-06-15T16:42:35.064122" elapsed="0.026300"/>
</kw>
<kw name="Get Text" owner="Browser">
<msg time="2025-06-15T16:42:35.113242" level="INFO">Text: 'Faça seu cadastro'</msg>
<arg>${element}</arg>
<arg>equal</arg>
<arg>Faça seu cadastro</arg>
<tag>Assertion</tag>
<tag>Getter</tag>
<tag>PageContent</tag>
<doc>Returns text attribute of the element found by ``selector``.</doc>
<status status="PASS" start="2025-06-15T16:42:35.090607" elapsed="0.022757"/>
</kw>
<status status="PASS" start="2025-06-15T16:42:35.030310" elapsed="0.083154"/>
</kw>
<kw name="Submit signup form" owner="SignupPage">
<kw name="Fill Text" owner="Browser">
<msg time="2025-06-15T16:42:35.114575" level="INFO">Fills the text 'Usuário Teste' in the given field.</msg>
<arg>id=name</arg>
<arg>${user}[name]</arg>
<tag>PageContent</tag>
<tag>Setter</tag>
<doc>Clears and fills the given ``txt`` into the text field found by ``selector``.</doc>
<status status="PASS" start="2025-06-15T16:42:35.114161" elapsed="0.033391"/>
</kw>
<kw name="Fill Text" owner="Browser">
<msg time="2025-06-15T16:42:35.148299" level="INFO">Fills the text 'usuario@teste.com' in the given field.</msg>
<arg>id=email</arg>
<arg>${user}[email]</arg>
<tag>PageContent</tag>
<tag>Setter</tag>
<doc>Clears and fills the given ``txt`` into the text field found by ``selector``.</doc>
<status status="PASS" start="2025-06-15T16:42:35.147737" elapsed="0.027435"/>
</kw>
<kw name="Fill Text" owner="Browser">
<msg time="2025-06-15T16:42:35.176004" level="INFO">Fills the text 'teste123' in the given field.</msg>
<arg>id=password</arg>
<arg>${user}[password]</arg>
<tag>PageContent</tag>
<tag>Setter</tag>
<doc>Clears and fills the given ``txt`` into the text field found by ``selector``.</doc>
<status status="PASS" start="2025-06-15T16:42:35.175491" elapsed="0.021137"/>
</kw>
<kw name="Click" owner="Browser">
<msg time="2025-06-15T16:42:35.197301" level="INFO">Clicks the element 'id=buttonSignup'.</msg>
<arg>id=buttonSignup</arg>
<tag>PageContent</tag>
<tag>Setter</tag>
<doc>Simulates mouse click on the element found by ``selector``.</doc>
<status status="PASS" start="2025-06-15T16:42:35.196816" elapsed="0.059873"/>
</kw>
<arg>${user}</arg>
<status status="PASS" start="2025-06-15T16:42:35.113729" elapsed="0.143152"/>
</kw>
<kw name="Notice should be" owner="SignupPage">
<kw name="Set Variable" owner="BuiltIn">
<msg time="2025-06-15T16:42:35.258028" level="INFO">${notice_element} = css=.notice p</msg>
<var>${notice_element}</var>
<arg>css=.notice p</arg>
<doc>Returns the given values which can then be assigned to a variables.</doc>
<status status="PASS" start="2025-06-15T16:42:35.257788" elapsed="0.000375"/>
</kw>
<kw name="Wait For Elements State" owner="Browser">
<msg time="2025-06-15T16:42:35.463628" level="INFO">Waited for Element with selector css=.notice p at state visible</msg>
<arg>${notice_element}</arg>
<arg>visible</arg>
<arg>5</arg>
<tag>PageContent</tag>
<tag>Wait</tag>
<doc>Waits for the element found by ``selector`` to satisfy state option.</doc>
<status status="PASS" start="2025-06-15T16:42:35.258284" elapsed="0.205524"/>
</kw>
<kw name="Get Text" owner="Browser">
<msg time="2025-06-15T16:42:35.477796" level="INFO">Text: 'Boas vindas ao Mark85, o seu gerenciador de tarefas.'</msg>
<arg>${notice_element}</arg>
<arg>equal</arg>
<arg>${message}</arg>
<tag>Assertion</tag>
<tag>Getter</tag>
<tag>PageContent</tag>
<doc>Returns text attribute of the element found by ``selector``.</doc>
<status status="PASS" start="2025-06-15T16:42:35.463980" elapsed="0.013924"/>
</kw>
<arg>Boas vindas ao Mark85, o seu gerenciador de tarefas.</arg>
<status status="PASS" start="2025-06-15T16:42:35.257272" elapsed="0.220731"/>
</kw>
<kw name="Remove User" owner="database">
<msg time="2025-06-15T16:42:35.544937" level="INFO">usuario@teste.com</msg>
<arg>${user}[email]</arg>
<status status="PASS" start="2025-06-15T16:42:35.478232" elapsed="0.066785"/>
</kw>
<msg time="2025-06-15T16:42:35.555032" level="INFO">Switching context to context=1a828552-4a8b-4359-bb94-a2c94162ec36 in CURRENT</msg>
<msg time="2025-06-15T16:42:35.560666" level="INFO">Successfully changed active context: context=1a828552-4a8b-4359-bb94-a2c94162ec36</msg>
<msg time="2025-06-15T16:42:35.586387" level="INFO">Successfully closed Context</msg>
<status status="PASS" start="2025-06-15T16:42:33.024221" elapsed="2.521033"/>
</test>
<test id="s1-s2-t2" name="Não deve poder cadastrar email duplicado" line="31">
<kw name="Iniciar sessão" owner="base" type="SETUP">
<kw name="New Browser" owner="Browser">
<msg time="2025-06-15T16:42:35.592139" level="INFO">Switching browser to browser=ead5da97-0c66-4335-ba5d-e2fa3c8bdefc</msg>
<msg time="2025-06-15T16:42:35.594627" level="INFO">Successfully changed active browser: browser=ead5da97-0c66-4335-ba5d-e2fa3c8bdefc</msg>
<msg time="2025-06-15T16:42:35.594784" level="INFO">Reusing existing browser with id: browser=ead5da97-0c66-4335-ba5d-e2fa3c8bdefc</msg>
<arg>browser=chromium</arg>
<arg>headless=False</arg>
<tag>BrowserControl</tag>
<tag>Setter</tag>
<doc>Create a new playwright Browser with specified options.</doc>
<status status="PASS" start="2025-06-15T16:42:35.591575" elapsed="0.003276"/>
</kw>
<kw name="New Page" owner="Browser">
<msg time="2025-06-15T16:42:36.278814" level="INFO">Successfully initialized new page object and opened url: http://localhost:3000</msg>
<msg time="2025-06-15T16:42:36.278887" level="INFO">No context was open. New context was automatically opened when this page is created.</msg>
<arg>${BASE_URL}</arg>
<tag>BrowserControl</tag>
<tag>Setter</tag>
<doc>Open a new Page.</doc>
<status status="PASS" start="2025-06-15T16:42:35.595041" elapsed="0.683982"/>
</kw>
<status status="PASS" start="2025-06-15T16:42:35.590989" elapsed="0.688137"/>
</kw>
<kw name="Create Dictionary" owner="BuiltIn">
<msg time="2025-06-15T16:42:36.279858" level="INFO">${user} = {'name': 'Teste QA', 'email': 'qa@teste.com', 'password': 'teste123'}</msg>
<var>${user}</var>
<arg>name=Teste QA</arg>
<arg>email=qa@teste.com</arg>
<arg>password=teste123</arg>
<doc>Creates and returns a dictionary based on the given ``items``.</doc>
<status status="PASS" start="2025-06-15T16:42:36.279416" elapsed="0.000476"/>
</kw>
<kw name="Insert User" owner="database">
<arg>${user}</arg>
<status status="PASS" start="2025-06-15T16:42:36.280172" elapsed="0.073851"/>
</kw>
<kw name="Go to signup page" owner="SignupPage">
<kw name="Go To" owner="Browser">
<msg time="2025-06-15T16:42:36.383665" level="INFO">Successfully opened URL http://localhost:3000/signup</msg>
<arg>http://localhost:3000/signup</arg>
<tag>BrowserControl</tag>
<tag>Setter</tag>
<doc>Navigates to the given ``url``.</doc>
<status status="PASS" start="2025-06-15T16:42:36.354962" elapsed="0.028889"/>
</kw>
<kw name="Set Variable" owner="BuiltIn">
<msg time="2025-06-15T16:42:36.384367" level="INFO">${element} = css=h1</msg>
<var>${element}</var>
<arg>css=h1</arg>
<doc>Returns the given values which can then be assigned to a variables.</doc>
<status status="PASS" start="2025-06-15T16:42:36.384025" elapsed="0.000368"/>
</kw>
<kw name="Wait For Elements State" owner="Browser">
<msg time="2025-06-15T16:42:36.403018" level="INFO">Waited for Element with selector css=h1 at state visible</msg>
<arg>${element}</arg>
<arg>visible</arg>
<arg>5</arg>
<tag>PageContent</tag>
<tag>Wait</tag>
<doc>Waits for the element found by ``selector`` to satisfy state option.</doc>
<status status="PASS" start="2025-06-15T16:42:36.384497" elapsed="0.018848"/>
</kw>
<kw name="Get Text" owner="Browser">
<msg time="2025-06-15T16:42:36.420940" level="INFO">Text: 'Faça seu cadastro'</msg>
<arg>${element}</arg>
<arg>equal</arg>
<arg>Faça seu cadastro</arg>
<tag>Assertion</tag>
<tag>Getter</tag>
<tag>PageContent</tag>
<doc>Returns text attribute of the element found by ``selector``.</doc>
<status status="PASS" start="2025-06-15T16:42:36.403604" elapsed="0.017489"/>
</kw>
<status status="PASS" start="2025-06-15T16:42:36.354427" elapsed="0.066790"/>
</kw>
<kw name="Submit signup form" owner="SignupPage">
<kw name="Fill Text" owner="Browser">
<msg time="2025-06-15T16:42:36.423126" level="INFO">Fills the text 'Teste QA' in the given field.</msg>
<arg>id=name</arg>
<arg>${user}[name]</arg>
<tag>PageContent</tag>
<tag>Setter</tag>
<doc>Clears and fills the given ``txt`` into the text field found by ``selector``.</doc>
<status status="PASS" start="2025-06-15T16:42:36.422310" elapsed="0.010788"/>
</kw>
<kw name="Fill Text" owner="Browser">
<msg time="2025-06-15T16:42:36.433830" level="INFO">Fills the text 'qa@teste.com' in the given field.</msg>
<arg>id=email</arg>
<arg>${user}[email]</arg>
<tag>PageContent</tag>
<tag>Setter</tag>
<doc>Clears and fills the given ``txt`` into the text field found by ``selector``.</doc>
<status status="PASS" start="2025-06-15T16:42:36.433290" elapsed="0.014279"/>
</kw>
<kw name="Fill Text" owner="Browser">
<msg time="2025-06-15T16:42:36.448316" level="INFO">Fills the text 'teste123' in the given field.</msg>
<arg>id=password</arg>
<arg>${user}[password]</arg>
<tag>PageContent</tag>
<tag>Setter</tag>
<doc>Clears and fills the given ``txt`` into the text field found by ``selector``.</doc>
<status status="PASS" start="2025-06-15T16:42:36.447760" elapsed="0.011422"/>
</kw>
<kw name="Click" owner="Browser">
<msg time="2025-06-15T16:42:36.459874" level="INFO">Clicks the element 'id=buttonSignup'.</msg>
<arg>id=buttonSignup</arg>
<tag>PageContent</tag>
<tag>Setter</tag>
<doc>Simulates mouse click on the element found by ``selector``.</doc>
<status status="PASS" start="2025-06-15T16:42:36.459393" elapsed="0.045592"/>
</kw>
<arg>${user}</arg>
<status status="PASS" start="2025-06-15T16:42:36.421656" elapsed="0.083772"/>
</kw>
<kw name="Notice should be" owner="SignupPage">
<kw name="Set Variable" owner="BuiltIn">
<msg time="2025-06-15T16:42:36.506654" level="INFO">${notice_element} = css=.notice p</msg>
<var>${notice_element}</var>
<arg>css=.notice p</arg>
<doc>Returns the given values which can then be assigned to a variables.</doc>
<status status="PASS" start="2025-06-15T16:42:36.506407" elapsed="0.000280"/>
</kw>
<kw name="Wait For Elements State" owner="Browser">
<msg time="2025-06-15T16:42:36.601923" level="INFO">Waited for Element with selector css=.notice p at state visible</msg>
<arg>${notice_element}</arg>
<arg>visible</arg>
<arg>5</arg>
<tag>PageContent</tag>
<tag>Wait</tag>
<doc>Waits for the element found by ``selector`` to satisfy state option.</doc>
<status status="PASS" start="2025-06-15T16:42:36.506881" elapsed="0.095276"/>
</kw>
<kw name="Get Text" owner="Browser">
<msg time="2025-06-15T16:42:36.614435" level="INFO">Text: 'Oops! Já existe uma conta com o e-mail informado.'</msg>
<arg>${notice_element}</arg>
<arg>equal</arg>
<arg>${message}</arg>
<tag>Assertion</tag>
<tag>Getter</tag>
<tag>PageContent</tag>
<doc>Returns text attribute of the element found by ``selector``.</doc>
<status status="PASS" start="2025-06-15T16:42:36.602369" elapsed="0.012178"/>
</kw>
<arg>Oops! Já existe uma conta com o e-mail informado.</arg>
<status status="PASS" start="2025-06-15T16:42:36.505904" elapsed="0.108746"/>
</kw>
<msg time="2025-06-15T16:42:36.627496" level="INFO">Switching context to context=3a0a30b9-43df-4920-8e2c-bdc58970b4a2 in CURRENT</msg>
<msg time="2025-06-15T16:42:36.632720" level="INFO">Successfully changed active context: context=3a0a30b9-43df-4920-8e2c-bdc58970b4a2</msg>
<msg time="2025-06-15T16:42:36.664124" level="INFO">Successfully closed Context</msg>
<status status="PASS" start="2025-06-15T16:42:35.587433" elapsed="1.027444"/>
</test>
<test id="s1-s2-t3" name="Não deve permitir senha com 1 digito" line="44">
<kw name="Iniciar sessão" owner="base" type="SETUP">
<kw name="New Browser" owner="Browser">
<msg time="2025-06-15T16:42:36.668430" level="INFO">Switching browser to browser=ead5da97-0c66-4335-ba5d-e2fa3c8bdefc</msg>
<msg time="2025-06-15T16:42:36.670970" level="INFO">Successfully changed active browser: browser=ead5da97-0c66-4335-ba5d-e2fa3c8bdefc</msg>
<msg time="2025-06-15T16:42:36.671141" level="INFO">Reusing existing browser with id: browser=ead5da97-0c66-4335-ba5d-e2fa3c8bdefc</msg>
<arg>browser=chromium</arg>
<arg>headless=False</arg>
<tag>BrowserControl</tag>
<tag>Setter</tag>
<doc>Create a new playwright Browser with specified options.</doc>
<status status="PASS" start="2025-06-15T16:42:36.667962" elapsed="0.003247"/>
</kw>
<kw name="New Page" owner="Browser">
<msg time="2025-06-15T16:42:37.322919" level="INFO">Successfully initialized new page object and opened url: http://localhost:3000</msg>
<msg time="2025-06-15T16:42:37.323020" level="INFO">No context was open. New context was automatically opened when this page is created.</msg>
<arg>${BASE_URL}</arg>
<tag>BrowserControl</tag>
<tag>Setter</tag>
<doc>Open a new Page.</doc>
<status status="PASS" start="2025-06-15T16:42:36.671412" elapsed="0.651784"/>
</kw>
<status status="PASS" start="2025-06-15T16:42:36.667479" elapsed="0.655840"/>
</kw>
<kw name="Create Dictionary" owner="BuiltIn">
<msg time="2025-06-15T16:42:37.324839" level="INFO">${user} = {'name': '', 'email': '', 'password': ''}</msg>
<var>${user}</var>
<arg>name=${EMPTY}</arg>
<arg>email=${EMPTY}</arg>
<arg>password=${EMPTY}</arg>
<doc>Creates and returns a dictionary based on the given ``items``.</doc>
<status status="PASS" start="2025-06-15T16:42:37.323693" elapsed="0.001193"/>
</kw>
<kw name="Go to signup page" owner="SignupPage">
<kw name="Go To" owner="Browser">
<msg time="2025-06-15T16:42:37.358206" level="INFO">Successfully opened URL http://localhost:3000/signup</msg>
<arg>http://localhost:3000/signup</arg>
<tag>BrowserControl</tag>
<tag>Setter</tag>
<doc>Navigates to the given ``url``.</doc>
<status status="PASS" start="2025-06-15T16:42:37.325791" elapsed="0.032600"/>
</kw>
<kw name="Set Variable" owner="BuiltIn">
<msg time="2025-06-15T16:42:37.358845" level="INFO">${element} = css=h1</msg>
<var>${element}</var>
<arg>css=h1</arg>
<doc>Returns the given values which can then be assigned to a variables.</doc>
<status status="PASS" start="2025-06-15T16:42:37.358564" elapsed="0.000306"/>
</kw>
<kw name="Wait For Elements State" owner="Browser">
<msg time="2025-06-15T16:42:37.378784" level="INFO">Waited for Element with selector css=h1 at state visible</msg>
<arg>${element}</arg>
<arg>visible</arg>
<arg>5</arg>
<tag>PageContent</tag>
<tag>Wait</tag>
<doc>Waits for the element found by ``selector`` to satisfy state option.</doc>
<status status="PASS" start="2025-06-15T16:42:37.358971" elapsed="0.019984"/>
</kw>
<kw name="Get Text" owner="Browser">
<msg time="2025-06-15T16:42:37.396287" level="INFO">Text: 'Faça seu cadastro'</msg>
<arg>${element}</arg>
<arg>equal</arg>
<arg>Faça seu cadastro</arg>
<tag>Assertion</tag>
<tag>Getter</tag>
<tag>PageContent</tag>
<doc>Returns text attribute of the element found by ``selector``.</doc>
<status status="PASS" start="2025-06-15T16:42:37.379121" elapsed="0.017272"/>
</kw>
<status status="PASS" start="2025-06-15T16:42:37.325254" elapsed="0.071237"/>
</kw>
<kw name="Submit signup form" owner="SignupPage">
<kw name="Fill Text" owner="Browser">
<msg time="2025-06-15T16:42:37.397616" level="INFO">Fills the text '' in the given field.</msg>
<arg>id=name</arg>
<arg>${user}[name]</arg>
<tag>PageContent</tag>
<tag>Setter</tag>
<doc>Clears and fills the given ``txt`` into the text field found by ``selector``.</doc>
<status status="PASS" start="2025-06-15T16:42:37.397202" elapsed="0.011964"/>
</kw>
<kw name="Fill Text" owner="Browser">
<msg time="2025-06-15T16:42:37.410008" level="INFO">Fills the text '' in the given field.</msg>
<arg>id=email</arg>
<arg>${user}[email]</arg>
<tag>PageContent</tag>
<tag>Setter</tag>
<doc>Clears and fills the given ``txt`` into the text field found by ``selector``.</doc>
<status status="PASS" start="2025-06-15T16:42:37.409467" elapsed="0.009954"/>
</kw>
<kw name="Fill Text" owner="Browser">
<msg time="2025-06-15T16:42:37.420697" level="INFO">Fills the text '' in the given field.</msg>
<arg>id=password</arg>
<arg>${user}[password]</arg>
<tag>PageContent</tag>
<tag>Setter</tag>
<doc>Clears and fills the given ``txt`` into the text field found by ``selector``.</doc>
<status status="PASS" start="2025-06-15T16:42:37.419750" elapsed="0.010142"/>
</kw>
<kw name="Click" owner="Browser">
<msg time="2025-06-15T16:42:37.430553" level="INFO">Clicks the element 'id=buttonSignup'.</msg>
<arg>id=buttonSignup</arg>
<tag>PageContent</tag>
<tag>Setter</tag>
<doc>Simulates mouse click on the element found by ``selector``.</doc>
<status status="PASS" start="2025-06-15T16:42:37.430076" elapsed="0.044337"/>
</kw>
<arg>${user}</arg>
<status status="PASS" start="2025-06-15T16:42:37.396777" elapsed="0.077762"/>
</kw>
<kw name="Alert should be" owner="SignupPage">
<kw name="Set Variable" owner="BuiltIn">
<msg time="2025-06-15T16:42:37.475613" level="INFO">${alert_element} = css=.alert-error &gt;&gt; text=Informe seu nome completo</msg>
<var>${alert_element}</var>
<arg>css=.alert-error &gt;&gt; text=${message}</arg>
<doc>Returns the given values which can then be assigned to a variables.</doc>
<status status="PASS" start="2025-06-15T16:42:37.475321" elapsed="0.000331"/>
</kw>
<kw name="Wait For Elements State" owner="Browser">
<msg time="2025-06-15T16:42:37.480854" level="INFO">Waited for Element with selector css=.alert-error &gt;&gt; text=Informe seu nome completo at state visible</msg>
<arg>${alert_element}</arg>
<arg>visible</arg>
<arg>5</arg>
<tag>PageContent</tag>
<tag>Wait</tag>
<doc>Waits for the element found by ``selector`` to satisfy state option.</doc>
<status status="PASS" start="2025-06-15T16:42:37.475778" elapsed="0.005220"/>
</kw>
<kw name="Get Text" owner="Browser">
<msg time="2025-06-15T16:42:37.493524" level="INFO">Text: 'Informe seu nome completo'</msg>
<arg>${alert_element}</arg>
<arg>equal</arg>
<arg>${message}</arg>
<tag>Assertion</tag>
<tag>Getter</tag>
<tag>PageContent</tag>
<doc>Returns text attribute of the element found by ``selector``.</doc>
<status status="PASS" start="2025-06-15T16:42:37.481215" elapsed="0.012412"/>
</kw>
<arg>Informe seu nome completo</arg>
<status status="PASS" start="2025-06-15T16:42:37.474831" elapsed="0.018892"/>
</kw>
<kw name="Alert should be" owner="SignupPage">
<kw name="Set Variable" owner="BuiltIn">
<msg time="2025-06-15T16:42:37.494663" level="INFO">${alert_element} = css=.alert-error &gt;&gt; text=Informe seu e-email</msg>
<var>${alert_element}</var>
<arg>css=.alert-error &gt;&gt; text=${message}</arg>
<doc>Returns the given values which can then be assigned to a variables.</doc>
<status status="PASS" start="2025-06-15T16:42:37.494432" elapsed="0.000255"/>
</kw>
<kw name="Wait For Elements State" owner="Browser">
<msg time="2025-06-15T16:42:37.498855" level="INFO">Waited for Element with selector css=.alert-error &gt;&gt; text=Informe seu e-email at state visible</msg>
<arg>${alert_element}</arg>
<arg>visible</arg>
<arg>5</arg>
<tag>PageContent</tag>
<tag>Wait</tag>
<doc>Waits for the element found by ``selector`` to satisfy state option.</doc>
<status status="PASS" start="2025-06-15T16:42:37.494777" elapsed="0.004210"/>
</kw>
<kw name="Get Text" owner="Browser">
<msg time="2025-06-15T16:42:37.511186" level="INFO">Text: 'Informe seu e-email'</msg>
<arg>${alert_element}</arg>
<arg>equal</arg>
<arg>${message}</arg>
<tag>Assertion</tag>
<tag>Getter</tag>
<tag>PageContent</tag>
<doc>Returns text attribute of the element found by ``selector``.</doc>
<status status="PASS" start="2025-06-15T16:42:37.499141" elapsed="0.012160"/>
</kw>
<arg>Informe seu e-email</arg>
<status status="PASS" start="2025-06-15T16:42:37.494010" elapsed="0.017390"/>
</kw>
<kw name="Alert should be" owner="SignupPage">
<kw name="Set Variable" owner="BuiltIn">
<msg time="2025-06-15T16:42:37.512318" level="INFO">${alert_element} = css=.alert-error &gt;&gt; text=Informe uma senha com pelo menos 6 digitos</msg>
<var>${alert_element}</var>
<arg>css=.alert-error &gt;&gt; text=${message}</arg>
<doc>Returns the given values which can then be assigned to a variables.</doc>
<status status="PASS" start="2025-06-15T16:42:37.512089" elapsed="0.000253"/>
</kw>
<kw name="Wait For Elements State" owner="Browser">
<msg time="2025-06-15T16:42:37.516338" level="INFO">Waited for Element with selector css=.alert-error &gt;&gt; text=Informe uma senha com pelo menos 6 digitos at state visible</msg>
<arg>${alert_element}</arg>
<arg>visible</arg>
<arg>5</arg>
<tag>PageContent</tag>
<tag>Wait</tag>
<doc>Waits for the element found by ``selector`` to satisfy state option.</doc>
<status status="PASS" start="2025-06-15T16:42:37.512431" elapsed="0.004028"/>
</kw>
<kw name="Get Text" owner="Browser">
<msg time="2025-06-15T16:42:37.526303" level="INFO">Text: 'Informe uma senha com pelo menos 6 digitos'</msg>
<arg>${alert_element}</arg>
<arg>equal</arg>
<arg>${message}</arg>
<tag>Assertion</tag>
<tag>Getter</tag>
<tag>PageContent</tag>
<doc>Returns text attribute of the element found by ``selector``.</doc>
<status status="PASS" start="2025-06-15T16:42:37.516591" elapsed="0.009820"/>
</kw>
<arg>Informe uma senha com pelo menos 6 digitos</arg>
<status status="PASS" start="2025-06-15T16:42:37.511663" elapsed="0.014860"/>
</kw>
<msg time="2025-06-15T16:42:37.535782" level="INFO">Switching context to context=bf77fabd-81f2-47fd-8437-a1314a43eb2c in CURRENT</msg>
<msg time="2025-06-15T16:42:37.542704" level="INFO">Successfully changed active context: context=bf77fabd-81f2-47fd-8437-a1314a43eb2c</msg>
<msg time="2025-06-15T16:42:37.571412" level="INFO">Successfully closed Context</msg>
<status status="PASS" start="2025-06-15T16:42:36.664934" elapsed="0.861863"/>
</test>
<test id="s1-s2-t4" name="Não deve permitir email inválido" line="57">
<kw name="Iniciar sessão" owner="base" type="SETUP">
<kw name="New Browser" owner="Browser">
<msg time="2025-06-15T16:42:37.577219" level="INFO">Switching browser to browser=ead5da97-0c66-4335-ba5d-e2fa3c8bdefc</msg>
<msg time="2025-06-15T16:42:37.579571" level="INFO">Successfully changed active browser: browser=ead5da97-0c66-4335-ba5d-e2fa3c8bdefc</msg>
<msg time="2025-06-15T16:42:37.579709" level="INFO">Reusing existing browser with id: browser=ead5da97-0c66-4335-ba5d-e2fa3c8bdefc</msg>
<arg>browser=chromium</arg>
<arg>headless=False</arg>
<tag>BrowserControl</tag>
<tag>Setter</tag>
<doc>Create a new playwright Browser with specified options.</doc>
<status status="PASS" start="2025-06-15T16:42:37.576587" elapsed="0.003178"/>
</kw>
<kw name="New Page" owner="Browser">
<msg time="2025-06-15T16:42:38.251489" level="INFO">Successfully initialized new page object and opened url: http://localhost:3000</msg>
<msg time="2025-06-15T16:42:38.251559" level="INFO">No context was open. New context was automatically opened when this page is created.</msg>
<arg>${BASE_URL}</arg>
<tag>BrowserControl</tag>
<tag>Setter</tag>
<doc>Open a new Page.</doc>
<status status="PASS" start="2025-06-15T16:42:37.579927" elapsed="0.671764"/>
</kw>
<status status="PASS" start="2025-06-15T16:42:37.576060" elapsed="0.675728"/>
</kw>
<kw name="Create Dictionary" owner="BuiltIn">
<msg time="2025-06-15T16:42:38.252783" level="INFO">${user} = {'name': 'EMAIL INVÁLIDO', 'email': 'notanemail.com.br', 'password': 'teste123'}</msg>
<var>${user}</var>
<arg>name=EMAIL INVÁLIDO</arg>
<arg>email=notanemail.com.br</arg>
<arg>password=teste123</arg>
<doc>Creates and returns a dictionary based on the given ``items``.</doc>
<status status="PASS" start="2025-06-15T16:42:38.252157" elapsed="0.000670"/>
</kw>
<kw name="Go to signup page" owner="SignupPage">
<kw name="Go To" owner="Browser">
<msg time="2025-06-15T16:42:38.285026" level="INFO">Successfully opened URL http://localhost:3000/signup</msg>
<arg>http://localhost:3000/signup</arg>
<tag>BrowserControl</tag>
<tag>Setter</tag>
<doc>Navigates to the given ``url``.</doc>
<status status="PASS" start="2025-06-15T16:42:38.253805" elapsed="0.031390"/>
</kw>
<kw name="Set Variable" owner="BuiltIn">
<msg time="2025-06-15T16:42:38.285791" level="INFO">${element} = css=h1</msg>
<var>${element}</var>
<arg>css=h1</arg>
<doc>Returns the given values which can then be assigned to a variables.</doc>
<status status="PASS" start="2025-06-15T16:42:38.285370" elapsed="0.000452"/>
</kw>
<kw name="Wait For Elements State" owner="Browser">
<msg time="2025-06-15T16:42:38.305998" level="INFO">Waited for Element with selector css=h1 at state visible</msg>
<arg>${element}</arg>
<arg>visible</arg>
<arg>5</arg>
<tag>PageContent</tag>
<tag>Wait</tag>
<doc>Waits for the element found by ``selector`` to satisfy state option.</doc>
<status status="PASS" start="2025-06-15T16:42:38.285966" elapsed="0.020271"/>
</kw>
<kw name="Get Text" owner="Browser">
<msg time="2025-06-15T16:42:38.323778" level="INFO">Text: 'Faça seu cadastro'</msg>
<arg>${element}</arg>
<arg>equal</arg>
<arg>Faça seu cadastro</arg>
<tag>Assertion</tag>
<tag>Getter</tag>
<tag>PageContent</tag>
<doc>Returns text attribute of the element found by ``selector``.</doc>
<status status="PASS" start="2025-06-15T16:42:38.306486" elapsed="0.017440"/>
</kw>
<status status="PASS" start="2025-06-15T16:42:38.253160" elapsed="0.070888"/>
</kw>
<kw name="Submit signup form" owner="SignupPage">
<kw name="Fill Text" owner="Browser">
<msg time="2025-06-15T16:42:38.325503" level="INFO">Fills the text 'EMAIL INVÁLIDO' in the given field.</msg>
<arg>id=name</arg>
<arg>${user}[name]</arg>
<tag>PageContent</tag>
<tag>Setter</tag>
<doc>Clears and fills the given ``txt`` into the text field found by ``selector``.</doc>
<status status="PASS" start="2025-06-15T16:42:38.325058" elapsed="0.010910"/>
</kw>
<kw name="Fill Text" owner="Browser">
<msg time="2025-06-15T16:42:38.337473" level="INFO">Fills the text 'notanemail.com.br' in the given field.</msg>
<arg>id=email</arg>
<arg>${user}[email]</arg>
<tag>PageContent</tag>
<tag>Setter</tag>
<doc>Clears and fills the given ``txt`` into the text field found by ``selector``.</doc>
<status status="PASS" start="2025-06-15T16:42:38.336461" elapsed="0.011142"/>
</kw>
<kw name="Fill Text" owner="Browser">
<msg time="2025-06-15T16:42:38.348312" level="INFO">Fills the text 'teste123' in the given field.</msg>
<arg>id=password</arg>
<arg>${user}[password]</arg>
<tag>PageContent</tag>
<tag>Setter</tag>
<doc>Clears and fills the given ``txt`` into the text field found by ``selector``.</doc>
<status status="PASS" start="2025-06-15T16:42:38.347805" elapsed="0.010782"/>
</kw>
<kw name="Click" owner="Browser">
<msg time="2025-06-15T16:42:38.359408" level="INFO">Clicks the element 'id=buttonSignup'.</msg>
<arg>id=buttonSignup</arg>
<tag>PageContent</tag>
<tag>Setter</tag>
<doc>Simulates mouse click on the element found by ``selector``.</doc>
<status status="PASS" start="2025-06-15T16:42:38.358819" elapsed="0.045980"/>
</kw>
<arg>${user}</arg>
<status status="PASS" start="2025-06-15T16:42:38.324379" elapsed="0.080609"/>
</kw>
<kw name="Alert should be" owner="SignupPage">
<kw name="Set Variable" owner="BuiltIn">
<msg time="2025-06-15T16:42:38.406269" level="INFO">${alert_element} = css=.alert-error &gt;&gt; text=Digite um e-mail válido</msg>
<var>${alert_element}</var>
<arg>css=.alert-error &gt;&gt; text=${message}</arg>
<doc>Returns the given values which can then be assigned to a variables.</doc>
<status status="PASS" start="2025-06-15T16:42:38.405964" elapsed="0.000338"/>
</kw>
<kw name="Wait For Elements State" owner="Browser">
<msg time="2025-06-15T16:42:38.411383" level="INFO">Waited for Element with selector css=.alert-error &gt;&gt; text=Digite um e-mail válido at state visible</msg>
<arg>${alert_element}</arg>
<arg>visible</arg>
<arg>5</arg>
<tag>PageContent</tag>
<tag>Wait</tag>
<doc>Waits for the element found by ``selector`` to satisfy state option.</doc>
<status status="PASS" start="2025-06-15T16:42:38.406405" elapsed="0.005146"/>
</kw>
<kw name="Get Text" owner="Browser">
<msg time="2025-06-15T16:42:38.423136" level="INFO">Text: 'Digite um e-mail válido'</msg>
<arg>${alert_element}</arg>
<arg>equal</arg>
<arg>${message}</arg>
<tag>Assertion</tag>
<tag>Getter</tag>
<tag>PageContent</tag>
<doc>Returns text attribute of the element found by ``selector``.</doc>
<status status="PASS" start="2025-06-15T16:42:38.411708" elapsed="0.011605"/>
</kw>
<arg>Digite um e-mail válido</arg>
<status status="PASS" start="2025-06-15T16:42:38.405418" elapsed="0.018069"/>
</kw>
<msg time="2025-06-15T16:42:38.431764" level="INFO">Switching context to context=5e8fa36d-bab9-405c-aae4-aa7304bebfdf in CURRENT</msg>
<msg time="2025-06-15T16:42:38.435942" level="INFO">Successfully changed active context: context=5e8fa36d-bab9-405c-aae4-aa7304bebfdf</msg>
<msg time="2025-06-15T16:42:38.464620" level="INFO">Successfully closed Context</msg>
<status status="PASS" start="2025-06-15T16:42:37.572595" elapsed="0.851109"/>
</test>
<doc>Cenários de testes de cadastro de usuários</doc>
<status status="PASS" start="2025-06-15T16:42:32.565774" elapsed="5.899601"/>
</suite>
<suite id="s1-s3" name="Signup Attempt" source="C:\compass_pb\Documentos\Sprint7\QAx\projects\mark85-robot-express\tests\signup_attempt.robot">
<test id="s1-s3-t1" name="Não deve permitir senha com 1 digito" line="9">
<kw name="Iniciar sessão" owner="base" type="SETUP">
<kw name="New Browser" owner="Browser">
<msg time="2025-06-15T16:42:38.481211" level="INFO">Switching browser to browser=ead5da97-0c66-4335-ba5d-e2fa3c8bdefc</msg>
<msg time="2025-06-15T16:42:38.482393" level="INFO">Successfully changed active browser: browser=ead5da97-0c66-4335-ba5d-e2fa3c8bdefc</msg>
<msg time="2025-06-15T16:42:38.482450" level="INFO">Reusing existing browser with id: browser=ead5da97-0c66-4335-ba5d-e2fa3c8bdefc</msg>
<arg>browser=chromium</arg>
<arg>headless=False</arg>
<tag>BrowserControl</tag>
<tag>Setter</tag>
<doc>Create a new playwright Browser with specified options.</doc>
<status status="PASS" start="2025-06-15T16:42:38.480783" elapsed="0.001710"/>
</kw>
<kw name="New Page" owner="Browser">
<msg time="2025-06-15T16:42:39.143760" level="INFO">Successfully initialized new page object and opened url: http://localhost:3000</msg>
<msg time="2025-06-15T16:42:39.143832" level="INFO">No context was open. New context was automatically opened when this page is created.</msg>
<arg>${BASE_URL}</arg>
<tag>BrowserControl</tag>
<tag>Setter</tag>
<doc>Open a new Page.</doc>
<status status="PASS" start="2025-06-15T16:42:38.482598" elapsed="0.661373"/>
</kw>
<status status="PASS" start="2025-06-15T16:42:38.480419" elapsed="0.663667"/>
</kw>
<kw name="Short password" owner="base">
<kw name="Create Dictionary" owner="BuiltIn">
<msg time="2025-06-15T16:42:39.145276" level="INFO">${user} = {'name': 'Luis', 'email': 'teste1@qa.com', 'password': '1'}</msg>
<var>${user}</var>
<arg>name=Luis</arg>
<arg>email=teste1@qa.com</arg>
<arg>password=${short_password}</arg>
<doc>Creates and returns a dictionary based on the given ``items``.</doc>
<status status="PASS" start="2025-06-15T16:42:39.144952" elapsed="0.000357"/>
</kw>
<kw name="Go to signup page" owner="SignupPage">
<kw name="Go To" owner="Browser">
<msg time="2025-06-15T16:42:39.178406" level="INFO">Successfully opened URL http://localhost:3000/signup</msg>
<arg>http://localhost:3000/signup</arg>
<tag>BrowserControl</tag>
<tag>Setter</tag>
<doc>Navigates to the given ``url``.</doc>
<status status="PASS" start="2025-06-15T16:42:39.145849" elapsed="0.032752"/>
</kw>
<kw name="Set Variable" owner="BuiltIn">
<msg time="2025-06-15T16:42:39.179118" level="INFO">${element} = css=h1</msg>
<var>${element}</var>
<arg>css=h1</arg>
<doc>Returns the given values which can then be assigned to a variables.</doc>
<status status="PASS" start="2025-06-15T16:42:39.178787" elapsed="0.000364"/>
</kw>
<kw name="Wait For Elements State" owner="Browser">
<msg time="2025-06-15T16:42:39.196787" level="INFO">Waited for Element with selector css=h1 at state visible</msg>
<arg>${element}</arg>
<arg>visible</arg>
<arg>5</arg>
<tag>PageContent</tag>
<tag>Wait</tag>
<doc>Waits for the element found by ``selector`` to satisfy state option.</doc>
<status status="PASS" start="2025-06-15T16:42:39.179251" elapsed="0.017701"/>
</kw>
<kw name="Get Text" owner="Browser">
<msg time="2025-06-15T16:42:39.212595" level="INFO">Text: 'Faça seu cadastro'</msg>
<arg>${element}</arg>
<arg>equal</arg>
<arg>Faça seu cadastro</arg>
<tag>Assertion</tag>
<tag>Getter</tag>
<tag>PageContent</tag>
<doc>Returns text attribute of the element found by ``selector``.</doc>
<status status="PASS" start="2025-06-15T16:42:39.197114" elapsed="0.015596"/>
</kw>
<status status="PASS" start="2025-06-15T16:42:39.145515" elapsed="0.067303"/>
</kw>
<kw name="Submit signup form" owner="SignupPage">
<kw name="Fill Text" owner="Browser">
<msg time="2025-06-15T16:42:39.213903" level="INFO">Fills the text 'Luis' in the given field.</msg>
<arg>id=name</arg>
<arg>${user}[name]</arg>
<tag>PageContent</tag>
<tag>Setter</tag>
<doc>Clears and fills the given ``txt`` into the text field found by ``selector``.</doc>
<status status="PASS" start="2025-06-15T16:42:39.213437" elapsed="0.013003"/>
</kw>
<kw name="Fill Text" owner="Browser">
<msg time="2025-06-15T16:42:39.227182" level="INFO">Fills the text 'teste1@qa.com' in the given field.</msg>
<arg>id=email</arg>
<arg>${user}[email]</arg>
<tag>PageContent</tag>
<tag>Setter</tag>
<doc>Clears and fills the given ``txt`` into the text field found by ``selector``.</doc>
<status status="PASS" start="2025-06-15T16:42:39.226646" elapsed="0.009910"/>
</kw>
<kw name="Fill Text" owner="Browser">
<msg time="2025-06-15T16:42:39.238107" level="INFO">Fills the text '1' in the given field.</msg>
<arg>id=password</arg>
<arg>${user}[password]</arg>
<tag>PageContent</tag>
<tag>Setter</tag>
<doc>Clears and fills the given ``txt`` into the text field found by ``selector``.</doc>
<status status="PASS" start="2025-06-15T16:42:39.237085" elapsed="0.009522"/>
</kw>
<kw name="Click" owner="Browser">
<msg time="2025-06-15T16:42:39.247259" level="INFO">Clicks the element 'id=buttonSignup'.</msg>
<arg>id=buttonSignup</arg>
<tag>PageContent</tag>
<tag>Setter</tag>
<doc>Simulates mouse click on the element found by ``selector``.</doc>
<status status="PASS" start="2025-06-15T16:42:39.246786" elapsed="0.038797"/>
</kw>
<arg>${user}</arg>
<status status="PASS" start="2025-06-15T16:42:39.212983" elapsed="0.072736"/>
</kw>
<kw name="Alert should be" owner="SignupPage">
<kw name="Set Variable" owner="BuiltIn">
<msg time="2025-06-15T16:42:39.287074" level="INFO">${alert_element} = css=.alert-error &gt;&gt; text=Informe uma senha com pelo menos 6 digitos</msg>
<var>${alert_element}</var>
<arg>css=.alert-error &gt;&gt; text=${message}</arg>
<doc>Returns the given values which can then be assigned to a variables.</doc>
<status status="PASS" start="2025-06-15T16:42:39.286587" elapsed="0.000537"/>
</kw>
<kw name="Wait For Elements State" owner="Browser">
<msg time="2025-06-15T16:42:39.293237" level="INFO">Waited for Element with selector css=.alert-error &gt;&gt; text=Informe uma senha com pelo menos 6 digitos at state visible</msg>
<arg>${alert_element}</arg>
<arg>visible</arg>
<arg>5</arg>
<tag>PageContent</tag>
<tag>Wait</tag>
<doc>Waits for the element found by ``selector`` to satisfy state option.</doc>
<status status="PASS" start="2025-06-15T16:42:39.287329" elapsed="0.006074"/>
</kw>
<kw name="Get Text" owner="Browser">
<msg time="2025-06-15T16:42:39.302459" level="INFO">Text: 'Informe uma senha com pelo menos 6 digitos'</msg>
<arg>${alert_element}</arg>
<arg>equal</arg>
<arg>${message}</arg>
<tag>Assertion</tag>
<tag>Getter</tag>
<tag>PageContent</tag>
<doc>Returns text attribute of the element found by ``selector``.</doc>
<status status="PASS" start="2025-06-15T16:42:39.293562" elapsed="0.009036"/>
</kw>
<arg>Informe uma senha com pelo menos 6 digitos</arg>
<status status="PASS" start="2025-06-15T16:42:39.285931" elapsed="0.016784"/>
</kw>
<arg>1</arg>
<status status="PASS" start="2025-06-15T16:42:39.144423" elapsed="0.158346"/>
</kw>
<msg time="2025-06-15T16:42:39.312787" level="INFO">Switching context to context=23e16be4-6455-4f1a-a8aa-618ccca6454e in CURRENT</msg>
<msg time="2025-06-15T16:42:39.319700" level="INFO">Successfully changed active context: context=23e16be4-6455-4f1a-a8aa-618ccca6454e</msg>
<msg time="2025-06-15T16:42:39.348781" level="INFO">Successfully closed Context</msg>
<status status="PASS" start="2025-06-15T16:42:38.478690" elapsed="0.824363"/>
</test>
<test id="s1-s3-t2" name="Não deve permitir senha com 2 digitos" line="11">
<kw name="Iniciar sessão" owner="base" type="SETUP">
<kw name="New Browser" owner="Browser">
<msg time="2025-06-15T16:42:39.353992" level="INFO">Switching browser to browser=ead5da97-0c66-4335-ba5d-e2fa3c8bdefc</msg>
<msg time="2025-06-15T16:42:39.357253" level="INFO">Successfully changed active browser: browser=ead5da97-0c66-4335-ba5d-e2fa3c8bdefc</msg>
<msg time="2025-06-15T16:42:39.357483" level="INFO">Reusing existing browser with id: browser=ead5da97-0c66-4335-ba5d-e2fa3c8bdefc</msg>
<arg>browser=chromium</arg>
<arg>headless=False</arg>
<tag>BrowserControl</tag>
<tag>Setter</tag>
<doc>Create a new playwright Browser with specified options.</doc>
<status status="PASS" start="2025-06-15T16:42:39.353125" elapsed="0.004438"/>
</kw>
<kw name="New Page" owner="Browser">
<msg time="2025-06-15T16:42:40.018137" level="INFO">Successfully initialized new page object and opened url: http://localhost:3000</msg>
<msg time="2025-06-15T16:42:40.018218" level="INFO">No context was open. New context was automatically opened when this page is created.</msg>
<arg>${BASE_URL}</arg>
<tag>BrowserControl</tag>
<tag>Setter</tag>
<doc>Open a new Page.</doc>
<status status="PASS" start="2025-06-15T16:42:39.357824" elapsed="0.660554"/>
</kw>
<status status="PASS" start="2025-06-15T16:42:39.352347" elapsed="0.666135"/>
</kw>
<kw name="Short password" owner="base">
<kw name="Create Dictionary" owner="BuiltIn">
<msg time="2025-06-15T16:42:40.020550" level="INFO">${user} = {'name': 'Luis', 'email': 'teste1@qa.com', 'password': '12'}</msg>
<var>${user}</var>
<arg>name=Luis</arg>
<arg>email=teste1@qa.com</arg>
<arg>password=${short_password}</arg>
<doc>Creates and returns a dictionary based on the given ``items``.</doc>
<status status="PASS" start="2025-06-15T16:42:40.019783" elapsed="0.000828"/>
</kw>
<kw name="Go to signup page" owner="SignupPage">
<kw name="Go To" owner="Browser">
<msg time="2025-06-15T16:42:40.050570" level="INFO">Successfully opened URL http://localhost:3000/signup</msg>
<arg>http://localhost:3000/signup</arg>
<tag>BrowserControl</tag>
<tag>Setter</tag>
<doc>Navigates to the given ``url``.</doc>
<status status="PASS" start="2025-06-15T16:42:40.021383" elapsed="0.029396"/>
</kw>
<kw name="Set Variable" owner="BuiltIn">
<msg time="2025-06-15T16:42:40.051288" level="INFO">${element} = css=h1</msg>
<var>${element}</var>
<arg>css=h1</arg>
<doc>Returns the given values which can then be assigned to a variables.</doc>
<status status="PASS" start="2025-06-15T16:42:40.050950" elapsed="0.000363"/>
</kw>
<kw name="Wait For Elements State" owner="Browser">
<msg time="2025-06-15T16:42:40.068649" level="INFO">Waited for Element with selector css=h1 at state visible</msg>
<arg>${element}</arg>
<arg>visible</arg>
<arg>5</arg>
<tag>PageContent</tag>
<tag>Wait</tag>
<doc>Waits for the element found by ``selector`` to satisfy state option.</doc>
<status status="PASS" start="2025-06-15T16:42:40.051417" elapsed="0.017555"/>
</kw>
<kw name="Get Text" owner="Browser">
<msg time="2025-06-15T16:42:40.085466" level="INFO">Text: 'Faça seu cadastro'</msg>
<arg>${element}</arg>
<arg>equal</arg>
<arg>Faça seu cadastro</arg>
<tag>Assertion</tag>
<tag>Getter</tag>
<tag>PageContent</tag>
<doc>Returns text attribute of the element found by ``selector``.</doc>
<status status="PASS" start="2025-06-15T16:42:40.069264" elapsed="0.016380"/>
</kw>
<status status="PASS" start="2025-06-15T16:42:40.020889" elapsed="0.064915"/>
</kw>
<kw name="Submit signup form" owner="SignupPage">
<kw name="Fill Text" owner="Browser">
<msg time="2025-06-15T16:42:40.087166" level="INFO">Fills the text 'Luis' in the given field.</msg>
<arg>id=name</arg>
<arg>${user}[name]</arg>
<tag>PageContent</tag>
<tag>Setter</tag>
<doc>Clears and fills the given ``txt`` into the text field found by ``selector``.</doc>
<status status="PASS" start="2025-06-15T16:42:40.086579" elapsed="0.011278"/>
</kw>
<kw name="Fill Text" owner="Browser">
<msg time="2025-06-15T16:42:40.098563" level="INFO">Fills the text 'teste1@qa.com' in the given field.</msg>
<arg>id=email</arg>
<arg>${user}[email]</arg>
<tag>PageContent</tag>
<tag>Setter</tag>
<doc>Clears and fills the given ``txt`` into the text field found by ``selector``.</doc>
<status status="PASS" start="2025-06-15T16:42:40.098037" elapsed="0.011186"/>
</kw>
<kw name="Fill Text" owner="Browser">
<msg time="2025-06-15T16:42:40.110180" level="INFO">Fills the text '12' in the given field.</msg>
<arg>id=password</arg>
<arg>${user}[password]</arg>
<tag>PageContent</tag>
<tag>Setter</tag>
<doc>Clears and fills the given ``txt`` into the text field found by ``selector``.</doc>
<status status="PASS" start="2025-06-15T16:42:40.109470" elapsed="0.008700"/>
</kw>
<kw name="Click" owner="Browser">
<msg time="2025-06-15T16:42:40.118860" level="INFO">Clicks the element 'id=buttonSignup'.</msg>
<arg>id=buttonSignup</arg>
<tag>PageContent</tag>
<tag>Setter</tag>
<doc>Simulates mouse click on the element found by ``selector``.</doc>
<status status="PASS" start="2025-06-15T16:42:40.118344" elapsed="0.050457"/>
</kw>
<arg>${user}</arg>
<status status="PASS" start="2025-06-15T16:42:40.086018" elapsed="0.083029"/>
</kw>
<kw name="Alert should be" owner="SignupPage">
<kw name="Set Variable" owner="BuiltIn">
<msg time="2025-06-15T16:42:40.170101" level="INFO">${alert_element} = css=.alert-error &gt;&gt; text=Informe uma senha com pelo menos 6 digitos</msg>
<var>${alert_element}</var>
<arg>css=.alert-error &gt;&gt; text=${message}</arg>
<doc>Returns the given values which can then be assigned to a variables.</doc>
<status status="PASS" start="2025-06-15T16:42:40.169783" elapsed="0.000355"/>
</kw>
<kw name="Wait For Elements State" owner="Browser">
<msg time="2025-06-15T16:42:40.176596" level="INFO">Waited for Element with selector css=.alert-error &gt;&gt; text=Informe uma senha com pelo menos 6 digitos at state visible</msg>
<arg>${alert_element}</arg>
<arg>visible</arg>
<arg>5</arg>
<tag>PageContent</tag>
<tag>Wait</tag>
<doc>Waits for the element found by ``selector`` to satisfy state option.</doc>
<status status="PASS" start="2025-06-15T16:42:40.170271" elapsed="0.006498"/>
</kw>
<kw name="Get Text" owner="Browser">
<msg time="2025-06-15T16:42:40.185033" level="INFO">Text: 'Informe uma senha com pelo menos 6 digitos'</msg>
<arg>${alert_element}</arg>
<arg>equal</arg>
<arg>${message}</arg>
<tag>Assertion</tag>
<tag>Getter</tag>
<tag>PageContent</tag>
<doc>Returns text attribute of the element found by ``selector``.</doc>
<status status="PASS" start="2025-06-15T16:42:40.176926" elapsed="0.008201"/>
</kw>
<arg>Informe uma senha com pelo menos 6 digitos</arg>
<status status="PASS" start="2025-06-15T16:42:40.169252" elapsed="0.015967"/>
</kw>
<arg>12</arg>
<status status="PASS" start="2025-06-15T16:42:40.018835" elapsed="0.166439"/>
</kw>
<msg time="2025-06-15T16:42:40.196653" level="INFO">Switching context to context=76f04374-fcd3-4240-84ed-8a07111106ed in CURRENT</msg>
<msg time="2025-06-15T16:42:40.200050" level="INFO">Successfully changed active context: context=76f04374-fcd3-4240-84ed-8a07111106ed</msg>
<msg time="2025-06-15T16:42:40.229262" level="INFO">Successfully closed Context</msg>
<status status="PASS" start="2025-06-15T16:42:39.349612" elapsed="0.835909"/>
</test>
<test id="s1-s3-t3" name="Não deve permitir senha com 3 digitos" line="13">
<kw name="Iniciar sessão" owner="base" type="SETUP">
<kw name="New Browser" owner="Browser">
<msg time="2025-06-15T16:42:40.233389" level="INFO">Switching browser to browser=ead5da97-0c66-4335-ba5d-e2fa3c8bdefc</msg>
<msg time="2025-06-15T16:42:40.235159" level="INFO">Successfully changed active browser: browser=ead5da97-0c66-4335-ba5d-e2fa3c8bdefc</msg>
<msg time="2025-06-15T16:42:40.235279" level="INFO">Reusing existing browser with id: browser=ead5da97-0c66-4335-ba5d-e2fa3c8bdefc</msg>
<arg>browser=chromium</arg>
<arg>headless=False</arg>
<tag>BrowserControl</tag>
<tag>Setter</tag>
<doc>Create a new playwright Browser with specified options.</doc>
<status status="PASS" start="2025-06-15T16:42:40.232810" elapsed="0.002521"/>
</kw>
<kw name="New Page" owner="Browser">
<msg time="2025-06-15T16:42:40.887194" level="INFO">Successfully initialized new page object and opened url: http://localhost:3000</msg>
<msg time="2025-06-15T16:42:40.887293" level="INFO">No context was open. New context was automatically opened when this page is created.</msg>
<arg>${BASE_URL}</arg>
<tag>BrowserControl</tag>
<tag>Setter</tag>
<doc>Open a new Page.</doc>
<status status="PASS" start="2025-06-15T16:42:40.235501" elapsed="0.651991"/>
</kw>
<status status="PASS" start="2025-06-15T16:42:40.232313" elapsed="0.655328"/>
</kw>
<kw name="Short password" owner="base">
<kw name="Create Dictionary" owner="BuiltIn">
<msg time="2025-06-15T16:42:40.890088" level="INFO">${user} = {'name': 'Luis', 'email': 'teste1@qa.com', 'password': '123'}</msg>
<var>${user}</var>
<arg>name=Luis</arg>
<arg>email=teste1@qa.com</arg>
<arg>password=${short_password}</arg>
<doc>Creates and returns a dictionary based on the given ``items``.</doc>
<status status="PASS" start="2025-06-15T16:42:40.889236" elapsed="0.000907"/>
</kw>
<kw name="Go to signup page" owner="SignupPage">
<kw name="Go To" owner="Browser">
<msg time="2025-06-15T16:42:40.918850" level="INFO">Successfully opened URL http://localhost:3000/signup</msg>
<arg>http://localhost:3000/signup</arg>
<tag>BrowserControl</tag>
<tag>Setter</tag>
<doc>Navigates to the given ``url``.</doc>
<status status="PASS" start="2025-06-15T16:42:40.891018" elapsed="0.028153"/>
</kw>
<kw name="Set Variable" owner="BuiltIn">
<msg time="2025-06-15T16:42:40.919857" level="INFO">${element} = css=h1</msg>
<var>${element}</var>
<arg>css=h1</arg>
<doc>Returns the given values which can then be assigned to a variables.</doc>
<status status="PASS" start="2025-06-15T16:42:40.919404" elapsed="0.000484"/>
</kw>
<kw name="Wait For Elements State" owner="Browser">
<msg time="2025-06-15T16:42:40.940533" level="INFO">Waited for Element with selector css=h1 at state visible</msg>
<arg>${element}</arg>
<arg>visible</arg>
<arg>5</arg>
<tag>PageContent</tag>
<tag>Wait</tag>
<doc>Waits for the element found by ``selector`` to satisfy state option.</doc>
<status status="PASS" start="2025-06-15T16:42:40.920060" elapsed="0.020654"/>
</kw>
<kw name="Get Text" owner="Browser">
<msg time="2025-06-15T16:42:40.958291" level="INFO">Text: 'Faça seu cadastro'</msg>
<arg>${element}</arg>
<arg>equal</arg>
<arg>Faça seu cadastro</arg>
<tag>Assertion</tag>
<tag>Getter</tag>
<tag>PageContent</tag>
<doc>Returns text attribute of the element found by ``selector``.</doc>
<status status="PASS" start="2025-06-15T16:42:40.940886" elapsed="0.017510"/>
</kw>
<status status="PASS" start="2025-06-15T16:42:40.890428" elapsed="0.068064"/>
</kw>
<kw name="Submit signup form" owner="SignupPage">
<kw name="Fill Text" owner="Browser">
<msg time="2025-06-15T16:42:40.959441" level="INFO">Fills the text 'Luis' in the given field.</msg>
<arg>id=name</arg>
<arg>${user}[name]</arg>
<tag>PageContent</tag>
<tag>Setter</tag>
<doc>Clears and fills the given ``txt`` into the text field found by ``selector``.</doc>
<status status="PASS" start="2025-06-15T16:42:40.959047" elapsed="0.009474"/>
</kw>
<kw name="Fill Text" owner="Browser">
<msg time="2025-06-15T16:42:40.969425" level="INFO">Fills the text 'teste1@qa.com' in the given field.</msg>
<arg>id=email</arg>
<arg>${user}[email]</arg>
<tag>PageContent</tag>
<tag>Setter</tag>
<doc>Clears and fills the given ``txt`` into the text field found by ``selector``.</doc>
<status status="PASS" start="2025-06-15T16:42:40.968714" elapsed="0.011944"/>
</kw>
<kw name="Fill Text" owner="Browser">
<msg time="2025-06-15T16:42:40.981348" level="INFO">Fills the text '123' in the given field.</msg>
<arg>id=password</arg>
<arg>${user}[password]</arg>
<tag>PageContent</tag>
<tag>Setter</tag>
<doc>Clears and fills the given ``txt`` into the text field found by ``selector``.</doc>
<status status="PASS" start="2025-06-15T16:42:40.980841" elapsed="0.010711"/>
</kw>
<kw name="Click" owner="Browser">
<msg time="2025-06-15T16:42:40.992324" level="INFO">Clicks the element 'id=buttonSignup'.</msg>
<arg>id=buttonSignup</arg>
<tag>PageContent</tag>
<tag>Setter</tag>
<doc>Simulates mouse click on the element found by ``selector``.</doc>
<status status="PASS" start="2025-06-15T16:42:40.991746" elapsed="0.044493"/>
</kw>
<arg>${user}</arg>
<status status="PASS" start="2025-06-15T16:42:40.958653" elapsed="0.077805"/>
</kw>
<kw name="Alert should be" owner="SignupPage">
<kw name="Set Variable" owner="BuiltIn">
<msg time="2025-06-15T16:42:41.038886" level="INFO">${alert_element} = css=.alert-error &gt;&gt; text=Informe uma senha com pelo menos 6 digitos</msg>
<var>${alert_element}</var>
<arg>css=.alert-error &gt;&gt; text=${message}</arg>
<doc>Returns the given values which can then be assigned to a variables.</doc>
<status status="PASS" start="2025-06-15T16:42:41.037944" elapsed="0.001017"/>
</kw>
<kw name="Wait For Elements State" owner="Browser">
<msg time="2025-06-15T16:42:41.044577" level="INFO">Waited for Element with selector css=.alert-error &gt;&gt; text=Informe uma senha com pelo menos 6 digitos at state visible</msg>
<arg>${alert_element}</arg>
<arg>visible</arg>
<arg>5</arg>
<tag>PageContent</tag>
<tag>Wait</tag>
<doc>Waits for the element found by ``selector`` to satisfy state option.</doc>
<status status="PASS" start="2025-06-15T16:42:41.039282" elapsed="0.005514"/>
</kw>
<kw name="Get Text" owner="Browser">
<msg time="2025-06-15T16:42:41.055663" level="INFO">Text: 'Informe uma senha com pelo menos 6 digitos'</msg>
<arg>${alert_element}</arg>
<arg>equal</arg>
<arg>${message}</arg>
<tag>Assertion</tag>
<tag>Getter</tag>
<tag>PageContent</tag>
<doc>Returns text attribute of the element found by ``selector``.</doc>
<status status="PASS" start="2025-06-15T16:42:41.044967" elapsed="0.010847"/>
</kw>
<arg>Informe uma senha com pelo menos 6 digitos</arg>
<status status="PASS" start="2025-06-15T16:42:41.036819" elapsed="0.019120"/>
</kw>
<arg>123</arg>
<status status="PASS" start="2025-06-15T16:42:40.888298" elapsed="0.167701"/>
</kw>
<msg time="2025-06-15T16:42:41.064931" level="INFO">Switching context to context=72afa88e-ddcb-4050-bad6-fa58ee4ac348 in CURRENT</msg>
<msg time="2025-06-15T16:42:41.070086" level="INFO">Successfully changed active context: context=72afa88e-ddcb-4050-bad6-fa58ee4ac348</msg>
<msg time="2025-06-15T16:42:41.098174" level="INFO">Successfully closed Context</msg>
<status status="PASS" start="2025-06-15T16:42:40.229914" elapsed="0.826368"/>
</test>
<test id="s1-s3-t4" name="Não deve permitir senha com 4 digitos" line="15">
<kw name="Iniciar sessão" owner="base" type="SETUP">
<kw name="New Browser" owner="Browser">
<msg time="2025-06-15T16:42:41.102591" level="INFO">Switching browser to browser=ead5da97-0c66-4335-ba5d-e2fa3c8bdefc</msg>
<msg time="2025-06-15T16:42:41.105959" level="INFO">Successfully changed active browser: browser=ead5da97-0c66-4335-ba5d-e2fa3c8bdefc</msg>
<msg time="2025-06-15T16:42:41.106256" level="INFO">Reusing existing browser with id: browser=ead5da97-0c66-4335-ba5d-e2fa3c8bdefc</msg>
<arg>browser=chromium</arg>
<arg>headless=False</arg>
<tag>BrowserControl</tag>
<tag>Setter</tag>
<doc>Create a new playwright Browser with specified options.</doc>
<status status="PASS" start="2025-06-15T16:42:41.101887" elapsed="0.004492"/>
</kw>
<kw name="New Page" owner="Browser">
<msg time="2025-06-15T16:42:41.765516" level="INFO">Successfully initialized new page object and opened url: http://localhost:3000</msg>
<msg time="2025-06-15T16:42:41.765591" level="INFO">No context was open. New context was automatically opened when this page is created.</msg>
<arg>${BASE_URL}</arg>
<tag>BrowserControl</tag>
<tag>Setter</tag>
<doc>Open a new Page.</doc>
<status status="PASS" start="2025-06-15T16:42:41.106721" elapsed="0.659010"/>
</kw>
<status status="PASS" start="2025-06-15T16:42:41.101366" elapsed="0.664461"/>
</kw>
<kw name="Short password" owner="base">
<kw name="Create Dictionary" owner="BuiltIn">
<msg time="2025-06-15T16:42:41.767010" level="INFO">${user} = {'name': 'Luis', 'email': 'teste1@qa.com', 'password': '1234'}</msg>
<var>${user}</var>
<arg>name=Luis</arg>
<arg>email=teste1@qa.com</arg>
<arg>password=${short_password}</arg>
<doc>Creates and returns a dictionary based on the given ``items``.</doc>
<status status="PASS" start="2025-06-15T16:42:41.766654" elapsed="0.000389"/>
</kw>
<kw name="Go to signup page" owner="SignupPage">
<kw name="Go To" owner="Browser">
<msg time="2025-06-15T16:42:41.797952" level="INFO">Successfully opened URL http://localhost:3000/signup</msg>
<arg>http://localhost:3000/signup</arg>
<tag>BrowserControl</tag>
<tag>Setter</tag>
<doc>Navigates to the given ``url``.</doc>
<status status="PASS" start="2025-06-15T16:42:41.767464" elapsed="0.030689"/>
</kw>
<kw name="Set Variable" owner="BuiltIn">
<msg time="2025-06-15T16:42:41.798688" level="INFO">${element} = css=h1</msg>
<var>${element}</var>
<arg>css=h1</arg>
<doc>Returns the given values which can then be assigned to a variables.</doc>
<status status="PASS" start="2025-06-15T16:42:41.798351" elapsed="0.000367"/>
</kw>
<kw name="Wait For Elements State" owner="Browser">
<msg time="2025-06-15T16:42:41.816107" level="INFO">Waited for Element with selector css=h1 at state visible</msg>
<arg>${element}</arg>
<arg>visible</arg>
<arg>5</arg>
<tag>PageContent</tag>
<tag>Wait</tag>
<doc>Waits for the element found by ``selector`` to satisfy state option.</doc>
<status status="PASS" start="2025-06-15T16:42:41.798838" elapsed="0.017450"/>
</kw>
<kw name="Get Text" owner="Browser">
<msg time="2025-06-15T16:42:41.833129" level="INFO">Text: 'Faça seu cadastro'</msg>
<arg>${element}</arg>
<arg>equal</arg>
<arg>Faça seu cadastro</arg>
<tag>Assertion</tag>
<tag>Getter</tag>
<tag>PageContent</tag>
<doc>Returns text attribute of the element found by ``selector``.</doc>
<status status="PASS" start="2025-06-15T16:42:41.816456" elapsed="0.016778"/>
</kw>
<status status="PASS" start="2025-06-15T16:42:41.767189" elapsed="0.066146"/>
</kw>
<kw name="Submit signup form" owner="SignupPage">
<kw name="Fill Text" owner="Browser">
<msg time="2025-06-15T16:42:41.834283" level="INFO">Fills the text 'Luis' in the given field.</msg>
<arg>id=name</arg>
<arg>${user}[name]</arg>
<tag>PageContent</tag>
<tag>Setter</tag>
<doc>Clears and fills the given ``txt`` into the text field found by ``selector``.</doc>
<status status="PASS" start="2025-06-15T16:42:41.833883" elapsed="0.012955"/>
</kw>
<kw name="Fill Text" owner="Browser">
<msg time="2025-06-15T16:42:41.847573" level="INFO">Fills the text 'teste1@qa.com' in the given field.</msg>
<arg>id=email</arg>
<arg>${user}[email]</arg>
<tag>PageContent</tag>
<tag>Setter</tag>
<doc>Clears and fills the given ``txt`` into the text field found by ``selector``.</doc>
<status status="PASS" start="2025-06-15T16:42:41.847021" elapsed="0.010892"/>
</kw>
<kw name="Fill Text" owner="Browser">
<msg time="2025-06-15T16:42:41.858983" level="INFO">Fills the text '1234' in the given field.</msg>
<arg>id=password</arg>
<arg>${user}[password]</arg>
<tag>PageContent</tag>
<tag>Setter</tag>
<doc>Clears and fills the given ``txt`` into the text field found by ``selector``.</doc>
<status status="PASS" start="2025-06-15T16:42:41.858206" elapsed="0.008373"/>
</kw>
<kw name="Click" owner="Browser">
<msg time="2025-06-15T16:42:41.867247" level="INFO">Clicks the element 'id=buttonSignup'.</msg>
<arg>id=buttonSignup</arg>
<tag>PageContent</tag>
<tag>Setter</tag>
<doc>Simulates mouse click on the element found by ``selector``.</doc>
<status status="PASS" start="2025-06-15T16:42:41.866758" elapsed="0.052292"/>
</kw>
<arg>${user}</arg>
<status status="PASS" start="2025-06-15T16:42:41.833484" elapsed="0.085721"/>
</kw>
<kw name="Alert should be" owner="SignupPage">
<kw name="Set Variable" owner="BuiltIn">
<msg time="2025-06-15T16:42:41.920360" level="INFO">${alert_element} = css=.alert-error &gt;&gt; text=Informe uma senha com pelo menos 6 digitos</msg>
<var>${alert_element}</var>
<arg>css=.alert-error &gt;&gt; text=${message}</arg>
<doc>Returns the given values which can then be assigned to a variables.</doc>
<status status="PASS" start="2025-06-15T16:42:41.919937" elapsed="0.000466"/>
</kw>
<kw name="Wait For Elements State" owner="Browser">
<msg time="2025-06-15T16:42:41.926481" level="INFO">Waited for Element with selector css=.alert-error &gt;&gt; text=Informe uma senha com pelo menos 6 digitos at state visible</msg>
<arg>${alert_element}</arg>
<arg>visible</arg>
<arg>5</arg>
<tag>PageContent</tag>
<tag>Wait</tag>
<doc>Waits for the element found by ``selector`` to satisfy state option.</doc>
<status status="PASS" start="2025-06-15T16:42:41.920566" elapsed="0.006088"/>
</kw>
<kw name="Get Text" owner="Browser">
<msg time="2025-06-15T16:42:41.934284" level="INFO">Text: 'Informe uma senha com pelo menos 6 digitos'</msg>
<arg>${alert_element}</arg>
<arg>equal</arg>
<arg>${message}</arg>
<tag>Assertion</tag>
<tag>Getter</tag>
<tag>PageContent</tag>
<doc>Returns text attribute of the element found by ``selector``.</doc>
<status status="PASS" start="2025-06-15T16:42:41.926816" elapsed="0.007600"/>
</kw>
<arg>Informe uma senha com pelo menos 6 digitos</arg>
<status status="PASS" start="2025-06-15T16:42:41.919389" elapsed="0.015181"/>
</kw>
<arg>1234</arg>
<status status="PASS" start="2025-06-15T16:42:41.766122" elapsed="0.168499"/>
</kw>
<msg time="2025-06-15T16:42:41.945947" level="INFO">Switching context to context=8f43ccc3-fc6e-422a-94a2-0271b86bd216 in CURRENT</msg>
<msg time="2025-06-15T16:42:41.949448" level="INFO">Successfully changed active context: context=8f43ccc3-fc6e-422a-94a2-0271b86bd216</msg>
<msg time="2025-06-15T16:42:41.976441" level="INFO">Successfully closed Context</msg>
<status status="PASS" start="2025-06-15T16:42:41.098954" elapsed="0.835862"/>
</test>
<test id="s1-s3-t5" name="Não deve permitir senha com 5 digitos" line="17">
<kw name="Iniciar sessão" owner="base" type="SETUP">
<kw name="New Browser" owner="Browser">
<msg time="2025-06-15T16:42:41.980554" level="INFO">Switching browser to browser=ead5da97-0c66-4335-ba5d-e2fa3c8bdefc</msg>
<msg time="2025-06-15T16:42:41.982713" level="INFO">Successfully changed active browser: browser=ead5da97-0c66-4335-ba5d-e2fa3c8bdefc</msg>
<msg time="2025-06-15T16:42:41.982867" level="INFO">Reusing existing browser with id: browser=ead5da97-0c66-4335-ba5d-e2fa3c8bdefc</msg>
<arg>browser=chromium</arg>
<arg>headless=False</arg>
<tag>BrowserControl</tag>
<tag>Setter</tag>
<doc>Create a new playwright Browser with specified options.</doc>
<status status="PASS" start="2025-06-15T16:42:41.980074" elapsed="0.002851"/>
</kw>
<kw name="New Page" owner="Browser">
<msg time="2025-06-15T16:42:42.646188" level="INFO">Successfully initialized new page object and opened url: http://localhost:3000</msg>
<msg time="2025-06-15T16:42:42.646260" level="INFO">No context was open. New context was automatically opened when this page is created.</msg>
<arg>${BASE_URL}</arg>
<tag>BrowserControl</tag>
<tag>Setter</tag>
<doc>Open a new Page.</doc>
<status status="PASS" start="2025-06-15T16:42:41.983093" elapsed="0.663312"/>
</kw>
<status status="PASS" start="2025-06-15T16:42:41.979636" elapsed="0.666866"/>
</kw>
<kw name="Short password" owner="base">
<kw name="Create Dictionary" owner="BuiltIn">
<msg time="2025-06-15T16:42:42.647721" level="INFO">${user} = {'name': 'Luis', 'email': 'teste1@qa.com', 'password': '12345'}</msg>
<var>${user}</var>
<arg>name=Luis</arg>
<arg>email=teste1@qa.com</arg>
<arg>password=${short_password}</arg>
<doc>Creates and returns a dictionary based on the given ``items``.</doc>
<status status="PASS" start="2025-06-15T16:42:42.647375" elapsed="0.000378"/>
</kw>
<kw name="Go to signup page" owner="SignupPage">
<kw name="Go To" owner="Browser">
<msg time="2025-06-15T16:42:42.679513" level="INFO">Successfully opened URL http://localhost:3000/signup</msg>
<arg>http://localhost:3000/signup</arg>
<tag>BrowserControl</tag>
<tag>Setter</tag>
<doc>Navigates to the given ``url``.</doc>
<status status="PASS" start="2025-06-15T16:42:42.648215" elapsed="0.031491"/>
</kw>
<kw name="Set Variable" owner="BuiltIn">
<msg time="2025-06-15T16:42:42.680203" level="INFO">${element} = css=h1</msg>
<var>${element}</var>
<arg>css=h1</arg>
<doc>Returns the given values which can then be assigned to a variables.</doc>
<status status="PASS" start="2025-06-15T16:42:42.679878" elapsed="0.000350"/>
</kw>
<kw name="Wait For Elements State" owner="Browser">
<msg time="2025-06-15T16:42:42.698408" level="INFO">Waited for Element with selector css=h1 at state visible</msg>
<arg>${element}</arg>
<arg>visible</arg>
<arg>5</arg>
<tag>PageContent</tag>
<tag>Wait</tag>
<doc>Waits for the element found by ``selector`` to satisfy state option.</doc>
<status status="PASS" start="2025-06-15T16:42:42.680325" elapsed="0.018261"/>
</kw>
<kw name="Get Text" owner="Browser">
<msg time="2025-06-15T16:42:42.714595" level="INFO">Text: 'Faça seu cadastro'</msg>
<arg>${element}</arg>
<arg>equal</arg>
<arg>Faça seu cadastro</arg>
<tag>Assertion</tag>
<tag>Getter</tag>
<tag>PageContent</tag>
<doc>Returns text attribute of the element found by ``selector``.</doc>
<status status="PASS" start="2025-06-15T16:42:42.698748" elapsed="0.015957"/>
</kw>
<status status="PASS" start="2025-06-15T16:42:42.647908" elapsed="0.066897"/>
</kw>
<kw name="Submit signup form" owner="SignupPage">
<kw name="Fill Text" owner="Browser">
<msg time="2025-06-15T16:42:42.715738" level="INFO">Fills the text 'Luis' in the given field.</msg>
<arg>id=name</arg>
<arg>${user}[name]</arg>
<tag>PageContent</tag>
<tag>Setter</tag>
<doc>Clears and fills the given ``txt`` into the text field found by ``selector``.</doc>
<status status="PASS" start="2025-06-15T16:42:42.715337" elapsed="0.011451"/>
</kw>
<kw name="Fill Text" owner="Browser">
<msg time="2025-06-15T16:42:42.727516" level="INFO">Fills the text 'teste1@qa.com' in the given field.</msg>
<arg>id=email</arg>
<arg>${user}[email]</arg>
<tag>PageContent</tag>
<tag>Setter</tag>
<doc>Clears and fills the given ``txt`` into the text field found by ``selector``.</doc>
<status status="PASS" start="2025-06-15T16:42:42.726968" elapsed="0.008830"/>
</kw>
<kw name="Fill Text" owner="Browser">
<msg time="2025-06-15T16:42:42.736899" level="INFO">Fills the text '12345' in the given field.</msg>
<arg>id=password</arg>
<arg>${user}[password]</arg>
<tag>PageContent</tag>
<tag>Setter</tag>
<doc>Clears and fills the given ``txt`` into the text field found by ``selector``.</doc>
<status status="PASS" start="2025-06-15T16:42:42.736037" elapsed="0.010350"/>
</kw>
<kw name="Click" owner="Browser">
<msg time="2025-06-15T16:42:42.747066" level="INFO">Clicks the element 'id=buttonSignup'.</msg>
<arg>id=buttonSignup</arg>
<tag>PageContent</tag>
<tag>Setter</tag>
<doc>Simulates mouse click on the element found by ``selector``.</doc>
<status status="PASS" start="2025-06-15T16:42:42.746573" elapsed="0.039166"/>
</kw>
<arg>${user}</arg>
<status status="PASS" start="2025-06-15T16:42:42.714955" elapsed="0.070926"/>
</kw>
<kw name="Alert should be" owner="SignupPage">
<kw name="Set Variable" owner="BuiltIn">
<msg time="2025-06-15T16:42:42.787225" level="INFO">${alert_element} = css=.alert-error &gt;&gt; text=Informe uma senha com pelo menos 6 digitos</msg>
<var>${alert_element}</var>
<arg>css=.alert-error &gt;&gt; text=${message}</arg>
<doc>Returns the given values which can then be assigned to a variables.</doc>
<status status="PASS" start="2025-06-15T16:42:42.786738" elapsed="0.000533"/>
</kw>
<kw name="Wait For Elements State" owner="Browser">
<msg time="2025-06-15T16:42:42.793060" level="INFO">Waited for Element with selector css=.alert-error &gt;&gt; text=Informe uma senha com pelo menos 6 digitos at state visible</msg>
<arg>${alert_element}</arg>
<arg>visible</arg>
<arg>5</arg>
<tag>PageContent</tag>
<tag>Wait</tag>
<doc>Waits for the element found by ``selector`` to satisfy state option.</doc>
<status status="PASS" start="2025-06-15T16:42:42.787443" elapsed="0.005793"/>
</kw>
<kw name="Get Text" owner="Browser">
<msg time="2025-06-15T16:42:42.800937" level="INFO">Text: 'Informe uma senha com pelo menos 6 digitos'</msg>
<arg>${alert_element}</arg>
<arg>equal</arg>
<arg>${message}</arg>
<tag>Assertion</tag>
<tag>Getter</tag>
<tag>PageContent</tag>
<doc>Returns text attribute of the element found by ``selector``.</doc>
<status status="PASS" start="2025-06-15T16:42:42.793398" elapsed="0.007645"/>
</kw>
<arg>Informe uma senha com pelo menos 6 digitos</arg>
<status status="PASS" start="2025-06-15T16:42:42.786082" elapsed="0.015048"/>
</kw>
<arg>12345</arg>
<status status="PASS" start="2025-06-15T16:42:42.646809" elapsed="0.154370"/>
</kw>
<msg time="2025-06-15T16:42:42.812683" level="INFO">Switching context to context=c3efef02-b68a-4338-98ea-9de2a0c5849f in CURRENT</msg>
<msg time="2025-06-15T16:42:42.816842" level="INFO">Successfully changed active context: context=c3efef02-b68a-4338-98ea-9de2a0c5849f</msg>
<msg time="2025-06-15T16:42:42.847039" level="INFO">Successfully closed Context</msg>
<status status="PASS" start="2025-06-15T16:42:41.977184" elapsed="0.824195"/>
</test>
<doc>Cenários de tentativa de cadastro com senha curta</doc>
<status status="PASS" start="2025-06-15T16:42:38.469630" elapsed="4.378242"/>
</suite>
<status status="PASS" start="2025-06-15T16:42:26.310880" elapsed="16.541066"/>
</suite>
<statistics>
<total>
<stat pass="10" fail="0" skip="0">All Tests</stat>
</total>
<tag>
</tag>
<suite>
<stat name="Tests" id="s1" pass="10" fail="0" skip="0">Tests</stat>
<stat name="Online" id="s1-s1" pass="1" fail="0" skip="0">Tests.Online</stat>
<stat name="Signup" id="s1-s2" pass="4" fail="0" skip="0">Tests.Signup</stat>
<stat name="Signup Attempt" id="s1-s3" pass="5" fail="0" skip="0">Tests.Signup Attempt</stat>
</suite>
</statistics>
<errors>
</errors>
</robot>
