<?xml version="1.0" encoding="UTF-8"?>
<robot generator="Robot 7.2.2 (Python 3.10.12 on linux)" generated="2025-05-20T17:56:10.467250" rpa="false" schemaversion="5">
<suite id="s1" name="Listas" source="/home/luisms/compass_pb/Documentos/Sprint 5/robotframework/listas.robot">
<test id="s1-t1" name="Exemplo de Teste" line="7">
<kw name="Log" owner="BuiltIn">
<msg time="2025-05-20T17:56:10.490127" level="INFO">janeiro</msg>
<arg>${MESES[0]}</arg>
<doc>Logs the given message with the given level.</doc>
<status status="PASS" start="2025-05-20T17:56:10.489567" elapsed="0.000623"/>
</kw>
<kw name="Log" owner="BuiltIn">
<msg time="2025-05-20T17:56:10.490780" level="INFO">fevereiro</msg>
<arg>${MESES[1]}</arg>
<doc>Logs the given message with the given level.</doc>
<status status="PASS" start="2025-05-20T17:56:10.490490" elapsed="0.000326"/>
</kw>
<kw name="Log" owner="BuiltIn">
<msg time="2025-05-20T17:56:10.491205" level="INFO">março</msg>
<arg>${MESES[2]}</arg>
<doc>Logs the given message with the given level.</doc>
<status status="PASS" start="2025-05-20T17:56:10.490932" elapsed="0.000308"/>
</kw>
<kw name="Log" owner="BuiltIn">
<msg time="2025-05-20T17:56:10.491607" level="INFO">abril</msg>
<arg>${MESES[3]}</arg>
<doc>Logs the given message with the given level.</doc>
<status status="PASS" start="2025-05-20T17:56:10.491351" elapsed="0.000289"/>
</kw>
<kw name="Log" owner="BuiltIn">
<msg time="2025-05-20T17:56:10.492001" level="INFO">maio</msg>
<arg>${MESES[4]}</arg>
<doc>Logs the given message with the given level.</doc>
<status status="PASS" start="2025-05-20T17:56:10.491749" elapsed="0.000284"/>
</kw>
<kw name="Log" owner="BuiltIn">
<msg time="2025-05-20T17:56:10.492409" level="INFO">junho</msg>
<arg>${MESES[5]}</arg>
<doc>Logs the given message with the given level.</doc>
<status status="PASS" start="2025-05-20T17:56:10.492151" elapsed="0.000292"/>
</kw>
<kw name="Log" owner="BuiltIn">
<msg time="2025-05-20T17:56:10.492808" level="INFO">julho</msg>
<arg>${MESES[6]}</arg>
<doc>Logs the given message with the given level.</doc>
<status status="PASS" start="2025-05-20T17:56:10.492559" elapsed="0.000281"/>
</kw>
<kw name="Log" owner="BuiltIn">
<msg time="2025-05-20T17:56:10.493191" level="INFO">agosto</msg>
<arg>${MESES[7]}</arg>
<doc>Logs the given message with the given level.</doc>
<status status="PASS" start="2025-05-20T17:56:10.492946" elapsed="0.000276"/>
</kw>
<kw name="Log" owner="BuiltIn">
<msg time="2025-05-20T17:56:10.493567" level="INFO">setembro</msg>
<arg>${MESES[8]}</arg>
<doc>Logs the given message with the given level.</doc>
<status status="PASS" start="2025-05-20T17:56:10.493326" elapsed="0.000272"/>
</kw>
<kw name="Log" owner="BuiltIn">
<msg time="2025-05-20T17:56:10.493977" level="INFO">outubro</msg>
<arg>${MESES[9]}</arg>
<doc>Logs the given message with the given level.</doc>
<status status="PASS" start="2025-05-20T17:56:10.493730" elapsed="0.000278"/>
</kw>
<kw name="Log" owner="BuiltIn">
<msg time="2025-05-20T17:56:10.494352" level="INFO">novembro</msg>
<arg>${MESES[10]}</arg>
<doc>Logs the given message with the given level.</doc>
<status status="PASS" start="2025-05-20T17:56:10.494111" elapsed="0.000309"/>
</kw>
<kw name="Log" owner="BuiltIn">
<msg time="2025-05-20T17:56:10.494822" level="INFO">dezembro</msg>
<arg>${MESES[11]}</arg>
<doc>Logs the given message with the given level.</doc>
<status status="PASS" start="2025-05-20T17:56:10.494535" elapsed="0.000320"/>
</kw>
<status status="PASS" start="2025-05-20T17:56:10.488838" elapsed="0.006137"/>
</test>
<status status="PASS" start="2025-05-20T17:56:10.468033" elapsed="0.027316"/>
</suite>
<statistics>
<total>
<stat pass="1" fail="0" skip="0">All Tests</stat>
</total>
<tag>
</tag>
<suite>
<stat name="Listas" id="s1" pass="1" fail="0" skip="0">Listas</stat>
</suite>
</statistics>
<errors>
</errors>
</robot>
